********************************
*                              *
*          BECAS 2.3           *
*              by              *
*     becas-dtuwind@dtu.dk     *
*                              *
*   A cross section analysis   *
*   program for anisotropic    *
*   beams with arbitrary       *
*   geometry.                  *
*                              *
*     (c)DTU Wind Energy       *
********************************


Output generated on the (yyyy.mm.dd) 2017. 8. 9 at (hh.mm.ss) 12.49.17  
The input folder: is C:\Users\wentingmann\Documents\MATLAB\SBref_BECAS_Project\BECAS_outputs_80_sec_TP\BL_043_BCS 

Stiffness matrix w.r.t. to the cross section reference point 
K=
      470449923.082	      10644371.6679	                  0	                  0	                  0	     -37241355.6579
      10644371.6681	       133710939.03	                  0	                  0	                  0	      1282629.69082
                  0	                  0	      6778963937.79	      31574381.6041	      1533927807.31	                  0
                  0	                  0	      31574381.6055	      1005691375.16	      83699113.7191	                  0
                  0	                  0	      1533927807.31	      83699113.7182	      3663247008.11	                  0
     -37241355.6578	      1282629.69087	                  0	                  0	                  0	      186318969.738

Compliance matrix w.r.t. to the cross section reference point 
F=
  2.16395228414e-09	 -1.76427194249e-10	                  0	                  0	                 -0	  4.33744387441e-10
 -1.76427194252e-10	  7.49369768719e-09	                  0	                  0	                  0	  -8.6851205002e-11
                  0	                  0	  1.62955531875e-10	  5.63866305247e-13	 -6.82479822556e-11	                 -0
                  0	                  0	  5.63866305079e-13	  9.96237188772e-10	 -2.29984764261e-11	                 -0
                  0	                  0	 -6.82479822557e-11	  -2.2998476426e-11	  3.02085124868e-10	                 -0
   4.3374438744e-10	 -8.68512050032e-11	                  0	                  0	                  0	  5.45443455575e-09

Mass matrix w.r.t. to the cross section reference point 
M=
      248.649088806	                  0	                  0	                  0	                  0	     -6.40480395088
                  0	      248.649088806	                  0	                  0	                  0	     -112.076571297
                  0	                  0	      248.649088806	      6.40480395088	      112.076571297	                  0
                 -0	                 -0	      6.40480395088	      26.8115328569	      8.08046752511	                  0
                 -0	                 -0	      112.076571297	      8.08046752511	      242.227671194	                  0
     -6.40480395088	     -112.076571297	                 -0	                  0	                  0	      269.039204051

Shear center;
ShearX=    0.0159230446558 
ShearY=    0.0795214211495 

Elastic center:
ElasticX=    -0.226277617256 
ElasticY=   0.00465770018771 

Orientation of principle axis w.r.t. reference center:
alpha_p=     -1.80213670049o or    -0.0314532189945rad 

Orientation of principle axis w.r.t. elastic center:
alpha_p=     -1.89553865234o or    -0.0330833905822rad 

Mass center:
MassX=    -0.450741934486 
MassY=    0.0257584050746 

Mass per unit length:
Mass=      248.649088806 

Mass moments of inertia:
Ixx=      26.8115328569 
Iyy=      242.227671194 
Ixy=     -8.08046752511 

Area center:
AreaX=    -0.416501852154 
AreaY=    0.0387132092326 

Area per unit length:
Area=     0.299797875415 
Area moments:
Ixx=    0.0116061378784 
Iyy=    -0.124866370382 
Ixy=   -0.0101401357655 

Stiffness matrix with respect to shear center:
      470449923.082	      10644371.6679	                  0	                  0	                  0	 -0.000130623579025
      10644371.6681	       133710939.03	                  0	                  0	                  0	 -3.19473911077e-05
                  0	                  0	      6778963937.79	      -507498464.65	      1641869552.81	                  0
                  0	                  0	     -507498464.649	       1043537534.6	     -46361926.1741	                  0
                  0	                  0	      1641869552.81	     -46361926.1749	       3713815371.3	                  0
 -7.45058059692e-09	  1.16415321827e-10	                  0	                  0	                  0	      183337060.841

Stiffness matrix with respect to the elastic center:
      470449923.082	      10644371.6679	                  0	                  0	                  0	     -32641557.9046
      10644371.6681	       133710939.03	                  0	                  0	                  0	      31588000.6676
                  0	                  0	      6778963937.79	  -0.00139471888542	 -0.000470638275146	                  0
                  0	                  0	 -3.68803739548e-07	      1005544311.16	       76554537.883	                  0
                  0	                  0	 -1.62124633789e-05	      76554537.8825	      3316153478.83	                  0
     -32641557.9045	      31588000.6676	                  0	                  0	                  0	      193431363.994

Stiffness matrix rotated along principle axis:
      469447737.402	      21207858.4448	                  0	                  0	                  0	     -37263271.8281
      21207858.4449	       134713124.71	                  0	                  0	                  0	      110827.901237
                  0	                  0	      6778963937.79	     -16680247.9326	      1534162060.84	                  0
                  0	                  0	     -16680247.9312	      1003057900.11	   0.00083340331912	                  0
                  0	                  0	      1534162060.84	 -2.56006781898e-08	      3665880483.16	                  0
      -37263271.828	      110827.901287	                  0	                  0	                  0	      186318969.738

Stiffness matrix at the elastic center rotated along principle axis:
      469377703.085	      21753419.6151	                  0	                  0	                  0	     -33668543.8061
      21753419.6153	      134783159.027	                  0	                  0	                  0	      30491019.1137
                  0	                  0	      6778963937.79	  -0.00137838821792	 -0.000516514352257	                  0
                  0	                  0	   1.6766349293e-07	      1003010703.06	  0.000520028173923	                  0
                  0	                  0	 -1.62157908831e-05	 -6.88962138952e-09	      3318687086.93	                  0
      -33668543.806	      30491019.1137	                  0	                  0	                  0	      193431363.994

Mass matrix with respect to mass center
      248.649088806	                  0	                  0	                  0	                  0	                  0
                  0	      248.649088806	                  0	                  0	                  0	                  0
                  0	                  0	      248.649088806	                  0	                  0	                  0
                  0	                  0	                  0	      26.6465553223	      5.19355380229	                  0
                  0	                  0	                  0	      5.19355380229	      191.710060638	                  0
                  0	                  0	                  0	                  0	                  0	       218.35661596
