********************************
*                              *
*          BECAS 2.3           *
*              by              *
*     becas-dtuwind@dtu.dk     *
*                              *
*   A cross section analysis   *
*   program for anisotropic    *
*   beams with arbitrary       *
*   geometry.                  *
*                              *
*     (c)DTU Wind Energy       *
********************************


Output generated on the (yyyy.mm.dd) 2017. 8. 9 at (hh.mm.ss) 10.44. 9  
The input folder: is C:\Users\wentingmann\Documents\MATLAB\SBref_BECAS_Project\BECAS_outputs_80_sec_c2\BL_077_BCS 

Stiffness matrix w.r.t. to the cross section reference point 
K=
       81240812.039	     -1718106.08851	                  0	                  0	                  0	     -4103421.07163
     -1718106.08856	      22450359.3692	                  0	                  0	                  0	      6133748.42168
                  0	                  0	      722694773.569	      23840286.7291	     -114338719.443	                  0
                  0	                  0	      23840286.7291	      8725541.91212	     -3397538.40688	                  0
                  0	                  0	     -114338719.442	     -3397538.40686	      74380248.4402	                  0
     -4103421.07164	      6133748.42168	                  0	                  0	                  0	      4312075.63378

Compliance matrix w.r.t. to the cross section reference point 
F=
  1.31406170458e-08	 -3.94336535352e-09	                 -0	                  0	                 -0	  1.81140366095e-08
 -3.94336535349e-09	  7.40412131571e-08	                  0	                  0	                  0	 -1.09073101395e-07
                  0	                  0	  1.97438065212e-09	 -4.28898324768e-09	   2.8391431136e-09	                 -0
                  0	                  0	 -4.28898324766e-09	  1.25998395853e-07	 -8.37755512298e-10	                 -0
                  0	                  0	  2.83914311358e-09	 -8.37755512309e-10	  1.77705467394e-08	                 -0
  1.81140366095e-08	 -1.09073101395e-07	                  0	                  0	                  0	  4.04296360061e-07

Mass matrix w.r.t. to the cross section reference point 
M=
      38.6716373431	                  0	                  0	                  0	                  0	     -1.19993849006
                  0	      38.6716373431	                  0	                  0	                  0	      5.27601791188
                  0	                  0	      38.6716373431	      1.19993849006	     -5.27601791188	                  0
                 -0	                 -0	      1.19993849006	     0.328639728022	    -0.101228618103	                  0
                 -0	                 -0	     -5.27601791188	    -0.101228618103	      5.52255297731	                  0
     -1.19993849006	      5.27601791188	                 -0	                  0	                  0	      5.85119270533

Shear center;
ShearX=      0.26978501953 
ShearY=     0.044803857761 

Elastic center:
ElasticX=     0.158211631832 
ElasticY=    0.0329880436402 

Orientation of principle axis w.r.t. reference center:
alpha_p=      2.95445664466o or     0.0515649960567rad 

Orientation of principle axis w.r.t. elastic center:
alpha_p=    -0.443472002171o or    -0.0077400465783rad 

Mass center:
MassX=       0.1364312006 
MassY=    0.0310289031575 

Mass per unit length:
Mass=      38.6716373431 

Mass moments of inertia:
Ixx=     0.328639728022 
Iyy=      5.52255297731 
Ixy=     0.101228618103 

Area center:
AreaX=      0.12253496399 
AreaY=    0.0417982004683 

Area per unit length:
Area=    0.0458261822926 
Area moments:
Ixx=   0.00191545195416 
Iyy=     0.005615309597 
Ixy=  0.000137611435236 

Stiffness matrix with respect to shear center:
       81240812.039	     -1718106.08851	                  0	                  0	                  0	 -6.11832365394e-06
     -1718106.08856	      22450359.3692	                  0	                  0	                  0	   1.4498073142e-06
                  0	                  0	      722694773.569	     -8539227.11047	      80633504.1585	                  0
                  0	                  0	     -8539227.11055	      8039995.41338	      -578478.23716	                  0
                  0	                  0	      80633504.1592	     -578478.237155	      65287086.2765	                  0
                  0	 -5.82076609135e-11	                  0	                  0	                  0	      2473433.10202

Stiffness matrix with respect to the elastic center:
       81240812.039	     -1718106.08851	                  0	                  0	                  0	      -1151621.2508
     -1718106.08856	      22450359.3692	                  0	                  0	                  0	      2525163.47205
                  0	                  0	      722694773.569	  7.81677663326e-05	 -0.000704720616341	                  0
                  0	                  0	  1.04308128357e-07	      7939097.49311	      374272.259884	                  0
                  0	                  0	  1.50203704834e-05	      374272.259889	      56290533.0555	                  0
      -1151621.2508	      2525163.47205	                  0	                  0	                  0	      2768781.48773

Stiffness matrix rotated along principle axis:
      80907755.3902	     -4735136.00066	                  0	                  0	                  0	     -3781820.32024
     -4735136.00071	      22783416.0179	                  0	                  0	                  0	      6337094.70159
                  0	                  0	      722694773.569	      17915335.5411	       -115415522.3	                  0
                  0	                  0	       17915335.541	       8550192.4149	 -1.63950608112e-05	                  0
                  0	                  0	     -115415522.299	  3.03051724283e-10	      74555597.9374	                  0
     -3781820.32025	      6337094.70159	                  0	                  0	                  0	      4312075.63378

Stiffness matrix at the elastic center rotated along principle axis:
      81263885.4521	      -1262877.5665	                  0	                  0	                  0	     -1171131.44287
     -1262877.56655	      22427285.9561	                  0	                  0	                  0	      2516174.32016
                  0	                  0	      722694773.569	  8.36199408275e-05	  -0.00070409449102	                  0
                  0	                  0	 -1.19522024509e-08	      7936200.55053	 -5.00381429447e-06	                  0
                  0	                  0	  1.50207279048e-05	  -2.0197847283e-11	      56293429.9981	                  0
     -1171131.44287	      2516174.32015	                  0	                  0	                  0	      2768781.48773

Mass matrix with respect to mass center
      38.6716373431	                  0	                  0	                  0	                  0	                  0
                  0	      38.6716373431	                  0	                  0	                  0	                  0
                  0	                  0	      38.6716373431	                  0	                  0	                  0
                  0	                  0	                  0	     0.291406952819	    0.0624804307414	                  0
                  0	                  0	                  0	    0.0624804307414	       4.8027395192	                  0
                  0	                  0	                  0	                  0	                  0	      5.09414647202
