********************************
*                              *
*          BECAS 2.3           *
*              by              *
*     becas-dtuwind@dtu.dk     *
*                              *
*   A cross section analysis   *
*   program for anisotropic    *
*   beams with arbitrary       *
*   geometry.                  *
*                              *
*     (c)DTU Wind Energy       *
********************************


Output generated on the (yyyy.mm.dd) 2017. 8. 9 at (hh.mm.ss) 12.38.10  
The input folder: is C:\Users\wentingmann\Documents\MATLAB\SBref_BECAS_Project\BECAS_outputs_80_sec_TP\BL_013_BCS 

Stiffness matrix w.r.t. to the cross section reference point 
K=
      1231623374.52	      -131406781.75	                  0	                  0	                  0	      123910067.304
     -131406781.748	      826984889.683	                  0	                  0	                  0	     -99424763.1681
                  0	                  0	      7925932661.12	     -298362983.918	      3302661047.34	                  0
                  0	                  0	     -298362983.919	      12292257538.5	       1506970094.9	                  0
                  0	                  0	      3302661047.28	      1506970094.75	      22444185178.3	                  0
      123910067.299	     -99424763.1727	                  0	                  0	                  0	      6359111601.28

Compliance matrix w.r.t. to the cross section reference point 
F=
  8.27197224601e-10	  1.29746577445e-10	                  0	                  0	                  0	 -1.40897104277e-11
  1.29746577443e-10	  1.23184006664e-09	                  0	                  0	                 -0	  1.67316610267e-11
                  0	                  0	  1.34811653567e-10	  5.75153310957e-12	 -2.02237052382e-11	                 -0
                  0	                  0	  5.75153310979e-12	  8.22726008719e-11	 -6.37036775323e-12	                 -0
                  0	                  0	 -2.02237052378e-11	 -6.37036775264e-12	  4.79586132741e-11	                 -0
 -1.40897104271e-11	  1.67316610276e-11	                  0	                  0	                  0	  1.57790814396e-10

Mass matrix w.r.t. to the cross section reference point 
M=
      634.433844554	                  0	                  0	                  0	                  0	      20.0650582838
                  0	      634.433844554	                  0	                  0	                  0	     -351.042535331
                  0	                  0	      634.433844554	     -20.0650582838	      351.042535331	                  0
                 -0	                 -0	     -20.0650582838	      750.936802045	      31.2880775806	                  0
                 -0	                 -0	      351.042535331	      31.2880775806	      2192.88507675	                  0
      20.0650582838	     -351.042535331	                 -0	                  0	                  0	       2943.8218788

Shear center;
ShearX=    -0.106036977448 
ShearY=    -0.089293603566 

Elastic center:
ElasticX=    -0.416690525706 
ElasticY=   -0.0376438958892 

Orientation of principle axis w.r.t. reference center:
alpha_p=     -8.26764369762o or     -0.144297603905rad 

Orientation of principle axis w.r.t. elastic center:
alpha_p=     -10.1849454271o or     -0.177760831839rad 

Mass center:
MassX=    -0.553316217829 
MassY=   -0.0316267148357 

Mass per unit length:
Mass=      634.433844554 

Mass moments of inertia:
Ixx=      750.936802045 
Iyy=      2192.88507675 
Ixy=     -31.2880775806 

Area center:
AreaX=    -0.593115530129 
AreaY=   -0.0385156472378 

Area per unit length:
Area=     0.930835800592 
Area moments:
Ixx=    -0.035851743332 
Iyy=    -0.552093169331 
Ixy=   0.00345477141244 

Stiffness matrix with respect to shear center:
      1231623374.52	      -131406781.75	                  0	                  0	                  0	   0.00428552925587
     -131406781.748	      826984889.683	                  0	                  0	                  0	   0.00429610908031
                  0	                  0	      7925932661.12	      409372105.015	      2462219104.49	                  0
                  0	                  0	      409372105.014	      12302169942.9	       1758468020.5	                  0
                  0	                  0	      2462219104.44	      1758468020.35	      21832894711.6	                  0
                  0	  1.11758708954e-08	                  0	                  0	                  0	      6337504523.48

Stiffness matrix with respect to the elastic center:
      1231623374.52	      -131406781.75	                  0	                  0	                  0	        22791004.25
     -131406781.748	      826984889.683	                  0	                  0	                  0	      250118668.476
                  0	                  0	      7925932661.12	   0.00143468379974	    0.0633940696716	                  0
                  0	                  0	  0.000289022922516	      12281025993.4	      1631295123.52	                  0
                  0	                  0	   0.00373411178589	      1631295123.37	      21067997610.2	                  0
      22791004.2465	      250118668.472	                  0	                  0	                  0	      6416381924.04

Stiffness matrix rotated along principle axis:
       1260655521.6	      -68391174.264	                  0	                  0	                  0	      136919308.255
     -68391174.2614	      797952742.598	                  0	                  0	                  0	     -80573515.1099
                  0	                  0	      7925932661.12	     -770176112.422	      3225433183.25	                  0
                  0	                  0	     -770176112.415	      12073283439.2	     0.149394035339	                  0
                  0	                  0	      3225433183.19	 -9.00589378997e-07	      22663159277.5	                  0
      136919308.252	      -80573515.115	                  0	                  0	                  0	      6359111601.28

Stiffness matrix at the elastic center rotated along principle axis:
      1264711348.82	     -52766091.9405	                  0	                  0	                  0	     -21795651.4725
     -52766091.9379	      793896915.381	                  0	                  0	                  0	       250207369.54
                  0	                  0	      7925932661.12	  -0.00979765211994	    0.0626488020642	                  0
                  0	                  0	 -0.000375820025508	      11987952154.4	     0.152117490768	                  0
                  0	                  0	   0.00372637684456	 -4.53767716133e-08	      21361071449.2	                  0
     -21795651.4751	      250207369.535	                  0	                  0	                  0	      6416381924.04

Mass matrix with respect to mass center
      634.433844554	                  0	                  0	                  0	                  0	                  0
                  0	      634.433844554	                  0	                  0	                  0	                  0
                  0	                  0	      634.433844554	                  0	                  0	                  0
                  0	                  0	                  0	      750.302210168	      42.3903997407	                  0
                  0	                  0	                  0	      42.3903997407	       1998.6475488	                  0
                  0	                  0	                  0	                  0	                  0	      2748.94975897
