********************************
*                              *
*          BECAS 2.3           *
*              by              *
*     becas-dtuwind@dtu.dk     *
*                              *
*   A cross section analysis   *
*   program for anisotropic    *
*   beams with arbitrary       *
*   geometry.                  *
*                              *
*     (c)DTU Wind Energy       *
********************************


Output generated on the (yyyy.mm.dd) 2017. 8. 9 at (hh.mm.ss) 10.22.44  
The input folder: is C:\Users\wentingmann\Documents\MATLAB\SBref_BECAS_Project\BECAS_outputs_80_sec_c2\BL_006_BCS 

Stiffness matrix w.r.t. to the cross section reference point 
K=
      1664579581.12	     -127877207.433	                  0	                  0	                  0	       2639866.1538
     -127877207.433	      1682803516.51	                  0	                  0	                  0	      213705190.186
                  0	                  0	      9776339397.66	     -35806725.3306	     -452164037.248	                  0
                  0	                  0	     -35806725.3312	      20142117628.1	      1154664947.02	                  0
                  0	                  0	     -452164037.232	      1154664947.03	      20113293313.5	                  0
      2639866.15378	      213705190.186	                  0	                  0	                  0	      12778634604.9

Compliance matrix w.r.t. to the cross section reference point 
F=
  6.04290158126e-10	  4.60339769384e-11	                  0	                  0	                  0	 -8.94692217566e-13
  4.60339769385e-11	  5.99017987216e-10	                  0	                  0	                  0	 -1.00272666354e-11
                  0	                  0	   1.0239429049e-10	  5.02329416271e-14	  2.29902745619e-12	                 -0
                  0	                  0	  5.02329416362e-14	  4.98111642999e-11	 -2.85843252827e-12	                 -0
                  0	                  0	  2.29902745611e-12	 -2.85843252829e-12	  4.99341432418e-11	                 -0
 -8.94692217565e-13	 -1.00272666354e-11	                  0	                  0	                  0	  7.84234992058e-11

Mass matrix w.r.t. to the cross section reference point 
M=
      869.611292024	                  0	                  0	                  0	                  0	      8.84487623309
                  0	      869.611292024	                  0	                  0	                  0	      42.2218397789
                  0	                  0	      869.611292024	     -8.84487623309	     -42.2218397789	                  0
                 -0	                 -0	     -8.84487623309	      1578.74037469	      25.7015664319	                  0
                 -0	                 -0	     -42.2218397789	      25.7015664319	      1808.43392694	                  0
      8.84487623309	      42.2218397789	                 -0	                  0	                  0	      3387.17430163

Shear center;
ShearX=     0.127860484893 
ShearY=   -0.0114084710148 

Elastic center:
ElasticX=    0.0462508530892 
ElasticY=   -0.0036625902472 

Orientation of principle axis w.r.t. reference center:
alpha_p=     -45.3575551988o or     -0.791638678874rad 

Orientation of principle axis w.r.t. elastic center:
alpha_p=     -45.6161670516o or      -0.79615230719rad 

Mass center:
MassX=     0.048552543149 
MassY=   -0.0101710687456 

Mass per unit length:
Mass=      869.611292024 

Mass moments of inertia:
Ixx=      1578.74037469 
Iyy=      1808.43392694 
Ixy=     -25.7015664319 

Area center:
AreaX=    0.0658462328509 
AreaY=   -0.0305769802965 

Area per unit length:
Area=      1.03368870973 
Area moments:
Ixx=   -0.0316070793102 
Iyy=    0.0680645074763 
Ixy=    0.0295285670428 

Stiffness matrix with respect to shear center:
      1664579581.12	     -127877207.433	                  0	                  0	                  0	  2.55778431892e-05
     -127877207.433	      1682803516.51	                  0	                  0	                  0	 -4.40771691501e-05
                  0	                  0	      9776339397.66	      75726359.3181	      797843458.613	                  0
                  0	                  0	      75726359.3175	      20142573050.1	      1159188855.73	                  0
                  0	                  0	      797843458.629	      1159188855.74	      20157492051.9	                  0
  3.72529029846e-09	  1.76951289177e-08	                  0	                  0	                  0	      12751280038.9

Stiffness matrix with respect to the elastic center:
      1664579581.12	     -127877207.433	                  0	                  0	                  0	      2457623.14877
     -127877207.433	      1682803516.51	                  0	                  0	                  0	      136342453.778
                  0	                  0	      9776339397.66	  0.000632718205452	   -0.0161491632462	                  0
                  0	                  0	 -9.76026058197e-07	      20141986482.7	      1153008855.43	                  0
                  0	                  0	 -1.71065330505e-05	      1153008855.44	        20092380341	                  0
      2457623.14875	      136342453.779	                  0	                  0	                  0	      12762425932.8

Stiffness matrix rotated along principle axis:
      1801672520.07	     -7515260.04618	                  0	                  0	                  0	     -150197477.763
     -7515260.04619	      1545710577.56	                  0	                  0	                  0	      152044713.421
                  0	                  0	      9776339397.66	      296556605.817	     -343203464.006	                  0
                  0	                  0	      296556605.805	      18972950583.3	  -0.00953102111816	                  0
                  0	                  0	     -343203463.995	  -7.5263572428e-07	      21282460358.3	                  0
     -150197477.763	      152044713.421	                  0	                  0	                  0	      12778634604.9

Stiffness matrix at the elastic center rotated along principle axis:
      1801735146.69	     -6359652.45355	                  0	                  0	                  0	     -95720858.2368
     -6359652.45356	      1545647950.94	                  0	                  0	                  0	      97122715.7378
                  0	                  0	      9776339397.66	    0.0119838858506	   -0.0108435365909	                  0
                  0	                  0	  1.15428343842e-05	      18963907810.4	  -0.00962257385254	                  0
                  0	                  0	 -1.26629014943e-05	 -1.55178289526e-06	      21270459013.4	                  0
     -95720858.2369	      97122715.7378	                  0	                  0	                  0	      12762425932.8

Mass matrix with respect to mass center
      869.611292024	                  0	                  0	                  0	                  0	                  0
                  0	      869.611292024	                  0	                  0	                  0	                  0
                  0	                  0	      869.611292024	                  0	                  0	                  0
                  0	                  0	                  0	      1578.65041284	      25.2721251969	                  0
                  0	                  0	                  0	      25.2721251969	      1806.38394924	                  0
                  0	                  0	                  0	                  0	                  0	      3385.03436209
