********************************
*                              *
*          BECAS 2.3           *
*              by              *
*     becas-dtuwind@dtu.dk     *
*                              *
*   A cross section analysis   *
*   program for anisotropic    *
*   beams with arbitrary       *
*   geometry.                  *
*                              *
*     (c)DTU Wind Energy       *
********************************


Output generated on the (yyyy.mm.dd) 2017. 8. 9 at (hh.mm.ss) 12.36.39  
The input folder: is C:\Users\wentingmann\Documents\MATLAB\SBref_BECAS_Project\BECAS_outputs_80_sec_TP\BL_010_BCS 

Stiffness matrix w.r.t. to the cross section reference point 
K=
      1451955955.21	     -133084852.392	                  0	                  0	                  0	      66187600.7927
     -133084852.391	      1085527272.87	                  0	                  0	                  0	      27488375.0221
                  0	                  0	      8721682859.29	     -316365428.902	      2898692883.26	                  0
                  0	                  0	     -316365428.879	      16391578279.3	      1632966635.24	                  0
                  0	                  0	      2898692883.28	      1632966635.22	        23277967030	                  0
      66187600.7925	       27488375.022	                  0	                  0	                  0	       9083917133.2

Compliance matrix w.r.t. to the cross section reference point 
F=
  6.96812062095e-10	  8.55637738186e-11	                  0	                  0	                  0	 -5.33606009233e-12
  8.55637738183e-11	   9.3178855294e-10	                  0	                  0	                  0	 -3.44307567206e-12
                  0	                  0	  1.19844747556e-10	  3.82653596586e-12	 -1.51921223164e-11	                 -0
                  0	                  0	  3.82653596572e-12	  6.15584681865e-11	 -4.79487221081e-12	                 -0
                  0	                  0	 -1.51921223164e-11	 -4.79487221077e-12	  4.51872434488e-11	                 -0
 -5.33606009231e-12	 -3.44307567205e-12	                  0	                  0	                  0	  1.10133966537e-10

Mass matrix w.r.t. to the cross section reference point 
M=
      748.967886073	                  0	                  0	                  0	                  0	      29.4219707256
                  0	      748.967886073	                  0	                  0	                  0	     -310.332344826
                  0	                  0	      748.967886073	     -29.4219707256	      310.332344826	                  0
                 -0	                 -0	     -29.4219707256	      1137.56969379	      25.9520302795	                  0
                 -0	                 -0	      310.332344826	      25.9520302795	      2230.22395532	                  0
      29.4219707256	     -310.332344826	                 -0	                  0	                  0	      3367.79364911

Shear center;
ShearX=    0.0312626138904 
ShearY=   -0.0484506302652 

Elastic center:
ElasticX=    -0.332354768001 
ElasticY=   -0.0362734387369 

Orientation of principle axis w.r.t. reference center:
alpha_p=     -12.6865387173o or     -0.221421871299rad 

Orientation of principle axis w.r.t. elastic center:
alpha_p=     -15.1802097621o or     -0.264944641491rad 

Mass center:
MassX=    -0.414346663717 
MassY=   -0.0392833541634 

Mass per unit length:
Mass=      748.967886073 

Mass moments of inertia:
Ixx=      1137.56969379 
Iyy=      2230.22395532 
Ixy=     -25.9520302795 

Area center:
AreaX=    -0.450296963416 
AreaY=   -0.0540104540925 

Area per unit length:
Area=      1.03788038184 
Area moments:
Ixx=   -0.0560563907169 
Iyy=    -0.467354384332 
Ixy=    0.0316326777025 

Stiffness matrix with respect to shear center:
      1451955955.21	     -133084852.392	                  0	                  0	                  0	  0.000173702836037
     -133084852.391	      1085527272.87	                  0	                  0	                  0	  7.19502568245e-05
                  0	                  0	      8721682859.29	      106205602.604	      3171355486.97	                  0
                  0	                  0	      106205602.627	      16381395903.2	      1776730397.13	                  0
                  0	                  0	      3171355486.98	      1776730397.11	      23467732608.5	                  0
                  0	  3.72529029846e-09	                  0	                  0	                  0	      9079850943.77

Stiffness matrix with respect to the elastic center:
      1451955955.21	     -133084852.392	                  0	                  0	                  0	     -30711219.8387
     -133084852.391	      1085527272.87	                  0	                  0	                  0	      393095985.195
                  0	                  0	      8721682859.29	   -0.0226822495461	   -0.0154237747192	                  0
                  0	                  0	  2.24709510803e-05	      16380102617.3	      1738112193.96	                  0
                  0	                  0	  0.000289916992188	      1738112193.95	      22314572629.3	                  0
     -30711219.8387	      393095985.195	                  0	                  0	                  0	      9222413500.33

Stiffness matrix rotated along principle axis:
      1491310776.02	     -41737763.2894	                  0	                  0	                  0	      58534793.3313
     -41737763.2889	      1046172452.06	                  0	                  0	                  0	      41353200.9608
                  0	                  0	      8721682859.29	     -945243979.074	      2758445456.43	                  0
                  0	                  0	     -945243979.055	        16023976473	    0.0229601860046	                  0
                  0	                  0	      2758445456.45	 -2.99143737119e-07	      23645568836.4	                  0
      58534793.3312	      41353200.9607	                  0	                  0	                  0	       9083917133.2

Stiffness matrix at the elastic center rotated along principle axis:
       1494096613.2	      -22230544.342	                  0	                  0	                  0	     -132574093.252
     -22230544.3416	      1043386614.88	                  0	                  0	                  0	          371337774
                  0	                  0	      8721682859.29	   -0.0178519922635	   -0.0208250724677	                  0
                  0	                  0	 -5.42295858564e-05	      15908512594.4	    0.0148448944092	                  0
                  0	                  0	  0.000285685067897	  3.99881499791e-07	      22786162652.2	                  0
     -132574093.252	          371337774	                  0	                  0	                  0	      9222413500.33

Mass matrix with respect to mass center
      748.967886073	                  0	                  0	                  0	                  0	                  0
                  0	      748.967886073	                  0	                  0	                  0	                  0
                  0	                  0	      748.967886073	                  0	                  0	                  0
                  0	                  0	                  0	      1136.41390009	      38.1429256896	                  0
                  0	                  0	                  0	      38.1429256896	       2101.6387836	                  0
                  0	                  0	                  0	                  0	                  0	      3238.05268369
