********************************
*                              *
*          BECAS 2.3           *
*              by              *
*     becas-dtuwind@dtu.dk     *
*                              *
*   A cross section analysis   *
*   program for anisotropic    *
*   beams with arbitrary       *
*   geometry.                  *
*                              *
*     (c)DTU Wind Energy       *
********************************


Output generated on the (yyyy.mm.dd) 2017. 8. 9 at (hh.mm.ss) 10.39.19  
The input folder: is C:\Users\wentingmann\Documents\MATLAB\SBref_BECAS_Project\BECAS_outputs_80_sec_c2\BL_053_BCS 

Stiffness matrix w.r.t. to the cross section reference point 
K=
      374391874.195	      6677111.26567	                  0	                  0	                  0	     -32030061.0177
      6677111.26562	      87088110.5552	                  0	                  0	                  0	       42944430.651
                  0	                  0	      4753937538.92	      44241413.5144	     -1225982545.37	                  0
                  0	                  0	      44241413.5147	      372994196.838	      34376258.6299	                  0
                  0	                  0	     -1225982545.37	      34376258.6303	      2038384924.95	                  0
     -32030061.0179	       42944430.651	                  0	                  0	                  0	      96522713.6537

Compliance matrix w.r.t. to the cross section reference point 
F=
  2.79860785809e-09	 -8.61538144884e-10	                 -0	                  0	                 -0	  1.31200046892e-09
 -8.61538144885e-10	  1.49751097218e-08	                  0	                  0	                  0	 -6.94854770344e-09
                  0	                  0	  2.49671876851e-10	 -4.35212308113e-11	  1.50898614098e-10	                 -0
                  0	                  0	 -4.35212308113e-11	  2.69276672503e-09	 -7.15878109726e-11	                 -0
                  0	                  0	  1.50898614098e-10	 -7.15878109731e-11	  5.82549435866e-10	                 -0
  1.31200046893e-09	 -6.94854770345e-09	                  0	                  0	                  0	   1.3887144583e-08

Mass matrix w.r.t. to the cross section reference point 
M=
      184.527431277	                  0	                  0	                  0	                  0	     -5.55271187153
                  0	      184.527431277	                  0	                  0	                  0	      14.8092207763
                  0	                  0	      184.527431277	      5.55271187153	     -14.8092207763	                  0
                 -0	                 -0	      5.55271187153	      10.4369249376	      2.11868071448	                  0
                 -0	                 -0	     -14.8092207763	      2.11868071448	      102.315706636	                  0
     -5.55271187153	      14.8092207763	                 -0	                  0	                  0	      112.752631574

Shear center;
ShearX=     0.500358274657 
ShearY=    0.0944758989934 

Elastic center:
ElasticX=     0.257887810963 
ElasticY=   0.00930626731051 

Orientation of principle axis w.r.t. reference center:
alpha_p=     -1.18200294346o or    -0.0206298431317rad 

Orientation of principle axis w.r.t. elastic center:
alpha_p=      -1.9407493331o or    -0.0338724658185rad 

Mass center:
MassX=    0.0802548470645 
MassY=    0.0300915253256 

Mass per unit length:
Mass=      184.527431277 

Mass moments of inertia:
Ixx=      10.4369249376 
Iyy=      102.315706636 
Ixy=     -2.11868071448 

Area center:
AreaX=      0.12699252162 
AreaY=    0.0419351415952 

Area per unit length:
Area=     0.220111632517 
Area moments:
Ixx=   0.00923041247634 
Iyy=    0.0279525312512 
Ixy=  -0.00160398817692 

Stiffness matrix with respect to shear center:
      374391874.195	      6677111.26567	                  0	                  0	                  0	  0.000133194029331
      6677111.26562	      87088110.5552	                  0	                  0	                  0	 -3.00001120195e-05
                  0	                  0	      4753937538.92	     -404891109.233	      1152689439.43	                  0
                  0	                  0	     -404891109.233	      407066901.063	     -52388555.0862	                  0
                  0	                  0	      1152689439.43	     -52388555.0859	      2001712112.93	                  0
                  0	  6.28642737865e-09	                  0	                  0	                  0	      72009043.6176

Stiffness matrix with respect to the elastic center:
      374391874.195	      6677111.26567	                  0	                  0	                  0	     -30267815.7654
      6677111.26562	      87088110.5552	                  0	                  0	                  0	      20547607.4413
                  0	                  0	      4753937538.92	 -0.000273622572422	  0.000417709350586	                  0
                  0	                  0	  9.98377799988e-07	      372582474.418	      45785579.9151	                  0
                  0	                  0	   3.7670135498e-05	      45785579.9155	      1722218970.05	                  0
     -30267815.7656	      20547607.4413	                  0	                  0	                  0	      79569130.2423

Stiffness matrix rotated along principle axis:
      373994200.452	      12596778.7022	                  0	                  0	                  0	     -32909119.4438
      12596778.7021	      87485784.2987	                  0	                  0	                  0	      42274564.3404
                  0	                  0	      4753937538.92	      69522033.1252	     -1224809042.72	                  0
                  0	                  0	      69522033.1255	      372284919.392	 -0.000385388731956	                  0
                  0	                  0	     -1224809042.72	 -6.22047445516e-09	       2039094202.4	                  0
     -32909119.4439	      42274564.3404	                  0	                  0	                  0	      96522713.6537

Stiffness matrix at the elastic center rotated along principle axis:
       373610369.48	      16386040.1316	                  0	                  0	                  0	     -30946318.6748
      16386040.1316	      87869615.2703	                  0	                  0	                  0	      19510771.4672
                  0	                  0	      4753937538.92	 -0.000287611758086	  0.000408203246333	                  0
                  0	                  0	 -2.77931279588e-07	      371031010.528	  -0.00031809322536	                  0
                  0	                  0	  3.76823383149e-05	  1.89645998238e-09	      1723770433.94	                  0
      -30946318.675	      19510771.4673	                  0	                  0	                  0	      79569130.2423

Mass matrix with respect to mass center
      184.527431277	                  0	                  0	                  0	                  0	                  0
                  0	      184.527431277	                  0	                  0	                  0	                  0
                  0	                  0	      184.527431277	                  0	                  0	                  0
                  0	                  0	                  0	      10.2698353677	      2.56431275652	                  0
                  0	                  0	                  0	      2.56431275652	      101.127194888	                  0
                  0	                  0	                  0	                  0	                  0	      111.397030255
