********************************
*                              *
*          BECAS 2.3           *
*              by              *
*     becas-dtuwind@dtu.dk     *
*                              *
*   A cross section analysis   *
*   program for anisotropic    *
*   beams with arbitrary       *
*   geometry.                  *
*                              *
*     (c)DTU Wind Energy       *
********************************


Output generated on the (yyyy.mm.dd) 2017.11.20 at (hh.mm.ss) 13.49.46  
The input folder: is C:\Users\wentingmann\Documents\MATLAB\SBref_BECAS_Project\BECAS_outputs_81_82_83_TP\BL_0082_BCS 

Stiffness matrix w.r.t. to the cross section reference point 
K=
      12248074.0466	      -120396.28612	                  0	                  0	                  0	     -232057.642436
     -120396.286114	      709461.023529	                  0	                  0	                  0	      55148.9470738
                  0	                  0	      106110249.167	      1352788.26597	      7301645.83402	                  0
                  0	                  0	      1352788.26597	      152417.824586	       106673.33423	                  0
                  0	                  0	      7301645.83417	      106673.334235	      2227559.56202	                  0
     -232057.642436	      55148.9470743	                  0	                  0	                  0	      50496.6975866

Compliance matrix w.r.t. to the cross section reference point 
F=
  8.96508007217e-08	 -1.83712854887e-08	                  0	                  0	                 -0	  4.32054204568e-07
 -1.83712854892e-08	  1.54404795234e-06	                  0	                  0	                  0	  -1.7707260133e-06
                  0	                  0	  1.32721989344e-08	 -9.03791513873e-08	 -3.91764387008e-08	                 -0
                  0	                  0	 -9.03791513879e-08	  7.40388179326e-06	 -5.83060516689e-08	                 -0
                  0	                  0	 -3.91764387015e-08	 -5.83060516801e-08	  5.80129125796e-07	                 -0
  4.32054204568e-07	 -1.77072601331e-06	                  0	                  0	                  0	  2.37226435105e-05

Mass matrix w.r.t. to the cross section reference point 
M=
      5.42330242189	                  0	                  0	                  0	                  0	   -0.0592817388449
                  0	      5.42330242189	                  0	                  0	                  0	    -0.413153000113
                  0	                  0	      5.42330242189	    0.0592817388449	     0.413153000113	                  0
                 -0	                 -0	    0.0592817388449	   0.00538675823368	   0.00609316729699	                  0
                 -0	                 -0	     0.413153000113	   0.00609316729699	     0.170686075857	                  0
   -0.0592817388449	    -0.413153000113	                 -0	                  0	                  0	     0.176072834091

Shear center;
ShearX=    0.0746428623152 
ShearY=    0.0182127343597 

Elastic center:
ElasticX=   -0.0688118809583 
ElasticY=    0.0127488935008 

Orientation of principle axis w.r.t. reference center:
alpha_p=     -2.93499612296o or    -0.0512253458789rad 

Orientation of principle axis w.r.t. elastic center:
alpha_p=    -0.489520311948o or   -0.00854374119888rad 

Mass center:
MassX=   -0.0761810734443 
MassY=    0.0109309299451 

Mass per unit length:
Mass=      5.42330242189 

Mass moments of inertia:
Ixx=   0.00538675823368 
Iyy=     0.170686075857 
Ixy=  -0.00609316729699 

Area center:
AreaX=   -0.0581255382297 
AreaY=    0.0108631806154 

Area per unit length:
Area=   0.00375478271952 
Area moments:
Ixx=  4.07888828535e-05 
Iyy= -0.000218248766507 
Ixy= -3.49525635803e-06 

Stiffness matrix with respect to shear center:
      12248074.0466	      -120396.28612	                  0	                  0	                  0	  1.59168848768e-07
     -120396.286114	      709461.023529	                  0	                  0	                  0	 -3.83193309972e-07
                  0	                  0	      106110249.167	     -579769.514953	      15222018.5528	                  0
                  0	                  0	     -579769.514953	      138339.039419	     -69585.2578128	                  0
                  0	                  0	       15222018.553	      -69585.257811	       3908790.3417	                  0
                  0	  5.45696821064e-12	                  0	                  0	                  0	      42153.8181255

Stiffness matrix with respect to the elastic center:
      12248074.0466	      -120396.28612	                  0	                  0	                  0	     -84192.9457354
     -120396.286114	      709461.023529	                  0	                  0	                  0	       102433.37514
                  0	                  0	      106110249.167	  9.35280695558e-07	 -0.000129808671772	                  0
                  0	                  0	  2.06055119634e-07	      135171.271054	      13585.4291119	                  0
                  0	                  0	  2.61720269918e-05	      13585.4291145	      1725119.57809	                  0
     -84192.9457346	       102433.37514	                  0	                  0	                  0	      57308.3885158

Stiffness matrix rotated along principle axis:
      12230135.9003	      470271.003691	                  0	                  0	                  0	     -234577.033753
      470271.003698	      727399.169811	                  0	                  0	                  0	      43194.5715567
                  0	                  0	      106110249.167	      977147.994406	      7361334.78216	                  0
                  0	                  0	      977147.994397	      146948.661547	 -4.65182893095e-06	                  0
                  0	                  0	      7361334.78231	  1.34442439167e-11	      2233028.72506	                  0
     -234577.033753	      43194.5715572	                  0	                  0	                  0	      50496.6975866

Stiffness matrix at the elastic center rotated along principle axis:
      12249288.9694	      -21800.583645	                  0	                  0	                  0	     -85065.0265006
     -21800.5836386	      708246.100713	                  0	                  0	                  0	      101710.322586
                  0	                  0	      106110249.167	  2.04428476453e-06	 -0.000129795943377	                  0
                  0	                  0	 -1.75567057637e-08	       135055.19784	 -2.61307491201e-06	                  0
                  0	                  0	  2.61728322376e-05	  1.09918688791e-12	      1725235.65131	                  0
     -85065.0264998	      101710.322587	                  0	                  0	                  0	      57308.3885158

Mass matrix with respect to mass center
      5.42330242189	                  0	                  0	                  0	                  0	                  0
                  0	      5.42330242189	                  0	                  0	                  0	                  0
                  0	                  0	      5.42330242189	                  0	                  0	                  0
                  0	                  0	                  0	   0.00473875369934	   0.00157702079614	                  0
                  0	                  0	                  0	   0.00157702079614	     0.139211636812	                  0
                  0	                  0	                  0	                  0	                  0	     0.143950390511
