********************************
*                              *
*          BECAS 2.3           *
*              by              *
*     becas-dtuwind@dtu.dk     *
*                              *
*   A cross section analysis   *
*   program for anisotropic    *
*   beams with arbitrary       *
*   geometry.                  *
*                              *
*     (c)DTU Wind Energy       *
********************************


Output generated on the (yyyy.mm.dd) 2017. 8. 9 at (hh.mm.ss) 10.35.42  
The input folder: is C:\Users\wentingmann\Documents\MATLAB\SBref_BECAS_Project\BECAS_outputs_80_sec_c2\BL_039_BCS 

Stiffness matrix w.r.t. to the cross section reference point 
K=
      532905951.143	      12126977.5896	                  0	                  0	                  0	     -33192586.2328
      12126977.5896	      159036645.114	                  0	                  0	                  0	      98593775.0493
                  0	                  0	      7366257614.15	     -14156078.4939	     -2668741395.58	                  0
                  0	                  0	     -14156078.4937	      1407535012.93	      111776648.794	                  0
                  0	                  0	     -2668741395.58	      111776648.794	      5213713219.46	                  0
     -33192586.2328	      98593775.0493	                  0	                  0	                  0	      333135585.783

Compliance matrix w.r.t. to the cross section reference point 
F=
  1.90154446036e-09	 -3.21429783634e-10	                  0	                  0	                 -0	  2.84593295655e-10
 -3.21429783634e-10	  7.75510367351e-09	                  0	                  0	                  0	 -2.32720269454e-09
                  0	                  0	  1.66697492444e-10	 -5.10826890442e-12	  8.54368978601e-11	                 -0
                  0	                  0	 -5.10826890442e-12	  7.11830086297e-10	 -1.78756725425e-11	                 -0
                  0	                  0	    8.543689786e-11	 -1.78756725426e-11	  2.35917668852e-10	                 -0
  2.84593295655e-10	 -2.32720269454e-09	                  0	                  0	                  0	  3.71888846265e-09

Mass matrix w.r.t. to the cross section reference point 
M=
      278.467866966	                  0	                  0	                  0	                  0	     -6.71487745754
                  0	      278.467866966	                  0	                  0	                  0	      35.4637925545
                  0	                  0	      278.467866966	      6.71487745754	     -35.4637925545	                  0
                 -0	                 -0	      6.71487745754	      38.6528319369	      6.07286447263	                  0
                 -0	                 -0	     -35.4637925545	      6.07286447263	      254.764591522	                  0
     -6.71487745754	      35.4637925545	                 -0	                  0	                  0	      293.417423459

Shear center;
ShearX=     0.625779105211 
ShearY=    0.0765264402289 

Elastic center:
ElasticX=      0.36229270484 
ElasticY=  -0.00192174632428 

Orientation of principle axis w.r.t. reference center:
alpha_p=     -1.68068353586o or    -0.0293334613848rad 

Orientation of principle axis w.r.t. elastic center:
alpha_p=     -2.14804329435o or    -0.0374904279618rad 

Mass center:
MassX=     0.127353266791 
MassY=    0.0241136527912 

Mass per unit length:
Mass=      278.467866966 

Mass moments of inertia:
Ixx=      38.6528319369 
Iyy=      254.764591522 
Ixy=     -6.07286447263 

Area center:
AreaX=     0.162018008146 
AreaY=    0.0408753658924 

Area per unit length:
Area=      0.34034932975 
Area moments:
Ixx=    0.0139119033848 
Iyy=    0.0551427204798 
Ixy=  -0.00401292650517 

Stiffness matrix with respect to shear center:
      532905951.143	      12126977.5896	                  0	                  0	                  0	  1.66967511177e-05
      12126977.5896	      159036645.114	                  0	                  0	                  0	  4.57027927041e-05
                  0	                  0	      7366257614.15	     -577869551.514	      1940908702.96	                  0
                  0	                  0	     -577869551.514	      1452840626.91	     -45612763.1859	                  0
                  0	                  0	      1940908702.96	     -45612763.1858	      4758250728.33	                  0
                  0	 -2.67755240202e-09	                  0	                  0	                  0	      268897550.987

Stiffness matrix with respect to the elastic center:
      532905951.143	      12126977.5896	                  0	                  0	                  0	     -38610211.7981
      12126977.5896	      159036645.114	                  0	                  0	                  0	      40952653.7479
                  0	                  0	      7366257614.15	 -0.000241370871663	  -0.00245809555054	                  0
                  0	                  0	 -9.87201929092e-08	      1407507808.53	      106648004.826	                  0
                  0	                  0	 -4.29153442383e-06	      106648004.827	      4246847680.74	                  0
     -38610211.7981	      40952653.7478	                  0	                  0	                  0	      282716919.407

Stiffness matrix rotated along principle axis:
       531873302.41	      23066705.1626	                  0	                  0	                  0	     -36069988.9032
      23066705.1626	      160069293.846	                  0	                  0	                  0	      97577846.6652
                  0	                  0	      7366257614.15	      64122208.0176	     -2668008503.26	                  0
                  0	                  0	      64122208.0178	      1404255276.17	 -0.000441521406174	                  0
                  0	                  0	     -2668008503.26	  8.40874754098e-10	      5216992956.21	                  0
     -36069988.9032	      97577846.6652	                  0	                  0	                  0	      333135585.783

Stiffness matrix at the elastic center rotated along principle axis:
      531472272.575	      26096294.0393	                  0	                  0	                  0	     -40118053.9089
      26096294.0393	      160470323.682	                  0	                  0	                  0	      39476702.6821
                  0	                  0	      7366257614.15	 -0.000149067796403	  -0.00246541526428	                  0
                  0	                  0	  6.22029512922e-08	       1403507654.9	 -0.000358805060387	                  0
                  0	                  0	 -4.29221902752e-06	 -1.14689373203e-08	      4250847834.37	                  0
     -40118053.9089	       39476702.682	                  0	                  0	                  0	      282716919.407

Mass matrix with respect to mass center
      278.467866966	                  0	                  0	                  0	                  0	                  0
                  0	      278.467866966	                  0	                  0	                  0	                  0
                  0	                  0	      278.467866966	                  0	                  0	                  0
                  0	                  0	                  0	      38.4909117133	      6.92802605295	                  0
                  0	                  0	                  0	      6.92802605295	      250.248161688	                  0
                  0	                  0	                  0	                  0	                  0	      288.739073401
