********************************
*                              *
*          BECAS 2.3           *
*              by              *
*     becas-dtuwind@dtu.dk     *
*                              *
*   A cross section analysis   *
*   program for anisotropic    *
*   beams with arbitrary       *
*   geometry.                  *
*                              *
*     (c)DTU Wind Energy       *
********************************


Output generated on the (yyyy.mm.dd) 2017. 8. 9 at (hh.mm.ss) 12.56. 4  
The input folder: is C:\Users\wentingmann\Documents\MATLAB\SBref_BECAS_Project\BECAS_outputs_80_sec_TP\BL_073_BCS 

Stiffness matrix w.r.t. to the cross section reference point 
K=
      120173884.692	     -2230339.34861	                  0	                  0	                  0	     -5864261.34081
     -2230339.34861	      31700136.2535	                  0	                  0	                  0	      703077.859934
                  0	                  0	      1109457381.17	      40034583.2209	      144562850.495	                  0
                  0	                  0	      40034583.2205	       23916873.633	      6237676.73884	                  0
                  0	                  0	      144562850.495	       6237676.7389	      154232147.761	                  0
      -5864261.3408	      703077.859933	                  0	                  0	                  0	      6566480.11858

Compliance matrix w.r.t. to the cross section reference point 
F=
  8.70658840722e-09	  4.41167530345e-10	                  0	                  0	                 -0	  7.72827051438e-09
  4.41167530344e-10	  3.16430503475e-08	                  0	                  0	                  0	 -2.99405557803e-09
                  0	                  0	  1.08158775178e-09	 -1.56255691409e-09	 -9.50584464205e-10	                 -0
                  0	                  0	 -1.56255691408e-09	  4.45146174362e-08	 -3.35728399768e-10	                 -0
                  0	                  0	 -9.50584464204e-10	 -3.35728399774e-10	  7.38829992033e-09	                 -0
  7.72827051437e-09	 -2.99405557803e-09	                  0	                  0	                  0	  1.59510975939e-07

Mass matrix w.r.t. to the cross section reference point 
M=
       55.294990406	                  0	                  0	                  0	                  0	     -1.89570361076
                  0	       55.294990406	                  0	                  0	                  0	     -9.78917645572
                  0	                  0	       55.294990406	      1.89570361076	      9.78917645572	                  0
                 -0	                 -0	      1.89570361076	       0.8263510551	     0.493530760564	                  0
                 -0	                 -0	      9.78917645572	     0.493530760564	      12.7514555009	                  0
     -1.89570361076	     -9.78917645572	                 -0	                  0	                  0	       13.577806556

Shear center;
ShearX=    0.0187702166601 
ShearY=    0.0484497726184 

Elastic center:
ElasticX=    -0.130300499099 
ElasticY=    0.0360848320089 

Orientation of principle axis w.r.t. reference center:
alpha_p=     -2.73419004386o or    -0.0477206186407rad 

Orientation of principle axis w.r.t. elastic center:
alpha_p=    -0.518061708294o or   -0.00904188253823rad 

Mass center:
MassX=    -0.177035503286 
MassY=    0.0342834603432 

Mass per unit length:
Mass=       55.294990406 

Mass moments of inertia:
Ixx=       0.8263510551 
Iyy=      12.7514555009 
Ixy=    -0.493530760564 

Area center:
AreaX=    -0.198935360535 
AreaY=     0.048103871568 

Area per unit length:
Area=    0.0702333021397 
Area moments:
Ixx=   0.00337849374593 
Iyy=   -0.0139718872827 
Ixy= -0.000935187977494 

Stiffness matrix with respect to shear center:
      120173884.692	     -2230339.34861	                  0	                  0	                  0	 -8.62963497639e-06
     -2230339.34861	      31700136.2535	                  0	                  0	                  0	  1.03873026092e-06
                  0	                  0	      1109457381.17	     -13718374.6265	      165387605.915	                  0
                  0	                  0	     -13718374.6268	      22641859.3104	     -1023857.36068	                  0
                  0	                  0	      165387605.915	     -1023857.36061	      160049984.981	                  0
  9.31322574615e-10	 -1.45519152284e-11	                  0	                  0	                  0	      6269161.06628

Stiffness matrix with respect to the elastic center:
      120173884.692	     -2230339.34861	                  0	                  0	                  0	     -1818421.23011
     -2230339.34861	      31700136.2535	                  0	                  0	                  0	      4753140.01454
                  0	                  0	      1109457381.17	  0.000350266695023	  0.000170052051544	                  0
                  0	                  0	  2.45869159698e-07	      22472232.4229	      1021150.56399	                  0
                  0	                  0	  3.24547290802e-05	      1021150.56401	       135395536.19	                  0
     -1818421.23011	      4753140.01454	                  0	                  0	                  0	      7000199.72087

Stiffness matrix rotated along principle axis:
      120185103.409	      1995426.23024	                  0	                  0	                  0	     -5891123.96918
      1995426.23024	      31688917.5369	                  0	                  0	                  0	      422537.489683
                  0	                  0	      1109457381.17	      33092996.7139	       146308028.37	                  0
                  0	                  0	      33092996.7136	      23618981.6802	 -5.88498078287e-05	                  0
                  0	                  0	       146308028.37	 -5.88766270839e-10	      154530039.713	                  0
     -5891123.96917	      422537.489683	                  0	                  0	                  0	      6566480.11858

Stiffness matrix at the elastic center rotated along principle axis:
      120206982.396	     -1430049.03243	                  0	                  0	                  0	     -1861323.64562
     -1430049.03242	      31667038.5497	                  0	                  0	                  0	      4736503.99073
                  0	                  0	      1109457381.17	  0.000348714807257	  0.000173212127394	                  0
                  0	                  0	 -4.75887404405e-08	      22462999.0478	 -1.82053481694e-05	                  0
                  0	                  0	  3.24556255004e-05	  2.04805914854e-10	      135404769.565	                  0
     -1861323.64561	      4736503.99073	                  0	                  0	                  0	      7000199.72087

Mass matrix with respect to mass center
       55.294990406	                  0	                  0	                  0	                  0	                  0
                  0	       55.294990406	                  0	                  0	                  0	                  0
                  0	                  0	       55.294990406	                  0	                  0	                  0
                  0	                  0	                  0	     0.761359775538	     0.157923917753	                  0
                  0	                  0	                  0	     0.157923917753	      11.0184237203	                  0
                  0	                  0	                  0	                  0	                  0	      11.7797834958
