********************************
*                              *
*          BECAS 2.3           *
*              by              *
*     becas-dtuwind@dtu.dk     *
*                              *
*   A cross section analysis   *
*   program for anisotropic    *
*   beams with arbitrary       *
*   geometry.                  *
*                              *
*     (c)DTU Wind Energy       *
********************************


Output generated on the (yyyy.mm.dd) 2017. 8. 9 at (hh.mm.ss) 10.22.21  
The input folder: is C:\Users\wentingmann\Documents\MATLAB\SBref_BECAS_Project\BECAS_outputs_80_sec_c2\BL_005_BCS 

Stiffness matrix w.r.t. to the cross section reference point 
K=
      1691390729.73	     -125447586.701	                  0	                  0	                  0	      531058.420984
     -125447586.701	      1820112008.79	                  0	                  0	                  0	      162352904.836
                  0	                  0	      10150275572.6	     -27419800.9552	     -194002517.841	                  0
                  0	                  0	       -27419800.94	      20802029364.3	      975554310.846	                  0
                  0	                  0	     -194002517.831	      975554310.822	      19734348581.5	                  0
      531058.420916	      162352904.836	                  0	                  0	                  0	      13081747576.8

Compliance matrix w.r.t. to the cross section reference point 
F=
  5.94270992781e-10	  4.10064888186e-11	                  0	                  0	                  0	 -5.33041564283e-13
  4.10064888186e-11	  5.52855198265e-10	                  0	                  0	                  0	 -6.86295341707e-12
                  0	                  0	  9.85381561593e-11	    8.465329329e-14	  9.64514558691e-13	                 -0
                  0	                  0	  8.46532932189e-14	  4.81840116584e-11	 -2.38111215788e-12	                 -0
                  0	                  0	  9.64514558647e-13	 -2.38111215782e-12	  5.08002591697e-11	                 -0
  -5.3304156428e-13	 -6.86295341707e-12	                  0	                  0	                  0	  7.65275814738e-11

Mass matrix w.r.t. to the cross section reference point 
M=
      903.748327405	                  0	                  0	                  0	                  0	      8.61204403677
                  0	      903.748327405	                  0	                  0	                  0	      17.3516473604
                  0	                  0	      903.748327405	     -8.61204403677	     -17.3516473604	                  0
                 -0	                 -0	     -8.61204403677	       1642.2225889	      16.0399802685	                  0
                 -0	                 -0	     -17.3516473604	      16.0399802685	      1767.38117771	                  0
      8.61204403677	      17.3516473604	                 -0	                  0	                  0	      3409.60376661

Shear center;
ShearX=    0.0896794761431 
ShearY=  -0.00696535228234 

Elastic center:
ElasticX=    0.0191130296359 
ElasticY=  -0.00270138487807 

Orientation of principle axis w.r.t. reference center:
alpha_p=     -59.3441251696o or      -1.03575037593rad 

Orientation of principle axis w.r.t. elastic center:
alpha_p=     -59.3916490941o or      -1.03657982488rad 

Mass center:
MassX=    0.0191996453373 
MassY=  -0.00952925031851 

Mass per unit length:
Mass=      903.748327405 

Mass moments of inertia:
Ixx=       1642.2225889 
Iyy=      1767.38117771 
Ixy=     -16.0399802685 

Area center:
AreaX=    0.0303571653656 
AreaY=   -0.0328791534878 

Area per unit length:
Area=      1.05215603085 
Area moments:
Ixx=   -0.0345939996315 
Iyy=     0.031940474619 
Ixy=    0.0407037830877 

Stiffness matrix with respect to shear center:
      1691390729.73	     -125447586.701	                  0	                  0	                  0	  6.46058470011e-05
     -125447586.701	      1820112008.79	                  0	                  0	                  0	  1.15011353046e-05
                  0	                  0	      10150275572.6	      43280444.1706	      716268878.215	                  0
                  0	                  0	      43280444.1858	      20802139839.2	      978084382.528	                  0
                  0	                  0	      716268878.224	      978084382.502	      19781185155.1	                  0
                  0	  3.91155481339e-08	                  0	                  0	                  0	      13067184154.3

Stiffness matrix with respect to the elastic center:
      1691390729.73	     -125447586.701	                  0	                  0	                  0	     -1640355.47686
     -125447586.701	      1820112008.79	                  0	                  0	                  0	      127903932.285
                  0	                  0	      10150275572.6	   -0.0152085497975	  -0.00960499048233	                  0
                  0	                  0	  1.62795186043e-06	      20801955292.8	      975030235.378	                  0
                  0	                  0	   3.3050775528e-05	      975030235.353	      19730640605.6	                  0
     -1640355.47692	      127903932.285	                  0	                  0	                  0	      13076202885.9

Stiffness matrix rotated along principle axis:
      1896695504.18	      3760287.40258	                  0	                  0	                  0	     -139392530.839
      3760287.40255	      1614807234.34	                  0	                  0	                  0	      83237431.9514
                  0	                  0	      10150275572.6	      152908911.189	     -122505866.357	                  0
                  0	                  0	      152908911.189	      19156122528.4	    0.0247669219971	                  0
                  0	                  0	     -122505866.339	  1.16156907074e-06	      21380255417.3	                  0
     -139392530.839	      83237431.9514	                  0	                  0	                  0	      13081747576.8

Stiffness matrix at the elastic center rotated along principle axis:
      1896689072.32	      3994094.05236	                  0	                  0	                  0	      -110918013.82
      3994094.05233	      1614813666.21	                  0	                  0	                  0	      63712642.9384
                  0	                  0	      10150275572.6	  0.000523016655164	    -0.017980052355	                  0
                  0	                  0	 -2.76168399334e-05	      19153817500.1	    0.0250301361084	                  0
                  0	                  0	  1.82294855208e-05	 -9.73842551401e-07	      21378778398.3	                  0
      -110918013.82	      63712642.9383	                  0	                  0	                  0	      13076202885.9

Mass matrix with respect to mass center
      903.748327405	                  0	                  0	                  0	                  0	                  0
                  0	      903.748327405	                  0	                  0	                  0	                  0
                  0	                  0	      903.748327405	                  0	                  0	                  0
                  0	                  0	                  0	      1642.14052258	      15.8746320773	                  0
                  0	                  0	                  0	      15.8746320773	      1767.04803224	                  0
                  0	                  0	                  0	                  0	                  0	      3409.18855481
