********************************
*                              *
*          BECAS 2.3           *
*              by              *
*     becas-dtuwind@dtu.dk     *
*                              *
*   A cross section analysis   *
*   program for anisotropic    *
*   beams with arbitrary       *
*   geometry.                  *
*                              *
*     (c)DTU Wind Energy       *
********************************


Output generated on the (yyyy.mm.dd) 2017. 8. 9 at (hh.mm.ss) 10.44.28  
The input folder: is C:\Users\wentingmann\Documents\MATLAB\SBref_BECAS_Project\BECAS_outputs_80_sec_c2\BL_079_BCS 

Stiffness matrix w.r.t. to the cross section reference point 
K=
      62704524.8618	     -1224368.47575	                  0	                  0	                  0	     -2461299.98612
     -1224368.47574	      16419664.0183	                  0	                  0	                  0	      3401963.98514
                  0	                  0	      531411383.693	      13299981.7266	     -62519599.3291	                  0
                  0	                  0	      13299981.7266	       3456156.6059	     -1311916.23237	                  0
                  0	                  0	     -62519599.3292	     -1311916.23237	       32151015.661	                  0
     -2461299.98611	      3401963.98514	                  0	                  0	                  0	        1909546.303

Compliance matrix w.r.t. to the cross section reference point 
F=
  1.70742495637e-08	 -5.20949066527e-09	                 -0	                  0	                 -0	  3.12887672557e-08
 -5.20949066528e-09	  9.81250450964e-08	                  0	                  0	                  0	 -1.81530025335e-07
                  0	                  0	  2.66040553612e-09	 -8.40421445352e-09	  4.83038745795e-09	                 -0
                  0	                  0	 -8.40421445355e-09	  3.20439715718e-07	  -3.2670213866e-09	                 -0
                  0	                  0	  4.83038745796e-09	 -3.26702138655e-09	  4.03628875607e-08	                 -0
  3.12887672557e-08	 -1.81530025335e-07	                  0	                  0	                  0	  8.87420036981e-07

Mass matrix w.r.t. to the cross section reference point 
M=
      29.0331724435	                  0	                  0	                  0	                  0	    -0.668376665327
                  0	      29.0331724435	                  0	                  0	                  0	      3.23647868079
                  0	                  0	      29.0331724435	     0.668376665327	     -3.23647868079	                  0
                 -0	                 -0	     0.668376665327	     0.133961867017	   -0.0433528760642	                  0
                 -0	                 -0	     -3.23647868079	   -0.0433528760642	      2.50403802745	                  0
    -0.668376665327	      3.23647868079	                 -0	                  0	                  0	      2.63799989446

Shear center;
ShearX=     0.204559304241 
ShearY=    0.0352581257485 

Elastic center:
ElasticX=     0.117648212379 
ElasticY=    0.0250276567923 

Orientation of principle axis w.r.t. reference center:
alpha_p=      2.61227329317o or     0.0455927699277rad 

Orientation of principle axis w.r.t. elastic center:
alpha_p=    -0.668218751674o or    -0.0116626173403rad 

Mass center:
MassX=     0.111475199174 
MassY=    0.0230211378597 

Mass per unit length:
Mass=      29.0331724435 

Mass moments of inertia:
Ixx=     0.133961867017 
Iyy=      2.50403802745 
Ixy=    0.0433528760642 

Area center:
AreaX=     0.109549757123 
AreaY=    0.0287220705981 

Area per unit length:
Area=    0.0288669719345 
Area moments:
Ixx=  0.000829119205857 
Iyy=   0.00316236976431 
Ixy=  5.05041688804e-05 

Stiffness matrix with respect to shear center:
      62704524.8618	     -1224368.47575	                  0	                  0	                  0	 -1.12131237984e-06
     -1224368.47574	      16419664.0183	                  0	                  0	                  0	 -2.84889392788e-06
                  0	                  0	      531411383.693	     -5436587.66389	      46185543.5851	                  0
                  0	                  0	     -5436587.66385	      3178908.06922	     -219696.927442	                  0
                  0	                  0	      46185543.5849	     -219696.927448	      28809732.5825	                  0
  4.65661287308e-10	 -3.63797880709e-11	                  0	                  0	                  0	      1126862.09273

Stiffness matrix with respect to the elastic center:
      62704524.8618	     -1224368.47575	                  0	                  0	                  0	     -747907.896085
     -1224368.47574	      16419664.0183	                  0	                  0	                  0	      1439576.79153
                  0	                  0	      531411383.693	  -3.5248696804e-05	  0.000112324953079	                  0
                  0	                  0	 -1.71363353729e-07	       3123289.2279	      252802.842431	                  0
                  0	                  0	 -1.68681144714e-05	      252802.842427	      24795696.5613	                  0
     -747907.896082	      1439576.79153	                  0	                  0	                  0	      1259628.73201

Stiffness matrix rotated along principle axis:
      62496889.0902	     -3326613.64541	                  0	                  0	                  0	     -2303691.04553
      -3326613.6454	      16627299.7899	                  0	                  0	                  0	      3510607.37545
                  0	                  0	      531411383.693	      10436706.5055	     -63060803.7652	                  0
                  0	                  0	      10436706.5055	       3396301.2314	  3.06277070194e-06	                  0
                  0	                  0	     -63060803.7653	  3.93258028513e-10	      32210871.0355	                  0
     -2303691.04552	      3510607.37546	                  0	                  0	                  0	        1909546.303

Stiffness matrix at the elastic center rotated along principle axis:
      62726785.7283	      -684281.74797	                  0	                  0	                  0	     -764645.885352
     -684281.747953	      16397403.1518	                  0	                  0	                  0	      1430756.52357
                  0	                  0	      531411383.693	 -3.65562728752e-05	  0.000111906231391	                  0
                  0	                  0	  2.53702049589e-08	       3120340.7514	  3.95577808376e-06	                  0
                  0	                  0	 -1.68689658122e-05	 -8.18630750892e-11	      24798645.0378	                  0
      -764645.88535	      1430756.52357	                  0	                  0	                  0	      1259628.73201

Mass matrix with respect to mass center
      29.0331724435	                  0	                  0	                  0	                  0	                  0
                  0	      29.0331724435	                  0	                  0	                  0	                  0
                  0	                  0	      29.0331724435	                  0	                  0	                  0
                  0	                  0	                  0	     0.118575075662	    0.0311545458264	                  0
                  0	                  0	                  0	    0.0311545458264	      2.14325092188	                  0
                  0	                  0	                  0	                  0	                  0	      2.26182599754
