********************************
*                              *
*          BECAS 2.3           *
*              by              *
*     becas-dtuwind@dtu.dk     *
*                              *
*   A cross section analysis   *
*   program for anisotropic    *
*   beams with arbitrary       *
*   geometry.                  *
*                              *
*     (c)DTU Wind Energy       *
********************************


Output generated on the (yyyy.mm.dd) 2017. 8. 9 at (hh.mm.ss) 12.37. 9  
The input folder: is C:\Users\wentingmann\Documents\MATLAB\SBref_BECAS_Project\BECAS_outputs_80_sec_TP\BL_011_BCS 

Stiffness matrix w.r.t. to the cross section reference point 
K=
      1407503934.01	     -200103416.499	                  0	                  0	                  0	      293768400.471
     -200103416.497	      1059656861.97	                  0	                  0	                  0	      -313412724.78
                  0	                  0	      8459836668.68	     -352377019.426	      3240893451.96	                  0
                  0	                  0	     -352377019.461	      14655989160.6	      1622686954.26	                  0
                  0	                  0	      3240893451.95	      1622686954.29	      23962155894.1	                  0
      293768400.467	      -313412724.79	                  0	                  0	                  0	      8868709098.06

Compliance matrix w.r.t. to the cross section reference point 
F=
  7.33435535478e-10	  1.32701964603e-10	                  0	                  0	                  0	 -1.96048486735e-11
  1.32701964602e-10	  9.77679693067e-10	                  0	                  0	                 -0	  3.01547395149e-11
                  0	                  0	  1.25015260952e-10	  4.91468449442e-12	 -1.72411921888e-11	                 -0
                  0	                  0	  4.91468449469e-12	  6.89401452949e-11	  -5.3332531412e-12	                 -0
                  0	                  0	 -1.72411921887e-11	 -5.33325314124e-12	  4.44255129576e-11	                 -0
  -1.9604848673e-11	   3.0154739516e-11	                  0	                  0	                  0	  1.14471018599e-10

Mass matrix w.r.t. to the cross section reference point 
M=
        707.3572279	                  0	                  0	                  0	                  0	       28.282567674
                  0	        707.3572279	                  0	                  0	                  0	     -347.787260011
                  0	                  0	        707.3572279	      -28.282567674	      347.787260011	                  0
                 -0	                 -0	      -28.282567674	      963.905058265	      26.1143271851	                  0
                 -0	                 -0	      347.787260011	      26.1143271851	      2328.34556715	                  0
       28.282567674	     -347.787260011	                 -0	                  0	                  0	      3292.25062542

Shear center;
ShearX=    -0.263426847119 
ShearY=    -0.171264735065 

Elastic center:
ElasticX=    -0.383091728467 
ElasticY=   -0.0416529341241 

Orientation of principle axis w.r.t. reference center:
alpha_p=     -9.61269234066o or     -0.167773131326rad 

Orientation of principle axis w.r.t. elastic center:
alpha_p=     -11.7571154266o or     -0.205200374731rad 

Mass center:
MassX=    -0.491671317254 
MassY=   -0.0399834292468 

Mass per unit length:
Mass=        707.3572279 

Mass moments of inertia:
Ixx=      963.905058265 
Iyy=      2328.34556715 
Ixy=     -26.1143271851 

Area center:
AreaX=    -0.522423300277 
AreaY=   -0.0539058827027 

Area per unit length:
Area=      1.00334389081 
Area moments:
Ixx=   -0.0540861380886 
Iyy=    -0.524170226751 
Ixy=    0.0221858166573 

Stiffness matrix with respect to shear center:
      1407503934.01	     -200103416.499	                  0	                  0	                  0	    0.0040120780468
     -200103416.497	      1059656861.97	                  0	                  0	                  0	   0.00905776768923
                  0	                  0	      8459836668.68	      1096494666.33	      1012345351.19	                  0
                  0	                  0	      1096494666.29	      14783430272.2	      1888891579.86	                  0
                  0	                  0	      1012345351.18	      1888891579.88	      22841738606.1	                  0
 -2.98023223877e-08	  7.45058059692e-09	                  0	                  0	                  0	      8735835604.85

Stiffness matrix with respect to the elastic center:
      1407503934.01	     -200103416.499	                  0	                  0	                  0	       158483768.13
     -200103416.497	      1059656861.97	                  0	                  0	                  0	       100867948.48
                  0	                  0	      8459836668.68	    0.0352798700333	   0.00911808013916	                  0
                  0	                  0	 -2.74181365967e-05	      14641311623.8	      1757679675.72	                  0
                  0	                  0	 -0.000354766845703	      1757679675.73	      22720596419.8	                  0
      158483768.126	      100867948.471	                  0	                  0	                  0	      8768447322.54

Stiffness matrix rotated along principle axis:
      1463695375.19	      -131673349.41	                  0	                  0	                  0	      341979520.782
     -131673349.408	      1003465420.79	                  0	                  0	                  0	     -259956566.633
                  0	                  0	      8459836668.68	     -888616923.199	      3136545854.05	                  0
                  0	                  0	     -888616923.232	        14381162446	    -0.028537273407	                  0
                  0	                  0	      3136545854.04	 -8.31974176058e-07	      24236982608.6	                  0
      341979520.779	     -259956566.643	                  0	                  0	                  0	      8868709098.06

Stiffness matrix at the elastic center rotated along principle axis:
      1472898125.78	     -114095568.889	                  0	                  0	                  0	      134605616.866
     -114095568.887	        994262670.2	                  0	                  0	                  0	       131044937.71
                  0	                  0	      8459836668.68	    0.0326817741222	    0.0161155283876	                  0
                  0	                  0	  4.54455666985e-05	      14275485993.7	   -0.0146160125732	                  0
                  0	                  0	 -0.000352910710367	  6.50911674802e-08	      23086422049.8	                  0
      134605616.865	        131044937.7	                  0	                  0	                  0	      8768447322.54

Mass matrix with respect to mass center
        707.3572279	                  0	                  0	                  0	                  0	                  0
                  0	        707.3572279	                  0	                  0	                  0	                  0
                  0	                  0	        707.3572279	                  0	                  0	                  0
                  0	                  0	                  0	      962.774224222	      40.0200544887	                  0
                  0	                  0	                  0	      40.0200544887	       2157.3485469	                  0
                  0	                  0	                  0	                  0	                  0	      3120.12277112
