********************************
*                              *
*          BECAS 2.3           *
*              by              *
*     becas-dtuwind@dtu.dk     *
*                              *
*   A cross section analysis   *
*   program for anisotropic    *
*   beams with arbitrary       *
*   geometry.                  *
*                              *
*     (c)DTU Wind Energy       *
********************************


Output generated on the (yyyy.mm.dd) 2017. 8. 9 at (hh.mm.ss) 12.52. 5  
The input folder: is C:\Users\wentingmann\Documents\MATLAB\SBref_BECAS_Project\BECAS_outputs_80_sec_TP\BL_054_BCS 

Stiffness matrix w.r.t. to the cross section reference point 
K=
      337271046.434	       924776.83089	                  0	                  0	                  0	     -24898714.3742
      924776.830919	      81594693.2867	                  0	                  0	                  0	      1856706.29945
                  0	                  0	      4571022175.88	      36331755.8656	      1024321078.09	                  0
                  0	                  0	      36331755.8656	       337790053.22	      49248128.5924	                  0
                  0	                  0	      1024321078.08	      49248128.5928	       1817106326.8	                  0
     -24898714.3742	      1856706.29947	                  0	                  0	                  0	      65466018.2754

Compliance matrix w.r.t. to the cross section reference point 
F=
  3.05093205836e-09	 -6.10223047937e-11	                  0	                  0	                 -0	   1.1620927681e-09
 -6.10223047946e-11	  1.22648340729e-08	                  0	                  0	                  0	 -3.71056194684e-10
                  0	                  0	   2.5041419721e-10	 -6.37847737078e-12	 -1.40988124141e-10	                 -0
                  0	                  0	 -6.37847737096e-12	  2.97232543878e-09	 -7.69618456267e-11	                 -0
                  0	                  0	 -1.40988124141e-10	 -7.69618456274e-11	  6.31887808244e-10	                 -0
   1.1620927681e-09	 -3.71056194686e-10	                  0	                  0	                  0	  1.57276031964e-08

Mass matrix w.r.t. to the cross section reference point 
M=
      174.838263466	                  0	                  0	                  0	                  0	     -4.76867384881
                  0	      174.838263466	                  0	                  0	                  0	     -67.1679931931
                  0	                  0	      174.838263466	      4.76867384881	      67.1679931931	                  0
                 -0	                 -0	      4.76867384881	      9.37456798128	      3.87966742844	                  0
                 -0	                 -0	      67.1679931931	      3.87966742844	      117.716535646	                  0
     -4.76867384881	     -67.1679931931	                 -0	                  0	                  0	      127.091103627

Shear center;
ShearX=    0.0235926727075 
ShearY=     0.073888739027 

Elastic center:
ElasticX=    -0.224090157228 
ElasticY=   0.00794827818979 

Orientation of principle axis w.r.t. reference center:
alpha_p=     -1.90463073271o or    -0.0332420773205rad 

Orientation of principle axis w.r.t. elastic center:
alpha_p=     -1.88137796212o or    -0.0328362399134rad 

Mass center:
MassX=    -0.384172159238 
MassY=    0.0272747724341 

Mass per unit length:
Mass=      174.838263466 

Mass moments of inertia:
Ixx=      9.37456798128 
Iyy=      117.716535646 
Ixy=     -3.87966742844 

Area center:
AreaX=    -0.344741139063 
AreaY=    0.0423710989937 

Area per unit length:
Area=     0.212398294064 
Area moments:
Ixx=   0.00899954914388 
Iyy=   -0.0732224298307 
Ixy=  -0.00545739977852 

Stiffness matrix with respect to shear center:
      337271046.434	       924776.83089	                  0	                  0	                  0	 -1.30422413349e-05
      924776.830919	      81594693.2867	                  0	                  0	                  0	 -1.22349447338e-05
                  0	                  0	      4571022175.88	     -301415308.774	      1132163708.22	                  0
                  0	                  0	     -301415308.774	      357376742.681	     -33548856.9551	                  0
                  0	                  0	      1132163708.22	     -33548856.9546	      1867983566.56	                  0
                  0	  4.36557456851e-11	                  0	                  0	                  0	      63582479.0028

Stiffness matrix with respect to the elastic center:
      337271046.434	       924776.83089	                  0	                  0	                  0	     -22010756.8864
      924776.830919	      81594693.2867	                  0	                  0	                  0	      20148624.3306
                  0	                  0	      4571022175.88	  3.01897525787e-05	   0.00226557254791	                  0
                  0	                  0	  1.05053186417e-06	      337501278.317	      41106539.7081	                  0
                  0	                  0	  4.05311584473e-05	      41106539.7085	      1587566055.36	                  0
     -22010756.8863	      20148624.3306	                  0	                  0	                  0	      70024346.7488

Stiffness matrix rotated along principle axis:
      336927181.267	      9415686.95547	                  0	                  0	                  0	     -24946668.0645
      9415686.95549	      81938558.4539	                  0	                  0	                  0	      1028147.97062
                  0	                  0	      4571022175.88	      2267394.12593	      1024962695.14	                  0
                  0	                  0	      2267394.12598	      336152339.833	 -0.000364042818546	                  0
                  0	                  0	      1024962695.13	  7.22861076393e-09	      1818744040.19	                  0
     -24946668.0645	      1028147.97064	                  0	                  0	                  0	      65466018.2754

Stiffness matrix at the elastic center rotated along principle axis:
      336934781.744	      9312199.94372	                  0	                  0	                  0	     -22660377.9246
      9312199.94375	      81930957.9764	                  0	                  0	                  0	      19415142.3749
                  0	                  0	      4571022175.88	 -4.42060373489e-05	   0.00226534240619	                  0
                  0	                  0	 -2.80686126889e-07	      336151008.787	 -0.000375224277377	                  0
                  0	                  0	  4.05437990027e-05	  2.66393609261e-09	      1588916324.89	                  0
     -22660377.9246	       19415142.375	                  0	                  0	                  0	      70024346.7488

Mass matrix with respect to mass center
      174.838263466	                  0	                  0	                  0	                  0	                  0
                  0	      174.838263466	                  0	                  0	                  0	                  0
                  0	                  0	      174.838263466	                  0	                  0	                  0
                  0	                  0	                  0	      9.24450348724	      2.04767569925	                  0
                  0	                  0	                  0	      2.04767569925	      91.9124626691	                  0
                  0	                  0	                  0	                  0	                  0	      101.156966156
