********************************
*                              *
*          BECAS 2.3           *
*              by              *
*     becas-dtuwind@dtu.dk     *
*                              *
*   A cross section analysis   *
*   program for anisotropic    *
*   beams with arbitrary       *
*   geometry.                  *
*                              *
*     (c)DTU Wind Energy       *
********************************


Output generated on the (yyyy.mm.dd) 2017. 8. 9 at (hh.mm.ss) 12.50.20  
The input folder: is C:\Users\wentingmann\Documents\MATLAB\SBref_BECAS_Project\BECAS_outputs_80_sec_TP\BL_047_BCS 

Stiffness matrix w.r.t. to the cross section reference point 
K=
      444031838.363	      8188267.63864	                  0	                  0	                  0	     -43631660.6752
      8188267.63824	      113409756.862	                  0	                  0	                  0	      931471.680628
                  0	                  0	      5958622163.36	      36703688.0613	       1346173477.2	                  0
                  0	                  0	      36703688.0611	      687681553.018	      70258614.9322	                  0
                  0	                  0	      1346173477.19	      70258614.9315	      2882199157.71	                  0
     -43631660.6749	      931471.680414	                  0	                  0	                  0	      134537832.233

Compliance matrix w.r.t. to the cross section reference point 
F=
  2.32966593925e-09	 -1.74418914123e-10	                  0	                  0	                 -0	  7.56736289988e-10
 -1.74418914116e-10	  8.83114343865e-09	                  0	                  0	                  0	 -1.17707760218e-10
                  0	                  0	  1.87622540454e-10	 -1.06352599793e-12	  -8.7605939772e-11	                 -0
                  0	                  0	 -1.06352599785e-12	  1.45779811404e-09	 -3.50396278419e-11	                 -0
                  0	                  0	 -8.76059397713e-11	 -3.50396278415e-11	  3.88729080463e-10	                 -0
  7.56736289983e-10	 -1.17707760206e-10	                  0	                  0	                  0	  7.67908390766e-09

Mass matrix w.r.t. to the cross section reference point 
M=
      221.996570014	                  0	                  0	                  0	                  0	     -6.24495714721
                  0	      221.996570014	                  0	                  0	                  0	     -95.7867019595
                  0	                  0	      221.996570014	      6.24495714721	      95.7867019595	                  0
                 -0	                 -0	      6.24495714721	      18.6383524713	      6.49030311394	                  0
                 -0	                 -0	      95.7867019595	      6.49030311394	        190.7206339	                  0
     -6.24495714721	     -95.7867019595	                 -0	                  0	                  0	      209.358986372

Shear center;
ShearX=    0.0153283596873 
ShearY=    0.0985451258357 

Elastic center:
ElasticX=    -0.225920261478 
ElasticY=   0.00615976094051 

Orientation of principle axis w.r.t. reference center:
alpha_p=     -1.83185319843o or    -0.0319718697259rad 

Orientation of principle axis w.r.t. elastic center:
alpha_p=     -1.87523398424o or    -0.0327290072703rad 

Mass center:
MassX=    -0.431478296956 
MassY=     0.028130872233 

Mass per unit length:
Mass=      221.996570014 

Mass moments of inertia:
Ixx=      18.6383524713 
Iyy=        190.7206339 
Ixy=     -6.49030311394 

Area center:
AreaX=     -0.39811531471 
AreaY=    0.0382027733991 

Area per unit length:
Area=     0.263158119299 
Area moments:
Ixx=    0.0100533699997 
Iyy=    -0.104767277483 
Ixy=   -0.0083207771587 

Stiffness matrix with respect to shear center:
      444031838.363	      8188267.63864	                  0	                  0	                  0	 -0.000248298048973
      8188267.63824	      113409756.862	                  0	                  0	                  0	  0.000174431246705
                  0	                  0	      5958622163.36	     -550489482.834	      1437509380.97	                  0
                  0	                  0	     -550489482.834	      738312638.816	     -70838320.5726	                  0
                  0	                  0	      1437509380.95	     -70838320.5723	      2924868449.81	                  0
                  0	  1.16415321827e-10	                  0	                  0	                  0	      130223866.808

Stiffness matrix with respect to the elastic center:
      444031838.363	      8188267.63864	                  0	                  0	                  0	     -39046635.1349
      8188267.63824	      113409756.862	                  0	                  0	                  0	      26603471.3763
                  0	                  0	      5958622163.36	  0.000216849148273	     0.010315656662	                  0
                  0	                  0	 -8.94069671631e-07	      687455467.074	      61966508.1281	                  0
                  0	                  0	 -3.67164611816e-05	      61966508.1274	      2578071293.74	                  0
     -39046635.1348	      26603471.3761	                  0	                  0	                  0	      140249255.231

Stiffness matrix rotated along principle axis:
      443170759.743	      18734937.3118	                  0	                  0	                  0	     -43639138.2408
      18734937.3114	      114270835.482	                  0	                  0	                  0	     -463752.478202
                  0	                  0	      5958622163.36	     -6347420.48985	      1346658791.86	                  0
                  0	                  0	     -6347420.48974	      685434488.032	  0.000701535493135	                  0
                  0	                  0	      1346658791.85	  2.18215129981e-09	      2884446222.69	                  0
     -43639138.2406	     -463752.478408	                  0	                  0	                  0	      134537832.233

Stiffness matrix at the elastic center rotated along principle axis:
      443142201.361	      18983938.2178	                  0	                  0	                  0	     -39896273.6281
      18983938.2174	      114299393.864	                  0	                  0	                  0	      25311494.5277
                  0	                  0	      5958622163.36	 -0.000120827913611	    0.0103172281421	                  0
                  0	                  0	  3.07887940489e-07	      685426640.309	  0.000686977058649	                  0
                  0	                  0	 -3.67260546111e-05	   3.9445829756e-09	      2580100120.51	                  0
     -39896273.6279	      25311494.5275	                  0	                  0	                  0	      140249255.231

Mass matrix with respect to mass center
      221.996570014	                  0	                  0	                  0	                  0	                  0
                  0	      221.996570014	                  0	                  0	                  0	                  0
                  0	                  0	      221.996570014	                  0	                  0	                  0
                  0	                  0	                  0	      18.4626763797	       3.7957396395	                  0
                  0	                  0	                  0	       3.7957396395	      149.390750868	                  0
                  0	                  0	                  0	                  0	                  0	      167.853427248
