********************************
*                              *
*          BECAS 2.3           *
*              by              *
*     becas-dtuwind@dtu.dk     *
*                              *
*   A cross section analysis   *
*   program for anisotropic    *
*   beams with arbitrary       *
*   geometry.                  *
*                              *
*     (c)DTU Wind Energy       *
********************************


Output generated on the (yyyy.mm.dd) 2017. 8. 9 at (hh.mm.ss) 12.47.55  
The input folder: is C:\Users\wentingmann\Documents\MATLAB\SBref_BECAS_Project\BECAS_outputs_80_sec_TP\BL_038_BCS 

Stiffness matrix w.r.t. to the cross section reference point 
K=
      542462587.566	      12152295.9938	                  0	                  0	                  0	     -40973616.4451
      12152295.9938	      164459051.896	                  0	                  0	                  0	      4537186.95117
                  0	                  0	       7401648730.3	     -22712916.7403	      1821436619.16	                  0
                  0	                  0	     -22712916.7405	      1514684063.91	      109745201.218	                  0
                  0	                  0	      1821436619.16	      109745201.219	      4935019236.02	                  0
      -40973616.445	      4537186.95118	                  0	                  0	                  0	      294085546.267

Compliance matrix w.r.t. to the cross section reference point 
F=
    1.866508509e-09	 -1.45157291491e-10	                  0	                  0	                 -0	  2.62291739554e-10
 -1.45157291491e-10	   6.0944189713e-09	                  0	                  0	                  0	 -1.14249536721e-10
                  0	                  0	  1.48660358122e-10	  6.21462562645e-12	 -5.50063601494e-11	                 -0
                  0	                  0	  6.21462562643e-12	  6.61528945131e-10	 -1.70048321743e-11	                 -0
                  0	                  0	 -5.50063601493e-11	 -1.70048321745e-11	  2.23313576844e-10	                 -0
  2.62291739553e-10	 -1.14249536721e-10	                  0	                  0	                  0	  3.43867770952e-09

Mass matrix w.r.t. to the cross section reference point 
M=
       283.37913685	                  0	                  0	                  0	                  0	      -6.8078488015
                  0	       283.37913685	                  0	                  0	                  0	     -137.010917127
                  0	                  0	       283.37913685	       6.8078488015	      137.010917127	                  0
                 -0	                 -0	       6.8078488015	      42.0704444037	      10.6694832325	                  0
                 -0	                 -0	      137.010917127	      10.6694832325	      332.432320783	                  0
      -6.8078488015	     -137.010917127	                 -0	                  0	                  0	      374.502765187

Shear center;
ShearX=    0.0332248458193 
ShearY=    0.0762769185455 

Elastic center:
ElasticX=    -0.246085255533 
ElasticY=  -0.00306862937814 

Orientation of principle axis w.r.t. reference center:
alpha_p=     -1.83588052389o or    -0.0320421598152rad 

Orientation of principle axis w.r.t. elastic center:
alpha_p=      -2.2188998143o or    -0.0387271075314rad 

Mass center:
MassX=      -0.4834897821 
MassY=    0.0240238179747 

Mass per unit length:
Mass=       283.37913685 

Mass moments of inertia:
Ixx=      42.0704444037 
Iyy=      332.432320783 
Ixy=     -10.6694832325 

Area center:
AreaX=    -0.447448772179 
AreaY=    0.0413121370779 

Area per unit length:
Area=     0.350498959464 
Area moments:
Ixx=     0.014479861059 
Iyy=    -0.156830329062 
Ixy=   -0.0130647520193 

Stiffness matrix with respect to shear center:
      542462587.566	      12152295.9938	                  0	                  0	                  0	 -0.000100024044514
      12152295.9938	      164459051.896	                  0	                  0	                  0	 -1.41178024933e-05
                  0	                  0	       7401648730.3	     -587287874.044	      2067355257.03	                  0
                  0	                  0	     -587287874.044	      1561213044.54	     -48700920.4841	                  0
                  0	                  0	      2067355257.03	     -48700920.4828	      5064223746.53	                  0
  7.45058059692e-09	  6.98491930962e-10	                  0	                  0	                  0	      290809457.726

Stiffness matrix with respect to the elastic center:
      542462587.566	      12152295.9938	                  0	                  0	                  0	     -39647732.2129
      12152295.9938	      164459051.896	                  0	                  0	                  0	      44970843.8692
                  0	                  0	       7401648730.3	  0.000205934047699	   0.00297498703003	                  0
                  0	                  0	 -3.98606061935e-07	      1514614366.38	      115334515.138	                  0
                  0	                  0	 -1.52587890625e-05	      115334515.139	      4486790540.15	                  0
     -39647732.2128	      44970843.8692	                  0	                  0	                  0	      306516139.721

Stiffness matrix rotated along principle axis:
      541296385.448	      24231112.1163	                  0	                  0	                  0	      -41097940.832
      24231112.1163	      165625254.014	                  0	                  0	                  0	      3222199.46383
                  0	                  0	       7401648730.3	     -81054034.9774	      1819774018.29	                  0
                  0	                  0	     -81054034.9776	      1511166386.68	  -0.00107435137033	                  0
                  0	                  0	      1819774018.28	   5.9216628282e-09	      4938536913.24	                  0
     -41097940.8319	      3222199.46384	                  0	                  0	                  0	      294085546.267

Stiffness matrix at the elastic center rotated along principle axis:
      540955639.725	      26740213.4972	                  0	                  0	                  0	     -41359159.7177
      26740213.4972	      165965999.737	                  0	                  0	                  0	      43402066.4875
                  0	                  0	       7401648730.3	  9.05957925341e-05	   0.00298072961927	                  0
                  0	                  0	  1.92473877675e-07	       1510145559.9	  -0.00101444870234	                  0
                  0	                  0	 -1.52627810131e-05	 -2.05580061799e-08	      4491259346.64	                  0
     -41359159.7176	      43402066.4875	                  0	                  0	                  0	      306516139.721

Mass matrix with respect to mass center
       283.37913685	                  0	                  0	                  0	                  0	                  0
                  0	       283.37913685	                  0	                  0	                  0	                  0
                  0	                  0	       283.37913685	                  0	                  0	                  0
                  0	                  0	                  0	      41.9068938833	      7.37795789886	                  0
                  0	                  0	                  0	      7.37795789886	      266.188942316	                  0
                  0	                  0	                  0	                  0	                  0	      308.095836199
