********************************
*                              *
*          BECAS 2.3           *
*              by              *
*     becas-dtuwind@dtu.dk     *
*                              *
*   A cross section analysis   *
*   program for anisotropic    *
*   beams with arbitrary       *
*   geometry.                  *
*                              *
*     (c)DTU Wind Energy       *
********************************


Output generated on the (yyyy.mm.dd) 2017. 8. 9 at (hh.mm.ss) 12.33.46  
The input folder: is C:\Users\wentingmann\Documents\MATLAB\SBref_BECAS_Project\BECAS_outputs_80_sec_TP\BL_003_BCS 

Stiffness matrix w.r.t. to the cross section reference point 
K=
      4248611669.11	      1959537.98267	                  0	                  0	                  0	     -902579.978947
      1959537.98266	       4162104490.5	                  0	                  0	                  0	     -20600420.3463
                  0	                  0	      26259336634.9	      8793865.85835	      213469413.711	                  0
                  0	                  0	      8793865.86135	      51075333465.4	       554073307.14	                  0
                  0	                  0	      213469413.717	      554073307.144	      49762548979.7	                  0
     -902579.978948	     -20600420.3463	                  0	                  0	                  0	        32246765034

Compliance matrix w.r.t. to the cross section reference point 
F=
  2.35371057853e-10	 -1.10781522087e-13	                  0	                  0	                 -0	  6.51721368944e-15
 -1.10781522087e-13	  2.40263881228e-10	                  0	                  0	                 -0	  1.53486309493e-13
                  0	                  0	  3.80830223733e-11	  -4.7852686917e-15	 -1.63313761762e-13	                 -0
                  0	                  0	  -4.7852686939e-15	  1.95812883552e-11	 -2.18004260452e-13	                 -0
                  0	                  0	 -1.63313761766e-13	 -2.18004260453e-13	  2.00985615355e-11	                 -0
  6.51721368945e-15	  1.53486309493e-13	                  0	                  0	                  0	  3.10109608425e-11

Mass matrix w.r.t. to the cross section reference point 
M=
      1935.36916869	                  0	                  0	                  0	                  0	     0.672625320331
                  0	      1935.36916869	                  0	                  0	                  0	     -15.3582502857
                  0	                  0	      1935.36916869	    -0.672625320331	      15.3582502857	                  0
                 -0	                 -0	    -0.672625320331	      3712.74641803	       6.1925137769	                  0
                 -0	                 -0	      15.3582502857	       6.1925137769	      3718.06793115	                  0
     0.672625320331	     -15.3582502857	                 -0	                  0	                  0	      7430.81434918

Shear center;
ShearX=  -0.00494942127954 
ShearY=  0.000210158392788 

Elastic center:
ElasticX=  -0.00812927670968 
ElasticY=  0.000334885301317 

Orientation of principle axis w.r.t. reference center:
alpha_p=     -69.9158226518o or      -1.22026130451rad 

Orientation of principle axis w.r.t. elastic center:
alpha_p=     -69.9362641704o or      -1.22061807632rad 

Mass center:
MassX=  -0.00793556626515 
MassY= -0.000347543678597 

Mass per unit length:
Mass=      1935.36916869 

Mass moments of inertia:
Ixx=      3712.74641803 
Iyy=      3718.06793115 
Ixy=      -6.1925137769 

Area center:
AreaX=  -0.00481094734393 
AreaY=  -0.00525482576325 

Area per unit length:
Area=      1.07990291476 
Area moments:
Ixx=  -0.00567470165826 
Iyy=  -0.00519535605944 
Ixy=    0.0125237508012 

Stiffness matrix with respect to shear center:
      4248611669.11	      1959537.98267	                  0	                  0	                  0	  1.57998874784e-06
      1959537.98266	       4162104490.5	                  0	                  0	                  0	 -6.51602135804e-07
                  0	                  0	      26259336634.9	      3275245.87549	      83500894.1838	                  0
                  0	                  0	       3275245.8785	        51075330929	       554012234.18	                  0
                  0	                  0	      83500894.1901	      554012234.184	      49761079148.6	                  0
                  0	 -3.21267634718e-09	                  0	                  0	                  0	      32246662884.1

Stiffness matrix with respect to the elastic center:
      4248611669.11	      1959537.98267	                  0	                  0	                  0	      536147.246526
      1959537.98266	       4162104490.5	                  0	                  0	                  0	       13235134.972
                  0	                  0	      26259336634.9	  -0.00300515815616	  -0.00629568099976	                  0
                  0	                  0	  7.45058059692e-09	      51075330520.5	      554001819.371	                  0
                  0	                  0	  6.55651092529e-07	      554001819.375	      49760813627.8	                  0
      536147.246525	       13235134.972	                  0	                  0	                  0	      32246705036.8

Stiffness matrix rotated along principle axis:
      4171041773.36	      26402725.0363	                  0	                  0	                  0	      19037744.3908
      26402725.0362	      4239674386.24	                  0	                  0	                  0	     -7921884.72355
                  0	                  0	      26259336634.9	     -197468334.346	      81564573.1756	                  0
                  0	                  0	     -197468334.351	      49559960427.6	  -0.00398445129395	                  0
                  0	                  0	      81564573.1805	  6.45249297312e-07	      51277922017.5	                  0
      19037744.3908	     -7921884.72355	                  0	                  0	                  0	        32246765034

Stiffness matrix at the elastic center rotated along principle axis:
      4171022942.61	      26378232.1358	                  0	                  0	                  0	     -12247982.0053
      26378232.1358	         4239693217	                  0	                  0	                  0	      5044124.14548
                  0	                  0	      26259336634.9	   0.00488264072227	  -0.00498260919313	                  0
                  0	                  0	 -6.13304625916e-07	        49558475261	  -0.00400924682617	                  0
                  0	                  0	  2.31929519718e-07	  4.03620145231e-07	      51277668887.3	                  0
     -12247982.0053	      5044124.14548	                  0	                  0	                  0	      32246705036.8

Mass matrix with respect to mass center
      1935.36916869	                  0	                  0	                  0	                  0	                  0
                  0	      1935.36916869	                  0	                  0	                  0	                  0
                  0	                  0	      1935.36916869	                  0	                  0	                  0
                  0	                  0	                  0	      3712.74618426	       6.1978514397	                  0
                  0	                  0	                  0	       6.1978514397	      3717.94605474	                  0
                  0	                  0	                  0	                  0	                  0	        7430.692239
