********************************
*                              *
*          BECAS 2.3           *
*              by              *
*     becas-dtuwind@dtu.dk     *
*                              *
*   A cross section analysis   *
*   program for anisotropic    *
*   beams with arbitrary       *
*   geometry.                  *
*                              *
*     (c)DTU Wind Energy       *
********************************


Output generated on the (yyyy.mm.dd) 2017. 8. 9 at (hh.mm.ss) 12.36.10  
The input folder: is C:\Users\wentingmann\Documents\MATLAB\SBref_BECAS_Project\BECAS_outputs_80_sec_TP\BL_009_BCS 

Stiffness matrix w.r.t. to the cross section reference point 
K=
      1491597790.26	      -142237211.13	                  0	                  0	                  0	        89772885.14
      -142237211.13	      1226020932.35	                  0	                  0	                  0	     -107197230.441
                  0	                  0	       8832068753.2	     -275012549.419	      2566199427.15	                  0
                  0	                  0	     -275012549.434	      17327086101.1	      1596469303.18	                  0
                  0	                  0	      2566199426.98	      1596469303.16	      22282129691.7	                  0
      89772885.1434	     -107197230.444	                  0	                  0	                  0	      10214998767.9

Compliance matrix w.r.t. to the cross section reference point 
F=
  6.78191374405e-10	  7.82312423044e-11	                  0	                  0	                  0	 -5.13921000296e-12
  7.82312423042e-11	  8.25420034301e-10	                  0	                  0	                 -0	   7.9745185632e-12
                  0	                  0	  1.17311820296e-10	  3.12743007048e-12	 -1.37347002455e-11	                 -0
                  0	                  0	  3.12743007051e-12	  5.81800046537e-11	 -4.52866050688e-12	                 -0
                  0	                  0	 -1.37347002446e-11	 -4.52866050679e-12	  4.67852876636e-11	                 -0
 -5.13921000317e-12	  7.97451856337e-12	                  0	                  0	                  0	  9.80241144185e-11

Mass matrix w.r.t. to the cross section reference point 
M=
      771.913657029	                  0	                  0	                  0	                  0	      28.2575441073
                  0	      771.913657029	                  0	                  0	                  0	     -278.323701757
                  0	                  0	      771.913657029	     -28.2575441073	      278.323701757	                  0
                 -0	                 -0	     -28.2575441073	      1240.42759538	      25.2429599585	                  0
                 -0	                 -0	      278.323701757	      25.2429599585	      2131.67227673	                  0
      28.2575441073	     -278.323701757	                 -0	                  0	                  0	      3372.09987211

Shear center;
ShearX=    -0.081352620329 
ShearY=   -0.0524280176736 

Elastic center:
ElasticX=    -0.290554738497 
ElasticY=   -0.0311379538722 

Orientation of principle axis w.r.t. reference center:
alpha_p=     -16.3984922686o or      -0.28620768245rad 

Orientation of principle axis w.r.t. elastic center:
alpha_p=     -19.2400711876o or     -0.335802590541rad 

Mass center:
MassX=    -0.360563256295 
MassY=   -0.0366071306681 

Mass per unit length:
Mass=      771.913657029 

Mass moments of inertia:
Ixx=      1240.42759538 
Iyy=      2131.67227673 
Ixy=     -25.2429599585 

Area center:
AreaX=    -0.400820989134 
AreaY=     -0.05263127035 

Area per unit length:
Area=      1.05396162047 
Area moments:
Ixx=   -0.0554713389858 
Iyy=    -0.422449939227 
Ixy=    0.0368151392609 

Stiffness matrix with respect to shear center:
      1491597790.26	      -142237211.13	                  0	                  0	                  0	  -0.00341729819775
      -142237211.13	      1226020932.35	                  0	                  0	                  0	   0.00242684129626
                  0	                  0	       8832068753.2	      188035307.268	      1847687491.15	                  0
                  0	                  0	      188035307.254	      17322526056.8	      1715712887.14	                  0
                  0	                  0	      1847687490.98	      1715712887.11	      21923048425.1	                  0
  1.49011611938e-08	 -5.58793544769e-09	                  0	                  0	                  0	      10201571377.9

Stiffness matrix with respect to the elastic center:
      1491597790.26	      -142237211.13	                  0	                  0	                  0	       1999886.2665
      -142237211.13	      1226020932.35	                  0	                  0	                  0	      253457936.668
                  0	                  0	       8832068753.2	    0.0145952105522	     0.170302391052	                  0
                  0	                  0	   4.1127204895e-05	      17318522773.1	      1676375502.57	                  0
                  0	                  0	  0.000527858734131	      1676375502.54	      21536508288.2	                  0
      1999886.26998	      253457936.666	                  0	                  0	                  0	      10254637892.9

Stiffness matrix rotated along principle axis:
      1547475438.22	     -47637196.7691	                  0	                  0	                  0	      116384566.303
     -47637196.7688	      1170143284.39	                  0	                  0	                  0	     -77492256.6913
                  0	                  0	       8832068753.2	     -988305127.855	      2384169536.02	                  0
                  0	                  0	     -988305127.821	      16857265282.8	    0.0234994888306	                  0
                  0	                  0	      2384169535.85	  7.08027299351e-07	        22751950510	                  0
      116384566.307	     -77492256.6926	                  0	                  0	                  0	      10214998767.9

Stiffness matrix at the elastic center rotated along principle axis:
      1551265472.51	     -28719964.3793	                  0	                  0	                  0	     -81633058.4058
      -28719964.379	       1166353250.1	                  0	                  0	                  0	      239960348.768
                  0	                  0	       8832068753.2	   -0.0423392309215	     0.165599861395	                  0
                  0	                  0	 -0.000135113633815	      16733432147.2	    0.0330142974854	                  0
                  0	                  0	  0.000511928311522	  3.65208448049e-07	      22121598914.1	                  0
     -81633058.4017	      239960348.766	                  0	                  0	                  0	      10254637892.9

Mass matrix with respect to mass center
      771.913657029	                  0	                  0	                  0	                  0	                  0
                  0	      771.913657029	                  0	                  0	                  0	                  0
                  0	                  0	      771.913657029	                  0	                  0	                  0
                  0	                  0	                  0	      1239.39316777	      35.4315920767	                  0
                  0	                  0	                  0	      35.4315920767	      2031.31897652	                  0
                  0	                  0	                  0	                  0	                  0	      3270.71214429
