********************************
*                              *
*          BECAS 2.3           *
*              by              *
*     becas-dtuwind@dtu.dk     *
*                              *
*   A cross section analysis   *
*   program for anisotropic    *
*   beams with arbitrary       *
*   geometry.                  *
*                              *
*     (c)DTU Wind Energy       *
********************************


Output generated on the (yyyy.mm.dd) 2017. 8. 9 at (hh.mm.ss) 12.41.33  
The input folder: is C:\Users\wentingmann\Documents\MATLAB\SBref_BECAS_Project\BECAS_outputs_80_sec_TP\BL_020_BCS 

Stiffness matrix w.r.t. to the cross section reference point 
K=
       969585796.65	     -59391004.3193	                  0	                  0	                  0	      53772248.1197
     -59391004.3201	      519899942.257	                  0	                  0	                  0	     -25480650.1934
                  0	                  0	      7795368726.66	      -182632928.62	      2933859699.56	                  0
                  0	                  0	     -182632928.308	      6742019512.68	      726828587.168	                  0
                  0	                  0	      2933859699.72	      726828586.321	      14771011411.2	                  0
      53772248.1342	     -25480650.1894	                  0	                  0	                  0	      2574123085.21

Compliance matrix w.r.t. to the cross section reference point 
F=
  1.03972174591e-09	  1.17765737805e-10	                  0	                  0	                  0	 -2.05535735376e-11
  1.17765737806e-10	  1.93771955843e-09	                  0	                  0	                 -0	  1.67209664586e-11
                  0	                  0	   1.3895271356e-10	  6.77534824241e-12	 -2.79325681744e-11	                 -0
                  0	                  0	  6.77534823959e-12	  1.49444890021e-10	 -8.69938664637e-12	                 -0
                  0	                  0	 -2.79325681753e-11	 -8.69938663843e-12	  7.36762817846e-11	                 -0
 -2.05535735436e-11	  1.67209664549e-11	                  0	                  0	                  0	  3.89076683516e-10

Mass matrix w.r.t. to the cross section reference point 
M=
      493.368202631	                  0	                  0	                  0	                  0	      3.00172298245
                  0	      493.368202631	                  0	                  0	                  0	     -291.470333313
                  0	                  0	      493.368202631	     -3.00172298245	      291.470333313	                  0
                 -0	                 -0	     -3.00172298245	      310.338665816	      24.4434707224	                  0
                 -0	                 -0	      291.470333313	      24.4434707224	      1345.43271887	                  0
      3.00172298245	     -291.470333313	                 -0	                  0	                  0	      1655.77138468

Shear center;
ShearX=    -0.042976017745 
ShearY=   -0.0528265362958 

Elastic center:
ElasticX=     -0.37635932341 
ElasticY=   -0.0234283886642 

Orientation of principle axis w.r.t. reference center:
alpha_p=     -5.13114607981o or    -0.0895553934935rad 

Orientation of principle axis w.r.t. elastic center:
alpha_p=     -6.46632425014o or     -0.112858648666rad 

Mass center:
MassX=    -0.590776486523 
MassY=  -0.00608414357968 

Mass per unit length:
Mass=      493.368202631 

Mass moments of inertia:
Ixx=      310.338665816 
Iyy=      1345.43271887 
Ixy=     -24.4434707224 

Area center:
AreaX=     -0.65736307224 
AreaY=    0.0126215134561 

Area per unit length:
Area=     0.672655761548 
Area moments:
Ixx=   0.00848993374567 
Iyy=    -0.442179057971 
Ixy=   -0.0242747264378 

Stiffness matrix with respect to shear center:
       969585796.65	     -59391004.3193	                  0	                  0	                  0	   -0.0144304707646
     -59391004.3201	      519899942.257	                  0	                  0	                  0	  -0.00394909596071
                  0	                  0	      7795368726.66	      229169400.358	      2598845794.83	                  0
                  0	                  0	       229169400.67	      6744477873.31	      871965444.844	                  0
                  0	                  0	      2598845794.99	      871965444.018	      14533237761.7	                  0
                  0	  9.31322574615e-10	                  0	                  0	                  0	      2570187426.72

Stiffness matrix with respect to the elastic center:
       969585796.65	     -59391004.3193	                  0	                  0	                  0	      8704057.03026
     -59391004.3201	      519899942.257	                  0	                  0	                  0	      171579975.848
                  0	                  0	      7795368726.66	    -0.311150699854	    -0.135809421539	                  0
                  0	                  0	    0.0011540055275	      6737740717.44	      795564192.495	                  0
                  0	                  0	    0.0198245048523	      795564191.769	      13666825959.7	                  0
      8704057.04442	      171579975.852	                  0	                  0	                  0	       2627645209.4

Stiffness matrix rotated along principle axis:
      976569655.702	     -18384082.3002	                  0	                  0	                  0	      55835641.5865
      -18384082.301	      512916083.205	                  0	                  0	                  0	     -20569378.4726
                  0	                  0	      7795368726.66	     -444292938.062	      2905768626.11	                  0
                  0	                  0	     -444292937.765	      6676753517.76	     0.847523331642	                  0
                  0	                  0	       2905768626.3	  1.63671489323e-07	      14836277406.1	                  0
      55835641.6005	     -20569378.4674	                  0	                  0	                  0	      2574123085.21

Stiffness matrix at the elastic center rotated along principle axis:
      977174425.814	     -7563392.91015	                  0	                  0	                  0	     -10674519.2647
     -7563392.91095	      512311313.094	                  0	                  0	                  0	      171468665.823
                  0	                  0	      7795368726.66	    -0.293876476334	    -0.169986980842	                  0
                  0	                  0	   -0.0010859562696	      6647571260.58	     0.726338386536	                  0
                  0	                  0	     0.019828348907	 -8.06282597548e-08	      13756995416.5	                  0
     -10674519.2511	      171468665.829	                  0	                  0	                  0	       2627645209.4

Mass matrix with respect to mass center
      493.368202631	                  0	                  0	                  0	                  0	                  0
                  0	      493.368202631	                  0	                  0	                  0	                  0
                  0	                  0	      493.368202631	                  0	                  0	                  0
                  0	                  0	                  0	      310.320402902	      26.2168180795	                  0
                  0	                  0	                  0	      26.2168180795	      1173.23889943	                  0
                  0	                  0	                  0	                  0	                  0	      1483.55930233
