********************************
*                              *
*          BECAS 2.3           *
*              by              *
*     becas-dtuwind@dtu.dk     *
*                              *
*   A cross section analysis   *
*   program for anisotropic    *
*   beams with arbitrary       *
*   geometry.                  *
*                              *
*     (c)DTU Wind Energy       *
********************************


Output generated on the (yyyy.mm.dd) 2017. 8. 9 at (hh.mm.ss) 10.39.33  
The input folder: is C:\Users\wentingmann\Documents\MATLAB\SBref_BECAS_Project\BECAS_outputs_80_sec_c2\BL_054_BCS 

Stiffness matrix w.r.t. to the cross section reference point 
K=
      337271046.434	       924776.83106	                  0	                  0	                  0	     -24453253.9376
      924776.831022	      81594693.2865	                  0	                  0	                  0	       41160467.479
                  0	                  0	      4571022175.91	      36331755.8669	     -1177517751.24	                  0
                  0	                  0	       36331755.867	      337790053.225	       31747301.049	                  0
                  0	                  0	     -1177517751.25	      31747301.0484	      1890900408.41	                  0
     -24453253.9377	      41160467.4788	                  0	                  0	                  0	      86187178.6437

Compliance matrix w.r.t. to the cross section reference point 
F=
  3.05093205837e-09	 -6.20796657595e-10	                 -0	                  0	                 -0	  1.16209276811e-09
 -6.20796657599e-10	  1.62715838697e-08	                  0	                  0	                  0	 -7.94696505665e-09
                  0	                  0	  2.61204644194e-10	 -4.34506186904e-11	  1.63389115441e-10	                 -0
                  0	                  0	 -4.34506186909e-11	  2.97232543873e-09	 -7.69618456278e-11	                 -0
                  0	                  0	  1.63389115442e-10	 -7.69618456267e-11	  6.31887808241e-10	                 -0
  1.16209276811e-09	  -7.9469650566e-09	                  0	                  0	                  0	  1.57276031964e-08

Mass matrix w.r.t. to the cross section reference point 
M=
      174.838263466	                  0	                  0	                  0	                  0	     -4.76867384881
                  0	      174.838263466	                  0	                  0	                  0	       17.050735691
                  0	                  0	      174.838263466	      4.76867384881	      -17.050735691	                  0
                 -0	                 -0	      4.76867384881	      9.37456798128	      1.58262076344	                  0
                 -0	                 -0	      -17.050735691	      1.58262076344	      93.5752999785	                  0
     -4.76867384881	       17.050735691	                 -0	                  0	                  0	       102.94986796

Shear center;
ShearX=     0.505287738847 
ShearY=    0.0738887390279 

Elastic center:
ElasticX=     0.257604908909 
ElasticY=   0.00794827819006 

Orientation of principle axis w.r.t. reference center:
alpha_p=     -1.17053754659o or    -0.0204297342061rad 

Orientation of principle axis w.r.t. elastic center:
alpha_p=     -1.88137796213o or    -0.0328362399137rad 

Mass center:
MassX=    0.0975229069023 
MassY=    0.0272747724341 

Mass per unit length:
Mass=      174.838263466 

Mass moments of inertia:
Ixx=      9.37456798128 
Iyy=      93.5752999785 
Ixy=     -1.58262076344 

Area center:
AreaX=     0.136953927077 
AreaY=    0.0423710989937 

Area per unit length:
Area=     0.212398294064 
Area moments:
Ixx=   0.00899954914388 
Iyy=    0.0290887804764 
Ixy=  -0.00112236135843 

Stiffness matrix with respect to shear center:
      337271046.434	       924776.83106	                  0	                  0	                  0	  9.29646193981e-05
      924776.831022	      81594693.2865	                  0	                  0	                  0	  0.000213944062125
                  0	                  0	      4571022175.91	     -301415308.779	      1132163708.25	                  0
                  0	                  0	     -301415308.779	      357376742.687	     -33548856.9561	                  0
                  0	                  0	      1132163708.24	     -33548856.9563	      1867983566.58	                  0
 -3.72529029846e-09	 -1.02736521512e-08	                  0	                  0	                  0	      63582479.0028

Stiffness matrix with respect to the elastic center:
      337271046.434	       924776.83106	                  0	                  0	                  0	     -22010756.8864
      924776.831022	      81594693.2865	                  0	                  0	                  0	       20148624.331
                  0	                  0	      4571022175.91	 -0.000134184956551	   0.00638818740845	                  0
                  0	                  0	 -1.62422657013e-06	      337501278.322	      41106539.7096	                  0
                  0	                  0	 -6.29425048828e-05	       41106539.709	      1587566055.37	                  0
     -22010756.8865	      20148624.3307	                  0	                  0	                  0	      70024346.7489

Stiffness matrix rotated along principle axis:
       337126573.23	      6145951.63399	                  0	                  0	                  0	     -25288989.9552
      6145951.63395	        81739166.49	                  0	                  0	                  0	      40652339.3948
                  0	                  0	      4571022175.91	      60378875.4628	     -1176529830.63	                  0
                  0	                  0	      60378875.4631	      337141374.053	  0.000599560327828	                  0
                  0	                  0	     -1176529830.64	  7.24099886701e-10	      1891549087.59	                  0
     -25288989.9553	      40652339.3946	                  0	                  0	                  0	      86187178.6437

Stiffness matrix at the elastic center rotated along principle axis:
      336934781.744	      9312199.94396	                  0	                  0	                  0	     -22660377.9246
      9312199.94392	      81930957.9762	                  0	                  0	                  0	      19415142.3753
                  0	                  0	      4571022175.91	 -0.000343838983826	    0.0063803384488	                  0
                  0	                  0	  4.43072788491e-07	      336151008.792	  0.000582434237003	                  0
                  0	                  0	 -6.29618989499e-05	  7.53763559412e-09	       1588916324.9	                  0
     -22660377.9247	      19415142.3751	                  0	                  0	                  0	      70024346.7489

Mass matrix with respect to mass center
      174.838263466	                  0	                  0	                  0	                  0	                  0
                  0	      174.838263466	                  0	                  0	                  0	                  0
                  0	                  0	      174.838263466	                  0	                  0	                  0
                  0	                  0	                  0	      9.24450348724	      2.04767569925	                  0
                  0	                  0	                  0	      2.04767569925	      91.9124626691	                  0
                  0	                  0	                  0	                  0	                  0	      101.156966156
