********************************
*                              *
*          BECAS 2.3           *
*              by              *
*     becas-dtuwind@dtu.dk     *
*                              *
*   A cross section analysis   *
*   program for anisotropic    *
*   beams with arbitrary       *
*   geometry.                  *
*                              *
*     (c)DTU Wind Energy       *
********************************


Output generated on the (yyyy.mm.dd) 2017. 8. 9 at (hh.mm.ss) 10.31.38  
The input folder: is C:\Users\wentingmann\Documents\MATLAB\SBref_BECAS_Project\BECAS_outputs_80_sec_c2\BL_026_BCS 

Stiffness matrix w.r.t. to the cross section reference point 
K=
      851768138.781	      10315015.6226	                  0	                  0	                  0	     -60669758.3187
      10315015.6227	      325212765.553	                  0	                  0	                  0	      211448952.217
                  0	                  0	      7860669771.23	     -45682266.1386	     -3358215371.98	                  0
                  0	                  0	     -45682266.1469	       4036366914.1	      502919472.989	                  0
                  0	                  0	     -3358215371.98	      502919472.987	      10635507044.2	                  0
     -60669758.3183	      211448952.217	                  0	                  0	                  0	       1386717667.1

Compliance matrix w.r.t. to the cross section reference point 
F=
  1.17951361969e-09	 -7.87737813253e-11	                  0	                  0	                 -0	  6.36160062399e-11
 -7.87737813252e-11	  3.41857166569e-09	                  0	                  0	                  0	 -5.24715737258e-10
                  0	                  0	  1.47121406974e-10	 -4.14743783211e-12	   4.6650450762e-11	                 -0
                  0	                  0	 -4.14743783183e-12	  2.49332795584e-10	 -1.30997334736e-11	                 -0
                  0	                  0	   4.6650450762e-11	 -1.30997334736e-11	  1.09374227959e-10	                 -0
  6.36160062395e-11	 -5.24715737258e-10	                  0	                  0	                  0	  8.03920067527e-10

Mass matrix w.r.t. to the cross section reference point 
M=
      415.183598239	                  0	                  0	                  0	                  0	     -12.5075579617
                  0	      415.183598239	                  0	                  0	                  0	      58.3697459928
                  0	                  0	      415.183598239	      12.5075579617	     -58.3697459928	                  0
                 -0	                 -0	      12.5075579617	      152.934919134	      23.5710609803	                  0
                 -0	                 -0	     -58.3697459928	      23.5710609803	      717.470593673	                  0
     -12.5075579617	      58.3697459928	                 -0	                  0	                  0	      870.405512807

Shear center;
ShearX=       0.6526964041 
ShearY=    0.0791322530799 

Elastic center:
ElasticX=     0.427217459799 
ElasticY=  -0.00581149793547 

Orientation of principle axis w.r.t. reference center:
alpha_p=      -4.3331525029o or    -0.0756277781667rad 

Orientation of principle axis w.r.t. elastic center:
alpha_p=     -5.30137106347o or    -0.0925263799275rad 

Mass center:
MassX=     0.140587793546 
MassY=     0.030125366259 

Mass per unit length:
Mass=      415.183598239 

Mass moments of inertia:
Ixx=      152.934919134 
Iyy=      717.470593673 
Ixy=     -23.5710609803 

Area center:
AreaX=     0.141338381862 
AreaY=    0.0398604903798 

Area per unit length:
Area=     0.533666803181 
Area moments:
Ixx=    0.0212722204742 
Iyy=    0.0754276024151 
Ixy=   -0.0143605626493 

Stiffness matrix with respect to shear center:
      851768138.781	      10315015.6226	                  0	                  0	                  0	 -0.000417590141296
      10315015.6227	      325212765.553	                  0	                  0	                  0	  2.56999628618e-05
                  0	                  0	      7860669771.23	     -667714775.853	      1772415521.52	                  0
                  0	                  0	     -667714775.861	      4092819629.37	      332847588.533	                  0
                  0	                  0	      1772415521.52	      332847588.536	       9600461184.2	                  0
 -1.49011611938e-08	  2.37487256527e-08	                  0	                  0	                  0	      1243904761.67

Stiffness matrix with respect to the elastic center:
      851768138.781	      10315015.6226	                  0	                  0	                  0	     -70026561.8708
      10315015.6227	      325212765.553	                  0	                  0	                  0	      72452434.9313
                  0	                  0	      7860669771.23	    0.0083664059639	  0.000801086425781	                  0
                  0	                  0	 -6.63101673126e-07	       4036101431.7	      483403211.288	                  0
                  0	                  0	 -1.33514404297e-05	      483403211.289	      9200818803.54	                  0
     -70026561.8704	      72452434.9312	                  0	                  0	                  0	      1266189579.05

Stiffness matrix rotated along principle axis:
      847207949.609	      49867788.5392	                  0	                  0	                  0	     -76472513.6454
      49867788.5392	      329772954.725	                  0	                  0	                  0	      206260596.394
                  0	                  0	      7860669771.23	       208180645.63	     -3352067745.86	                  0
                  0	                  0	      208180645.622	      3998259551.58	   0.00246906280518	                  0
                  0	                  0	     -3352067745.86	 -1.52877754568e-07	      10673614406.7	                  0
      -76472513.645	      206260596.394	                  0	                  0	                  0	       1386717667.1

Stiffness matrix at the elastic center rotated along principle axis:
      845375132.557	      58581573.8693	                  0	                  0	                  0	     -76421222.6959
      58581573.8693	      331605771.777	                  0	                  0	                  0	      65672455.5395
                  0	                  0	      7860669771.23	   0.00825660264648	   0.00157066895065	                  0
                  0	                  0	  5.73333276275e-07	      3991245804.43	  -0.00110059976578	                  0
                  0	                  0	 -1.33555963675e-05	  9.24664893425e-08	      9245674430.81	                  0
     -76421222.6955	      65672455.5395	                  0	                  0	                  0	      1266189579.05

Mass matrix with respect to mass center
      415.183598239	                  0	                  0	                  0	                  0	                  0
                  0	      415.183598239	                  0	                  0	                  0	                  0
                  0	                  0	      415.183598239	                  0	                  0	                  0
                  0	                  0	                  0	      152.558124369	      25.3294709568	                  0
                  0	                  0	                  0	      25.3294709568	      709.264519874	                  0
                  0	                  0	                  0	                  0	                  0	      861.822644243
