********************************
*                              *
*          BECAS 2.3           *
*              by              *
*     becas-dtuwind@dtu.dk     *
*                              *
*   A cross section analysis   *
*   program for anisotropic    *
*   beams with arbitrary       *
*   geometry.                  *
*                              *
*     (c)DTU Wind Energy       *
********************************


Output generated on the (yyyy.mm.dd) 2017. 8. 9 at (hh.mm.ss) 12.55.18  
The input folder: is C:\Users\wentingmann\Documents\MATLAB\SBref_BECAS_Project\BECAS_outputs_80_sec_TP\BL_069_BCS 

Stiffness matrix w.r.t. to the cross section reference point 
K=
      147167125.854	     -2224796.59434	                  0	                  0	                  0	     -5785058.23643
     -2224796.59431	      39565766.6208	                  0	                  0	                  0	      1123645.93091
                  0	                  0	      1656556368.16	      48519825.6244	      252755336.864	                  0
                  0	                  0	      48519825.6244	      50360310.0802	      10734877.2617	                  0
                  0	                  0	      252755336.864	      10734877.2618	      306170399.013	                  0
     -5785058.23643	      1123645.93091	                  0	                  0	                  0	      11473016.3589

Compliance matrix w.r.t. to the cross section reference point 
F=
  6.93575424566e-09	  2.91491269575e-10	                  0	                  0	                 -0	  3.46867885487e-09
   2.9149126957e-10	  2.53571189706e-08	                  0	                  0	                  0	 -2.33645004439e-09
                  0	                  0	  7.05999148293e-10	 -5.60147183507e-10	 -5.63189458696e-10	                 -0
                  0	                  0	 -5.60147183507e-10	  2.04508582643e-08	 -2.54620510522e-10	                 -0
                  0	                  0	 -5.63189458696e-10	 -2.54620510528e-10	  3.74001688266e-09	                 -0
  3.46867885487e-09	 -2.33645004439e-09	                  0	                  0	                  0	  8.91388820316e-08

Mass matrix w.r.t. to the cross section reference point 
M=
      73.6673327379	                  0	                  0	                  0	                  0	     -2.28061269551
                  0	      73.6673327379	                  0	                  0	                  0	      -16.373050476
                  0	                  0	      73.6673327379	      2.28061269551	       16.373050476	                  0
                 -0	                 -0	      2.28061269551	      1.56955936915	     0.833556853313	                  0
                 -0	                 -0	       16.373050476	     0.833556853313	      23.1166345361	                  0
     -2.28061269551	      -16.373050476	                 -0	                  0	                  0	      24.6861939053

Shear center;
ShearX=    0.0262113456119 
ShearY=    0.0389131967534 

Elastic center:
ElasticX=    -0.152578772278 
ElasticY=    0.0292895711592 

Orientation of principle axis w.r.t. reference center:
alpha_p=     -2.39875240956o or     -0.041866127487rad 

Orientation of principle axis w.r.t. elastic center:
alpha_p=    -0.872736860235o or    -0.0152321317146rad 

Mass center:
MassX=    -0.222256594172 
MassY=    0.0309582634629 

Mass per unit length:
Mass=      73.6673327379 

Mass moments of inertia:
Ixx=      1.56955936915 
Iyy=      23.1166345361 
Ixy=    -0.833556853313 

Area center:
AreaX=    -0.236046654565 
AreaY=    0.0491345714489 

Area per unit length:
Area=     0.095625651266 
Area moments:
Ixx=   0.00469852539448 
Iyy=   -0.0225721150719 
Ixy=  -0.00157850750168 

Stiffness matrix with respect to shear center:
      147167125.854	     -2224796.59434	                  0	                  0	                  0	  1.49104744196e-06
     -2224796.59431	      39565766.6208	                  0	                  0	                  0	  3.93160735257e-06
                  0	                  0	      1656556368.16	     -15942078.2627	      296175908.355	                  0
                  0	                  0	     -15942078.2628	      49092605.7873	      481495.784756	                  0
                  0	                  0	      296175908.355	      481495.784841	      320558625.598	                  0
                  0	 -1.30967237055e-10	                  0	                  0	                  0	      11218448.9777

Stiffness matrix with respect to the elastic center:
      147167125.854	     -2224796.59434	                  0	                  0	                  0	     -1814052.96437
     -2224796.59431	      39565766.6208	                  0	                  0	                  0	      7095378.68801
                  0	                  0	      1656556368.16	  5.80549240112e-05	  0.000239729881287	                  0
                  0	                  0	  9.01520252228e-07	      48939185.1949	      3331781.83677	                  0
                  0	                  0	   7.2181224823e-05	      3331781.83685	      267605300.027	                  0
     -1814052.96436	      7095378.68801	                  0	                  0	                  0	      12504490.3363

Stiffness matrix rotated along principle axis:
      147164704.935	      2282588.05584	                  0	                  0	                  0	     -5827017.99352
      2282588.05586	      39568187.5401	                  0	                  0	                  0	      880534.087977
                  0	                  0	      1656556368.16	      37898513.5705	      254564601.744	                  0
                  0	                  0	      37898513.5704	      49910619.5744	 -7.65204895288e-05	                  0
                  0	                  0	      254564601.743	 -4.34312425922e-09	      306620089.518	                  0
     -5827017.99352	      880534.087974	                  0	                  0	                  0	      11473016.3589

Stiffness matrix at the elastic center rotated along principle axis:
      147209928.656	     -585019.718778	                  0	                  0	                  0	     -1921916.08558
     -585019.718751	      39522963.8183	                  0	                  0	                  0	      7066924.75153
                  0	                  0	      1656556368.16	  5.43967333291e-05	  0.000240586337074	                  0
                  0	                  0	 -1.98015738199e-07	      48888431.1298	  -7.2703929618e-05	                  0
                  0	                  0	  7.21865828633e-05	 -1.23747742845e-10	      267656054.092	                  0
     -1921916.08557	      7066924.75153	                  0	                  0	                  0	      12504490.3363

Mass matrix with respect to mass center
      73.6673327379	                  0	                  0	                  0	                  0	                  0
                  0	      73.6673327379	                  0	                  0	                  0	                  0
                  0	                  0	      73.6673327379	                  0	                  0	                  0
                  0	                  0	                  0	      1.49895556047	     0.326675642985	                  0
                  0	                  0	                  0	     0.326675642985	      19.4776161011	                  0
                  0	                  0	                  0	                  0	                  0	      20.9765716616
