********************************
*                              *
*          BECAS 2.3           *
*              by              *
*     becas-dtuwind@dtu.dk     *
*                              *
*   A cross section analysis   *
*   program for anisotropic    *
*   beams with arbitrary       *
*   geometry.                  *
*                              *
*     (c)DTU Wind Energy       *
********************************


Output generated on the (yyyy.mm.dd) 2017. 8. 9 at (hh.mm.ss) 12.46. 4  
The input folder: is C:\Users\wentingmann\Documents\MATLAB\SBref_BECAS_Project\BECAS_outputs_80_sec_TP\BL_032_BCS 

Stiffness matrix w.r.t. to the cross section reference point 
K=
      692537121.406	      15513389.2994	                  0	                  0	                  0	     -45930329.5201
      15513389.2993	      221806814.976	                  0	                  0	                  0	      3095278.31445
                  0	                  0	      7950738745.07	     -67434101.2914	      2244957661.23	                  0
                  0	                  0	     -67434101.2914	      2471089527.89	      210978616.653	                  0
                  0	                  0	      2244957661.23	      210978616.653	      7129009843.55	                  0
     -45930329.5204	      3095278.31443	                  0	                  0	                  0	      579427667.936

Compliance matrix w.r.t. to the cross section reference point 
F=
  1.45396049134e-09	 -1.03307483991e-10	                  0	                  0	                 -0	  1.15805049715e-10
  -1.0330748399e-10	  4.51610411395e-09	                  0	                  0	                  0	 -3.23138623635e-11
                  0	                  0	  1.38187961089e-10	  7.50535010416e-12	   -4.373813435e-11	                 -0
                  0	                  0	  7.50535010416e-12	  4.06112536346e-10	 -1.43821170948e-11	                 -0
                  0	                  0	 -4.37381343501e-11	 -1.43821170949e-11	  1.54470901729e-10	                 -0
  1.15805049715e-10	 -3.23138623634e-11	                  0	                  0	                  0	  1.73519326074e-09

Mass matrix w.r.t. to the cross section reference point 
M=
      352.038556962	                  0	                  0	                  0	                  0	     -8.17773140029
                  0	      352.038556962	                  0	                  0	                  0	     -188.821373266
                  0	                  0	      352.038556962	      8.17773140029	      188.821373266	                  0
                 -0	                 -0	      8.17773140029	      79.1321693166	      18.1444852111	                  0
                 -0	                 -0	      188.821373266	      18.1444852111	       533.55168634	                  0
     -8.17773140029	     -188.821373266	                 -0	                  0	                  0	      612.683855656

Shear center;
ShearX=    0.0186226301672 
ShearY=    0.0667389923274 

Elastic center:
ElasticX=    -0.282358373632 
ElasticY=  -0.00848148875892 

Orientation of principle axis w.r.t. reference center:
alpha_p=      -2.5881248542o or    -0.0451713001585rad 

Orientation of principle axis w.r.t. elastic center:
alpha_p=     -3.26048413333o or    -0.0569061833357rad 

Mass center:
MassX=    -0.536365604083 
MassY=    0.0232296469763 

Mass per unit length:
Mass=      352.038556962 

Mass moments of inertia:
Ixx=      79.1321693166 
Iyy=       533.55168634 
Ixy=     -18.1444852111 

Area center:
AreaX=    -0.488534537355 
AreaY=    0.0407194343364 

Area per unit length:
Area=     0.418279471166 
Area moments:
Ixx=    0.0170321034604 
Iyy=    -0.204343967931 
Ixy=     -0.01839353174 

Stiffness matrix with respect to shear center:
      692537121.406	      15513389.2994	                  0	                  0	                  0	  0.000295862555504
      15513389.2993	      221806814.976	                  0	                  0	                  0	   1.5294062905e-05
                  0	                  0	      7950738745.07	     -598058393.396	      2393021328.43	                  0
                  0	                  0	     -598058393.396	      2515503826.39	      50014984.2465	                  0
                  0	                  0	      2393021328.44	      50014984.2465	         7215381211	                  0
 -7.45058059692e-09	 -4.65661287308e-10	                  0	                  0	                  0	      576304681.803

Stiffness matrix with respect to the elastic center:
      692537121.406	      15513389.2994	                  0	                  0	                  0	     -47423739.9583
      15513389.2993	      221806814.976	                  0	                  0	                  0	      65592713.2146
                  0	                  0	      7950738745.07	 -1.92821025848e-05	  -0.00223827362061	                  0
                  0	                  0	 -2.23517417908e-07	      2470517586.32	      230019199.821	                  0
                  0	                  0	 -6.19888305664e-06	      230019199.821	      6495127249.45	                  0
     -47423739.9587	      65592713.2146	                  0	                  0	                  0	      599614079.003

Stiffness matrix rotated along principle axis:
      690177660.349	      36684710.9492	                  0	                  0	                  0	     -46023248.5028
      36684710.9491	      224166276.033	                  0	                  0	                  0	      1018093.76704
                  0	                  0	      7950738745.07	     -168738488.885	      2239622642.57	                  0
                  0	                  0	     -168738488.885	      2461552862.24	 -0.000197678804398	                  0
                  0	                  0	      2239622642.57	  3.39214490516e-09	       7138546509.2	                  0
     -46023248.5031	      1018093.76701	                  0	                  0	                  0	      579427667.936

Stiffness matrix at the elastic center rotated along principle axis:
      689252587.485	      42142695.0187	                  0	                  0	                  0	     -51077590.9224
      42142695.0186	      225091348.897	                  0	                  0	                  0	      62789289.2463
                  0	                  0	      7950738745.07	  0.000108051985008	  -0.00223574716118	                  0
                  0	                  0	  1.29408812281e-07	      2457413923.92	 -0.000221997499466	                  0
                  0	                  0	 -6.20156146025e-06	 -3.71361168625e-08	      6508230911.85	                  0
     -51077590.9227	      62789289.2463	                  0	                  0	                  0	      599614079.003

Mass matrix with respect to mass center
      352.038556962	                  0	                  0	                  0	                  0	                  0
                  0	      352.038556962	                  0	                  0	                  0	                  0
                  0	                  0	      352.038556962	                  0	                  0	                  0
                  0	                  0	                  0	      78.9422035031	      13.7582313686	                  0
                  0	                  0	                  0	      13.7582313686	      432.274396404	                  0
                  0	                  0	                  0	                  0	                  0	      511.216599907
