********************************
*                              *
*          BECAS 2.3           *
*              by              *
*     becas-dtuwind@dtu.dk     *
*                              *
*   A cross section analysis   *
*   program for anisotropic    *
*   beams with arbitrary       *
*   geometry.                  *
*                              *
*     (c)DTU Wind Energy       *
********************************


Output generated on the (yyyy.mm.dd) 2017. 8. 9 at (hh.mm.ss) 10.33. 4  
The input folder: is C:\Users\wentingmann\Documents\MATLAB\SBref_BECAS_Project\BECAS_outputs_80_sec_c2\BL_030_BCS 

Stiffness matrix w.r.t. to the cross section reference point 
K=
        725797378.9	       10918024.356	                  0	                  0	                  0	     -37547167.8681
      10918024.3553	      237558814.918	                  0	                  0	                  0	      184017241.434
                  0	                  0	      7910487698.32	     -62018613.3455	     -3379958136.72	                  0
                  0	                  0	     -62018613.3569	       2906870059.5	      314954785.502	                  0
                  0	                  0	     -3379958136.72	      314954785.509	       8350071920.7	                  0
     -37547167.8699	      184017241.433	                  0	                  0	                  0	       841436224.45

Compliance matrix w.r.t. to the cross section reference point 
F=
  1.38452884757e-09	 -1.34227644127e-10	                  0	                  0	                 -0	  9.11362449417e-11
 -1.34227644125e-10	  5.08104365858e-09	                  0	                  0	                  0	 -1.11718449745e-09
                  0	                  0	  1.52885066911e-10	 -3.45745262311e-12	  6.20155217891e-11	                 -0
                  0	                  0	 -3.45745262235e-12	   3.4550248534e-10	  -1.4431457289e-11	                 -0
                  0	                  0	   6.2015521789e-11	 -1.44314572896e-11	  1.45406546858e-10	                 -0
  9.11362449438e-11	 -1.11718449744e-09	                  0	                  0	                  0	  1.43683274162e-09

Mass matrix w.r.t. to the cross section reference point 
M=
      365.669170101	                  0	                  0	                  0	                  0	     -9.46079652095
                  0	      365.669170101	                  0	                  0	                  0	      61.6419441494
                  0	                  0	      365.669170101	      9.46079652095	     -61.6419441494	                  0
                 -0	                 -0	      9.46079652095	      97.3455454751	      15.0221559468	                  0
                 -0	                 -0	     -61.6419441494	      15.0221559468	      496.829406435	                  0
     -9.46079652095	      61.6419441494	                 -0	                  0	                  0	       594.17495191

Shear center;
ShearX=     0.777532739249 
ShearY=    0.0634285691742 

Elastic center:
ElasticX=     0.427275569551 
ElasticY=  -0.00784004927662 

Orientation of principle axis w.r.t. reference center:
alpha_p=     -3.30056935342o or    -0.0576058024076rad 

Orientation of principle axis w.r.t. elastic center:
alpha_p=     -4.10401822848o or    -0.0716286306489rad 

Mass center:
MassX=     0.168572986704 
MassY=    0.0258725572034 

Mass per unit length:
Mass=      365.669170101 

Mass moments of inertia:
Ixx=      97.3455454751 
Iyy=      496.829406435 
Ixy=     -15.0221559468 

Area center:
AreaX=     0.192887555872 
AreaY=    0.0409179029523 

Area per unit length:
Area=     0.445279715226 
Area moments:
Ixx=    0.0182199121743 
Iyy=    0.0858889159495 
Ixy=   -0.0082552967202 

Stiffness matrix with respect to shear center:
        725797378.9	       10918024.356	                  0	                  0	                  0	   0.00116956979036
      10918024.3553	      237558814.918	                  0	                  0	                  0	   0.00152817275375
                  0	                  0	      7910487698.32	      -563769529.52	      2770705032.14	                  0
                  0	                  0	     -563769529.531	      2946562906.01	      90991427.3812	                  0
                  0	                  0	      2770705032.14	      90991427.3973	       7876357685.4	                  0
                  0	  9.77888703346e-09	                  0	                  0	                  0	      695975231.514

Stiffness matrix with respect to the elastic center:
        725797378.9	       10918024.356	                  0	                  0	                  0	     -47902460.1586
      10918024.3553	      237558814.918	                  0	                  0	                  0	      82428565.6396
                  0	                  0	      7910487698.32	    0.0114331319928	 -0.000282764434814	                  0
                  0	                  0	 -1.08182430267e-05	      2906383830.51	      288455747.157	                  0
                  0	                  0	 -0.000258445739746	      288455747.169	      6905898382.78	                  0
       -47902460.16	       82428565.638	                  0	                  0	                  0	      728260369.774

Stiffness matrix rotated along principle axis:
      722923883.355	      38908837.2726	                  0	                  0	                  0	     -48079485.3091
      38908837.2718	      240432310.464	                  0	                  0	                  0	      181550263.157
                  0	                  0	      7910487698.32	      132681792.924	     -3377922269.12	                  0
                  0	                  0	      132681792.912	      2888706740.69	   -0.0071776509285	                  0
                  0	                  0	     -3377922269.12	 -9.92367537824e-09	      8368235239.51	                  0
     -48079485.3108	      181550263.156	                  0	                  0	                  0	       841436224.45

Stiffness matrix at the elastic center rotated along principle axis:
      721737931.732	      45658545.7572	                  0	                  0	                  0	     -53678824.8526
      45658545.7564	      241618262.087	                  0	                  0	                  0	      78788945.1959
                  0	                  0	      7910487698.32	    0.0114240514844	  0.000536200124053	                  0
                  0	                  0	  7.70578607597e-06	      2885686731.63	   -0.0120675563812	                  0
                  0	                  0	 -0.000258557257945	   6.3303057084e-08	      6926595481.66	                  0
      -53678824.854	      78788945.1942	                  0	                  0	                  0	      728260369.774

Mass matrix with respect to mass center
      365.669170101	                  0	                  0	                  0	                  0	                  0
                  0	      365.669170101	                  0	                  0	                  0	                  0
                  0	                  0	      365.669170101	                  0	                  0	                  0
                  0	                  0	                  0	       97.100770476	      16.6169906729	                  0
                  0	                  0	                  0	      16.6169906729	      486.438239803	                  0
                  0	                  0	                  0	                  0	                  0	      583.539010279
