********************************
*                              *
*          BECAS 2.3           *
*              by              *
*     becas-dtuwind@dtu.dk     *
*                              *
*   A cross section analysis   *
*   program for anisotropic    *
*   beams with arbitrary       *
*   geometry.                  *
*                              *
*     (c)DTU Wind Energy       *
********************************


Output generated on the (yyyy.mm.dd) 2017. 8. 9 at (hh.mm.ss) 12.47. 1  
The input folder: is C:\Users\wentingmann\Documents\MATLAB\SBref_BECAS_Project\BECAS_outputs_80_sec_TP\BL_035_BCS 

Stiffness matrix w.r.t. to the cross section reference point 
K=
      609312297.626	      12618364.6291	                  0	                  0	                  0	     -46402948.6004
      12618364.6291	      192652127.205	                  0	                  0	                  0	      4292360.21145
                  0	                  0	      7667563889.36	     -36307657.9557	      2034579880.36	                  0
                  0	                  0	     -36307657.9559	      1900254298.25	      145768149.189	                  0
                  0	                  0	      2034579880.36	       145768149.19	      5924925415.21	                  0
     -46402948.6003	      4292360.21145	                  0	                  0	                  0	      409616757.601

Compliance matrix w.r.t. to the cross section reference point 
F=
  1.65792393215e-09	 -1.12801952873e-10	                  0	                  0	                 -0	  1.88997994307e-10
 -1.12801952873e-10	  5.19959014294e-09	                  0	                  0	                  0	 -6.72649654958e-11
                  0	                  0	  1.43575631744e-10	  6.53761718965e-12	 -4.94637564991e-11	                 -0
                  0	                  0	  6.53761718964e-12	  5.27538079312e-10	 -1.52237450308e-11	                 -0
                  0	                  0	  -4.9463756499e-11	 -1.52237450309e-11	  1.86138562704e-10	                 -0
  1.88997994306e-10	 -6.72649654959e-11	                  0	                  0	                  0	  2.46342165195e-09

Mass matrix w.r.t. to the cross section reference point 
M=
      322.881588541	                  0	                  0	                  0	                  0	     -8.65325345393
                  0	      322.881588541	                  0	                  0	                  0	     -165.332888788
                  0	                  0	      322.881588541	      8.65325345393	      165.332888788	                  0
                 -0	                 -0	      8.65325345393	      57.3089697414	       13.933848126	                  0
                 -0	                 -0	      165.332888788	       13.933848126	      430.015978554	                  0
     -8.65325345393	     -165.332888788	                 -0	                  0	                  0	      487.324948295

Shear center;
ShearX=    0.0273055022645 
ShearY=     0.076721739519 

Elastic center:
ElasticX=    -0.265348930862 
ElasticY=  -0.00473522731336 

Orientation of principle axis w.r.t. reference center:
alpha_p=     -2.07155749834o or    -0.0361554989904rad 

Orientation of principle axis w.r.t. elastic center:
alpha_p=     -2.54820136774o or    -0.0444745038708rad 

Mass center:
MassX=    -0.512054247303 
MassY=    0.0268000832536 

Mass per unit length:
Mass=      322.881588541 

Mass moments of inertia:
Ixx=      57.3089697414 
Iyy=      430.015978554 
Ixy=      -13.933848126 

Area center:
AreaX=    -0.465776972635 
AreaY=    0.0407464079669 

Area per unit length:
Area=     0.381325258186 
Area moments:
Ixx=    0.0155376345381 
Iyy=    -0.177612524347 
Ixy=   -0.0150650076949 

Stiffness matrix with respect to shear center:
      609312297.626	      12618364.6291	                  0	                  0	                  0	 -0.000143259763718
      12618364.6291	      192652127.205	                  0	                  0	                  0	 -7.86478631198e-06
                  0	                  0	      7667563889.36	     -624576497.421	      2243946563.51	                  0
                  0	                  0	     -624576497.421	      1950958480.28	     -27382733.3871	                  0
                  0	                  0	       2243946563.5	     -27382733.3861	      6041752728.72	                  0
                  0	 -1.51339918375e-09	                  0	                  0	                  0	      405939437.614

Stiffness matrix with respect to the elastic center:
      609312297.626	      12618364.6291	                  0	                  0	                  0	     -45939911.2709
      12618364.6291	      192652127.205	                  0	                  0	                  0	      55352645.3689
                  0	                  0	      7667563889.36	  0.000173322856426	   0.00277328491211	                  0
                  0	                  0	 -4.39584255219e-07	      1900082373.24	       155402347.41	                  0
                  0	                  0	 -1.54972076416e-05	      155402347.411	      5385051819.21	                  0
     -45939911.2708	      55352645.3689	                  0	                  0	                  0	      425880760.496

Stiffness matrix rotated along principle axis:
      607856216.797	       27636820.384	                  0	                  0	                  0	     -46527781.0862
      27636820.3839	      194108208.035	                  0	                  0	                  0	      2612198.72737
                  0	                  0	      7667563889.36	     -109829154.557	      2031937767.85	                  0
                  0	                  0	     -109829154.557	      1894981680.39	 -0.000861778855324	                  0
                  0	                  0	      2031937767.85	  -1.9795547922e-08	      5930198033.08	                  0
     -46527781.0861	      2612198.72738	                  0	                  0	                  0	      409616757.601

Stiffness matrix at the elastic center rotated along principle axis:
      607367783.206	      31074808.1167	                  0	                  0	                  0	     -48355454.5736
      31074808.1166	      194596641.626	                  0	                  0	                  0	      53255429.8631
                  0	                  0	      7667563889.36	  4.98516562594e-05	   0.00277824851816	                  0
                  0	                  0	  2.49853847365e-07	      1893166370.43	 -0.000802397727966	                  0
                  0	                  0	 -1.55014274201e-05	  7.80455956827e-08	      5391967822.02	                  0
     -48355454.5734	      53255429.8631	                  0	                  0	                  0	      425880760.496

Mass matrix with respect to mass center
      322.881588541	                  0	                  0	                  0	                  0	                  0
                  0	      322.881588541	                  0	                  0	                  0	                  0
                  0	                  0	      322.881588541	                  0	                  0	                  0
                  0	                  0	                  0	      57.0770618284	      9.50291294189	                  0
                  0	                  0	                  0	      9.50291294189	      345.356570631	                  0
                  0	                  0	                  0	                  0	                  0	       402.43363246
