********************************
*                              *
*          BECAS 2.3           *
*              by              *
*     becas-dtuwind@dtu.dk     *
*                              *
*   A cross section analysis   *
*   program for anisotropic    *
*   beams with arbitrary       *
*   geometry.                  *
*                              *
*     (c)DTU Wind Energy       *
********************************


Output generated on the (yyyy.mm.dd) 2017. 8. 9 at (hh.mm.ss) 12.42.48  
The input folder: is C:\Users\wentingmann\Documents\MATLAB\SBref_BECAS_Project\BECAS_outputs_80_sec_TP\BL_023_BCS 

Stiffness matrix w.r.t. to the cross section reference point 
K=
      854886112.733	     -35161421.8289	                  0	                  0	                  0	      37397605.0329
      -35161421.829	      375737208.723	                  0	                  0	                  0	     -11577395.9396
                  0	                  0	      7641021810.21	     -148436883.983	      2599654998.72	                  0
                  0	                  0	     -148436883.994	      5219662674.49	      508174005.176	                  0
                  0	                  0	       2599654998.7	       508174005.19	      11762594896.8	                  0
      37397605.0338	     -11577395.9396	                  0	                  0	                  0	      1738086244.98

Compliance matrix w.r.t. to the cross section reference point 
F=
  1.17531347502e-09	  1.09228839343e-10	                  0	                  0	                  0	 -2.45611077879e-11
  1.09228839343e-10	  2.67213221223e-09	                  0	                  0	                 -0	  1.54488511197e-11
                  0	                  0	  1.41775789236e-10	  7.11233396799e-12	 -3.16411851031e-11	                 -0
                  0	                  0	  7.11233396817e-12	  1.92749281006e-10	 -9.89915828081e-12	                 -0
                  0	                  0	 -3.16411851029e-11	 -9.89915828099e-12	  9.24359522254e-11	                 -0
 -2.45611077885e-11	  1.54488511198e-11	                  0	                  0	                  0	  5.75976817586e-10

Mass matrix w.r.t. to the cross section reference point 
M=
      427.626723231	                  0	                  0	                  0	                  0	    -0.161154185338
                  0	      427.626723231	                  0	                  0	                  0	      -248.84197082
                  0	                  0	      427.626723231	     0.161154185338	       248.84197082	                  0
                 -0	                 -0	     0.161154185338	      212.518635376	      19.7102538697	                  0
                 -0	                 -0	       248.84197082	      19.7102538697	      1019.59001054	                  0
    -0.161154185338	      -248.84197082	                 -0	                  0	                  0	      1232.10864591

Shear center;
ShearX=   -0.0268220015946 
ShearY=   -0.0426425283772 

Elastic center:
ElasticX=    -0.340223475769 
ElasticY=   -0.0194263133493 

Orientation of principle axis w.r.t. reference center:
alpha_p=     -4.41474488525o or    -0.0770518338832rad 

Orientation of principle axis w.r.t. elastic center:
alpha_p=     -5.58233927775o or    -0.0974302003602rad 

Mass center:
MassX=    -0.581913985496 
MassY=  0.000376857143353 

Mass per unit length:
Mass=      427.626723231 

Mass moments of inertia:
Ixx=      212.518635376 
Iyy=      1019.59001054 
Ixy=     -19.7102538697 

Area center:
AreaX=    -0.633330445372 
AreaY=    0.0235584707183 

Area per unit length:
Area=     0.587996860793 
Area moments:
Ixx=    0.0138523068274 
Iyy=    -0.372396313724 
Ixy=    -0.024136981078 

Stiffness matrix with respect to shear center:
      854886112.733	     -35161421.8289	                  0	                  0	                  0	 -0.000909134745598
      -35161421.829	      375737208.723	                  0	                  0	                  0	  8.63631721586e-05
                  0	                  0	      7641021810.21	      177395605.389	      2394707499.54	                  0
                  0	                  0	      177395605.378	      5220897547.59	      614271762.019	                  0
                  0	                  0	      2394707499.52	      614271762.032	      11628636097.9	                  0
  7.45058059692e-09	  2.09547579288e-09	                  0	                  0	                  0	      1736180987.62

Stiffness matrix with respect to the elastic center:
      854886112.733	     -35161421.8289	                  0	                  0	                  0	      8827578.38136
      -35161421.829	      375737208.723	                  0	                  0	                  0	      116940279.986
                  0	                  0	      7641021810.21	    0.0107510685921	    0.0173144340515	                  0
                  0	                  0	 -1.50501728058e-05	      5216779093.07	      558675717.781	                  0
                  0	                  0	 -0.000294208526611	      558675717.791	      10878131237.4	                  0
      8827578.38226	      116940279.986	                  0	                  0	                  0	      1773035186.71

Stiffness matrix rotated along principle axis:
      857444121.153	      2028607.19759	                  0	                  0	                  0	      38177822.5943
      2028607.19755	      373179200.303	                  0	                  0	                  0	     -8664341.91948
                  0	                  0	      7641021810.21	      -348106507.65	      2580515739.19	                  0
                  0	                  0	     -348106507.659	      5180429261.98	   -0.0142825841904	                  0
                  0	                  0	      2580515739.17	 -6.23003435703e-08	      11801828309.3	                  0
      38177822.5952	     -8664341.91949	                  0	                  0	                  0	      1738086244.98

Stiffness matrix at the elastic center rotated along principle axis:
      857160387.995	       11892718.695	                  0	                  0	                  0	      -2589784.7139
       11892718.695	      373462933.461	                  0	                  0	                  0	      117244395.339
                  0	                  0	      7641021810.21	   0.00901579980092	    0.0182781414905	                  0
                  0	                  0	  1.36406701029e-05	      5162174315.27	   -0.0102775096893	                  0
                  0	                  0	 -0.000294277245045	 -4.81781447056e-08	      10932736015.2	                  0
       -2589784.713	      117244395.339	                  0	                  0	                  0	      1773035186.71

Mass matrix with respect to mass center
      427.626723231	                  0	                  0	                  0	                  0	                  0
                  0	      427.626723231	                  0	                  0	                  0	                  0
                  0	                  0	      427.626723231	                  0	                  0	                  0
                  0	                  0	                  0	      212.518574643	      19.6164759954	                  0
                  0	                  0	                  0	      19.6164759954	      874.785387538	                  0
                  0	                  0	                  0	                  0	                  0	      1087.30396218
