********************************
*                              *
*          BECAS 2.3           *
*              by              *
*     becas-dtuwind@dtu.dk     *
*                              *
*   A cross section analysis   *
*   program for anisotropic    *
*   beams with arbitrary       *
*   geometry.                  *
*                              *
*     (c)DTU Wind Energy       *
********************************


Output generated on the (yyyy.mm.dd) 2017. 8. 9 at (hh.mm.ss) 12.44.43  
The input folder: is C:\Users\wentingmann\Documents\MATLAB\SBref_BECAS_Project\BECAS_outputs_80_sec_TP\BL_028_BCS 

Stiffness matrix w.r.t. to the cross section reference point 
K=
      781508749.161	      12627946.1339	                  0	                  0	                  0	     -58812721.1693
      12627946.1337	      288439643.052	                  0	                  0	                  0	     -27310062.7781
                  0	                  0	      7885118305.72	     -51813336.9657	      2420576620.24	                  0
                  0	                  0	     -51813336.9673	      3382577623.15	       356329130.52	                  0
                  0	                  0	      2420576620.24	       356329130.52	      8658109350.89	                  0
     -58812721.1691	     -27310062.7779	                  0	                  0	                  0	      956056254.707

Compliance matrix w.r.t. to the cross section reference point 
F=
   1.2862163742e-09	 -4.89516957113e-11	                  0	                  0	                 -0	  7.77245174961e-11
 -4.89516957105e-11	  3.47819503084e-09	                  0	                  0	                 -0	  9.63444794826e-11
                  0	                  0	  1.38858405566e-10	  6.24357319676e-12	 -3.90780669698e-11	                 -0
                  0	                  0	  6.24357319682e-12	  2.97200543202e-10	  -1.3976984299e-11	                 -0
                  0	                  0	 -3.90780669698e-11	  -1.3976984299e-11	  1.26999073051e-10	                 -0
  7.77245174959e-11	  9.63444794821e-11	                  0	                  0	                  0	  1.05349696652e-09

Mass matrix w.r.t. to the cross section reference point 
M=
      390.622339491	                  0	                  0	                  0	                  0	     -11.2939998449
                  0	      390.622339491	                  0	                  0	                  0	     -229.960527208
                  0	                  0	      390.622339491	      11.2939998449	      229.960527208	                  0
                 -0	                 -0	      11.2939998449	       119.98028352	      27.2861816547	                  0
                 -0	                 -0	      229.960527208	      27.2861816547	      720.611553272	                  0
     -11.2939998449	     -229.960527208	                 -0	                  0	                  0	      840.591836793

Shear center;
ShearX=   -0.0914520710963 
ShearY=    0.0737776376827 

Elastic center:
ElasticX=    -0.306980380812 
ElasticY=  -0.00657102848156 

Orientation of principle axis w.r.t. reference center:
alpha_p=     -3.84668498014o or    -0.0671373181905rad 

Orientation of principle axis w.r.t. elastic center:
alpha_p=      -4.6635075824o or    -0.0813935620046rad 

Mass center:
MassX=     -0.58870295925 
MassY=    0.0289128365256 

Mass per unit length:
Mass=      390.622339491 

Mass moments of inertia:
Ixx=       119.98028352 
Iyy=      720.611553272 
Ixy=     -27.2861816547 

Area center:
AreaX=    -0.587582819473 
AreaY=    0.0412606393079 

Area per unit length:
Area=     0.492818089251 
Area moments:
Ixx=     0.020333989425 
Iyy=    -0.289571442369 
Ixy=   -0.0265326076857 

Stiffness matrix with respect to shear center:
      781508749.161	      12627946.1339	                  0	                  0	                  0	   -0.0001580119133
      12627946.1337	      288439643.052	                  0	                  0	                  0	 -0.000125470920466
                  0	                  0	      7885118305.72	      -633558738.41	      1699466220.34	                  0
                  0	                  0	     -633558738.412	      3433142755.81	      235684964.437	                  0
                  0	                  0	      1699466220.34	      235684964.437	      8281322900.12	                  0
                  0	  1.51339918375e-09	                  0	                  0	                  0	      949219629.271

Stiffness matrix with respect to the elastic center:
      781508749.161	      12627946.1339	                  0	                  0	                  0	     -60071505.7055
      12627946.1337	      288439643.052	                  0	                  0	                  0	      61152270.0937
                  0	                  0	      7885118305.72	   0.00167889893055	   0.00200748443604	                  0
                  0	                  0	  4.02331352234e-07	      3382237156.24	      372234808.433	                  0
                  0	                  0	  8.58306884766e-06	      372234808.432	      7915039818.23	                  0
     -60071505.7054	      61152270.0938	                  0	                  0	                  0	      967226340.037

Stiffness matrix rotated along principle axis:
      777599094.814	      45518231.5197	                  0	                  0	                  0	     -56848076.8715
      45518231.5195	      292349297.399	                  0	                  0	                  0	     -31194099.7031
                  0	                  0	      7885118305.72	     -214085574.642	      2411647396.09	                  0
                  0	                  0	     -214085574.643	      3358618632.37	  3.06665897369e-05	                  0
                  0	                  0	      2411647396.09	  1.84536545917e-08	      8682068341.67	                  0
     -56848076.8713	      -31194099.703	                  0	                  0	                  0	      956056254.707

Stiffness matrix at the elastic center rotated along principle axis:
      776202816.918	      52416632.6154	                  0	                  0	                  0	     -64844538.4186
      52416632.6152	      293745575.295	                  0	                  0	                  0	      56065780.7636
                  0	                  0	      7885118305.72	   0.00151012476703	   0.00213733913264	                  0
                  0	                  0	 -2.96836051168e-07	      3351872555.38	  0.000558972358704	                  0
                  0	                  0	  8.58736453863e-06	 -7.55856075942e-08	      7945404419.09	                  0
     -64844538.4184	      56065780.7637	                  0	                  0	                  0	      967226340.037

Mass matrix with respect to mass center
      390.622339491	                  0	                  0	                  0	                  0	                  0
                  0	      390.622339491	                  0	                  0	                  0	                  0
                  0	                  0	      390.622339491	                  0	                  0	                  0
                  0	                  0	                  0	      119.653741949	      20.6373705242	                  0
                  0	                  0	                  0	      20.6373705242	      585.233110395	                  0
                  0	                  0	                  0	                  0	                  0	      704.886852344
