********************************
*                              *
*          BECAS 2.3           *
*              by              *
*     becas-dtuwind@dtu.dk     *
*                              *
*   A cross section analysis   *
*   program for anisotropic    *
*   beams with arbitrary       *
*   geometry.                  *
*                              *
*     (c)DTU Wind Energy       *
********************************


Output generated on the (yyyy.mm.dd) 2017. 8. 9 at (hh.mm.ss) 12.46.23  
The input folder: is C:\Users\wentingmann\Documents\MATLAB\SBref_BECAS_Project\BECAS_outputs_80_sec_TP\BL_033_BCS 

Stiffness matrix w.r.t. to the cross section reference point 
K=
      665034259.324	       14980277.991	                  0	                  0	                  0	     -41502944.0833
      14980277.9909	       211100989.13	                  0	                  0	                  0	      4417608.06944
                  0	                  0	      7847301004.87	      -67538308.904	      2158379658.57	                  0
                  0	                  0	     -67538308.9057	         2270189771	      184872478.464	                  0
                  0	                  0	      2158379658.57	      184872478.465	      6676367026.08	                  0
     -41502944.0832	      4417608.06938	                  0	                  0	                  0	      516305113.572

Compliance matrix w.r.t. to the cross section reference point 
F=
  1.51381241177e-09	 -1.09990266592e-10	                  0	                  0	                 -0	   1.2262819814e-10
 -1.09990266592e-10	  4.74590921038e-09	                  0	                  0	                  0	 -4.94484482868e-11
                  0	                  0	  1.40009531216e-10	  7.86903818545e-12	 -4.54810964688e-11	                 -0
                  0	                  0	  7.86903818553e-12	   4.4192962156e-10	 -1.47812419556e-11	                 -0
                  0	                  0	 -4.54810964687e-11	 -1.47812419556e-11	  1.64894786941e-10	                 -0
  1.22628198139e-10	 -4.94484482862e-11	                  0	                  0	                  0	  1.94711973344e-09

Mass matrix w.r.t. to the cross section reference point 
M=
      341.354086179	                  0	                  0	                  0	                  0	     -7.61190034609
                  0	      341.354086179	                  0	                  0	                  0	     -179.200969738
                  0	                  0	      341.354086179	      7.61190034609	      179.200969738	                  0
                 -0	                 -0	      7.61190034609	      71.3428427055	      16.4190393912	                  0
                 -0	                 -0	      179.200969738	      16.4190393912	      493.762127843	                  0
     -7.61190034609	     -179.200969738	                 -0	                  0	                  0	      565.104970548

Shear center;
ShearX=    0.0253956895597 
ShearY=    0.0629792796165 

Elastic center:
ElasticX=    -0.275047389826 
ElasticY=  -0.00860656534824 

Orientation of principle axis w.r.t. reference center:
alpha_p=     -2.39837247445o or    -0.0418594963683rad 

Orientation of principle axis w.r.t. elastic center:
alpha_p=     -3.04550140245o or    -0.0531540268469rad 

Mass center:
MassX=    -0.524970923138 
MassY=    0.0222991335223 

Mass per unit length:
Mass=      341.354086179 

Mass moments of inertia:
Ixx=      71.3428427055 
Iyy=      493.762127843 
Ixy=     -16.4190393912 

Area center:
AreaX=    -0.480493910275 
AreaY=    0.0408863072058 

Area per unit length:
Area=     0.404643988388 
Area moments:
Ixx=    0.0165443984182 
Iyy=     -0.19442897225 
Ixy=   -0.0171438938184 

Stiffness matrix with respect to shear center:
      665034259.324	       14980277.991	                  0	                  0	                  0	 -9.05320048332e-05
      14980277.9909	       211100989.13	                  0	                  0	                  0	  5.71829732507e-05
                  0	                  0	      7847301004.87	     -561755673.125	      2357667278.77	                  0
                  0	                  0	     -561755673.127	      2309822252.66	      34673109.7451	                  0
                  0	                  0	      2357667278.77	      34673109.7463	      6791055152.13	                  0
                  0	 -3.49245965481e-10	                  0	                  0	                  0	      513579099.849

Stiffness matrix with respect to the elastic center:
      665034259.324	       14980277.991	                  0	                  0	                  0	     -43106318.5347
      14980277.9909	       211100989.13	                  0	                  0	                  0	      62351455.3778
                  0	                  0	      7847301004.87	   0.00172230601311	     0.005202293396	                  0
                  0	                  0	 -2.98023223877e-07	      2269608498.13	      203448714.042	                  0
                  0	                  0	 -1.00135803223e-05	      203448714.042	      6082710334.73	                  0
     -43106318.5346	      62351455.3778	                  0	                  0	                  0	      535397965.342

Stiffness matrix rotated along principle axis:
      662986664.702	      33907040.6792	                  0	                  0	                  0	     -41651453.1518
      33907040.6792	      213148583.752	                  0	                  0	                  0	      2676953.30035
                  0	                  0	      7847301004.87	     -157801449.343	      2153662665.39	                  0
                  0	                  0	     -157801449.344	      2262446579.05	 -0.000843554735184	                  0
                  0	                  0	      2153662665.38	  7.39485313846e-08	      6684110218.03	                  0
     -41651453.1518	      2676953.30029	                  0	                  0	                  0	      516305113.572

Stiffness matrix at the elastic center rotated along principle axis:
      662163419.837	       38978668.089	                  0	                  0	                  0	     -46358108.1495
       38978668.089	      213971828.618	                  0	                  0	                  0	      59973198.1317
                  0	                  0	      7847301004.87	   0.00144348087787	   0.00528645037204	                  0
                  0	                  0	  2.34409201892e-07	      2258784183.64	 -0.000325053930283	                  0
                  0	                  0	 -1.00152713912e-05	  -5.7593362328e-08	      6093534649.22	                  0
     -46358108.1494	      59973198.1316	                  0	                  0	                  0	      535397965.342

Mass matrix with respect to mass center
      341.354086179	                  0	                  0	                  0	                  0	                  0
                  0	      341.354086179	                  0	                  0	                  0	                  0
                  0	                  0	      341.354086179	                  0	                  0	                  0
                  0	                  0	                  0	      71.1731039233	      12.4230130397	                  0
                  0	                  0	                  0	      12.4230130397	      399.686829332	                  0
                  0	                  0	                  0	                  0	                  0	      470.859933255
