********************************
*                              *
*          BECAS 2.3           *
*              by              *
*     becas-dtuwind@dtu.dk     *
*                              *
*   A cross section analysis   *
*   program for anisotropic    *
*   beams with arbitrary       *
*   geometry.                  *
*                              *
*     (c)DTU Wind Energy       *
********************************


Output generated on the (yyyy.mm.dd) 2017. 8. 9 at (hh.mm.ss) 12.54.55  
The input folder: is C:\Users\wentingmann\Documents\MATLAB\SBref_BECAS_Project\BECAS_outputs_80_sec_TP\BL_067_BCS 

Stiffness matrix w.r.t. to the cross section reference point 
K=
      157207709.539	     -2588010.70338	                  0	                  0	                  0	     -6784370.65612
     -2588010.70346	      43971284.4598	                  0	                  0	                  0	      1364950.34063
                  0	                  0	       2061474433.7	      53350408.2809	      337683816.838	                  0
                  0	                  0	      53350408.2803	       71498123.967	      14023858.9224	                  0
                  0	                  0	      337683816.839	      14023858.9226	      430946259.536	                  0
      -6784370.6561	      1364950.34062	                  0	                  0	                  0	      14219696.9054

Compliance matrix w.r.t. to the cross section reference point 
F=
  6.49834860488e-09	  2.87084497909e-10	                  0	                  0	                 -0	  3.07287488585e-09
  2.87084497922e-10	  2.28227651232e-08	                  0	                  0	                  0	 -2.05378873965e-09
                  0	                  0	  5.64458286155e-10	 -3.36580881677e-10	 -4.31349064067e-10	                 -0
                  0	                  0	 -3.36580881673e-10	  1.42769278113e-08	 -2.00859626364e-10	                 -0
                  0	                  0	 -4.31349064068e-10	 -2.00859626364e-10	  2.66501077569e-09	                 -0
  3.07287488584e-09	 -2.05378873965e-09	                  0	                  0	                  0	  7.19882321443e-08

Mass matrix w.r.t. to the cross section reference point 
M=
      85.2535078463	                  0	                  0	                  0	                  0	     -2.62042558326
                  0	      85.2535078463	                  0	                  0	                  0	      -20.922837192
                  0	                  0	      85.2535078463	      2.62042558326	       20.922837192	                  0
                 -0	                 -0	      2.62042558326	      2.08473782219	      1.04853136891	                  0
                 -0	                 -0	       20.922837192	      1.04853136891	      30.3725596151	                  0
     -2.62042558326	      -20.922837192	                 -0	                  0	                  0	      32.4572974372

Shear center;
ShearX=    0.0285295065384 
ShearY=    0.0426857945293 

Elastic center:
ElasticX=    -0.163806939013 
ElasticY=    0.0258797331696 

Orientation of principle axis w.r.t. reference center:
alpha_p=     -2.23087287339o or    -0.0389360768341rad 

Orientation of principle axis w.r.t. elastic center:
alpha_p=    -0.990690931442o or    -0.0172908186233rad 

Mass center:
MassX=    -0.245419076828 
MassY=    0.0307368652558 

Mass per unit length:
Mass=      85.2535078463 

Mass moments of inertia:
Ixx=      2.08473782219 
Iyy=      30.3725596151 
Ixy=     -1.04853136891 

Area center:
AreaX=    -0.250564936712 
AreaY=    0.0484149432906 

Area per unit length:
Area=     0.109872768792 
Area moments:
Ixx=   0.00531948387026 
Iyy=   -0.0275302633588 
Ixy=  -0.00192887303994 

Stiffness matrix with respect to shear center:
      157207709.539	     -2588010.70338	                  0	                  0	                  0	 -2.44472175837e-05
     -2588010.70346	      43971284.4598	                  0	                  0	                  0	  1.25949736685e-06
                  0	                  0	       2061474433.7	     -34645265.8236	      396496665.173	                  0
                  0	                  0	     -34645265.8243	      70699680.0994	     -1378855.43688	                  0
                  0	                  0	      396496665.174	     -1378855.43675	      451892066.398	                  0
                  0	  4.36557456851e-11	                  0	                  0	                  0	      13891159.2939

Stiffness matrix with respect to the elastic center:
      157207709.539	     -2588010.70338	                  0	                  0	                  0	     -3139811.19249
     -2588010.70346	      43971284.4598	                  0	                  0	                  0	      8500774.82602
                  0	                  0	       2061474433.7	  0.000658601522446	  -0.00090491771698	                  0
                  0	                  0	  2.01165676117e-07	      70117429.6362	      5284691.84694	                  0
                  0	                  0	  1.37090682983e-05	      5284691.84695	      375631307.145	                  0
     -3139811.19248	      8500774.82602	                  0	                  0	                  0	      15578935.9679

Stiffness matrix rotated along principle axis:
      157237458.148	      1824359.70786	                  0	                  0	                  0	     -6832361.07551
      1824359.70778	      43941535.8513	                  0	                  0	                  0	      1099825.78885
                  0	                  0	       2061474433.7	        40165212.13	      339504612.564	                  0
                  0	                  0	      40165212.1293	      70951813.8185	 -0.000149686355144	                  0
                  0	                  0	      339504612.565	 -1.37508629191e-09	      431492569.684	                  0
     -6832361.07549	      1099825.78885	                  0	                  0	                  0	      14219696.9054

Stiffness matrix at the elastic center rotated along principle axis:
      157263338.156	     -628903.107855	                  0	                  0	                  0	     -3286319.87742
     -628903.107941	      43915655.8427	                  0	                  0	                  0	      8445216.90843
                  0	                  0	       2061474433.7	  0.000674149061523	 -0.000893395255595	                  0
                  0	                  0	 -3.58935967911e-08	      70026043.8805	 -1.80613715202e-05	                  0
                  0	                  0	  1.37104971787e-05	  4.94890991434e-10	      375722692.901	                  0
     -3286319.87741	      8445216.90843	                  0	                  0	                  0	      15578935.9679

Mass matrix with respect to mass center
      85.2535078463	                  0	                  0	                  0	                  0	                  0
                  0	      85.2535078463	                  0	                  0	                  0	                  0
                  0	                  0	      85.2535078463	                  0	                  0	                  0
                  0	                  0	                  0	      2.00419415412	     0.405428941367	                  0
                  0	                  0	                  0	     0.405428941367	      25.2376962268	                  0
                  0	                  0	                  0	                  0	                  0	      27.2418903809
