********************************
*                              *
*          BECAS 2.3           *
*              by              *
*     becas-dtuwind@dtu.dk     *
*                              *
*   A cross section analysis   *
*   program for anisotropic    *
*   beams with arbitrary       *
*   geometry.                  *
*                              *
*     (c)DTU Wind Energy       *
********************************


Output generated on the (yyyy.mm.dd) 2017. 8. 9 at (hh.mm.ss) 12.44.21  
The input folder: is C:\Users\wentingmann\Documents\MATLAB\SBref_BECAS_Project\BECAS_outputs_80_sec_TP\BL_027_BCS 

Stiffness matrix w.r.t. to the cross section reference point 
K=
      821214110.587	      11928759.6564	                  0	                  0	                  0	     -65297692.5463
      11928759.6566	      308711343.067	                  0	                  0	                  0	     -32853107.7692
                  0	                  0	      7882926280.33	     -47095825.4241	      2548233875.61	                  0
                  0	                  0	     -47095825.4237	       3738192295.4	      417517143.895	                  0
                  0	                  0	      2548233875.63	      417517143.902	      9438524817.13	                  0
     -65297692.5466	     -32853107.7691	                  0	                  0	                  0	      1113325932.04

Compliance matrix w.r.t. to the cross section reference point 
F=
  1.22390142767e-09	 -3.97779119222e-11	                  0	                  0	                 -0	  7.06092518292e-11
 -3.97779119228e-11	  3.25076927928e-09	                  0	                  0	                 -0	  9.35938565724e-11
                  0	                  0	  1.39119172531e-10	  5.97725977813e-12	 -3.78241095443e-11	                 -0
                  0	                  0	  5.97725977807e-12	  2.69094017818e-10	 -1.35172417386e-11	                 -0
                  0	                  0	 -3.78241095446e-11	 -1.35172417388e-11	  1.16758537883e-10	                 -0
  7.06092518295e-11	  9.35938565722e-11	                  0	                  0	                  0	  9.05112726894e-10

Mass matrix w.r.t. to the cross section reference point 
M=
      404.898698834	                  0	                  0	                  0	                  0	     -12.1592839307
                  0	      404.898698834	                  0	                  0	                  0	     -246.618329076
                  0	                  0	      404.898698834	      12.1592839307	      246.618329076	                  0
                 -0	                 -0	      12.1592839307	      137.555340873	      30.6805776917	                  0
                 -0	                 -0	      246.618329076	      30.6805776917	      802.826302652	                  0
     -12.1592839307	     -246.618329076	                 -0	                  0	                  0	      940.381643525

Shear center;
ShearX=    -0.103405745816 
ShearY=    0.0780115556123 

Elastic center:
ElasticX=    -0.323259889159 
ElasticY=  -0.00597440896298 

Orientation of principle axis w.r.t. reference center:
alpha_p=     -4.16695459388o or    -0.0727270774442rad 

Orientation of principle axis w.r.t. elastic center:
alpha_p=     -5.03166139521o or     -0.087819058192rad 

Mass center:
MassX=    -0.609086494439 
MassY=    0.0300304346882 

Mass per unit length:
Mass=      404.898698834 

Mass moments of inertia:
Ixx=      137.555340873 
Iyy=      802.826302652 
Ixy=     -30.6805776917 

Area center:
AreaX=     -0.60726475931 
AreaY=     0.040663837247 

Area per unit length:
Area=     0.515367121749 
Area moments:
Ixx=    0.0209568047612 
Iyy=    -0.312964291145 
Ixy=   -0.0288498518706 

Stiffness matrix with respect to shear center:
      821214110.587	      11928759.6564	                  0	                  0	                  0	  0.000296607613564
      11928759.6566	      308711343.067	                  0	                  0	                  0	 -7.28212762624e-05
                  0	                  0	      7882926280.33	      -662055167.33	      1733094004.38	                  0
                  0	                  0	      -662055167.33	      3793514267.51	      287185763.544	                  0
                  0	                  0	      1733094004.39	       287185763.55	      8995810914.61	                  0
  7.45058059692e-09	 -2.32830643654e-09	                  0	                  0	                  0	      1104834757.36

Stiffness matrix with respect to the elastic center:
      821214110.587	      11928759.6564	                  0	                  0	                  0	     -66347871.9648
      11928759.6566	      308711343.067	                  0	                  0	                  0	      66869619.4842
                  0	                  0	      7882926280.33	 -0.000360995531082	   -0.0190196037292	                  0
                  0	                  0	 -4.73856925964e-06	      3737910925.68	      432741335.201	                  0
                  0	                  0	 -9.44137573242e-05	      432741335.209	      8614783016.95	                  0
     -66347871.9651	      66869619.4843	                  0	                  0	                  0	      1125108610.29

Stiffness matrix rotated along principle axis:
      816779166.642	      48944331.8966	                  0	                  0	                  0	     -62737876.6609
      48944331.8968	      313146287.013	                  0	                  0	                  0	     -37510987.3777
                  0	                  0	      7882926280.33	     -232133604.101	       2538075627.6	                  0
                  0	                  0	     -232133604.102	      3707773844.79	  -0.00723469257355	                  0
                  0	                  0	      2538075627.62	  3.85412057526e-08	      9468943267.75	                  0
     -62737876.6612	     -37510987.3777	                  0	                  0	                  0	      1113325932.04

Stiffness matrix at the elastic center rotated along principle axis:
      815187354.443	      56521701.3234	                  0	                  0	                  0	     -71957074.4572
      56521701.3235	      314738099.212	                  0	                  0	                  0	      60792808.4545
                  0	                  0	      7882926280.33	   0.00130853319809	   -0.0189779710365	                  0
                  0	                  0	  3.56036534586e-06	      3699809991.61	  -0.00746309757233	                  0
                  0	                  0	 -9.44655249777e-05	 -6.01895346644e-08	      8652883951.02	                  0
     -71957074.4574	      60792808.4546	                  0	                  0	                  0	      1125108610.29

Mass matrix with respect to mass center
      404.898698834	                  0	                  0	                  0	                  0	                  0
                  0	      404.898698834	                  0	                  0	                  0	                  0
                  0	                  0	      404.898698834	                  0	                  0	                  0
                  0	                  0	                  0	      137.190192292	      23.2745220675	                  0
                  0	                  0	                  0	      23.2745220675	      652.614409131	                  0
                  0	                  0	                  0	                  0	                  0	      789.804601422
