********************************
*                              *
*          BECAS 2.3           *
*              by              *
*     becas-dtuwind@dtu.dk     *
*                              *
*   A cross section analysis   *
*   program for anisotropic    *
*   beams with arbitrary       *
*   geometry.                  *
*                              *
*     (c)DTU Wind Energy       *
********************************


Output generated on the (yyyy.mm.dd) 2017. 8. 9 at (hh.mm.ss) 10.34.17  
The input folder: is C:\Users\wentingmann\Documents\MATLAB\SBref_BECAS_Project\BECAS_outputs_80_sec_c2\BL_034_BCS 

Stiffness matrix w.r.t. to the cross section reference point 
K=
      650944527.435	      15025145.0691	                  0	                  0	                  0	     -28987257.6862
      15025145.0691	      202436102.435	                  0	                  0	                  0	      138182078.021
                  0	                  0	      7802196155.32	     -65745501.4906	     -3001641982.69	                  0
                  0	                  0	     -65745501.4912	      2090324458.86	      206696611.843	                  0
                  0	                  0	     -3001641982.69	      206696611.845	      6909295588.26	                  0
     -28987257.6861	      138182078.021	                  0	                  0	                  0	      560275613.626

Compliance matrix w.r.t. to the cross section reference point 
F=
  1.54673252808e-09	 -2.03721791871e-10	                  0	                  0	                 -0	  1.30268448469e-10
 -2.03721791871e-10	  5.96662895114e-09	                  0	                  0	                  0	 -1.48210363459e-09
                  0	                  0	  1.53895889667e-10	 -1.77594517267e-12	  6.69109374947e-11	                 -0
                  0	                  0	 -1.77594517256e-12	  4.79834484776e-10	 -1.51261315286e-11	                 -0
                  0	                  0	  6.69109374946e-11	 -1.51261315287e-11	  1.74253537693e-10	                 -0
  1.30268448469e-10	 -1.48210363459e-09	                  0	                  0	                  0	  2.15711027887e-09

Mass matrix w.r.t. to the cross section reference point 
M=
      334.781824004	                  0	                  0	                  0	                  0	     -7.26178753269
                  0	      334.781824004	                  0	                  0	                  0	      46.4620842158
                  0	                  0	      334.781824004	      7.26178753269	     -46.4620842158	                  0
                 -0	                 -0	      7.26178753269	      64.7821309875	      10.3325196537	                  0
                 -0	                 -0	     -46.4620842158	      10.3325196537	       379.90201524	                  0
     -7.26178753269	      46.4620842158	                 -0	                  0	                  0	      444.684146228

Shear center;
ShearX=     0.687078286681 
ShearY=    0.0603902590167 

Elastic center:
ElasticX=     0.384717574761 
ElasticY=  -0.00842653788528 

Orientation of principle axis w.r.t. reference center:
alpha_p=     -2.45154418538o or     -0.042787517793rad 

Orientation of principle axis w.r.t. elastic center:
alpha_p=     -2.82690624702o or    -0.0493388216557rad 

Mass center:
MassX=     0.138783174248 
MassY=    0.0216911045105 

Mass per unit length:
Mass=      334.781824004 

Mass moments of inertia:
Ixx=      64.7821309875 
Iyy=       379.90201524 
Ixy=     -10.3325196537 

Area center:
AreaX=     0.180941379108 
AreaY=    0.0407428607686 

Area per unit length:
Area=     0.393824721892 
Area moments:
Ixx=    0.0160455458113 
Iyy=     0.071259188306 
Ixy=  -0.00550571531732 

Stiffness matrix with respect to shear center:
      650944527.435	      15025145.0691	                  0	                  0	                  0	  -0.00018060952425
      15025145.0691	      202436102.435	                  0	                  0	                  0	 -9.36522847041e-05
                  0	                  0	      7802196155.32	     -536922148.209	      2359077584.06	                  0
                  0	                  0	      -536922148.21	      2126719714.32	      19058998.9802	                  0
                  0	                  0	      2359077584.06	      19058998.9818	      6467803542.16	                  0
  7.45058059692e-09	  2.32830643654e-08	                  0	                  0	                  0	       463583160.21

Stiffness matrix with respect to the elastic center:
      650944527.435	      15025145.0691	                  0	                  0	                  0	     -40252903.7793
      15025145.0691	      202436102.435	                  0	                  0	                  0	      60174741.6938
                  0	                  0	      7802196155.32	  0.000683329999447	  -0.00471878051758	                  0
                  0	                  0	 -1.63912773132e-06	       2089770451.9	      181403161.958	                  0
                  0	                  0	 -5.29289245605e-05	       181403161.96	      5754511164.37	                  0
     -40252903.7791	      60174741.6939	                  0	                  0	                  0	      484547713.852

Stiffness matrix rotated along principle axis:
      648839703.294	      34137311.8454	                  0	                  0	                  0	     -34871391.4329
      34137311.8454	      204540926.576	                  0	                  0	                  0	       136815693.01
                  0	                  0	      7802196155.32	      62708296.6341	     -3001706969.84	                  0
                  0	                  0	      62708296.6332	      2081475022.81	  -0.00135166943073	                  0
                  0	                  0	     -3001706969.83	  5.20217092755e-10	      6918145024.31	                  0
     -34871391.4328	      136815693.011	                  0	                  0	                  0	      560275613.626

Stiffness matrix at the elastic center rotated along principle axis:
      648373359.441	      37045034.5767	                  0	                  0	                  0	     -43171665.9396
      37045034.5767	      205007270.429	                  0	                  0	                  0	      58116289.1158
                  0	                  0	      7802196155.32	  0.000915223069004	   -0.0046793371534	                  0
                  0	                  0	  9.73258324903e-07	         2080812964	  -0.00165455043316	                  0
                  0	                  0	 -5.29453544996e-05	  5.78617426784e-08	      5763468652.27	                  0
     -43171665.9394	      58116289.1159	                  0	                  0	                  0	      484547713.852

Mass matrix with respect to mass center
      334.781824004	                  0	                  0	                  0	                  0	                  0
                  0	      334.781824004	                  0	                  0	                  0	                  0
                  0	                  0	      334.781824004	                  0	                  0	                  0
                  0	                  0	                  0	      64.6246147952	      11.3403335782	                  0
                  0	                  0	                  0	      11.3403335782	      373.453859711	                  0
                  0	                  0	                  0	                  0	                  0	      438.078474506
