********************************
*                              *
*          BECAS 2.3           *
*              by              *
*     becas-dtuwind@dtu.dk     *
*                              *
*   A cross section analysis   *
*   program for anisotropic    *
*   beams with arbitrary       *
*   geometry.                  *
*                              *
*     (c)DTU Wind Energy       *
********************************


Output generated on the (yyyy.mm.dd) 2017. 8. 9 at (hh.mm.ss) 12.45. 5  
The input folder: is C:\Users\wentingmann\Documents\MATLAB\SBref_BECAS_Project\BECAS_outputs_80_sec_TP\BL_029_BCS 

Stiffness matrix w.r.t. to the cross section reference point 
K=
      759649419.946	      12192085.6931	                  0	                  0	                  0	     -52705946.1961
       12192085.693	      275930774.524	                  0	                  0	                  0	     -22978309.4865
                  0	                  0	       7928112305.1	     -57332929.0878	      2337436412.21	                  0
                  0	                  0	      -57332929.085	      3160461996.91	      314685180.394	                  0
                  0	                  0	      2337436412.21	      314685180.389	      8168035623.62	                  0
     -52705946.1956	     -22978309.4867	                  0	                  0	                  0	      863143609.296

Compliance matrix w.r.t. to the cross section reference point 
F=
  1.32273687107e-09	 -5.18342748586e-11	                  0	                  0	                 -0	  7.93900732282e-11
 -5.18342748583e-11	  3.63418086725e-09	                  0	                  0	                 -0	  9.35827564799e-11
                  0	                  0	  1.37887074677e-10	  6.45503147218e-12	 -3.97076588314e-11	                 -0
                  0	                  0	  6.45503147212e-12	  3.17930058597e-10	 -1.40959355165e-11	                 -0
                  0	                  0	 -3.97076588314e-11	 -1.40959355163e-11	  1.34334613629e-10	                 -0
  7.93900732275e-11	  9.35827564807e-11	                  0	                  0	                  0	  1.16589486573e-09

Mass matrix w.r.t. to the cross section reference point 
M=
      382.671245517	                  0	                  0	                  0	                  0	     -10.4338382052
                  0	      382.671245517	                  0	                  0	                  0	     -218.973084444
                  0	                  0	      382.671245517	      10.4338382052	      218.973084444	                  0
                 -0	                 -0	      10.4338382052	      109.327996965	      24.7153931174	                  0
                 -0	                 -0	      218.973084444	      24.7153931174	      669.071384536	                  0
     -10.4338382052	     -218.973084444	                 -0	                  0	                  0	        778.3993815

Shear center;
ShearX=   -0.0802668913219 
ShearY=    0.0680936811378 

Elastic center:
ElasticX=    -0.294828872531 
ElasticY=  -0.00723159900852 

Orientation of principle axis w.r.t. reference center:
alpha_p=     -3.58179166307o or     -0.062514057641rad 

Orientation of principle axis w.r.t. elastic center:
alpha_p=     -4.36491324631o or     -0.076182107712rad 

Mass center:
MassX=    -0.572222467744 
MassY=    0.0272658014612 

Mass per unit length:
Mass=      382.671245517 

Mass moments of inertia:
Ixx=      109.327996965 
Iyy=      669.071384536 
Ixy=     -24.7153931174 

Area center:
AreaX=    -0.572351653844 
AreaY=    0.0412165973284 

Area per unit length:
Area=     0.477943355158 
Area moments:
Ixx=    0.0196991988153 
Iyy=    -0.273551669768 
Ixy=   -0.0246905253593 

Stiffness matrix with respect to shear center:
      759649419.946	      12192085.6931	                  0	                  0	                  0	 -0.000436335802078
       12192085.693	      275930774.524	                  0	                  0	                  0	   0.00017289572861
                  0	                  0	       7928112305.1	     -597187280.416	      1701071483.43	                  0
                  0	                  0	     -597187280.413	      3205030687.36	      203454897.197	                  0
                  0	                  0	      1701071483.43	      203454897.192	      7843877149.26	                  0
 -1.49011611938e-08	  -1.7462298274e-09	                  0	                  0	                  0	      857710269.931

Stiffness matrix with respect to the elastic center:
      759649419.946	      12192085.6931	                  0	                  0	                  0	     -54604847.3095
       12192085.693	      275930774.524	                  0	                  0	                  0	      58285881.3882
                  0	                  0	       7928112305.1	  -0.00281515717506	   0.00046968460083	                  0
                  0	                  0	  3.49432229996e-06	      3160047388.16	      331588583.235	                  0
                  0	                  0	  7.86781311035e-05	       331588583.23	       7478891881.6	                  0
     -54604847.3091	       58285881.388	                  0	                  0	                  0	      874329329.539

Stiffness matrix rotated along principle axis:
      756241120.008	      42257409.6934	                  0	                  0	                  0	     -51167460.1917
      42257409.6934	      279339074.462	                  0	                  0	                  0	     -26226141.3252
                  0	                  0	       7928112305.1	     -203248415.289	      2329288760.02	                  0
                  0	                  0	     -203248415.286	      3140764082.86	    0.0051586329937	                  0
                  0	                  0	      2329288760.02	 -2.66326059392e-08	      8187733537.68	                  0
     -51167460.1913	     -26226141.3253	                  0	                  0	                  0	      863143609.296

Stiffness matrix at the elastic center rotated along principle axis:
      754997023.896	      48759131.2423	                  0	                  0	                  0	     -58882515.9468
      48759131.2423	      280583170.574	                  0	                  0	                  0	      53960936.1915
                  0	                  0	       7928112305.1	  -0.00284273890427	  0.000254065083646	                  0
                  0	                  0	 -2.50388258009e-06	      3134737287.85	   0.00433042645454	                  0
                  0	                  0	  7.87158762532e-05	 -9.88171240171e-08	      7504201981.91	                  0
     -58882515.9464	      53960936.1913	                  0	                  0	                  0	      874329329.539

Mass matrix with respect to mass center
      382.671245517	                  0	                  0	                  0	                  0	                  0
                  0	      382.671245517	                  0	                  0	                  0	                  0
                  0	                  0	      382.671245517	                  0	                  0	                  0
                  0	                  0	                  0	      109.043510004	      18.7449164716	                  0
                  0	                  0	                  0	      18.7449164716	      543.770065786	                  0
                  0	                  0	                  0	                  0	                  0	      652.813575789
