********************************
*                              *
*          BECAS 2.3           *
*              by              *
*     becas-dtuwind@dtu.dk     *
*                              *
*   A cross section analysis   *
*   program for anisotropic    *
*   beams with arbitrary       *
*   geometry.                  *
*                              *
*     (c)DTU Wind Energy       *
********************************


Output generated on the (yyyy.mm.dd) 2017. 8. 9 at (hh.mm.ss) 10.37.33  
The input folder: is C:\Users\wentingmann\Documents\MATLAB\SBref_BECAS_Project\BECAS_outputs_80_sec_c2\BL_046_BCS 

Stiffness matrix w.r.t. to the cross section reference point 
K=
      441364568.818	      9859757.89352	                  0	                  0	                  0	     -30765057.4765
      9859757.89358	      118028518.297	                  0	                  0	                  0	      64993276.5554
                  0	                  0	      6195020097.72	      48086914.7168	     -1958228744.77	                  0
                  0	                  0	      48086914.7163	      758897249.853	      49570108.1569	                  0
                  0	                  0	     -1958228744.78	      49570108.1568	      3379946407.33	                  0
     -30765057.4764	      64993276.5554	                  0	                  0	                  0	      178074299.538

Compliance matrix w.r.t. to the cross section reference point 
F=
  2.31839001248e-09	  -5.1842177598e-10	                 -0	                  0	                 -0	  5.89750076895e-10
  -5.1842177598e-10	  1.07195503628e-08	                  0	                  0	                  0	 -4.00196984552e-09
                  0	                  0	  1.97913730248e-10	 -2.00495856752e-11	  1.14958691311e-10	                 -0
                  0	                  0	 -2.00495856751e-11	  1.32099607251e-09	 -3.09897201186e-11	                 -0
                  0	                  0	  1.14958691311e-10	 -3.09897201186e-11	   3.6292042232e-10	                 -0
  5.89750076895e-10	 -4.00196984553e-09	                  0	                  0	                  0	  7.17815446287e-09

Mass matrix w.r.t. to the cross section reference point 
M=
      228.575648285	                  0	                  0	                  0	                  0	     -6.04019962267
                  0	      228.575648285	                  0	                  0	                  0	      23.2474780676
                  0	                  0	      228.575648285	      6.04019962267	     -23.2474780676	                  0
                 -0	                 -0	      6.04019962267	      20.2796623126	      3.78323275069	                  0
                 -0	                 -0	     -23.2474780676	      3.78323275069	      161.600712471	                  0
     -6.04019962267	      23.2474780676	                 -0	                  0	                  0	      181.880374783

Shear center;
ShearX=     0.557520720156 
ShearY=     0.082159011755 

Elastic center:
ElasticX=     0.316097238409 
ElasticY=    0.0077621886544 

Orientation of principle axis w.r.t. reference center:
alpha_p=     -1.08307952445o or    -0.0189033037625rad 

Orientation of principle axis w.r.t. elastic center:
alpha_p=     -1.85069877951o or    -0.0323007871651rad 

Mass center:
MassX=     0.101705838929 
MassY=    0.0264253855036 

Mass per unit length:
Mass=      228.575648285 

Mass moments of inertia:
Ixx=      20.2796623126 
Iyy=      161.600712471 
Ixy=     -3.78323275069 

Area center:
AreaX=     0.138188128465 
AreaY=     0.037206708014 

Area per unit length:
Area=     0.271381059263 
Area moments:
Ixx=    0.0100971958325 
Iyy=    0.0375016406804 
Ixy=  -0.00327238879947 

Stiffness matrix with respect to shear center:
      441364568.818	      9859757.89352	                  0	                  0	                  0	 -4.47183847427e-05
      9859757.89358	      118028518.297	                  0	                  0	                  0	 -8.80911247805e-05
                  0	                  0	      6195020097.72	     -460889814.314	      1495623321.48	                  0
                  0	                  0	     -460889814.315	      792812728.134	     -46499374.5713	                  0
                  0	                  0	      1495623321.48	      -46499374.571	      3122034298.59	                  0
                  0	  1.59488990903e-08	                  0	                  0	                  0	      139311574.468

Stiffness matrix with respect to the elastic center:
      441364568.818	      9859757.89352	                  0	                  0	                  0	     -30455744.6695
      9859757.89358	      118028518.297	                  0	                  0	                  0	      27761321.1689
                  0	                  0	      6195020097.72	  0.000522315502167	   0.00152969360352	                  0
                  0	                  0	  1.11758708954e-07	      758523990.149	      64770249.1023	                  0
                  0	                  0	  5.96046447754e-06	      64770249.1024	      2760955708.93	                  0
     -30455744.6694	       27761321.169	                  0	                  0	                  0	      148279619.931

Stiffness matrix rotated along principle axis:
      440876368.124	      15963375.8971	                  0	                  0	                  0	     -31988075.4069
      15963375.8971	      118516718.991	                  0	                  0	                  0	      64400138.1264
                  0	                  0	      6195020097.72	      85093111.6676	     -1956969936.04	                  0
                  0	                  0	      85093111.6671	      757960099.413	  9.24412161112e-05	                  0
                  0	                  0	     -1956969936.04	  9.59391424742e-09	      3380883557.77	                  0
     -31988075.4068	      64400138.1265	                  0	                  0	                  0	      178074299.538

Stiffness matrix at the elastic center rotated along principle axis:
      440390823.482	       20275936.897	                  0	                  0	                  0	     -31336414.7947
      20275936.8971	      119002263.634	                  0	                  0	                  0	      26763266.6958
                  0	                  0	      6195020097.72	  0.000472641333308	   0.00154576394527	                  0
                  0	                  0	  -8.0793804763e-08	      756431132.213	 -8.44523310661e-05	                  0
                  0	                  0	  5.96096461641e-06	  1.39245218559e-08	      2763048566.87	                  0
     -31336414.7946	      26763266.6959	                  0	                  0	                  0	      148279619.931

Mass matrix with respect to mass center
      228.575648285	                  0	                  0	                  0	                  0	                  0
                  0	      228.575648285	                  0	                  0	                  0	                  0
                  0	                  0	      228.575648285	                  0	                  0	                  0
                  0	                  0	                  0	      20.1200477091	      4.39755632061	                  0
                  0	                  0	                  0	      4.39755632061	      159.236308211	                  0
                  0	                  0	                  0	                  0	                  0	       179.35635592
