********************************
*                              *
*          BECAS 2.3           *
*              by              *
*     becas-dtuwind@dtu.dk     *
*                              *
*   A cross section analysis   *
*   program for anisotropic    *
*   beams with arbitrary       *
*   geometry.                  *
*                              *
*     (c)DTU Wind Energy       *
********************************


Output generated on the (yyyy.mm.dd) 2017. 8. 9 at (hh.mm.ss) 12.53.15  
The input folder: is C:\Users\wentingmann\Documents\MATLAB\SBref_BECAS_Project\BECAS_outputs_80_sec_TP\BL_059_BCS 

Stiffness matrix w.r.t. to the cross section reference point 
K=
      255253862.411	     -5574640.81805	                  0	                  0	                  0	     -10241391.8552
     -5574640.81803	      65862067.5099	                  0	                  0	                  0	      3401547.03356
                  0	                  0	      3537404974.71	      37862111.6636	      732052822.137	                  0
                  0	                  0	      37862111.6637	      192866414.211	      27782142.7584	                  0
                  0	                  0	      732052822.138	      27782142.7583	      1157899703.29	                  0
     -10241391.8553	      3401547.03356	                  0	                  0	                  0	      37958023.9303

Compliance matrix w.r.t. to the cross section reference point 
F=
  3.96573844546e-09	  2.81707212796e-10	                  0	                  0	                 -0	  1.04474461458e-09
  2.81707212794e-10	  1.52738557008e-08	                  0	                  0	                  0	 -1.29273496127e-09
                  0	                  0	  3.25474266134e-10	 -3.43722042325e-11	 -2.04948166838e-10	                 -0
                  0	                  0	 -3.43722042325e-11	  5.20654839146e-09	 -1.03192704203e-10	                 -0
                  0	                  0	 -2.04948166838e-10	 -1.03192704203e-10	  9.95681918815e-10	                 -0
  1.04474461458e-09	 -1.29273496126e-09	                  0	                  0	                  0	   2.6742618099e-08

Mass matrix w.r.t. to the cross section reference point 
M=
      139.843907616	                  0	                  0	                  0	                  0	     -3.51945056412
                  0	      139.843907616	                  0	                  0	                  0	     -45.7986587085
                  0	                  0	      139.843907616	      3.51945056412	      45.7986587085	                  0
                 -0	                 -0	      3.51945056412	      5.52644724749	      2.28279521328	                  0
                 -0	                 -0	      45.7986587085	      2.28279521328	      75.0732803319	                  0
     -3.51945056412	     -45.7986587085	                 -0	                  0	                  0	      80.5997275794

Shear center;
ShearX=    0.0483398804291 
ShearY=     0.039066654234 

Elastic center:
ElasticX=    -0.206946286154 
ElasticY=    0.0107033579515 

Orientation of principle axis w.r.t. reference center:
alpha_p=      -1.6476571342o or    -0.0287570419357rad 

Orientation of principle axis w.r.t. elastic center:
alpha_p=     -1.40298412997o or    -0.0244866924212rad 

Mass center:
MassX=    -0.327498419411 
MassY=    0.0251669924283 

Mass per unit length:
Mass=      139.843907616 

Mass moments of inertia:
Ixx=      5.52644724749 
Iyy=      75.0732803319 
Ixy=     -2.28279521328 

Area center:
AreaX=    -0.302306105903 
AreaY=    0.0435553265103 

Area per unit length:
Area=     0.173505308605 
Area moments:
Ixx=   0.00755708036754 
Iyy=   -0.0524517141978 
Ixy=  -0.00372388766284 

Stiffness matrix with respect to shear center:
      255253862.411	     -5574640.81805	                  0	                  0	                  0	  5.99417835474e-05
     -5574640.81803	      65862067.5099	                  0	                  0	                  0	  3.33369825967e-06
                  0	                  0	      3537404974.71	     -100332465.369	      903050555.643	                  0
                  0	                  0	     -100332465.369	      195306921.919	      -5666771.1041	                  0
                  0	                  0	      903050555.644	     -5666771.10425	      1236940405.06	                  0
  1.86264514923e-09	                  0	                  0	                  0	                  0	      37393496.6389

Stiffness matrix with respect to the elastic center:
      255253862.411	     -5574640.81805	                  0	                  0	                  0	     -8662969.61126
     -5574640.81803	      65862067.5099	                  0	                  0	                  0	       16971789.927
                  0	                  0	      3537404974.71	 -7.24494457245e-05	 -0.000955700874329	                  0
                  0	                  0	 -4.02331352234e-07	      192461162.477	      19946719.3637	                  0
                  0	                  0	 -1.96695327759e-05	      19946719.3636	      1006404090.48	                  0
     -8662969.61132	       16971789.927	                  0	                  0	                  0	      41971870.2032

Stiffness matrix rotated along principle axis:
      255417728.355	     -122077.616325	                  0	                  0	                  0	     -10334962.4473
     -122077.616306	      65698201.5659	                  0	                  0	                  0	      3105669.10138
                  0	                  0	      3537404974.71	      16797685.0582	      732838803.336	                  0
                  0	                  0	      16797685.0582	      192067261.663	   0.00010487344116	                  0
                  0	                  0	      732838803.337	 -1.37435339785e-09	      1158698855.84	                  0
     -10334962.4473	      3105669.10138	                  0	                  0	                  0	      37958023.9303

Stiffness matrix at the elastic center rotated along principle axis:
      255413226.057	     -932232.003699	                  0	                  0	                  0	     -9075914.06151
      -932232.00368	      65702703.8639	                  0	                  0	                  0	      16754595.7803
                  0	                  0	      3537404974.71	 -4.90281117359e-05	 -0.000957188240441	                  0
                  0	                  0	  7.93829289732e-08	      191972635.651	  9.99830663204e-05	                  0
                  0	                  0	 -1.96734869428e-05	  3.36406951808e-09	       1006892617.3	                  0
     -9075914.06156	      16754595.7803	                  0	                  0	                  0	      41971870.2032

Mass matrix with respect to mass center
      139.843907616	                  0	                  0	                  0	                  0	                  0
                  0	      139.843907616	                  0	                  0	                  0	                  0
                  0	                  0	      139.843907616	                  0	                  0	                  0
                  0	                  0	                  0	      5.43787326179	      1.13018071634	                  0
                  0	                  0	                  0	      1.13018071634	      60.0742919937	                  0
                  0	                  0	                  0	                  0	                  0	      65.5121652555
