********************************
*                              *
*          BECAS 2.3           *
*              by              *
*     becas-dtuwind@dtu.dk     *
*                              *
*   A cross section analysis   *
*   program for anisotropic    *
*   beams with arbitrary       *
*   geometry.                  *
*                              *
*     (c)DTU Wind Energy       *
********************************


Output generated on the (yyyy.mm.dd) 2017. 8. 9 at (hh.mm.ss) 12.40.40  
The input folder: is C:\Users\wentingmann\Documents\MATLAB\SBref_BECAS_Project\BECAS_outputs_80_sec_TP\BL_018_BCS 

Stiffness matrix w.r.t. to the cross section reference point 
K=
      1058440229.42	     -76630075.4596	                  0	                  0	                  0	      55975590.2516
     -76630075.4593	      586549842.159	                  0	                  0	                  0	     -8401096.02315
                  0	                  0	      7865896877.06	      -178639232.66	      3182744169.73	                  0
                  0	                  0	      -178639232.66	      8291147821.64	      959390254.605	                  0
                  0	                  0	      3182744169.73	      959390254.615	        17534824356	                  0
      55975590.2521	     -8401096.02348	                  0	                  0	                  0	      3380200816.16

Compliance matrix w.r.t. to the cross section reference point 
F=
  9.54619422405e-10	  1.24494706386e-10	                  0	                  0	                  0	  -1.5498929354e-11
  1.24494706386e-10	  1.72118136355e-09	                  0	                  0	                 -0	  2.21618348811e-12
                  0	                  0	   1.3749311598e-10	  5.88743514452e-12	 -2.52784831012e-11	                 -0
                  0	                  0	  5.88743514449e-12	  1.21631115778e-10	 -7.72348238369e-12	                 -0
                  0	                  0	 -2.52784831012e-11	 -7.72348238377e-12	  6.20402438229e-11	                 -0
 -1.54989293541e-11	  2.21618348826e-12	                  0	                  0	                  0	  2.96102579262e-10

Mass matrix w.r.t. to the cross section reference point 
M=
      536.971370132	                  0	                  0	                  0	                  0	      4.17887720394
                  0	      536.971370132	                  0	                  0	                  0	     -323.886498338
                  0	                  0	      536.971370132	     -4.17887720394	      323.886498338	                  0
                 -0	                 -0	     -4.17887720394	      415.593518999	      28.5207962787	                  0
                 -0	                 -0	      323.886498338	      28.5207962787	      1645.48556827	                  0
      4.17887720394	     -323.886498338	                 -0	                  0	                  0	      2061.07908727

Shear center;
ShearX=  -0.00748451260972 
ShearY=   -0.0523431082321 

Elastic center:
ElasticX=    -0.404625717764 
ElasticY=   -0.0227105993699 

Orientation of principle axis w.r.t. reference center:
alpha_p=      -5.8633927101o or     -0.102335508129rad 

Orientation of principle axis w.r.t. elastic center:
alpha_p=     -7.26609210776o or     -0.126817231034rad 

Mass center:
MassX=     -0.60317275064 
MassY=  -0.00778230914416 

Mass per unit length:
Mass=      536.971370132 

Mass moments of inertia:
Ixx=      415.593518999 
Iyy=      1645.48556827 
Ixy=     -28.5207962787 

Area center:
AreaX=    -0.663570127792 
AreaY=  0.000687926148445 

Area per unit length:
Area=     0.751848239065 
Area moments:
Ixx=  0.000517216063315 
Iyy=    -0.498904032076 
Ixy=   -0.0214065634493 

Stiffness matrix with respect to shear center:
      1058440229.42	     -76630075.4596	                  0	                  0	                  0	 -0.000473015010357
     -76630075.4593	      586549842.159	                  0	                  0	                  0	   0.00032291887328
                  0	                  0	      7865896877.06	      233086258.918	      3123871765.37	                  0
                  0	                  0	      233086258.919	      8293997748.23	      1124240440.11	                  0
                  0	                  0	      3123871765.37	      1124240440.12	      17487622409.6	                  0
  7.45058059692e-09	 -4.65661287308e-10	                  0	                  0	                  0	      3377208001.67

Stiffness matrix with respect to the elastic center:
      1058440229.42	     -76630075.4596	                  0	                  0	                  0	      931278.959034
     -76630075.4593	      586549842.159	                  0	                  0	                  0	      230672369.808
                  0	                  0	      7865896877.06	 -0.000194668769836	   0.00104713439941	                  0
                  0	                  0	 -1.37686729431e-05	       8287090817.6	      1031672282.34	                  0
                  0	                  0	 -0.000216960906982	      1031672282.35	      16247004211.9	                  0
       931278.95961	      230672369.807	                  0	                  0	                  0	      3468845100.74

Stiffness matrix rotated along principle axis:
      1069090241.98	     -27075951.4398	                  0	                  0	                  0	      56540972.8198
     -27075951.4395	      575899829.599	                  0	                  0	                  0	     -2638846.52763
                  0	                  0	      7865896877.06	     -502844184.699	      3147843730.45	                  0
                  0	                  0	     -502844184.699	      8192623959.85	  -0.00995278358459	                  0
                  0	                  0	      3147843730.45	 -3.30853794135e-07	      17633348217.8	                  0
      56540972.8203	     -2638846.52792	                  0	                  0	                  0	      3380200816.16

Stiffness matrix at the elastic center rotated along principle axis:
      1070119907.24	      -14974174.596	                  0	                  0	                  0	     -28251082.5666
     -14974174.5957	      574870164.346	                  0	                  0	                  0	      228937733.471
                  0	                  0	      7865896877.06	 -0.000325544499364	   0.00101410411661	                  0
                  0	                  0	  1.37825870861e-05	      8155551070.71	  -0.00999701023102	                  0
                  0	                  0	 -0.000216960023522	 -3.87596443305e-08	      16378543958.8	                  0
      -28251082.566	      228937733.471	                  0	                  0	                  0	      3468845100.74

Mass matrix with respect to mass center
      536.971370132	                  0	                  0	                  0	                  0	                  0
                  0	      536.971370132	                  0	                  0	                  0	                  0
                  0	                  0	      536.971370132	                  0	                  0	                  0
                  0	                  0	                  0	      415.560997684	      31.0413811364	                  0
                  0	                  0	                  0	      31.0413811364	      1450.12605817	                  0
                  0	                  0	                  0	                  0	                  0	      1865.68705585
