********************************
*                              *
*          BECAS 2.3           *
*              by              *
*     becas-dtuwind@dtu.dk     *
*                              *
*   A cross section analysis   *
*   program for anisotropic    *
*   beams with arbitrary       *
*   geometry.                  *
*                              *
*     (c)DTU Wind Energy       *
********************************


Output generated on the (yyyy.mm.dd) 2017. 8. 9 at (hh.mm.ss) 10.25.28  
The input folder: is C:\Users\wentingmann\Documents\MATLAB\SBref_BECAS_Project\BECAS_outputs_80_sec_c2\BL_012_BCS 

Stiffness matrix w.r.t. to the cross section reference point 
K=
      1334499886.34	      -151939103.33	                  0	                  0	                  0	      48918283.5636
      -151939103.33	       893008489.54	                  0	                  0	                  0	      648647318.097
                  0	                  0	      8230113242.19	     -330948394.905	     -2865797068.93	                  0
                  0	                  0	     -330948394.906	      13537563872.2	      1833311104.82	                  0
                  0	                  0	     -2865797068.94	      1833311104.83	      23294278021.9	                  0
      48918283.5638	      648647318.096	                  0	                  0	                  0	      7648267700.27

Compliance matrix w.r.t. to the cross section reference point 
F=
  7.66216820908e-10	  1.42717872417e-10	                  0	                  0	                  0	 -1.70045795991e-11
  1.42717872417e-10	  1.21990489754e-09	                  0	                  0	                  0	 -1.04372595829e-10
                  0	                  0	   1.2695645029e-10	   9.9913531329e-13	  1.55402840525e-11	                 -0
                  0	                  0	  9.99135313313e-13	   7.4672182172e-11	 -5.75394616732e-12	                 -0
                  0	                  0	  1.55402840526e-11	 -5.75394616737e-12	  4.52937014361e-11	                 -0
 -1.70045795991e-11	 -1.04372595829e-10	                  0	                  0	                  0	  1.39709131674e-10

Mass matrix w.r.t. to the cross section reference point 
M=
      679.175223607	                  0	                  0	                  0	                  0	      25.0959504249
                  0	      679.175223607	                  0	                  0	                  0	      155.379556924
                  0	                  0	      679.175223607	     -25.0959504249	     -155.379556924	                  0
                 -0	                 -0	     -25.0959504249	       870.06676938	      48.9108823944	                  0
                 -0	                 -0	     -155.379556924	      48.9108823944	      2156.04817664	                  0
      25.0959504249	      155.379556924	                 -0	                  0	                  0	      3026.11494602

Shear center;
ShearX=     0.747070678762 
ShearY=     -0.12171415995 

Elastic center:
ElasticX=     0.348208704377 
ElasticY=   -0.0402118883625 

Orientation of principle axis w.r.t. reference center:
alpha_p=      -10.298236243o or     -0.179738129588rad 

Orientation of principle axis w.r.t. elastic center:
alpha_p=     -10.6954279794o or      -0.18667043315rad 

Mass center:
MassX=     0.228776833317 
MassY=   -0.0369506271028 

Mass per unit length:
Mass=      679.175223607 

Mass moments of inertia:
Ixx=       870.06676938 
Iyy=      2156.04817664 
Ixy=     -48.9108823944 

Area center:
AreaX=     0.194049484798 
AreaY=   -0.0481095969882 

Area per unit length:
Area=     0.975039788435 
Area moments:
Ixx=    -0.046908771269 
Iyy=     0.189205968603 
Ixy=   -0.0213941717209 

Stiffness matrix with respect to shear center:
      1334499886.34	      -151939103.33	                  0	                  0	                  0	  -0.00020506978035
      -151939103.33	       893008489.54	                  0	                  0	                  0	   0.00115454941988
                  0	                  0	      8230113242.19	      670772924.663	       3282679217.2	                  0
                  0	                  0	      670772924.662	      13578925329.4	      1985617806.11	                  0
                  0	                  0	       3282679217.2	      1985617806.12	      23605718451.4	                  0
  2.98023223877e-08	  2.60770320892e-08	                  0	                  0	                  0	      7157728260.27

Stiffness matrix with respect to the elastic center:
      1334499886.34	      -151939103.33	                  0	                  0	                  0	      48162041.4291
      -151939103.33	       893008489.54	                  0	                  0	                  0	      343803747.218
                  0	                  0	      8230113242.19	  0.000970542430878	   0.00769710540771	                  0
                  0	                  0	 -3.17096710205e-05	      13524255812.3	      1718071993.01	                  0
                  0	                  0	 -0.000411987304688	      1718071993.03	      22296382537.5	                  0
      48162041.4293	      343803747.217	                  0	                  0	                  0	      7298783817.46

Stiffness matrix rotated along principle axis:
      1373839833.44	     -64572528.8673	                  0	                  0	                  0	      -67829694.968
     -64572528.8674	      853668542.433	                  0	                  0	                  0	      646943176.965
                  0	                  0	      8230113242.19	       186707071.01	     -2878794912.81	                  0
                  0	                  0	      186707071.011	      13204453077.4	   -0.0166325569153	                  0
                  0	                  0	     -2878794912.82	 -4.92245089384e-07	      23627388816.8	                  0
     -67829694.9676	      646943176.964	                  0	                  0	                  0	      7648267700.27

Stiffness matrix at the elastic center rotated along principle axis:
      1374710080.12	     -60960452.8979	                  0	                  0	                  0	     -16480568.8493
      -60960452.898	      852798295.756	                  0	                  0	                  0	      346769360.939
                  0	                  0	      8230113242.19	 -0.000474810191275	   0.00774350951119	                  0
                  0	                  0	  4.53011863169e-05	      13199764728.4	    -0.016655921936	                  0
                  0	                  0	 -0.000410715041091	 -1.10116142252e-06	      22620873621.5	                  0
      -16480568.849	      346769360.938	                  0	                  0	                  0	      7298783817.46

Mass matrix with respect to mass center
      679.175223607	                  0	                  0	                  0	                  0	                  0
                  0	      679.175223607	                  0	                  0	                  0	                  0
                  0	                  0	      679.175223607	                  0	                  0	                  0
                  0	                  0	                  0	      869.139458274	      43.1695103271	                  0
                  0	                  0	                  0	      43.1695103271	      2120.50093365	                  0
                  0	                  0	                  0	                  0	                  0	      2989.64039192
