********************************
*                              *
*          BECAS 2.3           *
*              by              *
*     becas-dtuwind@dtu.dk     *
*                              *
*   A cross section analysis   *
*   program for anisotropic    *
*   beams with arbitrary       *
*   geometry.                  *
*                              *
*     (c)DTU Wind Energy       *
********************************


Output generated on the (yyyy.mm.dd) 2017. 8. 9 at (hh.mm.ss) 10.32. 0  
The input folder: is C:\Users\wentingmann\Documents\MATLAB\SBref_BECAS_Project\BECAS_outputs_80_sec_c2\BL_027_BCS 

Stiffness matrix w.r.t. to the cross section reference point 
K=
      821214110.613	      11928759.6438	                  0	                  0	                  0	     -56360065.1087
      11928759.6438	      308711343.053	                  0	                  0	                  0	      198448976.499
                  0	                  0	      7882926280.41	     -47095825.3463	      -3358051460.9	                  0
                  0	                  0	     -47095825.3539	      3738192295.31	      452803708.086	                  0
                  0	                  0	     -3358051460.92	      452803708.075	      10045280932.8	                  0
     -56360065.1086	      198448976.499	                  0	                  0	                  0	      1237398695.95

Compliance matrix w.r.t. to the cross section reference point 
F=
  1.22390142763e-09	 -9.26819190718e-11	                  0	                  0	                 -0	  7.06092518226e-11
 -9.26819190719e-11	  3.61862746994e-09	                  0	                  0	                  0	  -5.8456217798e-10
                  0	                  0	  1.47985169798e-10	 -4.15053843659e-12	  4.96572667465e-11	                 -0
                  0	                  0	 -4.15053843649e-12	  2.69094017826e-10	  -1.3517241744e-11	                 -0
                  0	                  0	  4.96572667469e-11	 -1.35172417438e-11	  1.16758537882e-10	                 -0
  7.06092518225e-11	 -5.84562177981e-10	                  0	                  0	                  0	  9.05112726896e-10

Mass matrix w.r.t. to the cross section reference point 
M=
      404.898698834	                  0	                  0	                  0	                  0	     -12.1592839307
                  0	      404.898698834	                  0	                  0	                  0	      56.7521659278
                  0	                  0	      404.898698834	      12.1592839307	     -56.7521659278	                  0
                 -0	                 -0	      12.1592839307	      137.555340873	      21.5702298552	                  0
                 -0	                 -0	     -56.7521659278	      21.5702298552	      660.569011965	                  0
     -12.1592839307	      56.7521659278	                 -0	                  0	                  0	      798.124352839

Shear center;
ShearX=     0.645844612069 
ShearY=    0.0780115556044 

Elastic center:
ElasticX=       0.4259904687 
ElasticY=  -0.00597440895405 

Orientation of principle axis w.r.t. reference center:
alpha_p=     -4.08550185192o or    -0.0713054589123rad 

Orientation of principle axis w.r.t. elastic center:
alpha_p=     -5.03166139673o or    -0.0878190582185rad 

Mass center:
MassX=     0.140163863433 
MassY=    0.0300304346882 

Mass per unit length:
Mass=      404.898698834 

Mass moments of inertia:
Ixx=      137.555340873 
Iyy=      660.569011965 
Ixy=     -21.5702298552 

Area center:
AreaX=     0.141985598562 
AreaY=     0.040663837247 

Area per unit length:
Area=     0.515367121749 
Area moments:
Ixx=    0.0209568047612 
Iyy=    0.0731747092606 
Ixy=   -0.0131479584034 

Stiffness matrix with respect to shear center:
      821214110.613	      11928759.6438	                  0	                  0	                  0	 -0.000111363828182
      11928759.6438	      308711343.053	                  0	                  0	                  0	 -0.000227886368521
                  0	                  0	      7882926280.41	     -662055167.196	      1733094004.65	                  0
                  0	                  0	     -662055167.204	      3793514267.39	      287185763.719	                  0
                  0	                  0	      1733094004.62	      287185763.715	      8995810914.84	                  0
  7.45058059692e-09	 -1.16415321827e-10	                  0	                  0	                  0	      1104834757.36

Stiffness matrix with respect to the elastic center:
      821214110.613	      11928759.6438	                  0	                  0	                  0	      -66347871.956
      11928759.6438	      308711343.053	                  0	                  0	                  0	      66869619.4903
                  0	                  0	      7882926280.41	   0.00753832608461	    0.0269498825073	                  0
                  0	                  0	   5.0887465477e-06	      3737910925.59	       432741335.37	                  0
                  0	                  0	  0.000101566314697	      432741335.361	      8614783017.07	                  0
     -66347871.9559	      66869619.4906	                  0	                  0	                  0	      1125108610.29

Stiffness matrix rotated along principle axis:
      816917308.979	      48228161.1839	                  0	                  0	                  0	      -70355352.417
      48228161.1839	      313008144.687	                  0	                  0	                  0	       193929310.83
                  0	                  0	      7882926280.41	      192268394.141	     -3352873468.45	                  0
                  0	                  0	      192268394.135	       3705850086.2	    0.0111026763916	                  0
                  0	                  0	     -3352873468.47	  6.53139829562e-08	      10077623141.9	                  0
     -70355352.4168	       193929310.83	                  0	                  0	                  0	      1237398695.95

Stiffness matrix at the elastic center rotated along principle axis:
      815187354.467	      56521701.3277	                  0	                  0	                  0	     -71957074.4506
      56521701.3278	      314738099.199	                  0	                  0	                  0	      60792808.4595
                  0	                  0	      7882926280.41	   0.00514560388697	    0.0275071861148	                  0
                  0	                  0	  -3.8388612956e-06	      3699809991.49	   0.00805401802063	                  0
                  0	                  0	  0.000101621231869	 -1.44346920301e-08	      8652883951.17	                  0
     -71957074.4505	      60792808.4597	                  0	                  0	                  0	      1125108610.29

Mass matrix with respect to mass center
      404.898698834	                  0	                  0	                  0	                  0	                  0
                  0	      404.898698834	                  0	                  0	                  0	                  0
                  0	                  0	      404.898698834	                  0	                  0	                  0
                  0	                  0	                  0	      137.190192292	      23.2745220675	                  0
                  0	                  0	                  0	      23.2745220675	      652.614409131	                  0
                  0	                  0	                  0	                  0	                  0	      789.804601422
