********************************
*                              *
*          BECAS 2.3           *
*              by              *
*     becas-dtuwind@dtu.dk     *
*                              *
*   A cross section analysis   *
*   program for anisotropic    *
*   beams with arbitrary       *
*   geometry.                  *
*                              *
*     (c)DTU Wind Energy       *
********************************


Output generated on the (yyyy.mm.dd) 2017. 8. 9 at (hh.mm.ss) 12.51.21  
The input folder: is C:\Users\wentingmann\Documents\MATLAB\SBref_BECAS_Project\BECAS_outputs_80_sec_TP\BL_051_BCS 

Stiffness matrix w.r.t. to the cross section reference point 
K=
      404969087.073	      6706734.59789	                  0	                  0	                  0	     -37755787.2727
      6706734.59787	      95718661.3349	                  0	                  0	                  0	      1184889.39661
                  0	                  0	       5143626330.8	       34820755.203	      1186026479.23	                  0
                  0	                  0	      34820755.2024	       457358134.15	      61063806.2544	                  0
                  0	                  0	      1186026479.23	      61063806.2547	      2256354679.22	                  0
     -37755787.2726	      1184889.39661	                  0	                  0	                  0	        92948443.65

Compliance matrix w.r.t. to the cross section reference point 
F=
  2.57008123633e-09	 -1.93031931876e-10	                  0	                  0	                 -0	  1.04643131291e-09
 -1.93031931875e-10	  1.04634305834e-08	                  0	                  0	                  0	 -2.11795698068e-10
                  0	                  0	  2.21229682992e-10	 -1.32206000749e-12	 -1.16251019585e-10	                 -0
                  0	                  0	 -1.32206000724e-12	  2.19440727362e-09	 -5.86923960332e-11	                 -0
                  0	                  0	 -1.16251019585e-10	 -5.86923960334e-11	  5.05887119202e-10	                 -0
  1.04643131291e-09	 -2.11795698068e-10	                  0	                  0	                  0	  1.11864142281e-08

Mass matrix w.r.t. to the cross section reference point 
M=
      197.172118186	                  0	                  0	                  0	                  0	     -5.42010275769
                  0	      197.172118186	                  0	                  0	                  0	     -82.3871594519
                  0	                  0	      197.172118186	      5.42010275769	      82.3871594519	                  0
                 -0	                 -0	      5.42010275769	      12.6833121887	      5.34998401516	                  0
                 -0	                 -0	      82.3871594519	      5.34998401516	      150.426755517	                  0
     -5.42010275769	     -82.3871594519	                 -0	                  0	                  0	      163.110067705

Shear center;
ShearX=     0.018933296564 
ShearY=    0.0935448385493 

Elastic center:
ElasticX=    -0.230581773044 
ElasticY=   0.00676968989638 

Orientation of principle axis w.r.t. reference center:
alpha_p=     -1.94182613945o or    -0.0338912596346rad 

Orientation of principle axis w.r.t. elastic center:
alpha_p=      -1.9883830141o or    -0.0347038303868rad 

Mass center:
MassX=    -0.417843862559 
MassY=    0.0274891947581 

Mass per unit length:
Mass=      197.172118186 

Mass moments of inertia:
Ixx=      12.6833121887 
Iyy=      150.426755517 
Ixy=     -5.34998401516 

Area center:
AreaX=    -0.376766206387 
AreaY=    0.0375669230982 

Area per unit length:
Area=     0.232561816282 
Area moments:
Ixx=   0.00873663186784 
Iyy=   -0.0876214332708 
Ixy=  -0.00677257090017 

Stiffness matrix with respect to shear center:
      404969087.073	      6706734.59789	                  0	                  0	                  0	 -7.46101140976e-05
      6706734.59787	      95718661.3349	                  0	                  0	                  0	 -3.56789678335e-06
                  0	                  0	       5143626330.8	     -446338939.469	      1283412281.97	                  0
                  0	                  0	      -446338939.47	      495853536.257	     -58333516.7694	                  0
                  0	                  0	      1283412281.97	     -58333516.7691	      2303109295.63	                  0
                  0	 -1.16415321827e-10	                  0	                  0	                  0	       89394150.763

Stiffness matrix with respect to the elastic center:
      404969087.073	      6706734.59789	                  0	                  0	                  0	     -33467821.3806
      6706734.59787	      95718661.3349	                  0	                  0	                  0	       23301270.554
                  0	                  0	       5143626330.8	   0.00067400187254	 -8.32080841064e-05	                  0
                  0	                  0	  3.42726707458e-07	      457122408.435	      53034774.7811	                  0
                  0	                  0	  1.28746032715e-05	      53034774.7813	      1982878590.76	                  0
     -33467821.3806	       23301270.554	                  0	                  0	                  0	      98112344.0826

Stiffness matrix rotated along principle axis:
      404159761.268	      17164196.1787	                  0	                  0	                  0	     -37774255.5765
      17164196.1787	      96527987.1398	                  0	                  0	                  0	     -95137.2736928
                  0	                  0	       5143626330.8	     -5387477.57177	       1186525292.4	                  0
                  0	                  0	     -5387477.57244	      455287812.108	  -0.00032601505518	                  0
                  0	                  0	       1186525292.4	  -1.4774615455e-08	      2258425001.26	                  0
     -37774255.5764	     -95137.2736886	                  0	                  0	                  0	        92948443.65

Stiffness matrix at the elastic center rotated along principle axis:
      404131663.913	      17414145.9847	                  0	                  0	                  0	     -34256150.8553
      17414145.9847	      96556084.4955	                  0	                  0	                  0	      22126011.9764
                  0	                  0	       5143626330.8	  0.000676483103874	 -5.97722311864e-05	                  0
                  0	                  0	 -1.04188023943e-07	      455281159.374	 -0.000170018523932	                  0
                  0	                  0	    1.287874279e-05	   1.3174684742e-08	      1984719839.82	                  0
     -34256150.8552	      22126011.9764	                  0	                  0	                  0	      98112344.0826

Mass matrix with respect to mass center
      197.172118186	                  0	                  0	                  0	                  0	                  0
                  0	      197.172118186	                  0	                  0	                  0	                  0
                  0	                  0	      197.172118186	                  0	                  0	                  0
                  0	                  0	                  0	      12.5343179284	      3.08522734343	                  0
                  0	                  0	                  0	      3.08522734343	      116.001786586	                  0
                  0	                  0	                  0	                  0	                  0	      128.536104514
