********************************
*                              *
*          BECAS 2.3           *
*              by              *
*     becas-dtuwind@dtu.dk     *
*                              *
*   A cross section analysis   *
*   program for anisotropic    *
*   beams with arbitrary       *
*   geometry.                  *
*                              *
*     (c)DTU Wind Energy       *
********************************


Output generated on the (yyyy.mm.dd) 2017. 8. 9 at (hh.mm.ss) 12.47.37  
The input folder: is C:\Users\wentingmann\Documents\MATLAB\SBref_BECAS_Project\BECAS_outputs_80_sec_TP\BL_037_BCS 

Stiffness matrix w.r.t. to the cross section reference point 
K=
       573884337.92	      13223638.1583	                  0	                  0	                  0	     -44052325.7534
      13223638.1582	      177247372.717	                  0	                  0	                  0	      3254288.27006
                  0	                  0	      7559300591.32	     -25433870.7963	      1941087669.74	                  0
                  0	                  0	     -25433870.7975	      1642696547.31	      123537243.211	                  0
                  0	                  0	      1941087669.74	      123537243.211	      5360620773.87	                  0
     -44052325.7535	      3254288.27016	                  0	                  0	                  0	      337666295.769

Compliance matrix w.r.t. to the cross section reference point 
F=
   1.7634006134e-09	 -1.35807356173e-10	                  0	                  0	                 -0	  2.31364087918e-10
 -1.35807356171e-10	  5.65329018412e-09	                  0	                  0	                  0	  -7.2201656288e-11
                  0	                  0	  1.45912383275e-10	  6.24338634116e-12	 -5.29789423193e-11	                 -0
                  0	                  0	  6.24338634126e-12	  6.10079170695e-10	 -1.63202104426e-11	                 -0
                  0	                  0	 -5.29789423193e-11	 -1.63202104426e-11	  2.06105406837e-10	                 -0
  2.31364087918e-10	   -7.220165629e-11	                  0	                  0	                  0	  2.99238361611e-09

Mass matrix w.r.t. to the cross section reference point 
M=
      309.219750429	                  0	                  0	                  0	                  0	     -8.30360127336
                  0	      309.219750429	                  0	                  0	                  0	     -154.780789264
                  0	                  0	      309.219750429	      8.30360127336	      154.780789264	                  0
                 -0	                 -0	      8.30360127336	      48.0484719503	      12.3971034883	                  0
                 -0	                 -0	      154.780789264	      12.3971034883	      382.555607021	                  0
     -8.30360127336	     -154.780789264	                 -0	                  0	                  0	      430.604078971

Shear center;
ShearX=    0.0241284760087 
ShearY=    0.0773176562901 

Elastic center:
ElasticX=    -0.256781384242 
ElasticY=  -0.00336457989602 

Orientation of principle axis w.r.t. reference center:
alpha_p=     -1.90099907086o or    -0.0331786928638rad 

Orientation of principle axis w.r.t. elastic center:
alpha_p=      -2.3096852979o or    -0.0403116131333rad 

Mass center:
MassX=     -0.50055272682 
MassY=    0.0268533987944 

Mass per unit length:
Mass=      309.219750429 

Mass moments of inertia:
Ixx=      48.0484719503 
Iyy=      382.555607021 
Ixy=     -12.3971034883 

Area center:
AreaX=    -0.454832127849 
AreaY=    0.0415858054454 

Area per unit length:
Area=     0.362515146149 
Area moments:
Ixx=    0.0150754843387 
Iyy=      -0.1648835353 
Ixy=   -0.0138136678467 

Stiffness matrix with respect to shear center:
       573884337.92	      13223638.1583	                  0	                  0	                  0	  7.66068696976e-05
      13223638.1582	      177247372.717	                  0	                  0	                  0	 -0.000117015559226
                  0	                  0	      7559300591.32	     -609901275.709	       2123482072.7	                  0
                  0	                  0	     -609901275.711	       1691819171.8	     -41259094.3657	                  0
                  0	                  0	       2123482072.7	     -41259094.3653	      5458692647.39	                  0
                  0	  4.65661287308e-10	                  0	                  0	                  0	      334181752.171

Stiffness matrix with respect to the elastic center:
       573884337.92	      13223638.1583	                  0	                  0	                  0	     -42587621.3484
      13223638.1582	      177247372.717	                  0	                  0	                  0	      48723622.0024
                  0	                  0	      7559300591.32	   0.00124770402908	   0.00135445594788	                  0
                  0	                  0	  2.23517417908e-08	      1642610973.02	      130068187.761	                  0
                  0	                  0	  4.76837158203e-07	      130068187.761	       4862185595.1	                  0
     -42587621.3485	      48723622.0025	                  0	                  0	                  0	      351304762.543

Stiffness matrix rotated along principle axis:
      572571027.738	      26344775.3383	                  0	                  0	                  0	     -44136034.2346
      26344775.3382	      178560682.899	                  0	                  0	                  0	      1791166.79235
                  0	                  0	      7559300591.32	     -89810809.1844	      1939175660.42	                  0
                  0	                  0	     -89810809.1856	      1638596238.38	  -0.00028233975172	                  0
                  0	                  0	      1939175660.41	 -2.91113807399e-08	      5364721082.81	                  0
     -44136034.2346	      1791166.79246	                  0	                  0	                  0	      337666295.769

Stiffness matrix at the elastic center rotated along principle axis:
      572175163.786	      29152443.6642	                  0	                  0	                  0	     -44516618.9188
      29152443.6641	      178956546.851	                  0	                  0	                  0	      46967727.9968
                  0	                  0	      7559300591.32	   0.00119210487296	   0.00140363892465	                  0
                  0	                  0	  3.11671375789e-09	      1637364872.57	  4.26322221756e-05	                  0
                  0	                  0	  4.77350564994e-07	  2.05529361105e-08	      4867431695.56	                  0
     -44516618.9189	      46967727.9969	                  0	                  0	                  0	      351304762.543

Mass matrix with respect to mass center
      309.219750429	                  0	                  0	                  0	                  0	                  0
                  0	      309.219750429	                  0	                  0	                  0	                  0
                  0	                  0	      309.219750429	                  0	                  0	                  0
                  0	                  0	                  0	      47.8254920339	       8.2407132285	                  0
                  0	                  0	                  0	       8.2407132285	      305.079660896	                  0
                  0	                  0	                  0	                  0	                  0	       352.90515293
