********************************
*                              *
*          BECAS 2.3           *
*              by              *
*     becas-dtuwind@dtu.dk     *
*                              *
*   A cross section analysis   *
*   program for anisotropic    *
*   beams with arbitrary       *
*   geometry.                  *
*                              *
*     (c)DTU Wind Energy       *
********************************


Output generated on the (yyyy.mm.dd) 2017. 8. 9 at (hh.mm.ss) 12.42.24  
The input folder: is C:\Users\wentingmann\Documents\MATLAB\SBref_BECAS_Project\BECAS_outputs_80_sec_TP\BL_022_BCS 

Stiffness matrix w.r.t. to the cross section reference point 
K=
      890531587.507	     -38232312.0124	                  0	                  0	                  0	      41306365.2287
     -38232312.0125	      396689005.364	                  0	                  0	                  0	     -15316394.0213
                  0	                  0	      7655180842.65	     -155633084.543	      2707449697.57	                  0
                  0	                  0	      -155633084.55	      5613313029.93	      564974830.117	                  0
                  0	                  0	      2707449697.56	      564974830.155	      12605879437.7	                  0
      41306365.2284	     -15316394.0213	                  0	                  0	                  0	       1955593721.7

Compliance matrix w.r.t. to the cross section reference point 
F=
  1.12862316275e-09	  1.07887255543e-10	                  0	                  0	                  0	 -2.29939768938e-11
  1.07887255543e-10	  2.53194213303e-09	                  0	                  0	                 -0	  1.75515970351e-11
                  0	                  0	  1.41643964398e-10	   7.0207788886e-12	 -3.07364887827e-11	                 -0
                  0	                  0	  7.02077888858e-12	  1.79303161054e-10	 -9.54397344744e-12	                 -0
                  0	                  0	 -3.07364887826e-11	 -9.54397344797e-12	  8.63572912481e-11	                 -0
 -2.29939768936e-11	  1.75515970351e-11	                  0	                  0	                  0	  5.11976804626e-10

Mass matrix w.r.t. to the cross section reference point 
M=
      441.118641885	                  0	                  0	                  0	                  0	     0.430229682679
                  0	      441.118641885	                  0	                  0	                  0	     -261.509284445
                  0	                  0	      441.118641885	    -0.430229682679	      261.509284445	                  0
                 -0	                 -0	    -0.430229682679	      236.026708596	      21.0042880191	                  0
                 -0	                 -0	      261.509284445	      21.0042880191	      1106.86170513	                  0
     0.430229682679	     -261.509284445	                 -0	                  0	                  0	      1342.88841373

Shear center;
ShearX=   -0.0342820160534 
ShearY=   -0.0449121457962 

Elastic center:
ElasticX=    -0.353675471973 
ElasticY=   -0.0203304255966 

Orientation of principle axis w.r.t. reference center:
alpha_p=     -4.58962384321o or     -0.080104047492rad 

Orientation of principle axis w.r.t. elastic center:
alpha_p=      -5.8026321599o or     -0.101275036472rad 

Mass center:
MassX=    -0.592832085553 
MassY= -0.000975315123479 

Mass per unit length:
Mass=      441.118641885 

Mass moments of inertia:
Ixx=      236.026708596 
Iyy=      1106.86170513 
Ixy=     -21.0042880191 

Area center:
AreaX=    -0.643836442508 
AreaY=     0.020954832583 

Area per unit length:
Area=     0.609443169727 
Area moments:
Ixx=    0.0127707795905 
Iyy=    -0.392381722308 
Ixy=   -0.0245005050659 

Stiffness matrix with respect to shear center:
      890531587.507	     -38232312.0124	                  0	                  0	                  0	  0.000241868197918
     -38232312.0125	      396689005.364	                  0	                  0	                  0	  1.91959552467e-05
                  0	                  0	      7655180842.65	      188177513.559	      2445014665.03	                  0
                  0	                  0	      188177513.551	      5614774670.07	       680121101.13	                  0
                  0	                  0	      2445014665.02	      680121101.167	      12429242571.7	                  0
 -7.45058059692e-09	 -1.62981450558e-09	                  0	                  0	                  0	      1953213487.34

Stiffness matrix with respect to the elastic center:
      890531587.507	     -38232312.0124	                  0	                  0	                  0	      9679648.05179
     -38232312.0125	      396689005.364	                  0	                  0	                  0	      125760056.352
                  0	                  0	      7655180842.65	   0.00761100649834	   0.00956773757935	                  0
                  0	                  0	 -5.11407852173e-05	      5610148943.08	      620018434.751	                  0
                  0	                  0	 -0.000959873199463	      620018434.785	        11648320888	                  0
      9679648.05153	      125760056.352	                  0	                  0	                  0	      1993618368.75

Stiffness matrix rotated along principle axis:
      893468497.875	      1647070.01692	                  0	                  0	                  0	      42399505.1287
      1647070.01686	      393752094.996	                  0	                  0	                  0	     -11962010.6612
                  0	                  0	      7655180842.65	      -371779844.54	      2686314439.73	                  0
                  0	                  0	     -371779844.547	      5567959211.13	   -0.0373376011848	                  0
                  0	                  0	      2686314439.72	 -2.37543825004e-07	      12651233256.5	                  0
      42399505.1285	     -11962010.6612	                  0	                  0	                  0	       1955593721.7

Stiffness matrix at the elastic center rotated along principle axis:
      893174833.695	      12221923.2827	                  0	                  0	                  0	     -3084543.27089
      12221923.2826	      394045759.176	                  0	                  0	                  0	      126094301.826
                  0	                  0	      7655180842.65	   0.00660469077626	    0.0102882011088	                  0
                  0	                  0	  4.61663587235e-05	      5547140989.56	   -0.0344134569168	                  0
                  0	                  0	 -0.000960125307594	 -1.34350685633e-07	      11711328841.5	                  0
     -3084543.27115	      126094301.826	                  0	                  0	                  0	      1993618368.75

Mass matrix with respect to mass center
      441.118641885	                  0	                  0	                  0	                  0	                  0
                  0	      441.118641885	                  0	                  0	                  0	                  0
                  0	                  0	      441.118641885	                  0	                  0	                  0
                  0	                  0	                  0	      236.026288986	      21.2593419792	                  0
                  0	                  0	                  0	      21.2593419792	      951.830610641	                  0
                  0	                  0	                  0	                  0	                  0	      1187.85689963
