********************************
*                              *
*          BECAS 2.3           *
*              by              *
*     becas-dtuwind@dtu.dk     *
*                              *
*   A cross section analysis   *
*   program for anisotropic    *
*   beams with arbitrary       *
*   geometry.                  *
*                              *
*     (c)DTU Wind Energy       *
********************************


Output generated on the (yyyy.mm.dd) 2017. 8. 9 at (hh.mm.ss) 12.50. 4  
The input folder: is C:\Users\wentingmann\Documents\MATLAB\SBref_BECAS_Project\BECAS_outputs_80_sec_TP\BL_046_BCS 

Stiffness matrix w.r.t. to the cross section reference point 
K=
      441364568.818	       9859757.8937	                  0	                  0	                  0	     -36118754.3067
      9859757.89372	      118028518.297	                  0	                  0	                  0	      905607.153838
                  0	                  0	       6195020097.7	      48086914.7152	      1405571849.22	                  0
                  0	                  0	      48086914.7161	      758897249.854	       75680562.964	                  0
                  0	                  0	      1405571849.22	      75680562.9638	      3079862216.44	                  0
     -36118754.3066	      905607.153827	                  0	                  0	                  0	       142292219.63

Compliance matrix w.r.t. to the cross section reference point 
F=
  2.31839001248e-09	  -1.9819655836e-10	                  0	                  0	                 -0	  5.89750076898e-10
 -1.98196558361e-10	  8.48988598501e-09	                  0	                  0	                  0	 -1.04342418143e-10
                  0	                  0	  1.80072788506e-10	 -3.22264447065e-12	 -8.21015139693e-11	                 -0
                  0	                  0	 -3.22264447084e-12	  1.32099607251e-09	  -3.0989720119e-11	                 -0
                  0	                  0	 -8.21015139693e-11	  -3.0989720119e-11	   3.6292042232e-10	                 -0
  5.89750076897e-10	 -1.04342418142e-10	                  0	                  0	                  0	  7.17815446286e-09

Mass matrix w.r.t. to the cross section reference point 
M=
      228.575648285	                  0	                  0	                  0	                  0	     -6.04019962267
                  0	      228.575648285	                  0	                  0	                  0	     -100.865581995
                  0	                  0	      228.575648285	      6.04019962267	      100.865581995	                  0
                 -0	                 -0	      6.04019962267	      20.2796623126	      7.06296820887	                  0
                 -0	                 -0	      100.865581995	      7.06296820887	       203.74614864	                  0
     -6.04019962267	     -100.865581995	                 -0	                  0	                  0	      224.025810953

Shear center;
ShearX=    0.0145361065552 
ShearY=    0.0821590117555 

Elastic center:
ElasticX=     -0.22688737519 
ElasticY=   0.00776218865439 

Orientation of principle axis w.r.t. reference center:
alpha_p=     -1.86562285571o or    -0.0325612614326rad 

Orientation of principle axis w.r.t. elastic center:
alpha_p=     -1.85069877954o or    -0.0323007871655rad 

Mass center:
MassX=    -0.441278774671 
MassY=    0.0264253855036 

Mass per unit length:
Mass=      228.575648285 

Mass moments of inertia:
Ixx=      20.2796623126 
Iyy=       203.74614864 
Ixy=     -7.06296820887 

Area center:
AreaX=    -0.404796485135 
AreaY=     0.037206708014 

Area per unit length:
Area=     0.271381059263 
Area moments:
Ixx=    0.0100971958325 
Iyy=    -0.109854098922 
Ixy=  -0.00875501077704 

Stiffness matrix with respect to shear center:
      441364568.818	       9859757.8937	                  0	                  0	                  0	 -6.42389059067e-05
      9859757.89372	      118028518.297	                  0	                  0	                  0	  1.20233744383e-05
                  0	                  0	       6195020097.7	     -460889814.317	      1495623321.47	                  0
                  0	                  0	     -460889814.316	      792812728.135	     -46499374.5701	                  0
                  0	                  0	      1495623321.47	     -46499374.5704	      3122034298.58	                  0
                  0	  1.16415321827e-10	                  0	                  0	                  0	      139311574.469

Stiffness matrix with respect to the elastic center:
      441364568.818	       9859757.8937	                  0	                  0	                  0	     -30455744.6697
      9859757.89372	      118028518.297	                  0	                  0	                  0	      27761321.1687
                  0	                  0	       6195020097.7	 -0.000918380916119	 -0.000101089477539	                  0
                  0	                  0	                  0	       758523990.15	      64770249.1031	                  0
                  0	                  0	  2.38418579102e-07	      64770249.1031	      2760955708.93	                  0
     -30455744.6696	      27761321.1687	                  0	                  0	                  0	      148279619.932

Stiffness matrix rotated along principle axis:
      440380238.957	      20359647.5918	                  0	                  0	                  0	     -36129091.3021
      20359647.5918	      119012848.158	                  0	                  0	                  0	     -270737.275937
                  0	                  0	       6195020097.7	      2302319.69666	      1406392290.23	                  0
                  0	                  0	      2302319.69758	      756432123.991	  0.000212475657463	                  0
                  0	                  0	      1406392290.23	  7.01992037176e-09	       3082327342.3	                  0
      -36129091.302	     -270737.275945	                  0	                  0	                  0	       142292219.63

Stiffness matrix at the elastic center rotated along principle axis:
      440390823.482	      20275936.8974	                  0	                  0	                  0	     -31336414.7949
      20275936.8974	      119002263.634	                  0	                  0	                  0	      26763266.6956
                  0	                  0	       6195020097.7	 -0.000914637163678	 -0.000130696015159	                  0
                  0	                  0	   -7.699768703e-09	      756431132.214	  4.88758087158e-06	                  0
                  0	                  0	  2.38294213993e-07	 -5.97187014003e-09	      2763048566.86	                  0
     -31336414.7948	      26763266.6956	                  0	                  0	                  0	      148279619.932

Mass matrix with respect to mass center
      228.575648285	                  0	                  0	                  0	                  0	                  0
                  0	      228.575648285	                  0	                  0	                  0	                  0
                  0	                  0	      228.575648285	                  0	                  0	                  0
                  0	                  0	                  0	      20.1200477091	      4.39755632061	                  0
                  0	                  0	                  0	      4.39755632061	      159.236308211	                  0
                  0	                  0	                  0	                  0	                  0	       179.35635592
