********************************
*                              *
*          BECAS 2.3           *
*              by              *
*     becas-dtuwind@dtu.dk     *
*                              *
*   A cross section analysis   *
*   program for anisotropic    *
*   beams with arbitrary       *
*   geometry.                  *
*                              *
*     (c)DTU Wind Energy       *
********************************


Output generated on the (yyyy.mm.dd) 2017. 8. 9 at (hh.mm.ss) 10.40.42  
The input folder: is C:\Users\wentingmann\Documents\MATLAB\SBref_BECAS_Project\BECAS_outputs_80_sec_c2\BL_059_BCS 

Stiffness matrix w.r.t. to the cross section reference point 
K=
      255253862.411	     -5574640.81839	                  0	                  0	                  0	     -12725812.3594
     -5574640.81835	      65862067.5088	                  0	                  0	                  0	      32753944.1315
                  0	                  0	      3537404974.73	      37862111.6643	     -844443626.282	                  0
                  0	                  0	      37862111.6644	      192866414.207	      10908336.9616	                  0
                  0	                  0	     -844443626.283	      10908336.9617	      1207988314.82	                  0
     -12725812.3594	      32753944.1316	                  0	                  0	                  0	      54071249.2525

Compliance matrix w.r.t. to the cross section reference point 
F=
  3.96573844545e-09	 -1.83898559245e-10	                 -0	                  0	                 -0	  1.04474461455e-09
 -1.83898559246e-10	  2.17376470357e-08	                  0	                  0	                  0	 -1.32109752408e-08
                  0	                  0	  3.40557309353e-10	 -8.03615475079e-11	  2.38792094732e-10	                 -0
                  0	                  0	  -8.0361547508e-11	  5.20654839157e-09	 -1.03192704205e-10	                 -0
                  0	                  0	  2.38792094732e-10	 -1.03192704205e-10	  9.95681918807e-10	                 -0
  1.04474461455e-09	 -1.32109752409e-08	                  0	                  0	                  0	  2.67426180989e-08

Mass matrix w.r.t. to the cross section reference point 
M=
      139.843907616	                  0	                  0	                  0	                  0	     -3.51945056412
                  0	      139.843907616	                  0	                  0	                  0	      16.5248313266
                  0	                  0	      139.843907616	      3.51945056412	     -16.5248313266	                  0
                 -0	                 -0	      3.51945056412	      5.52644724749	     0.714300411462	                  0
                 -0	                 -0	     -16.5248313266	     0.714300411462	      62.0269694827	                  0
     -3.51945056412	      16.5248313266	                 -0	                  0	                  0	      67.5534167302

Shear center;
ShearX=     0.494004558268 
ShearY=    0.0390666542328 

Elastic center:
ElasticX=     0.238718391678 
ElasticY=    0.0107033579516 

Orientation of principle axis w.r.t. reference center:
alpha_p=    -0.615596479479o or    -0.0107441854306rad 

Orientation of principle axis w.r.t. elastic center:
alpha_p=     -1.40298412996o or     -0.024486692421rad 

Mass center:
MassX=     0.118166258425 
MassY=    0.0251669924283 

Mass per unit length:
Mass=      139.843907616 

Mass moments of inertia:
Ixx=      5.52644724749 
Iyy=      62.0269694827 
Ixy=    -0.714300411462 

Area center:
AreaX=     0.143358571933 
AreaY=    0.0435553265103 

Area per unit length:
Area=     0.173505308605 
Area moments:
Ixx=   0.00755708036754 
Iyy=    0.0248734732643 
Ixy= -0.000355963875458 

Stiffness matrix with respect to shear center:
      255253862.411	     -5574640.81839	                  0	                  0	                  0	 -9.14558768272e-06
     -5574640.81835	      65862067.5088	                  0	                  0	                  0	  -3.4873111872e-05
                  0	                  0	      3537404974.73	     -100332465.365	      903050555.675	                  0
                  0	                  0	     -100332465.365	      195306921.914	     -5666771.10387	                  0
                  0	                  0	      903050555.674	      -5666771.1038	      1236940405.08	                  0
  1.86264514923e-09	  1.19325704873e-09	                  0	                  0	                  0	       37393496.639

Stiffness matrix with respect to the elastic center:
      255253862.411	     -5574640.81839	                  0	                  0	                  0	     -8662969.61114
     -5574640.81835	      65862067.5088	                  0	                  0	                  0	      16971789.9271
                  0	                  0	      3537404974.73	 -0.000121474266052	   0.00113391876221	                  0
                  0	                  0	  2.75671482086e-07	      192461162.473	      19946719.3636	                  0
                  0	                  0	  1.34706497192e-05	      19946719.3637	      1006404090.49	                  0
     -8662969.61112	      16971789.9272	                  0	                  0	                  0	      41971870.2034

Stiffness matrix rotated along principle axis:
      255351781.064	     -3538649.85491	                  0	                  0	                  0	      -13076985.527
     -3538649.85487	       65764148.856	                  0	                  0	                  0	      32615327.7755
                  0	                  0	      3537404974.73	      46932610.6806	      -843988096.79	                  0
                  0	                  0	      46932610.6807	      192749208.501	 -8.65000765771e-05	                  0
                  0	                  0	     -843988096.791	 -1.52093807599e-09	      1208105520.52	                  0
      -13076985.527	      32615327.7756	                  0	                  0	                  0	      54071249.2525

Stiffness matrix at the elastic center rotated along principle axis:
      255413226.057	     -932232.004035	                  0	                  0	                  0	     -9075914.06138
     -932232.003996	      65702703.8627	                  0	                  0	                  0	      16754595.7804
                  0	                  0	      3537404974.73	 -0.000149200995314	   0.00113060462567	                  0
                  0	                  0	 -5.42298541359e-08	      191972635.647	  -6.9422647357e-05	                  0
                  0	                  0	  1.34733610412e-05	  4.59045677852e-10	      1006892617.31	                  0
     -9075914.06136	      16754595.7804	                  0	                  0	                  0	      41971870.2034

Mass matrix with respect to mass center
      139.843907616	                  0	                  0	                  0	                  0	                  0
                  0	      139.843907616	                  0	                  0	                  0	                  0
                  0	                  0	      139.843907616	                  0	                  0	                  0
                  0	                  0	                  0	      5.43787326179	      1.13018071634	                  0
                  0	                  0	                  0	      1.13018071634	      60.0742919937	                  0
                  0	                  0	                  0	                  0	                  0	      65.5121652555
