********************************
*                              *
*          BECAS 2.3           *
*              by              *
*     becas-dtuwind@dtu.dk     *
*                              *
*   A cross section analysis   *
*   program for anisotropic    *
*   beams with arbitrary       *
*   geometry.                  *
*                              *
*     (c)DTU Wind Energy       *
********************************


Output generated on the (yyyy.mm.dd) 2017. 8. 9 at (hh.mm.ss) 10.42. 7  
The input folder: is C:\Users\wentingmann\Documents\MATLAB\SBref_BECAS_Project\BECAS_outputs_80_sec_c2\BL_066_BCS 

Stiffness matrix w.r.t. to the cross section reference point 
K=
      191650134.102	      -3005475.4898	                  0	                  0	                  0	     -9632759.23135
     -3005475.48975	      48447302.0674	                  0	                  0	                  0	      21312184.0405
                  0	                  0	       2227514343.7	      48826190.2757	     -488826851.147	                  0
                  0	                  0	      48826190.2763	      80329585.7366	     -2984484.42003	                  0
                  0	                  0	     -488826851.144	     -2984484.42058	      559982318.456	                  0
     -9632759.23134	      21312184.0406	                  0	                  0	                  0	      27528624.9567

Compliance matrix w.r.t. to the cross section reference point 
F=
  5.32881304972e-09	 -7.42589560955e-10	                 -0	                  0	                 -0	  2.43954714746e-09
 -7.42589560957e-10	  3.14045632131e-08	                  0	                  0	                  0	  -2.4572713618e-08
                  0	                  0	  5.63633984795e-10	 -3.24374261931e-10	   4.9028572333e-10	                 -0
                  0	                  0	 -3.24374261939e-10	  1.26378580461e-08	 -2.15802097018e-10	                 -0
                  0	                  0	  4.90285723326e-10	 -2.15802096997e-10	  2.21260694751e-09	                 -0
  2.43954714746e-09	 -2.45727136181e-08	                  0	                  0	                  0	  5.62032345511e-08

Mass matrix w.r.t. to the cross section reference point 
M=
      96.4613470087	                  0	                  0	                  0	                  0	     -2.95013996683
                  0	      96.4613470087	                  0	                  0	                  0	      13.0018427592
                  0	                  0	      96.4613470087	      2.95013996683	     -13.0018427592	                  0
                 -0	                 -0	      2.95013996683	      2.49579250441	    0.0885669704638	                  0
                 -0	                 -0	     -13.0018427592	    0.0885669704638	      32.1311242641	                  0
     -2.95013996683	      13.0018427592	                 -0	                  0	                  0	      34.6269167685

Shear center;
ShearX=     0.437211733708 
ShearY=    0.0434058140415 

Elastic center:
ElasticX=     0.219449474041 
ElasticY=    0.0219195851261 

Orientation of principle axis w.r.t. reference center:
alpha_p=     0.356486106365o or    0.00622185629368rad 

Orientation of principle axis w.r.t. elastic center:
alpha_p=     -1.18534243749o or    -0.0206881282978rad 

Mass center:
MassX=     0.134788111118 
MassY=    0.0305836488741 

Mass per unit length:
Mass=      96.4613470087 

Mass moments of inertia:
Ixx=      2.49579250441 
Iyy=      32.1311242641 
Ixy=   -0.0885669704638 

Area center:
AreaX=     0.138122332452 
AreaY=    0.0473596622926 

Area per unit length:
Area=     0.120027812219 
Area moments:
Ixx=   0.00568447665241 
Iyy=    0.0165785213828 
Ixy=  9.82759821241e-05 

Stiffness matrix with respect to shear center:
      191650134.102	      -3005475.4898	                  0	                  0	                  0	   8.8308006525e-06
     -3005475.48975	      48447302.0674	                  0	                  0	                  0	 -7.89693440311e-05
                  0	                  0	       2227514343.7	     -47860883.1019	      485068556.923	                  0
                  0	                  0	     -47860883.1012	      80287685.7929	     -2691896.69816	                  0
                  0	                  0	      485068556.927	     -2691896.69913	      558339148.124	                  0
                  0	 -5.67524693906e-10	                  0	                  0	                  0	      17792570.2673

Stiffness matrix with respect to the elastic center:
      191650134.102	      -3005475.4898	                  0	                  0	                  0	     -4772317.78701
     -3005475.48975	      48447302.0674	                  0	                  0	                  0	      10614570.3073
                  0	                  0	       2227514343.7	   -0.0006348118186	  -0.00378209352493	                  0
                  0	                  0	 -8.02427530289e-06	      79259335.9024	      7730397.35559	                  0
                  0	                  0	  -0.00046968460083	      7730397.35483	      452709523.075	                  0
     -4772317.78701	      10614570.3074	                  0	                  0	                  0	      20206562.1952

Stiffness matrix rotated along principle axis:
      191607192.269	     -3896207.24754	                  0	                  0	                  0	     -9499972.29182
     -3896207.24749	      48490243.8997	                  0	                  0	                  0	      21371704.7855
                  0	                  0	       2227514343.7	      45783854.4139	     -489121177.148	                  0
                  0	                  0	      45783854.4145	      80311016.4638	  0.000551026547328	                  0
                  0	                  0	     -489121177.144	 -4.61398655658e-10	      560000887.729	                  0
     -9499972.29181	      21371704.7856	                  0	                  0	                  0	      27528624.9567

Stiffness matrix at the elastic center rotated along principle axis:
      191713172.072	     -41149.8692695	                  0	                  0	                  0	     -4990876.47889
     -41149.8692211	      48384264.0974	                  0	                  0	                  0	      10513575.5974
                  0	                  0	       2227514343.7	 -0.000556437119365	  -0.00379441631988	                  0
                  0	                  0	  1.69364398532e-06	        79099385.63	  0.000761183444411	                  0
                  0	                  0	 -0.000469750087622	 -3.20989245115e-10	      452869473.347	                  0
     -4990876.47889	      10513575.5974	                  0	                  0	                  0	      20206562.1952

Mass matrix with respect to mass center
      96.4613470087	                  0	                  0	                  0	                  0	                  0
                  0	      96.4613470087	                  0	                  0	                  0	                  0
                  0	                  0	      96.4613470087	                  0	                  0	                  0
                  0	                  0	                  0	      2.40556645953	     0.486210764127	                  0
                  0	                  0	                  0	     0.486210764127	      30.3786304376	                  0
                  0	                  0	                  0	                  0	                  0	      32.7841968971
