********************************
*                              *
*          BECAS 2.3           *
*              by              *
*     becas-dtuwind@dtu.dk     *
*                              *
*   A cross section analysis   *
*   program for anisotropic    *
*   beams with arbitrary       *
*   geometry.                  *
*                              *
*     (c)DTU Wind Energy       *
********************************


Output generated on the (yyyy.mm.dd) 2017. 8. 9 at (hh.mm.ss) 10.31.15  
The input folder: is C:\Users\wentingmann\Documents\MATLAB\SBref_BECAS_Project\BECAS_outputs_80_sec_c2\BL_025_BCS 

Stiffness matrix w.r.t. to the cross section reference point 
K=
      792084534.782	     -26815788.2706	                  0	                  0	                  0	      4084040.74583
     -26815788.2696	      331032632.955	                  0	                  0	                  0	      264379996.805
                  0	                  0	      7662520069.83	     -134457562.587	     -3595407105.33	                  0
                  0	                  0	     -134457562.454	      4407316487.56	      496281187.664	                  0
                  0	                  0	      -3595407105.6	      496281187.883	        11069850645	                  0
      4084040.73546	      264379996.803	                  0	                  0	                  0	      1525401886.76

Compliance matrix w.r.t. to the cross section reference point 
F=
   1.2667568269e-09	  1.22245540196e-10	                  0	                  0	                  0	  -2.4578940375e-11
  1.22245540184e-10	  3.51797620331e-09	                  0	                  0	                  0	 -6.10056799609e-10
                  0	                  0	  1.53974189291e-10	 -9.38612371013e-13	   5.0051778262e-11	                 -0
                  0	                  0	   -9.386123736e-13	  2.28052391943e-10	  -1.0528850773e-11	                 -0
                  0	                  0	  5.00517782659e-11	 -1.05288507767e-11	  1.07063936794e-10	                 -0
 -2.45789403641e-11	 -6.10056799604e-10	                  0	                  0	                  0	  7.61364730307e-10

Mass matrix w.r.t. to the cross section reference point 
M=
      402.989259791	                  0	                  0	                  0	                  0	     -1.13858809763
                  0	      402.989259791	                  0	                  0	                  0	      90.4459435893
                  0	                  0	      402.989259791	      1.13858809763	     -90.4459435893	                  0
                 -0	                 -0	      1.13858809763	      168.129089713	      16.1425986106	                  0
                 -0	                 -0	     -90.4459435893	      16.1425986106	       748.98090875	                  0
     -1.13858809763	      90.4459435893	                 -0	                  0	                  0	      917.109998463

Shear center;
ShearX=     0.801267481038 
ShearY=   -0.0322827409594 

Elastic center:
ElasticX=     0.469219926712 
ElasticY=   -0.0175474336417 

Orientation of principle axis w.r.t. reference center:
alpha_p=     -4.23670830448o or    -0.0739445093598rad 

Orientation of principle axis w.r.t. elastic center:
alpha_p=     -4.93663378904o or    -0.0861605135839rad 

Mass center:
MassX=     0.224437603216 
MassY=   0.00282535593683 

Mass per unit length:
Mass=      402.989259791 

Mass moments of inertia:
Ixx=      168.129089713 
Iyy=       748.98090875 
Ixy=     -16.1425986106 

Area center:
AreaX=     0.173880981977 
AreaY=    0.0284335298309 

Area per unit length:
Area=     0.543657343554 
Area moments:
Ixx=    0.0154580972957 
Iyy=    0.0945316727559 
Ixy=   -0.0108147988686 

Stiffness matrix with respect to shear center:
      792084534.782	     -26815788.2706	                  0	                  0	                  0	     0.011133685708
     -26815788.2696	      331032632.955	                  0	                  0	                  0	   0.00187461206224
                  0	                  0	      7662520069.83	      112909587.924	      2544321049.43	                  0
                  0	                  0	      112909588.057	      4406620859.88	      470682372.646	                  0
                  0	                  0	      2544321049.16	       470682372.75	      10227649568.4	                  0
                  0	  2.22353264689e-08	                  0	                  0	                  0	      1313430948.66

Stiffness matrix with respect to the elastic center:
      792084534.782	     -26815788.2706	                  0	                  0	                  0	      2767492.14017
     -26815788.2696	      331032632.955	                  0	                  0	                  0	      109523437.296
                  0	                  0	      7662520069.83	    -0.133187055588	     0.263722896576	                  0
                  0	                  0	 -0.000215917825699	       4404957102.4	      433191020.068	                  0
                  0	                  0	  -0.00467777252197	       433191020.22	      9382813986.54	                  0
      2767492.12935	      109523437.294	                  0	                  0	                  0	         1349838718

Stiffness matrix rotated along principle axis:
      793519511.338	      7445043.49372	                  0	                  0	                  0	     -15458758.1434
      7445043.49467	      329597656.399	                  0	                  0	                  0	      263959256.129
                  0	                  0	      7662520069.83	      131528265.065	     -3595515457.44	                  0
                  0	                  0	      131528265.217	       4370552187.7	    -0.219631552696	                  0
                  0	                  0	      -3595515457.7	 -2.56052755697e-07	      11106614944.9	                  0
     -15458758.1536	      263959256.126	                  0	                  0	                  0	      1525401886.76

Stiffness matrix at the elastic center rotated along principle axis:
      793268404.102	      13109529.0809	                  0	                  0	                  0	     -6667698.23208
      13109529.0818	      329848763.635	                  0	                  0	                  0	      109355311.394
                  0	                  0	      7662520069.83	    -0.155387392086	     0.251283338754	                  0
                  0	                  0	  0.000187423924712	      4367540506.74	    -0.152528941631	                  0
                  0	                  0	   -0.0046790008065	 -1.29543754354e-07	       9420230582.2	                  0
     -6667698.24269	      109355311.391	                  0	                  0	                  0	         1349838718

Mass matrix with respect to mass center
      402.989259791	                  0	                  0	                  0	                  0	                  0
                  0	      402.989259791	                  0	                  0	                  0	                  0
                  0	                  0	      402.989259791	                  0	                  0	                  0
                  0	                  0	                  0	      168.125872796	      16.3981405942	                  0
                  0	                  0	                  0	      16.3981405942	       728.68143795	                  0
                  0	                  0	                  0	                  0	                  0	      896.807310746
