********************************
*                              *
*          BECAS 2.3           *
*              by              *
*     becas-dtuwind@dtu.dk     *
*                              *
*   A cross section analysis   *
*   program for anisotropic    *
*   beams with arbitrary       *
*   geometry.                  *
*                              *
*     (c)DTU Wind Energy       *
********************************


Output generated on the (yyyy.mm.dd) 2017. 8. 9 at (hh.mm.ss) 10.24. 1  
The input folder: is C:\Users\wentingmann\Documents\MATLAB\SBref_BECAS_Project\BECAS_outputs_80_sec_c2\BL_009_BCS 

Stiffness matrix w.r.t. to the cross section reference point 
K=
      1491597790.28	     -142237211.192	                  0	                  0	                  0	      21340348.7505
     -142237211.193	      1226020932.32	                  0	                  0	                  0	      482660524.551
                  0	                  0	       8832068753.2	     -275012549.416	     -1683046331.59	                  0
                  0	                  0	     -275012549.415	      17327086101.2	      1728782121.76	                  0
                  0	                  0	     -1683046331.65	      1728782121.75	      21857230990.3	                  0
      21340348.7537	      482660524.551	                  0	                  0	                  0	      10395640003.3

Compliance matrix w.r.t. to the cross section reference point 
F=
  6.78191374402e-10	  8.07037962706e-11	                  0	                  0	                  0	 -5.13921000282e-12
  8.07037962711e-11	  8.40436560547e-10	                  0	                  0	                  0	  -3.9186408744e-11
                  0	                  0	  1.14925357029e-10	  9.48621006611e-13	  8.77442991764e-12	                 -0
                  0	                  0	  9.48621006568e-13	  5.81800046538e-11	 -4.52866050729e-12	                 -0
                  0	                  0	  8.77442991798e-12	 -4.52866050725e-12	  4.67852876634e-11	                 -0
 -5.13921000306e-12	  -3.9186408744e-11	                  0	                  0	                  0	  9.80241144185e-11

Mass matrix w.r.t. to the cross section reference point 
M=
      771.913657029	                  0	                  0	                  0	                  0	      28.2575441073
                  0	      771.913657029	                  0	                  0	                  0	      93.0559743835
                  0	                  0	      771.913657029	     -28.2575441073	     -93.0559743835	                  0
                 -0	                 -0	     -28.2575441073	      1240.42759538	      38.8381042904	                  0
                 -0	                 -0	     -93.0559743835	      38.8381042904	      2042.53708918	                  0
      28.2575441073	      93.0559743835	                 -0	                  0	                  0	      3282.96468456

Shear center;
ShearX=     0.399762945848 
ShearY=   -0.0524280176725 

Elastic center:
ElasticX=     0.190560827671 
ElasticY=   -0.0311379538702 

Orientation of principle axis w.r.t. reference center:
alpha_p=     -18.6760668209o or     -0.325958857347rad 

Orientation of principle axis w.r.t. elastic center:
alpha_p=     -19.2400711887o or     -0.335802590562rad 

Mass center:
MassX=     0.120552309881 
MassY=   -0.0366071306681 

Mass per unit length:
Mass=      771.913657029 

Mass moments of inertia:
Ixx=      1240.42759538 
Iyy=      2042.53708918 
Ixy=     -38.8381042904 

Area center:
AreaX=    0.0802945770424 
AreaY=     -0.05263127035 

Area per unit length:
Area=      1.05396162047 
Area moments:
Ixx=   -0.0554713389858 
Iyy=    0.0846274025349 
Ixy=    0.0101270145983 

Stiffness matrix with respect to shear center:
      1491597790.28	     -142237211.192	                  0	                  0	                  0	  -0.00360816717148
     -142237211.193	      1226020932.32	                  0	                  0	                  0	  0.000195676460862
                  0	                  0	       8832068753.2	      188035307.262	      1847687491.12	                  0
                  0	                  0	      188035307.262	      17322526056.8	       1715712887.3	                  0
                  0	                  0	      1847687491.06	      1715712887.28	      21923048425.2	                  0
                  0	 -2.60770320892e-08	                  0	                  0	                  0	      10201571377.9

Stiffness matrix with respect to the elastic center:
      1491597790.28	     -142237211.192	                  0	                  0	                  0	      1999886.25401
     -142237211.193	      1226020932.32	                  0	                  0	                  0	      253457936.668
                  0	                  0	       8832068753.2	 -0.000493705272675	    0.0635809898376	                  0
                  0	                  0	  1.74045562744e-05	      17318522773.1	      1676375502.73	                  0
                  0	                  0	  0.000224828720093	      1676375502.71	      21536508288.3	                  0
      1999886.25744	      253457936.668	                  0	                  0	                  0	      10254637892.9

Stiffness matrix rotated along principle axis:
      1550662789.32	     -32503127.1746	                  0	                  0	                  0	     -134339596.479
     -32503127.1755	      1166955933.28	                  0	                  0	                  0	      464079158.401
                  0	                  0	       8832068753.2	      278409032.001	     -1682487820.91	                  0
                  0	                  0	      278409032.022	      16742730391.9	    0.0119638442993	                  0
                  0	                  0	     -1682487820.97	 -5.92551759498e-07	      22441586699.5	                  0
     -134339596.476	      464079158.402	                  0	                  0	                  0	      10395640003.3

Stiffness matrix at the elastic center rotated along principle axis:
      1551265472.57	     -28719964.4023	                  0	                  0	                  0	     -81633058.4225
     -28719964.4032	      1166353250.03	                  0	                  0	                  0	      239960348.762
                  0	                  0	       8832068753.2	   -0.0214177852258	     0.059867056798	                  0
                  0	                  0	 -5.76546977499e-05	      16733432147.1	    0.0140352249146	                  0
                  0	                  0	  0.000218006439779	  1.51024128135e-07	      22121598914.3	                  0
     -81633058.4192	      239960348.763	                  0	                  0	                  0	      10254637892.9

Mass matrix with respect to mass center
      771.913657029	                  0	                  0	                  0	                  0	                  0
                  0	      771.913657029	                  0	                  0	                  0	                  0
                  0	                  0	      771.913657029	                  0	                  0	                  0
                  0	                  0	                  0	      1239.39316777	      35.4315920767	                  0
                  0	                  0	                  0	      35.4315920767	      2031.31897652	                  0
                  0	                  0	                  0	                  0	                  0	      3270.71214429
