********************************
*                              *
*          BECAS 2.3           *
*              by              *
*     becas-dtuwind@dtu.dk     *
*                              *
*   A cross section analysis   *
*   program for anisotropic    *
*   beams with arbitrary       *
*   geometry.                  *
*                              *
*     (c)DTU Wind Energy       *
********************************


Output generated on the (yyyy.mm.dd) 2017. 8. 9 at (hh.mm.ss) 12.43.35  
The input folder: is C:\Users\wentingmann\Documents\MATLAB\SBref_BECAS_Project\BECAS_outputs_80_sec_TP\BL_025_BCS 

Stiffness matrix w.r.t. to the cross section reference point 
K=
      792084534.816	     -26815788.5611	                  0	                  0	                  0	      25014342.2317
     -26815788.5598	      331032629.029	                  0	                  0	                  0	      6001882.48998
                  0	                  0	      7662520072.69	     -134457560.299	      2385355188.95	                  0
                  0	                  0	     -134457560.842	      4407316468.37	      391334159.744	                  0
                  0	                  0	      2385355189.05	       391334160.75	      10125379012.1	                  0
      25014342.2275	      6001882.49039	                  0	                  0	                  0	      1314362994.69

Compliance matrix w.r.t. to the cross section reference point 
F=
  1.26675682696e-09	  1.03061149115e-10	                  0	                  0	                  0	 -2.45789403922e-11
   1.0306114911e-10	  3.02948524995e-09	                  0	                  0	                  0	 -1.57951961625e-11
                  0	                  0	   1.4106604575e-10	  7.27938287642e-12	 -3.35139351317e-11	                 -0
                  0	                  0	  7.27938288639e-12	  2.28052392943e-10	 -1.05288508393e-11	                 -0
                  0	                  0	 -3.35139351342e-11	 -1.05288508597e-11	  1.07063936745e-10	                 -0
 -2.45789403882e-11	 -1.57951961632e-11	                  0	                  0	                  0	  7.61364730275e-10

Mass matrix w.r.t. to the cross section reference point 
M=
      402.989259791	                  0	                  0	                  0	                  0	     -1.13858809763
                  0	      402.989259791	                  0	                  0	                  0	     -224.095871142
                  0	                  0	      402.989259791	      1.13858809763	      224.095871142	                  0
                 -0	                 -0	      1.13858809763	      168.129089713	      17.0312911942	                  0
                 -0	                 -0	      224.095871142	      17.0312911942	      853.297561687	                  0
     -1.13858809763	     -224.095871142	                 -0	                  0	                  0	       1021.4266514

Shear center;
ShearX=    0.0207458994818 
ShearY=   -0.0322827409923 

Elastic center:
ElasticX=    -0.311301656172 
ElasticY=   -0.0175474334247 

Orientation of principle axis w.r.t. reference center:
alpha_p=     -3.89700593337o or     -0.068015584507rad 

Orientation of principle axis w.r.t. elastic center:
alpha_p=     -4.93663378529o or    -0.0861605135185rad 

Mass center:
MassX=    -0.556083979158 
MassY=   0.00282535593684 

Mass per unit length:
Mass=      402.989259791 

Mass moments of inertia:
Ixx=      168.129089713 
Iyy=      853.297561687 
Ixy=     -17.0312911942 

Area center:
AreaX=    -0.606640600397 
AreaY=    0.0284335298309 

Area per unit length:
Area=     0.543657343554 
Area moments:
Ixx=    0.0154580972957 
Iyy=    -0.329804617304 
Ixy=   -0.0228801774304 

Stiffness matrix with respect to shear center:
      792084534.816	     -26815788.5611	                  0	                  0	                  0	   0.00425285473466
     -26815788.5598	      331032629.029	                  0	                  0	                  0	 -0.000447163940407
                  0	                  0	      7662520072.69	      112909590.556	      2544321060.16	                  0
                  0	                  0	      112909590.013	      4406620840.83	      470682374.488	                  0
                  0	                  0	      2544321060.26	      470682375.509	      10227649580.1	                  0
 -3.72529029846e-09	 -1.16415321827e-09	                  0	                  0	                  0	      1313430948.71

Stiffness matrix with respect to the elastic center:
      792084534.816	     -26815788.5611	                  0	                  0	                  0	      2767492.19968
     -26815788.5598	      331032629.029	                  0	                  0	                  0	      109523436.418
                  0	                  0	      7662520072.69	     0.542332738638	    -0.128222465515	                  0
                  0	                  0	  -0.00118741393089	      4404957083.28	      433191021.117	                  0
                  0	                  0	   -0.0257205963135	      433191021.955	      9382813991.28	                  0
      2767492.19584	      109523436.419	                  0	                  0	                  0	      1349838717.91

Stiffness matrix rotated along principle axis:
      793591483.871	      4694026.70468	                  0	                  0	                  0	      24548597.9911
      4694026.70591	      329525679.973	                  0	                  0	                  0	      7688058.75245
                  0	                  0	      7662520072.69	     -296262936.854	      2370701686.26	                  0
                  0	                  0	     -296262937.403	      4380658526.46	     -1.00618946552	                  0
                  0	                  0	      2370701686.32	 -1.34612500448e-07	      10152036954.1	                  0
      24548597.9869	      7688058.75257	                  0	                  0	                  0	      1314362994.69

Stiffness matrix at the elastic center rotated along principle axis:
      793268404.157	      13109529.1038	                  0	                  0	                  0	     -6667698.09012
      13109529.1051	      329848759.687	                  0	                  0	                  0	      109355310.525
                  0	                  0	      7662520072.69	     0.551354993282	   -0.0810769476776	                  0
                  0	                  0	   0.00103034969139	      4367540487.56	     -0.83878916502	                  0
                  0	                  0	   -0.0257273668703	 -1.34071555651e-07	         9420230587	                  0
     -6667698.09399	      109355310.525	                  0	                  0	                  0	      1349838717.91

Mass matrix with respect to mass center
      402.989259791	                  0	                  0	                  0	                  0	                  0
                  0	      402.989259791	                  0	                  0	                  0	                  0
                  0	                  0	      402.989259791	                  0	                  0	                  0
                  0	                  0	                  0	      168.125872796	      16.3981405942	                  0
                  0	                  0	                  0	      16.3981405942	       728.68143795	                  0
                  0	                  0	                  0	                  0	                  0	      896.807310746
