********************************
*                              *
*          BECAS 2.3           *
*              by              *
*     becas-dtuwind@dtu.dk     *
*                              *
*   A cross section analysis   *
*   program for anisotropic    *
*   beams with arbitrary       *
*   geometry.                  *
*                              *
*     (c)DTU Wind Energy       *
********************************


Output generated on the (yyyy.mm.dd) 2017. 8. 9 at (hh.mm.ss) 12.47.19  
The input folder: is C:\Users\wentingmann\Documents\MATLAB\SBref_BECAS_Project\BECAS_outputs_80_sec_TP\BL_036_BCS 

Stiffness matrix w.r.t. to the cross section reference point 
K=
      581890420.628	      13133824.9197	                  0	                  0	                  0	     -44476786.9463
      13133824.9197	      183576059.873	                  0	                  0	                  0	      4143536.10806
                  0	                  0	       7585594297.4	     -35347246.6551	       1969369112.8	                  0
                  0	                  0	     -35347246.6528	       1765715903.1	      132174259.499	                  0
                  0	                  0	       1969369112.8	      132174259.498	      5594444451.65	                  0
     -44476786.9461	      4143536.10809	                  0	                  0	                  0	      366076523.219

Compliance matrix w.r.t. to the cross section reference point 
F=
  1.73769992858e-09	 -1.29120865134e-10	                  0	                  0	                 -0	   2.1258486008e-10
 -1.29120865134e-10	  5.45831982466e-09	                  0	                  0	                  0	 -7.74691210525e-11
                  0	                  0	  1.45168869524e-10	  6.74334759962e-12	 -5.12619952232e-11	                 -0
                  0	                  0	  6.74334759945e-12	  5.67659140019e-10	 -1.57853148284e-11	                 -0
                  0	                  0	 -5.12619952233e-11	 -1.57853148283e-11	  1.97167066701e-10	                 -0
  2.12584860079e-10	 -7.74691210529e-11	                  0	                  0	                  0	  2.75837433866e-09

Mass matrix w.r.t. to the cross section reference point 
M=
      313.803111365	                  0	                  0	                  0	                  0	     -8.32513285898
                  0	      313.803111365	                  0	                  0	                  0	     -158.770801122
                  0	                  0	      313.803111365	      8.32513285898	      158.770801122	                  0
                 -0	                 -0	      8.32513285898	      52.1547691698	      13.0040563963	                  0
                 -0	                 -0	      158.770801122	      13.0040563963	      402.902584139	                  0
     -8.32513285898	     -158.770801122	                 -0	                  0	                  0	      455.057353309

Shear center;
ShearX=    0.0280850644408 
ShearY=    0.0770688942034 

Elastic center:
ElasticX=    -0.259619620506 
ElasticY=  -0.00465978607173 

Orientation of principle axis w.r.t. reference center:
alpha_p=     -1.97481433062o or    -0.0344670121849rad 

Orientation of principle axis w.r.t. elastic center:
alpha_p=     -2.43528102955o or    -0.0425036721771rad 

Mass center:
MassX=    -0.505956746036 
MassY=    0.0265297970526 

Mass per unit length:
Mass=      313.803111365 

Mass moments of inertia:
Ixx=      52.1547691698 
Iyy=      402.902584139 
Ixy=     -13.0040563963 

Area center:
AreaX=    -0.460070153501 
AreaY=    0.0409948564933 

Area per unit length:
Area=     0.370227942884 
Area moments:
Ixx=    0.0151774413883 
Iyy=    -0.170330826513 
Ixy=   -0.0142435906195 

Stiffness matrix with respect to shear center:
      581890420.628	      13133824.9197	                  0	                  0	                  0	  -0.00015015900135
      13133824.9197	      183576059.873	                  0	                  0	                  0	 -3.08739254251e-05
                  0	                  0	       7585594297.4	     -619960611.032	      2182411017.47	                  0
                  0	                  0	     -619960611.029	      1816219755.05	     -37014474.0146	                  0
                  0	                  0	      2182411017.47	     -37014474.0155	      5711047464.15	                  0
                  0	  5.82076609135e-10	                  0	                  0	                  0	      362532374.952

Stiffness matrix with respect to the elastic center:
      581890420.628	      13133824.9197	                  0	                  0	                  0	     -43778473.1822
      13133824.9197	      183576059.873	                  0	                  0	                  0	      51742282.2918
                  0	                  0	       7585594297.4	  -0.00225617736578	  -0.00143098831177	                  0
                  0	                  0	  8.19563865662e-08	      1765551192.49	      141351098.261	                  0
                  0	                  0	  3.09944152832e-06	      141351098.261	      5083157589.95	                  0
      -43778473.182	      51742282.2918	                  0	                  0	                  0	      380996828.815

Stiffness matrix rotated along principle axis:
      580512769.961	      26820467.5683	                  0	                  0	                  0	      -44593157.942
      26820467.5683	       184953710.54	                  0	                  0	                  0	      2608396.69157
                  0	                  0	       7585594297.4	     -103191083.304	      1966981375.26	                  0
                  0	                  0	     -103191083.302	      1761158446.43	  0.000736616551876	                  0
                  0	                  0	      1966981375.26	 -1.21475889022e-08	      5599001908.32	                  0
     -44593157.9419	      2608396.69161	                  0	                  0	                  0	      366076523.219

Stiffness matrix at the elastic center rotated along principle axis:
      580056146.785	      29995839.8743	                  0	                  0	                  0	     -45937509.7564
      29995839.8743	      185410333.716	                  0	                  0	                  0	       49835365.839
                  0	                  0	       7585594297.4	  -0.00219333576371	   -0.0015255628738	                  0
                  0	                  0	 -4.98156168026e-08	      1759539631.22	   0.00014416873455	                  0
                  0	                  0	  3.10012468154e-06	 -1.75296984602e-08	      5089169151.21	                  0
     -45937509.7563	       49835365.839	                  0	                  0	                  0	      380996828.815

Mass matrix with respect to mass center
      313.803111365	                  0	                  0	                  0	                  0	                  0
                  0	      313.803111365	                  0	                  0	                  0	                  0
                  0	                  0	      313.803111365	                  0	                  0	                  0
                  0	                  0	                  0	      51.9339050846	      8.79189926464	                  0
                  0	                  0	                  0	      8.79189926464	      322.571426238	                  0
                  0	                  0	                  0	                  0	                  0	      374.505331322
