********************************
*                              *
*          BECAS 2.3           *
*              by              *
*     becas-dtuwind@dtu.dk     *
*                              *
*   A cross section analysis   *
*   program for anisotropic    *
*   beams with arbitrary       *
*   geometry.                  *
*                              *
*     (c)DTU Wind Energy       *
********************************


Output generated on the (yyyy.mm.dd) 2017. 8. 9 at (hh.mm.ss) 12.54.18  
The input folder: is C:\Users\wentingmann\Documents\MATLAB\SBref_BECAS_Project\BECAS_outputs_80_sec_TP\BL_064_BCS 

Stiffness matrix w.r.t. to the cross section reference point 
K=
      207616585.825	     -3519121.28542	                  0	                  0	                  0	     -8336095.54084
     -3519121.28536	      53109121.1291	                  0	                  0	                  0	      2203645.36338
                  0	                  0	       2562080129.3	      47490027.0299	        485395099.5	                  0
                  0	                  0	      47490027.0302	      104002157.877	      20373015.6783	                  0
                  0	                  0	        485395099.5	      20373015.6783	      671645212.564	                  0
     -8336095.54083	      2203645.36336	                  0	                  0	                  0	      22481300.7264

Compliance matrix w.r.t. to the cross section reference point 
F=
  4.89266661975e-09	  2.49938344005e-10	                  0	                  0	                 -0	   1.7897078736e-09
     2.49938344e-10	  1.89188195192e-08	                  0	                  0	                  0	 -1.76176901333e-09
                  0	                  0	  4.54359131727e-10	 -1.44004378518e-10	 -3.23995300527e-10	                 -0
                  0	                  0	 -1.44004378519e-10	  9.71830017041e-09	 -1.90713876467e-10	                 -0
                  0	                  0	 -3.23995300527e-10	 -1.90713876468e-10	  1.72881623543e-09	                 -0
   1.7897078736e-09	 -1.76176901332e-09	                  0	                  0	                  0	  4.53177288246e-08

Mass matrix w.r.t. to the cross section reference point 
M=
      107.662722765	                  0	                  0	                  0	                  0	     -3.08414466934
                  0	      107.662722765	                  0	                  0	                  0	     -30.8793844085
                  0	                  0	      107.662722765	      3.08414466934	      30.8793844085	                  0
                 -0	                 -0	      3.08414466934	      3.12193649771	      1.53245909846	                  0
                 -0	                 -0	      30.8793844085	      1.53245909846	      46.4527021858	                  0
     -3.08414466934	     -30.8793844085	                 -0	                  0	                  0	      49.5746386835

Shear center;
ShearX=    0.0388759335257 
ShearY=    0.0394924441277 

Elastic center:
ElasticX=    -0.189453520188 
ElasticY=    0.0185357305913 

Orientation of principle axis w.r.t. reference center:
alpha_p=     -2.05285549431o or    -0.0358290874434rad 

Orientation of principle axis w.r.t. elastic center:
alpha_p=     -1.36664769186o or    -0.0238525019377rad 

Mass center:
MassX=    -0.286815934202 
MassY=    0.0286463558616 

Mass per unit length:
Mass=      107.662722765 

Mass moments of inertia:
Ixx=      3.12193649771 
Iyy=      46.4527021858 
Ixy=     -1.53245909846 

Area center:
AreaX=    -0.276244265223 
AreaY=    0.0463116054922 

Area per unit length:
Area=     0.132899909897 
Area moments:
Ixx=   0.00615480819712 
Iyy=   -0.0367128379577 
Ixy=  -0.00256843493675 

Stiffness matrix with respect to shear center:
      207616585.825	     -3519121.28542	                  0	                  0	                  0	  -1.0565854609e-05
     -3519121.28536	      53109121.1291	                  0	                  0	                  0	  1.47299433593e-05
                  0	                  0	       2562080129.3	     -53692779.3274	      584998356.294	                  0
                  0	                  0	     -53692779.3271	      104247119.726	      -883780.08855	                  0
                  0	                  0	      584998356.294	     -883780.088503	      713257757.398	                  0
  9.31322574615e-10	 -2.32830643654e-10	                  0	                  0	                  0	      22066419.1683

Stiffness matrix with respect to the elastic center:
      207616585.825	     -3519121.28542	                  0	                  0	                  0	      -5154480.3552
     -3519121.28536	      53109121.1291	                  0	                  0	                  0	      12200125.8313
                  0	                  0	       2562080129.3	  -0.00029980391264	  0.000319421291351	                  0
                  0	                  0	  1.00582838058e-06	      103121895.531	      11375862.8836	                  0
                  0	                  0	  5.09023666382e-05	      11375862.8837	      579685402.281	                  0
     -5154480.35517	      12200125.8313	                  0	                  0	                  0	      24960088.2029

Stiffness matrix rotated along principle axis:
      207670283.869	      2021035.00893	                  0	                  0	                  0	     -8409683.20316
      2021035.00899	      53055423.0851	                  0	                  0	                  0	      1903620.28146
                  0	                  0	       2562080129.3	      30072005.4841	      486784736.585	                  0
                  0	                  0	      30072005.4844	      103271898.807	 -4.83035109937e-05	                  0
                  0	                  0	      486784736.585	  -2.7214704388e-09	      672375471.634	                  0
     -8409683.20315	      1903620.28144	                  0	                  0	                  0	      22481300.7264

Stiffness matrix at the elastic center rotated along principle axis:
      207696512.758	      168874.217804	                  0	                  0	                  0	     -5443990.05672
      168874.217858	      53029194.1959	                  0	                  0	                  0	      12073719.8201
                  0	                  0	       2562080129.3	 -0.000307336905717	  0.000312180034254	                  0
                  0	                  0	 -2.08491406913e-07	      102850501.268	 -0.000110265333205	                  0
                  0	                  0	  5.09118763299e-05	 -2.27176606923e-09	      579956796.544	                  0
      -5443990.0567	      12073719.8201	                  0	                  0	                  0	      24960088.2029

Mass matrix with respect to mass center
      107.662722765	                  0	                  0	                  0	                  0	                  0
                  0	      107.662722765	                  0	                  0	                  0	                  0
                  0	                  0	      107.662722765	                  0	                  0	                  0
                  0	                  0	                  0	      3.03358699199	     0.647877263908	                  0
                  0	                  0	                  0	     0.647877263908	      37.5960026991	                  0
                  0	                  0	                  0	                  0	                  0	      40.6295896911
