********************************
*                              *
*          BECAS 2.3           *
*              by              *
*     becas-dtuwind@dtu.dk     *
*                              *
*   A cross section analysis   *
*   program for anisotropic    *
*   beams with arbitrary       *
*   geometry.                  *
*                              *
*     (c)DTU Wind Energy       *
********************************


Output generated on the (yyyy.mm.dd) 2017. 8. 9 at (hh.mm.ss) 10.35.25  
The input folder: is C:\Users\wentingmann\Documents\MATLAB\SBref_BECAS_Project\BECAS_outputs_80_sec_c2\BL_038_BCS 

Stiffness matrix w.r.t. to the cross section reference point 
K=
      542462587.566	      12152295.9937	                  0	                  0	                  0	     -33526664.6717
      12152295.9937	      164459051.896	                  0	                  0	                  0	      105318029.426
                  0	                  0	      7401648730.31	     -22712916.7387	     -2714308821.06	                  0
                  0	                  0	      -22712916.738	       1514684063.9	      123663722.926	                  0
                  0	                  0	     -2714308821.06	      123663722.926	      5482173142.68	                  0
     -33526664.6716	      105318029.426	                  0	                  0	                  0	      361405046.952

Compliance matrix w.r.t. to the cross section reference point 
F=
    1.866508509e-09	 -3.05890204528e-10	                  0	                  0	                 -0	  2.62291739557e-10
 -3.05890204527e-10	  7.52575772451e-09	                  0	                  0	                  0	 -2.22147825152e-09
                  0	                  0	  1.65104468908e-10	 -4.20597021746e-12	  8.18406552681e-11	                 -0
                  0	                  0	 -4.20597021754e-12	  6.61528945134e-10	 -1.70048321742e-11	                 -0
                  0	                  0	  8.18406552681e-11	 -1.70048321741e-11	  2.23313576844e-10	                 -0
  2.62291739556e-10	 -2.22147825152e-09	                  0	                  0	                  0	  3.43867770952e-09

Mass matrix w.r.t. to the cross section reference point 
M=
       283.37913685	                  0	                  0	                  0	                  0	      -6.8078488015
                  0	       283.37913685	                  0	                  0	                  0	       36.644395987
                  0	                  0	       283.37913685	       6.8078488015	      -36.644395987	                  0
                 -0	                 -0	       6.8078488015	      42.0704444037	      6.49761959987	                  0
                 -0	                 -0	      -36.644395987	      6.49761959987	      270.927511895	                  0
      -6.8078488015	       36.644395987	                 -0	                  0	                  0	      312.997956299

Shear center;
ShearX=     0.646026885675 
ShearY=    0.0762769185463 

Elastic center:
ElasticX=     0.366716784322 
ElasticY=   -0.0030686293778 

Orientation of principle axis w.r.t. reference center:
alpha_p=     -1.78355942952o or    -0.0311289844501rad 

Orientation of principle axis w.r.t. elastic center:
alpha_p=     -2.21889981424o or    -0.0387271075304rad 

Mass center:
MassX=     0.129312257756 
MassY=    0.0240238179747 

Mass per unit length:
Mass=       283.37913685 

Mass moments of inertia:
Ixx=      42.0704444037 
Iyy=      270.927511895 
Ixy=     -6.49761959987 

Area center:
AreaX=     0.165353267677 
AreaY=    0.0413121370779 

Area per unit length:
Area=     0.350498959464 
Area moments:
Ixx=     0.014479861059 
Iyy=    0.0579561482647 
Ixy=  -0.00419146362553 

Stiffness matrix with respect to shear center:
      542462587.566	      12152295.9937	                  0	                  0	                  0	 -0.000131286680698
      12152295.9937	      164459051.896	                  0	                  0	                  0	  0.000148301827721
                  0	                  0	      7401648730.31	     -587287874.049	      2067355257.05	                  0
                  0	                  0	     -587287874.048	      1561213044.53	      -48700920.487	                  0
                  0	                  0	      2067355257.05	     -48700920.4876	      5064223746.54	                  0
                  0	  1.87428668141e-08	                  0	                  0	                  0	      290809457.726

Stiffness matrix with respect to the elastic center:
      542462587.566	      12152295.9937	                  0	                  0	                  0	     -39647732.2132
      12152295.9937	      164459051.896	                  0	                  0	                  0	      44970843.8695
                  0	                  0	      7401648730.31	 -0.000734854489565	 -0.000574588775635	                  0
                  0	                  0	  1.04308128357e-07	      1514614366.38	      115334515.137	                  0
                  0	                  0	  4.29153442383e-06	      115334515.137	      4486790540.16	                  0
      -39647732.213	      44970843.8693	                  0	                  0	                  0	      306516139.722

Stiffness matrix rotated along principle axis:
      541340326.664	      23888018.2722	                  0	                  0	                  0	      -36788335.935
      23888018.2722	      165581312.797	                  0	                  0	                  0	      104223523.761
                  0	                  0	      7401648730.31	      61778118.7595	     -2713700741.92	                  0
                  0	                  0	      61778118.7602	       1510833293.9	  2.14949250221e-05	                  0
                  0	                  0	     -2713700741.92	  9.16205015438e-09	      5486023912.68	                  0
     -36788335.9349	      104223523.761	                  0	                  0	                  0	      361405046.952

Stiffness matrix at the elastic center rotated along principle axis:
      540955639.725	      26740213.4967	                  0	                  0	                  0	     -41359159.7179
      26740213.4967	      165965999.736	                  0	                  0	                  0	      43402066.4877
                  0	                  0	      7401648730.31	 -0.000712056895687	 -0.000602609624237	                  0
                  0	                  0	 -6.19272563387e-08	      1510145559.89	  0.000289268791676	                  0
                  0	                  0	   4.2923551707e-06	  2.12766472601e-08	      4491259346.65	                  0
     -41359159.7178	      43402066.4876	                  0	                  0	                  0	      306516139.722

Mass matrix with respect to mass center
       283.37913685	                  0	                  0	                  0	                  0	                  0
                  0	       283.37913685	                  0	                  0	                  0	                  0
                  0	                  0	       283.37913685	                  0	                  0	                  0
                  0	                  0	                  0	      41.9068938833	      7.37795789886	                  0
                  0	                  0	                  0	      7.37795789886	      266.188942316	                  0
                  0	                  0	                  0	                  0	                  0	      308.095836199
