********************************
*                              *
*          BECAS 2.3           *
*              by              *
*     becas-dtuwind@dtu.dk     *
*                              *
*   A cross section analysis   *
*   program for anisotropic    *
*   beams with arbitrary       *
*   geometry.                  *
*                              *
*     (c)DTU Wind Energy       *
********************************


Output generated on the (yyyy.mm.dd) 2017. 8. 9 at (hh.mm.ss) 12.38.40  
The input folder: is C:\Users\wentingmann\Documents\MATLAB\SBref_BECAS_Project\BECAS_outputs_80_sec_TP\BL_014_BCS 

Stiffness matrix w.r.t. to the cross section reference point 
K=
      1204334874.47	     -114149557.873	                  0	                  0	                  0	      96712277.0859
     -114149557.872	      765067282.712	                  0	                  0	                  0	     -40389604.0621
                  0	                  0	      7948068521.06	     -283288910.463	      3348368069.28	                  0
                  0	                  0	     -283288910.495	      11622761033.8	      1429214857.84	                  0
                  0	                  0	      3348368069.25	      1429214857.89	        22045309816	                  0
      96712277.0851	     -40389604.0622	                  0	                  0	                  0	      5652155804.58

Compliance matrix w.r.t. to the cross section reference point 
F=
  8.43278417063e-10	  1.25104266667e-10	                  0	                  0	                  0	 -1.35350947107e-11
  1.25104266667e-10	  1.32612765782e-09	                  0	                  0	                 -0	  7.33572356571e-12
                  0	                  0	  1.34811132441e-10	  5.85033253091e-12	 -2.08551695241e-11	                 -0
                  0	                  0	  5.85033253118e-12	  8.69833712913e-11	 -6.52778275641e-12	                 -0
                  0	                  0	  -2.0855169524e-11	 -6.52778275656e-12	  4.89519265923e-11	                 -0
 -1.35350947105e-11	  7.33572356574e-12	                  0	                  0	                  0	  1.77207658711e-10

Mass matrix w.r.t. to the cross section reference point 
M=
      617.686435248	                  0	                  0	                  0	                  0	      16.7916795461
                  0	      617.686435248	                  0	                  0	                  0	     -352.437570671
                  0	                  0	      617.686435248	     -16.7916795461	      352.437570671	                  0
                 -0	                 -0	     -16.7916795461	      682.493354598	      32.0059621303	                  0
                 -0	                 -0	      352.437570671	      32.0059621303	      2143.51767955	                  0
      16.7916795461	     -352.437570671	                 -0	                  0	                  0	      2826.01103415

Shear center;
ShearX=   -0.0413961993465 
ShearY=    -0.076379851802 

Elastic center:
ElasticX=    -0.421280725044 
ElasticY=   -0.0356424846797 

Orientation of principle axis w.r.t. reference center:
alpha_p=     -7.66826336784o or     -0.133836443679rad 

Orientation of principle axis w.r.t. elastic center:
alpha_p=     -9.47324893829o or     -0.165339384834rad 

Mass center:
MassX=    -0.570576834069 
MassY=   -0.0271847956955 

Mass per unit length:
Mass=      617.686435248 

Mass moments of inertia:
Ixx=      682.493354598 
Iyy=      2143.51767955 
Ixy=     -32.0059621303 

Area center:
AreaX=    -0.613996958339 
AreaY=   -0.0305891867528 

Area per unit length:
Area=     0.900682114283 
Area moments:
Ixx=   -0.0275511333987 
Iyy=      -0.5530160786 
Ixy=  -0.00405118146549 

Stiffness matrix with respect to shear center:
      1204334874.47	     -114149557.873	                  0	                  0	                  0	  0.000781878829002
     -114149557.872	      765067282.712	                  0	                  0	                  0	  6.75432384014e-05
                  0	                  0	      7948068521.06	      323783385.289	      3019348240.36	                  0
                  0	                  0	      323783385.256	      11625853995.8	      1671559313.19	                  0
                  0	                  0	      3019348240.33	      1671559313.23	      21781710562.3	                  0
                  0	                  0	                  0	                  0	                  0	      5643096959.09

Stiffness matrix with respect to the elastic center:
      1204334874.47	     -114149557.873	                  0	                  0	                  0	      5697781.26941
     -114149557.872	      765067282.712	                  0	                  0	                  0	      285987069.374
                  0	                  0	      7948068521.06	    0.0324547290802	     0.027214050293	                  0
                  0	                  0	 -6.62207603455e-05	      11612663913.2	      1548559015.45	                  0
                  0	                  0	 -0.000882148742676	      1548559015.49	      20634706888.1	                  0
      5697781.26879	      285987069.374	                  0	                  0	                  0	       5751971133.9

Stiffness matrix rotated along principle axis:
      1226704673.76	     -51994093.6934	                  0	                  0	                  0	      101236882.426
     -51994093.6929	       742697483.42	                  0	                  0	                  0	     -27123390.1293
                  0	                  0	      7948068521.06	     -727552561.803	       3280623203.6	                  0
                  0	                  0	     -727552561.831	      11430329669.7	   -0.0505232810974	                  0
                  0	                  0	      3280623203.56	  -4.2533051182e-07	      22237741180.1	                  0
      101236882.425	     -27123390.1295	                  0	                  0	                  0	      5652155804.58

Stiffness matrix at the elastic center rotated along principle axis:
      1229498253.57	     -36653362.4468	                  0	                  0	                  0	     -41449703.4309
     -36653362.4464	      739903903.615	                  0	                  0	                  0	      283024717.376
                  0	                  0	      7948068521.06	     0.027533047924	    0.0321845497877	                  0
                  0	                  0	  7.98726223509e-05	      11354267209.2	   -0.0358219146729	                  0
                  0	                  0	  -0.00088101756935	  3.42489891986e-07	        20893103592	                  0
     -41449703.4315	      283024717.376	                  0	                  0	                  0	       5751971133.9

Mass matrix with respect to mass center
      617.686435248	                  0	                  0	                  0	                  0	                  0
                  0	      617.686435248	                  0	                  0	                  0	                  0
                  0	                  0	      617.686435248	                  0	                  0	                  0
                  0	                  0	                  0	      682.036876221	      41.5869054844	                  0
                  0	                  0	                  0	      41.5869054844	      1942.42496627	                  0
                  0	                  0	                  0	                  0	                  0	      2624.46184249
