********************************
*                              *
*          BECAS 2.3           *
*              by              *
*     becas-dtuwind@dtu.dk     *
*                              *
*   A cross section analysis   *
*   program for anisotropic    *
*   beams with arbitrary       *
*   geometry.                  *
*                              *
*     (c)DTU Wind Energy       *
********************************


Output generated on the (yyyy.mm.dd) 2017. 8. 9 at (hh.mm.ss) 12.52.47  
The input folder: is C:\Users\wentingmann\Documents\MATLAB\SBref_BECAS_Project\BECAS_outputs_80_sec_TP\BL_057_BCS 

Stiffness matrix w.r.t. to the cross section reference point 
K=
      269491774.852	     -6320839.44283	                  0	                  0	                  0	     -10466010.3516
     -6320839.44278	      70475065.5632	                  0	                  0	                  0	      3677651.12731
                  0	                  0	      3990527839.05	      41739795.2855	      850897755.877	                  0
                  0	                  0	       41739795.285	      247035324.301	      37149940.8312	                  0
                  0	                  0	      850897755.876	      37149940.8314	       1410940785.4	                  0
     -10466010.3516	       3677651.1273	                  0	                  0	                  0	      45487648.1977

Compliance matrix w.r.t. to the cross section reference point 
F=
  3.75014129509e-09	  2.92554060282e-10	                  0	                  0	                 -0	  8.39197174555e-10
  2.92554060279e-10	  1.42723573909e-08	                  0	                  0	                  0	 -1.08659997567e-09
                  0	                  0	  2.87698876959e-10	  -2.2608036499e-11	 -1.72907640121e-10	                 -0
                  0	                  0	 -2.26080364986e-11	  4.06587275592e-09	 -9.34197991522e-11	                 -0
                  0	                  0	 -1.72907640121e-10	 -9.34197991525e-11	  8.15482318512e-10	                 -0
  8.39197174556e-10	 -1.08659997567e-09	                  0	                  0	                  0	  2.22649273389e-08

Mass matrix w.r.t. to the cross section reference point 
M=
      152.408655956	                  0	                  0	                  0	                  0	     -3.67543700713
                  0	      152.408655956	                  0	                  0	                  0	     -52.3822272186
                  0	                  0	      152.408655956	      3.67543700713	      52.3822272186	                  0
                 -0	                 -0	      3.67543700713	      6.84298676264	       2.6144125211	                  0
                 -0	                 -0	      52.3822272186	       2.6144125211	      89.2888293193	                  0
     -3.67543700713	     -52.3822272186	                 -0	                  0	                  0	      96.1318160819

Shear center;
ShearX=    0.0488032122955 
ShearY=    0.0376914400744 

Elastic center:
ElasticX=    -0.213229374708 
ElasticY=     0.010459717854 

Orientation of principle axis w.r.t. reference center:
alpha_p=     -1.82630857152o or    -0.0318750977303rad 

Orientation of principle axis w.r.t. elastic center:
alpha_p=     -1.64493363532o or    -0.0287095079132rad 

Mass center:
MassX=    -0.343695880591 
MassY=    0.0241156710166 

Mass per unit length:
Mass=      152.408655956 

Mass moments of inertia:
Ixx=      6.84298676264 
Iyy=      89.2888293193 
Ixy=      -2.6144125211 

Area center:
AreaX=    -0.312575957729 
AreaY=    0.0439918634393 

Area per unit length:
Area=     0.191561541481 
Area moments:
Ixx=   0.00842714917304 
Iyy=   -0.0598775322925 
Ixy=  -0.00430021867843 

Stiffness matrix with respect to shear center:
      269491774.852	     -6320839.44283	                  0	                  0	                  0	  1.47130340338e-05
     -6320839.44278	      70475065.5632	                  0	                  0	                  0	  1.41536002047e-05
                  0	                  0	      3990527839.05	     -108668945.625	      1045648333.18	                  0
                  0	                  0	     -108668945.626	      249557980.361	     -225014.567209	                  0
                  0	                  0	      1045648333.18	     -225014.566963	      1503498326.82	                  0
                  0	  8.73114913702e-11	                  0	                  0	                  0	       44913688.007

Stiffness matrix with respect to the elastic center:
      269491774.852	     -6320839.44283	                  0	                  0	                  0	     -8994991.06469
     -6320839.44278	      70475065.5632	                  0	                  0	                  0	      18638891.0927
                  0	                  0	      3990527839.05	  0.000498466193676	  0.000428676605225	                  0
                  0	                  0	  4.09781932831e-07	      246598737.819	      28249790.3821	                  0
                  0	                  0	  1.77621841431e-05	      28249790.3822	      1229504388.98	                  0
     -8994991.06469	      18638891.0927	                  0	                  0	                  0	       50042633.957

Stiffness matrix rotated along principle axis:
      269692319.863	      31381.4850495	                  0	                  0	                  0	     -10577899.5936
      31381.4851049	      70274520.5522	                  0	                  0	                  0	      3342234.38454
                  0	                  0	      3990527839.05	      14600736.2817	      851795761.886	                  0
                  0	                  0	      14600736.2813	        245850765.1	 -0.000206916593015	                  0
                  0	                  0	      851795761.885	 -3.76795358212e-09	       1412125344.6	                  0
     -10577899.5936	      3342234.38453	                  0	                  0	                  0	      45487648.1977

Stiffness matrix at the elastic center rotated along principle axis:
      269690520.193	     -599889.881441	                  0	                  0	                  0	     -9526324.20668
     -599889.881386	      70276320.2226	                  0	                  0	                  0	       18373003.906
                  0	                  0	      3990527839.05	  0.000485955377132	  0.000442808705358	                  0
                  0	                  0	 -1.00260450852e-07	      245787477.337	 -0.000105014070868	                  0
                  0	                  0	   1.7766627553e-05	  1.99802822054e-09	      1230315649.46	                  0
     -9526324.20668	       18373003.906	                  0	                  0	                  0	       50042633.957

Mass matrix with respect to mass center
      152.408655956	                  0	                  0	                  0	                  0	                  0
                  0	      152.408655956	                  0	                  0	                  0	                  0
                  0	                  0	      152.408655956	                  0	                  0	                  0
                  0	                  0	                  0	      6.75435113293	      1.35117996238	                  0
                  0	                  0	                  0	      1.35117996238	      71.2852736081	                  0
                  0	                  0	                  0	                  0	                  0	       78.039624741
