********************************
*                              *
*          BECAS 2.3           *
*              by              *
*     becas-dtuwind@dtu.dk     *
*                              *
*   A cross section analysis   *
*   program for anisotropic    *
*   beams with arbitrary       *
*   geometry.                  *
*                              *
*     (c)DTU Wind Energy       *
********************************


Output generated on the (yyyy.mm.dd) 2017.11.20 at (hh.mm.ss) 13.47.41  
The input folder: is C:\Users\wentingmann\Documents\MATLAB\SBref_BECAS_Project\BECAS_outputs_81_82_83_c2\BL_0081_BCS 

Stiffness matrix w.r.t. to the cross section reference point 
K=
      23846180.1748	     -234403.508762	                  0	                  0	                  0	     -664193.371504
     -234403.508778	      1381273.11529	                  0	                  0	                  0	      348899.614546
                  0	                  0	      206589551.177	      3674991.62956	     -9939884.19285	                  0
                  0	                  0	      3674991.62955	        577747.1268	      -125322.93608	                  0
                  0	                  0	     -9939884.19249	      -125322.93609	      7017398.34392	                  0
     -664193.371505	      348899.614543	                  0	                  0	                  0	      263289.897489

Compliance matrix w.r.t. to the cross section reference point 
F=
  4.60471923601e-08	 -3.23585924471e-08	                 -0	                  0	                 -0	  1.59041956312e-07
 -3.23585924468e-08	  1.11096443071e-06	                  0	                  0	                  0	 -1.55382879543e-06
                  0	                  0	  5.83923693482e-09	  -3.5486140272e-08	  7.63731927291e-09	                 -0
                  0	                  0	  -3.5486140272e-08	  1.95324823626e-06	 -1.53819571874e-08	                 -0
                  0	                  0	  7.63731927255e-09	 -1.53819571827e-08	  1.53046229449e-07	                 -0
  1.59041956312e-07	 -1.55382879541e-06	                  0	                  0	                  0	  6.25836728517e-06

Mass matrix w.r.t. to the cross section reference point 
M=
      10.5588067319	                  0	                  0	                  0	                  0	    -0.161045079643
                  0	      10.5588067319	                  0	                  0	                  0	     0.399458088745
                  0	                  0	      10.5588067319	     0.161045079643	    -0.399458088745	                  0
                 -0	                 -0	     0.161045079643	    0.0204187672969	 -0.000114842955058	                  0
                 -0	                 -0	    -0.399458088745	 -0.000114842955058	     0.542800630817	                  0
    -0.161045079643	     0.399458088745	                 -0	                  0	                  0	     0.563219398113

Shear center;
ShearX=     0.248280218244 
ShearY=    0.0254126913722 

Elastic center:
ElasticX=    0.0481141671288 
ElasticY=    0.0177888552863 

Orientation of principle axis w.r.t. reference center:
alpha_p=      1.11447846473o or     0.0194513186521rad 

Orientation of principle axis w.r.t. elastic center:
alpha_p=    -0.489520312473o or   -0.00854374120804rad 

Mass center:
MassX=    0.0378317454698 
MassY=    0.0152522045088 

Mass per unit length:
Mass=      10.5588067319 

Mass moments of inertia:
Ixx=    0.0204187672969 
Iyy=     0.542800630817 
Ixy=  0.000114842955058 

Area center:
AreaX=    0.0630250928786 
AreaY=    0.0151576721462 

Area per unit length:
Area=   0.00731031057673 
Area moments:
Ixx=  0.000110807291009 
Iyy=   0.00046073300307 
Ixy=    2.721620873e-06 

Stiffness matrix with respect to shear center:
      23846180.1748	     -234403.508762	                  0	                  0	                  0	 -2.48244032264e-06
     -234403.508778	      1381273.11529	                  0	                  0	                  0	  3.12761130772e-06
                  0	                  0	      206589551.177	     -1575004.87521	      41352214.6602	                  0
                  0	                  0	     -1575004.87522	      524380.811526	     -263766.280968	                  0
                  0	                  0	      41352214.6606	     -263766.280983	       14816458.608	                  0
                  0	 -2.27373675443e-11	                  0	                  0	                  0	      159786.083883

Stiffness matrix with respect to the elastic center:
      23846180.1748	     -234403.508762	                  0	                  0	                  0	     -228718.993646
     -234403.508778	      1381273.11529	                  0	                  0	                  0	       278271.03893
                  0	                  0	      206589551.177	   1.5520490706e-05	 -0.000472268089652	                  0
                  0	                  0	 -8.79634171724e-07	      512373.232523	       51496.225389	                  0
                  0	                  0	 -0.000111656263471	      51496.2253734	      6539149.09462	                  0
     -228718.993646	      278271.038927	                  0	                  0	                  0	      217230.215003

Stiffness matrix rotated along principle axis:
      23828564.9491	     -671088.010233	                  0	                  0	                  0	     -657281.595788
     -671088.010249	      1398888.34101	                  0	                  0	                  0	      361752.235125
                  0	                  0	      206589551.177	        3480964.765	     -10009482.7813	                  0
                  0	                  0	      3480964.76499	      575309.122952	  9.92902278085e-06	                  0
                  0	                  0	      -10009482.781	  5.96185649579e-11	      7019836.34777	                  0
      -657281.59579	      361752.235121	                  0	                  0	                  0	      263289.897489

Stiffness matrix at the elastic center rotated along principle axis:
      23848545.5482	     -42444.2767004	                  0	                  0	                  0	     -231088.092785
     -42444.2767163	       1378907.7419	                  0	                  0	                  0	      276306.790606
                  0	                  0	      206589551.177	  1.95548114966e-05	 -0.000472118251588	                  0
                  0	                  0	  7.43485463203e-08	      511933.251395	  1.55547750182e-05	                  0
                  0	                  0	 -0.000111659703568	 -1.11416167155e-11	      6539589.07575	                  0
     -231088.092785	      276306.790603	                  0	                  0	                  0	      217230.215003

Mass matrix with respect to mass center
      10.5588067319	                  0	                  0	                  0	                  0	                  0
                  0	      10.5588067319	                  0	                  0	                  0	                  0
                  0	                  0	      10.5588067319	                  0	                  0	                  0
                  0	                  0	                  0	     0.017962474807	   0.00597777350716	                  0
                  0	                  0	                  0	   0.00597777350716	     0.527688434077	                  0
                  0	                  0	                  0	                  0	                  0	     0.545650908884
