********************************
*                              *
*          BECAS 2.3           *
*              by              *
*     becas-dtuwind@dtu.dk     *
*                              *
*   A cross section analysis   *
*   program for anisotropic    *
*   beams with arbitrary       *
*   geometry.                  *
*                              *
*     (c)DTU Wind Energy       *
********************************


Output generated on the (yyyy.mm.dd) 2017. 8. 9 at (hh.mm.ss) 12.41.59  
The input folder: is C:\Users\wentingmann\Documents\MATLAB\SBref_BECAS_Project\BECAS_outputs_80_sec_TP\BL_021_BCS 

Stiffness matrix w.r.t. to the cross section reference point 
K=
      921198034.672	     -54306665.8613	                  0	                  0	                  0	      48526770.0203
     -54306665.8615	      490372779.948	                  0	                  0	                  0	     -22514250.9621
                  0	                  0	      7728012987.18	     -171317638.011	      2801383520.51	                  0
                  0	                  0	     -171317637.995	      6227163215.91	      652729998.053	                  0
                  0	                  0	      2801383520.48	      652729997.922	        13668300589	                  0
       48526770.019	     -22514250.9618	                  0	                  0	                  0	      2267011754.31

Compliance matrix w.r.t. to the cross section reference point 
F=
  1.09379435822e-09	  1.20112799882e-10	                  0	                  0	                  0	 -2.22204659746e-11
  1.20112799883e-10	  2.05338511126e-09	                  0	                  0	                 -0	  1.78215844817e-11
                  0	                  0	  1.40078923876e-10	  6.89764718408e-12	 -2.90392421182e-11	                 -0
                  0	                  0	  6.89764718429e-12	  1.61734302397e-10	 -9.13733095257e-12	                 -0
                  0	                  0	 -2.90392421178e-11	 -9.13733095097e-12	   7.9550069685e-11	                 -0
  -2.2220465974e-11	  1.78215844814e-11	                  0	                  0	                  0	   4.4176194727e-10

Mass matrix w.r.t. to the cross section reference point 
M=
      473.603752301	                  0	                  0	                  0	                  0	      1.98990324574
                  0	      473.603752301	                  0	                  0	                  0	     -275.561821297
                  0	                  0	      473.603752301	     -1.98990324574	      275.561821297	                  0
                 -0	                 -0	     -1.98990324574	      276.563633839	      22.8578753621	                  0
                 -0	                 -0	      275.561821297	      22.8578753621	      1228.63159733	                  0
      1.98990324574	     -275.561821297	                 -0	                  0	                  0	      1505.19523117

Shear center;
ShearX=   -0.0403420543385 
ShearY=   -0.0502996378736 

Elastic center:
ElasticX=    -0.362497258366 
ElasticY=   -0.0221683941629 

Orientation of principle axis w.r.t. reference center:
alpha_p=     -4.97530325508o or    -0.0868354230864rad 

Orientation of principle axis w.r.t. elastic center:
alpha_p=     -6.26822347614o or     -0.109401137909rad 

Mass center:
MassX=    -0.581840451977 
MassY=  -0.00420162052365 

Mass per unit length:
Mass=      473.603752301 

Mass moments of inertia:
Ixx=      276.563633839 
Iyy=      1228.63159733 
Ixy=     -22.8578753621 

Area center:
AreaX=    -0.651820907899 
AreaY=    0.0162371089773 

Area per unit length:
Area=     0.642214403906 
Area moments:
Ixx=     0.010427705263 
Iyy=     -0.41860877582 
Ixy=   -0.0244552744888 

Stiffness matrix with respect to shear center:
      921198034.672	     -54306665.8613	                  0	                  0	                  0	   0.00134364515543
     -54306665.8615	      490372779.948	                  0	                  0	                  0	 -0.000359268859029
                  0	                  0	      7728012987.18	      217398616.726	      2489619600.65	                  0
                  0	                  0	      217398616.742	      6229481072.45	       784868267.87	                  0
                  0	                  0	      2489619600.62	      784868267.738	      13454850653.6	                  0
                  0	  2.79396772385e-09	                  0	                  0	                  0	      2263662604.22

Stiffness matrix with respect to the elastic center:
      921198034.672	     -54306665.8613	                  0	                  0	                  0	      8419271.39991
     -54306665.8615	      490372779.948	                  0	                  0	                  0	      156448428.921
                  0	                  0	      7728012987.18	   -0.0157354772091	    0.0347962379456	                  0
                  0	                  0	  0.000196486711502	      6223365378.98	      714832172.137	                  0
                  0	                  0	   0.00347757339478	      714832172.011	      12652806743.2	                  0
      8419271.39851	      156448428.921	                  0	                  0	                  0	      2314300124.33

Stiffness matrix rotated along principle axis:
      927341745.612	      -16266620.486	                  0	                  0	                  0	      50296508.0315
     -16266620.4862	      484229069.008	                  0	                  0	                  0	     -18220872.2301
                  0	                  0	      7728012987.18	     -413625869.555	      2775970641.43	                  0
                  0	                  0	     -413625869.536	      6170340236.03	     0.130578815937	                  0
                  0	                  0	       2775970641.4	  4.67762954083e-07	      13725123568.9	                  0
      50296508.0302	     -18220872.2298	                  0	                  0	                  0	      2267011754.31

Stiffness matrix at the elastic center rotated along principle axis:
      927850032.487	     -6254296.81351	                  0	                  0	                  0	     -8712576.69973
     -6254296.81369	      483720782.132	                  0	                  0	                  0	      156432368.933
                  0	                  0	      7728012987.18	   -0.0194405641937	    0.0328701670515	                  0
                  0	                  0	 -0.000184379982574	      6144848429.48	     0.125497817993	                  0
                  0	                  0	   0.00347823630104	 -7.74368338935e-08	      12731323692.7	                  0
     -8712576.70116	      156432368.933	                  0	                  0	                  0	      2314300124.33

Mass matrix with respect to mass center
      473.603752301	                  0	                  0	                  0	                  0	                  0
                  0	      473.603752301	                  0	                  0	                  0	                  0
                  0	                  0	      473.603752301	                  0	                  0	                  0
                  0	                  0	                  0	      276.555273021	       24.015681566	                  0
                  0	                  0	                  0	       24.015681566	      1068.29858268	                  0
                  0	                  0	                  0	                  0	                  0	       1344.8538557
