********************************
*                              *
*          BECAS 2.3           *
*              by              *
*     becas-dtuwind@dtu.dk     *
*                              *
*   A cross section analysis   *
*   program for anisotropic    *
*   beams with arbitrary       *
*   geometry.                  *
*                              *
*     (c)DTU Wind Energy       *
********************************


Output generated on the (yyyy.mm.dd) 2017. 8. 9 at (hh.mm.ss) 12.34. 5  
The input folder: is C:\Users\wentingmann\Documents\MATLAB\SBref_BECAS_Project\BECAS_outputs_80_sec_TP\BL_004_BCS 

Stiffness matrix w.r.t. to the cross section reference point 
K=
      3204035109.61	     -16000572.0938	                  0	                  0	                  0	     -7045294.72823
     -16000572.0938	      3037157419.75	                  0	                  0	                  0	      -122647296.02
                  0	                  0	      19509983679.4	       29323827.647	      913058502.478	                  0
                  0	                  0	      29323827.6471	      38610981924.6	      726499623.118	                  0
                  0	                  0	       913058502.47	      726499623.122	        37899757438	                  0
     -7045294.72823	      -122647296.02	                  0	                  0	                  0	      24439160697.4

Compliance matrix w.r.t. to the cross section reference point 
F=
  3.12114889911e-10	   1.6482736824e-12	                  0	                  0	                 -0	  9.82479606591e-14
   1.6482736824e-12	  3.29330685622e-10	                  0	                  0	                 -0	  1.65321269261e-12
                  0	                  0	  5.13136731508e-11	 -1.57162493519e-14	 -1.23591734831e-12	                 -0
                  0	                  0	 -1.57162493524e-14	  2.59087168296e-11	 -4.96265000846e-13	                 -0
                  0	                  0	  -1.2359173483e-12	 -4.96265000849e-13	  2.64246810238e-11	                 -0
  9.82479606591e-14	  1.65321269261e-12	                  0	                  0	                  0	  4.09262603833e-11

Mass matrix w.r.t. to the cross section reference point 
M=
      1483.12668918	                  0	                  0	                  0	                  0	      6.39603107036
                  0	      1483.12668918	                  0	                  0	                  0	     -68.8740897872
                  0	                  0	      1483.12668918	     -6.39603107036	      68.8740897872	                  0
                 -0	                 -0	     -6.39603107036	      2850.78132987	     -6.94992415321	                  0
                 -0	                 -0	      68.8740897872	     -6.94992415321	      2970.66829832	                  0
      6.39603107036	     -68.8740897872	                 -0	                  0	                  0	      5821.44962819

Shear center;
ShearX=   -0.0403949121451 
ShearY=   0.00240060928457 

Elastic center:
ElasticX=   -0.0467995523457 
ElasticY=   0.00150301651344 

Orientation of principle axis w.r.t. reference center:
alpha_p=     -58.0405775391o or      -1.01299917782rad 

Orientation of principle axis w.r.t. elastic center:
alpha_p=     -58.7337756382o or      -1.02509776701rad 

Mass center:
MassX=   -0.0464384400132 
MassY=  -0.00431253184036 

Mass per unit length:
Mass=      1483.12668918 

Mass moments of inertia:
Ixx=      2850.78132987 
Iyy=      2970.66829832 
Ixy=      6.94992415321 

Area center:
AreaX=   -0.0368565731477 
AreaY=   -0.0367748335864 

Area per unit length:
Area=      1.02942879635 
Area moments:
Ixx=    -0.037857072675 
Iyy=   -0.0379412177332 
Ixy=    0.0929646783613 

Stiffness matrix with respect to shear center:
      3204035109.61	     -16000572.0938	                  0	                  0	                  0	  4.29339706898e-07
     -16000572.0938	      3037157419.75	                  0	                  0	                  0	  7.21098331269e-07
                  0	                  0	      19509983679.4	     -17512020.3157	      124954425.794	                  0
                  0	                  0	     -17512020.3156	      38610953569.1	      725015122.921	                  0
                  0	                  0	      124954425.786	      725015122.926	        37857826997	                  0
  9.31322574615e-10	  1.03682396002e-08	                  0	                  0	                  0	      24434189457.7

Stiffness matrix with respect to the elastic center:
      3204035109.61	     -16000572.0938	                  0	                  0	                  0	     -2978396.66011
     -16000572.0938	      3037157419.75	                  0	                  0	                  0	      19466262.5039
                  0	                  0	      19509983679.4	 -7.67223536968e-05	   0.00785553455353	                  0
                  0	                  0	  7.07805156708e-08	      38610937850.4	      725127281.111	                  0
                  0	                  0	  3.81469726563e-06	      725127281.115	      37857026708.8	                  0
     -2978396.66011	      19466262.5039	                  0	                  0	                  0	      24434316805.5

Stiffness matrix rotated along principle axis:
      3098284164.99	      81977005.0572	                  0	                  0	                  0	      100327603.642
      81977005.0572	      3142908364.37	                  0	                  0	                  0	     -70896878.2551
                  0	                  0	      19509983679.4	     -759138351.328	      508177802.898	                  0
                  0	                  0	     -759138351.321	      37446505187.1	  -0.00481414794922	                  0
                  0	                  0	      508177802.894	  3.19226682575e-06	      39064234175.5	                  0
      100327603.642	     -70896878.2551	                  0	                  0	                  0	      24439160697.4

Stiffness matrix at the elastic center rotated along principle axis:
      3096307277.93	      81413170.1452	                  0	                  0	                  0	      -18184912.126
      81413170.1452	      3144885251.44	                  0	                  0	                  0	      7557459.46083
                  0	                  0	      19509983679.4	  -0.00675445556804	   0.00401156321408	                  0
                  0	                  0	 -3.22393329254e-06	      37416727682.7	  -0.00482749938965	                  0
                  0	                  0	  2.04038703069e-06	  -9.0436324169e-07	      39051236876.5	                  0
      -18184912.126	      7557459.46083	                  0	                  0	                  0	      24434316805.5

Mass matrix with respect to mass center
      1483.12668918	                  0	                  0	                  0	                  0	                  0
                  0	      1483.12668918	                  0	                  0	                  0	                  0
                  0	                  0	      1483.12668918	                  0	                  0	                  0
                  0	                  0	                  0	      2850.75374678	     -6.65290244802	                  0
                  0	                  0	                  0	     -6.65290244802	      2967.46989303	                  0
                  0	                  0	                  0	                  0	                  0	      5818.22363981
