********************************
*                              *
*          BECAS 2.3           *
*              by              *
*     becas-dtuwind@dtu.dk     *
*                              *
*   A cross section analysis   *
*   program for anisotropic    *
*   beams with arbitrary       *
*   geometry.                  *
*                              *
*     (c)DTU Wind Energy       *
********************************


Output generated on the (yyyy.mm.dd) 2017. 8. 9 at (hh.mm.ss) 10.38. 3  
The input folder: is C:\Users\wentingmann\Documents\MATLAB\SBref_BECAS_Project\BECAS_outputs_80_sec_c2\BL_048_BCS 

Stiffness matrix w.r.t. to the cross section reference point 
K=
      430217515.178	       7368389.9544	                  0	                  0	                  0	      -37844055.776
      7368389.95433	      107328315.265	                  0	                  0	                  0	      59142314.5241
                  0	                  0	      5747749801.54	      41461208.5282	     -1731623357.31	                  0
                  0	                  0	      41461208.5284	      620071315.919	      45740460.2258	                  0
                  0	                  0	     -1731623357.31	      45740460.2258	      2926259069.42	                  0
     -37844055.7761	      59142314.5241	                  0	                  0	                  0	      152172777.422

Compliance matrix w.r.t. to the cross section reference point 
F=
  2.40947887119e-09	 -6.30678812354e-10	                 -0	                  0	                 -0	  8.44331421514e-10
 -6.30678812352e-10	  1.20214965186e-08	                  0	                  0	                  0	 -4.82902779826e-09
                  0	                  0	  2.12067768945e-10	  -2.3464098726e-11	  1.25858562751e-10	                 -0
                  0	                  0	 -2.34640987261e-11	    1.617175576e-09	  -3.9163086318e-11	                 -0
                  0	                  0	  1.25858562751e-10	  -3.9163086318e-11	  4.16822617422e-10	                 -0
  8.44331421514e-10	 -4.82902779826e-09	                  0	                  0	                  0	  8.65826876937e-09

Mass matrix w.r.t. to the cross section reference point 
M=
      214.621780698	                  0	                  0	                  0	                  0	     -6.06685186782
                  0	      214.621780698	                  0	                  0	                  0	      21.3485982351
                  0	                  0	      214.621780698	      6.06685186782	     -21.3485982351	                  0
                 -0	                 -0	      6.06685186782	       16.812804205	      2.97877245691	                  0
                 -0	                 -0	     -21.3485982351	      2.97877245691	      141.565658696	                  0
     -6.06685186782	      21.3485982351	                 -0	                  0	                  0	      158.378462901

Shear center;
ShearX=     0.557735954714 
ShearY=    0.0975173494846 

Elastic center:
ElasticX=     0.301269786804 
ElasticY=   0.00721346787177 

Orientation of principle axis w.r.t. reference center:
alpha_p=     -1.13579738892o or    -0.0198234040723rad 

Orientation of principle axis w.r.t. elastic center:
alpha_p=      -1.8667033833o or    -0.0325801201967rad 

Mass center:
MassX=    0.0994707907353 
MassY=    0.0282676429582 

Mass per unit length:
Mass=      214.621780698 

Mass moments of inertia:
Ixx=       16.812804205 
Iyy=      141.565658696 
Ixy=     -2.97877245691 

Area center:
AreaX=     0.133123618193 
AreaY=    0.0373360236499 

Area per unit length:
Area=     0.253652689232 
Area moments:
Ixx=   0.00947038280403 
Iyy=     0.033767163755 
Ixy=  -0.00292245976407 

Stiffness matrix with respect to shear center:
      430217515.178	       7368389.9544	                  0	                  0	                  0	  1.83880329132e-05
      7368389.95433	      107328315.265	                  0	                  0	                  0	  1.23417703435e-05
                  0	                  0	      5747749801.54	     -519044117.618	      1474103365.71	                  0
                  0	                  0	     -519044117.618	      666643935.373	     -74885786.1419	                  0
                  0	                  0	      1474103365.71	      -74885786.142	      2782630911.04	                  0
 -7.45058059692e-09	 -6.51925802231e-09	                  0	                  0	                  0	      115496530.154

Stiffness matrix with respect to the elastic center:
      430217515.178	       7368389.9544	                  0	                  0	                  0	     -36960568.8231
      7368389.95433	      107328315.265	                  0	                  0	                  0	      26860687.5103
                  0	                  0	      5747749801.54	 -0.000225007534027	 -0.000205755233765	                  0
                  0	                  0	  1.49011611938e-08	      619772236.824	      58231469.6797	                  0
                  0	                  0	                  0	      58231469.6797	      2404573269.74	                  0
     -36960568.8231	      26860687.5102	                  0	                  0	                  0	      125723070.578

Stiffness matrix rotated along principle axis:
      429798590.268	      13761685.9912	                  0	                  0	                  0	     -39008945.4945
      13761685.9911	      107747240.175	                  0	                  0	                  0	      58380545.5289
                  0	                  0	      5747749801.54	      75777483.6915	     -1730461284.27	                  0
                  0	                  0	      75777483.6917	      619164465.503	 -6.96256756783e-05	                  0
                  0	                  0	     -1730461284.27	  7.12816213173e-09	      2927165919.84	                  0
     -39008945.4946	      58380545.5289	                  0	                  0	                  0	      152172777.422

Stiffness matrix at the elastic center rotated along principle axis:
      429395114.716	      17865079.2081	                  0	                  0	                  0	     -37815924.0142
       17865079.208	      108150715.727	                  0	                  0	                  0	      25642466.1879
                  0	                  0	      5747749801.54	 -0.000218185781481	 -0.000212975518194	                  0
                  0	                  0	  1.48932533686e-08	      617874376.991	 -3.57627868652e-07	                  0
                  0	                  0	  4.85395740427e-10	 -1.88820886678e-08	      2406471129.57	                  0
     -37815924.0143	      25642466.1879	                  0	                  0	                  0	      125723070.578

Mass matrix with respect to mass center
      214.621780698	                  0	                  0	                  0	                  0	                  0
                  0	      214.621780698	                  0	                  0	                  0	                  0
                  0	                  0	      214.621780698	                  0	                  0	                  0
                  0	                  0	                  0	      16.6413086025	      3.58224700948	                  0
                  0	                  0	                  0	      3.58224700948	      139.442096748	                  0
                  0	                  0	                  0	                  0	                  0	      156.083405351
