********************************
*                              *
*          BECAS 2.3           *
*              by              *
*     becas-dtuwind@dtu.dk     *
*                              *
*   A cross section analysis   *
*   program for anisotropic    *
*   beams with arbitrary       *
*   geometry.                  *
*                              *
*     (c)DTU Wind Energy       *
********************************


Output generated on the (yyyy.mm.dd) 2017. 8. 9 at (hh.mm.ss) 12.51.36  
The input folder: is C:\Users\wentingmann\Documents\MATLAB\SBref_BECAS_Project\BECAS_outputs_80_sec_TP\BL_052_BCS 

Stiffness matrix w.r.t. to the cross section reference point 
K=
      392013277.326	      6641210.72157	                  0	                  0	                  0	     -36554595.3568
      6641210.72155	      91514264.4049	                  0	                  0	                  0	      783703.628928
                  0	                  0	      4948219145.01	      40079976.5753	      1144727973.48	                  0
                  0	                  0	      40079976.5754	      412535295.479	       58665695.799	                  0
                  0	                  0	      1144727973.48	      58665695.7986	      2117134412.84	                  0
     -36554595.3568	      783703.628937	                  0	                  0	                  0	        84203848.85

Compliance matrix w.r.t. to the cross section reference point 
F=
  2.66232497458e-09	 -2.03119408208e-10	                  0	                  0	                 -0	  1.15765964267e-09
 -2.03119408207e-10	  1.09436260547e-08	                  0	                  0	                  0	 -1.90032966989e-10
                  0	                  0	  2.30994989418e-10	 -4.69940224651e-12	 -1.24768050066e-10	                 -0
                  0	                  0	 -4.69940224638e-12	  2.43372048378e-09	 -6.48973289166e-11	                 -0
                  0	                  0	 -1.24768050066e-10	 -6.48973289162e-11	  5.41596564256e-10	                 -0
  1.15765964267e-09	  -1.9003296699e-10	                  0	                  0	                  0	  1.23802738659e-08

Mass matrix w.r.t. to the cross section reference point 
M=
      191.254413398	                  0	                  0	                  0	                  0	     -5.50509260735
                  0	      191.254413398	                  0	                  0	                  0	     -79.1292697227
                  0	                  0	      191.254413398	      5.50509260735	      79.1292697227	                  0
                 -0	                 -0	      5.50509260735	        11.51801145	      5.10079288333	                  0
                 -0	                 -0	      79.1292697227	      5.10079288333	      141.410904378	                  0
     -5.50509260735	     -79.1292697227	                 -0	                  0	                  0	      152.928915828

Shear center;
ShearX=     0.015349657774 
ShearY=    0.0935084033853 

Elastic center:
ElasticX=    -0.231341405854 
ElasticY=   0.00809987904755 

Orientation of principle axis w.r.t. reference center:
alpha_p=     -1.96879331038o or    -0.0343619255574rad 

Orientation of principle axis w.r.t. elastic center:
alpha_p=     -1.96209512702o or    -0.0342450202038rad 

Mass center:
MassX=    -0.413738267875 
MassY=    0.0287841337073 

Mass per unit length:
Mass=      191.254413398 

Mass moments of inertia:
Ixx=        11.51801145 
Iyy=      141.410904378 
Ixy=     -5.10079288333 

Area center:
AreaX=    -0.369793279811 
AreaY=    0.0396461848192 

Area per unit length:
Area=      0.22640848705 
Area moments:
Ixx=   0.00897623272221 
Iyy=   -0.0837243370031 
Ixy=  -0.00643789901631 

Stiffness matrix with respect to shear center:
      392013277.326	      6641210.72157	                  0	                  0	                  0	 -3.53530049324e-05
      6641210.72155	      91514264.4049	                  0	                  0	                  0	 -1.05923973024e-05
                  0	                  0	      4948219145.01	     -422620095.275	      1220681443.95	                  0
                  0	                  0	     -422620095.275	       448306011.21	     -54863063.1425	                  0
                  0	                  0	      1220681443.95	     -54863063.1429	      2153442637.89	                  0
                  0	 -1.16415321827e-10	                  0	                  0	                  0	      80773657.4193

Stiffness matrix with respect to the elastic center:
      392013277.326	      6641210.72157	                  0	                  0	                  0	     -31842948.2005
      6641210.72155	      91514264.4049	                  0	                  0	                  0	      22008535.2156
                  0	                  0	      4948219145.01	 -7.10040330887e-06	  -0.00121426582336	                  0
                  0	                  0	 -9.38773155212e-07	      412210652.517	      49393537.6714	                  0
                  0	                  0	 -3.55243682861e-05	      49393537.6711	      1852311434.14	                  0
     -31842948.2005	      22008535.2156	                  0	                  0	                  0	      88922625.5969

Stiffness matrix rotated along principle axis:
      391202554.773	      16943132.4018	                  0	                  0	                  0	     -36559940.9751
      16943132.4018	      92324986.9575	                  0	                  0	                  0	     -472598.114817
                  0	                  0	      4948219145.01	      728999.742498	      1145429179.98	                  0
                  0	                  0	      728999.742464	      410518635.427	  0.000352021306753	                  0
                  0	                  0	      1145429179.98	  3.00335744101e-09	      2119151072.89	                  0
      -36559940.975	     -472598.114807	                  0	                  0	                  0	        84203848.85

Stiffness matrix at the elastic center rotated along principle axis:
      391206512.174	      16908191.5512	                  0	                  0	                  0	     -32577814.0034
      16908191.5512	      92321029.5564	                  0	                  0	                  0	      20905382.2543
                  0	                  0	      4948219145.01	  3.44781903529e-05	  -0.00121379700111	                  0
                  0	                  0	  2.78072198652e-07	      410518508.298	  0.000360133126378	                  0
                  0	                  0	 -3.55356822506e-05	 -6.24591469348e-09	      1854003578.35	                  0
     -32577814.0034	      20905382.2543	                  0	                  0	                  0	      88922625.5969

Mass matrix with respect to mass center
      191.254413398	                  0	                  0	                  0	                  0	                  0
                  0	      191.254413398	                  0	                  0	                  0	                  0
                  0	                  0	      191.254413398	                  0	                  0	                  0
                  0	                  0	                  0	      11.3595521283	      2.82312540347	                  0
                  0	                  0	                  0	      2.82312540347	      108.672097384	                  0
                  0	                  0	                  0	                  0	                  0	      120.031649513
