********************************
*                              *
*          BECAS 2.3           *
*              by              *
*     becas-dtuwind@dtu.dk     *
*                              *
*   A cross section analysis   *
*   program for anisotropic    *
*   beams with arbitrary       *
*   geometry.                  *
*                              *
*     (c)DTU Wind Energy       *
********************************


Output generated on the (yyyy.mm.dd) 2017. 8. 9 at (hh.mm.ss) 10.42.19  
The input folder: is C:\Users\wentingmann\Documents\MATLAB\SBref_BECAS_Project\BECAS_outputs_80_sec_c2\BL_067_BCS 

Stiffness matrix w.r.t. to the cross section reference point 
K=
      157207709.539	     -2588010.70326	                  0	                  0	                  0	     -7794539.08947
     -2588010.70325	      43971284.4626	                  0	                  0	                  0	      18528095.5657
                  0	                  0	       2061474433.7	      53350408.2796	       -466963705.2	                  0
                  0	                  0	        53350408.28	      71498123.9673	     -6800204.24333	                  0
                  0	                  0	     -466963705.199	     -6800204.24329	      481407589.599	                  0
     -7794539.08946	      18528095.5657	                  0	                  0	                  0	      21984474.3057

Compliance matrix w.r.t. to the cross section reference point 
F=
  6.49834860487e-09	 -9.12339138886e-10	                 -0	                  0	                 -0	  3.07287488579e-09
 -9.12339138891e-10	  3.53937955654e-08	                  0	                  0	                  0	 -3.01526832315e-08
                  0	                  0	  6.33751124884e-10	 -4.14981660252e-10	  6.08874516598e-10	                 -0
                  0	                  0	 -4.14981660255e-10	  1.42769278112e-08	 -2.00859626372e-10	                 -0
                  0	                  0	  6.08874516597e-10	 -2.00859626368e-10	  2.66501077571e-09	                 -0
  3.07287488579e-09	 -3.01526832314e-08	                  0	                  0	                  0	  7.19882321443e-08

Mass matrix w.r.t. to the cross section reference point 
M=
      85.2535078463	                  0	                  0	                  0	                  0	     -2.62042558326
                  0	      85.2535078463	                  0	                  0	                  0	      12.3538422137
                  0	                  0	      85.2535078463	      2.62042558326	     -12.3538422137	                  0
                 -0	                 -0	      2.62042558326	      2.08473782219	    0.0257105578523	                  0
                 -0	                 -0	     -12.3538422137	    0.0257105578523	      27.0278562014	                  0
     -2.62042558326	      12.3538422137	                 -0	                  0	                  0	      29.1125940236

Shear center;
ShearX=     0.418855725905 
ShearY=    0.0426857945286 

Elastic center:
ElasticX=     0.226519280359 
ElasticY=    0.0258797331696 

Orientation of principle axis w.r.t. reference center:
alpha_p=     0.950161335288o or     0.0165834437259rad 

Orientation of principle axis w.r.t. elastic center:
alpha_p=    -0.990690931469o or    -0.0172908186238rad 

Mass center:
MassX=     0.144907142542 
MassY=    0.0307368652558 

Mass per unit length:
Mass=      85.2535078463 

Mass moments of inertia:
Ixx=      2.08473782219 
Iyy=      27.0278562014 
Ixy=   -0.0257105578523 

Area center:
AreaX=     0.139761282658 
AreaY=    0.0484149432906 

Area per unit length:
Area=     0.109872768792 
Area moments:
Ixx=   0.00531948387026 
Iyy=    0.0153559590956 
Ixy=  0.000147460988137 

Stiffness matrix with respect to shear center:
      157207709.539	     -2588010.70326	                  0	                  0	                  0	 -2.92994081974e-06
     -2588010.70325	      43971284.4626	                  0	                  0	                  0	  4.64070035378e-05
                  0	                  0	       2061474433.7	     -34645265.8231	       396496665.16	                  0
                  0	                  0	     -34645265.8227	      70699680.0998	     -1378855.43617	                  0
                  0	                  0	      396496665.161	     -1378855.43636	      451892066.391	                  0
  9.31322574615e-10	 -2.59024091065e-09	                  0	                  0	                  0	      13891159.2939

Stiffness matrix with respect to the elastic center:
      157207709.539	     -2588010.70326	                  0	                  0	                  0	     -3139811.19232
     -2588010.70325	      43971284.4626	                  0	                  0	                  0	      8500774.82636
                  0	                  0	       2061474433.7	 -0.000415816903114	  -0.00124311447144	                  0
                  0	                  0	 -9.53674316406e-07	      70117429.6365	      5284691.84715	                  0
                  0	                  0	 -6.78896903992e-05	      5284691.84706	      375631307.143	                  0
     -3139811.19232	      8500774.82631	                  0	                  0	                  0	      15578935.9679

Stiffness matrix rotated along principle axis:
      157090750.653	     -4464092.98912	                  0	                  0	                  0	     -7486221.77649
     -4464092.98911	      44088243.3492	                  0	                  0	                  0	      18654802.2885
                  0	                  0	       2061474433.7	      45599561.0925	     -467784189.628	                  0
                  0	                  0	      45599561.0929	       71385342.824	 -3.52745410055e-05	                  0
                  0	                  0	     -467784189.627	 -1.17116768788e-10	      481520370.742	                  0
     -7486221.77648	      18654802.2885	                  0	                  0	                  0	      21984474.3057

Stiffness matrix at the elastic center rotated along principle axis:
      157263338.156	     -628903.107728	                  0	                  0	                  0	     -3286319.87726
     -628903.107715	      43915655.8455	                  0	                  0	                  0	      8445216.90877
                  0	                  0	       2061474433.7	 -0.000394261349944	    -0.001250118104	                  0
                  0	                  0	  2.20278072814e-07	      70026043.8809	  8.91149975359e-05	                  0
                  0	                  0	 -6.78960310679e-05	 -1.23229001222e-09	      375722692.899	                  0
     -3286319.87725	      8445216.90873	                  0	                  0	                  0	      15578935.9679

Mass matrix with respect to mass center
      85.2535078463	                  0	                  0	                  0	                  0	                  0
                  0	      85.2535078463	                  0	                  0	                  0	                  0
                  0	                  0	      85.2535078463	                  0	                  0	                  0
                  0	                  0	                  0	      2.00419415412	     0.405428941367	                  0
                  0	                  0	                  0	     0.405428941367	      25.2376962268	                  0
                  0	                  0	                  0	                  0	                  0	      27.2418903809
