********************************
*                              *
*          BECAS 2.3           *
*              by              *
*     becas-dtuwind@dtu.dk     *
*                              *
*   A cross section analysis   *
*   program for anisotropic    *
*   beams with arbitrary       *
*   geometry.                  *
*                              *
*     (c)DTU Wind Energy       *
********************************


Output generated on the (yyyy.mm.dd) 2017. 8. 9 at (hh.mm.ss) 10.44.37  
The input folder: is C:\Users\wentingmann\Documents\MATLAB\SBref_BECAS_Project\BECAS_outputs_80_sec_c2\BL_080_BCS 

Stiffness matrix w.r.t. to the cross section reference point 
K=
      27985841.1403	     -275095.604864	                  0	                  0	                  0	     -844449.829639
     -275095.604865	      1621060.04788	                  0	                  0	                  0	      443588.016238
                  0	                  0	      242453186.135	      4672353.24623	     -12637484.6137	                  0
                  0	                  0	      4672353.24625	      795750.428976	     -172611.468851	                  0
                  0	                  0	     -12637484.6139	     -172611.468843	      9665297.29594	                  0
      -844449.82964	      443588.016239	                  0	                  0	                  0	      362637.976295

Compliance matrix w.r.t. to the cross section reference point 
F=
  3.92358993272e-08	 -2.75721148364e-08	                 -0	                  0	                 -0	  1.25092823123e-07
 -2.75721148364e-08	  9.46630756949e-07	                  0	                  0	                  0	 -1.22214813735e-06
                  0	                  0	  4.97549797881e-09	 -2.79112604693e-08	  6.00705531426e-09	                 -0
                  0	                  0	 -2.79112604693e-08	  1.41813754078e-06	 -1.11679255668e-08	                 -0
                  0	                  0	  6.00705531439e-09	 -1.11679255685e-08	  1.11117777776e-07	                 -0
  1.25092823123e-07	 -1.22214813735e-06	                  0	                  0	                  0	  4.54382880085e-06

Mass matrix w.r.t. to the cross section reference point 
M=
      12.3917996787	                  0	                  0	                  0	                  0	    -0.204751350891
                  0	      12.3917996787	                  0	                  0	                  0	     0.507867632319
                  0	                  0	      12.3917996787	     0.204751350891	    -0.507867632319	                  0
                 -0	                 -0	     0.204751350891	    0.0281234506967	 -0.000158177040635	                  0
                 -0	                 -0	    -0.507867632319	 -0.000158177040635	     0.747617451972	                  0
    -0.204751350891	     0.507867632319	                 -0	                  0	                  0	     0.775740902669

Shear center;
ShearX=     0.268968790621 
ShearY=    0.0275302676676 

Elastic center:
ElasticX=    0.0521234008735 
ElasticY=    0.0192711563034 

Orientation of principle axis w.r.t. reference center:
alpha_p=      1.11447846499o or     0.0194513186567rad 

Orientation of principle axis w.r.t. elastic center:
alpha_p=    -0.489520312202o or   -0.00854374120331rad 

Mass center:
MassX=    0.0409841706198 
MassY=    0.0165231327329 

Mass per unit length:
Mass=      12.3917996787 

Mass moments of inertia:
Ixx=    0.0281234506967 
Iyy=     0.747617451972 
Ixy=  0.000158177040635 

Area center:
AreaX=    0.0682768169374 
AreaY=    0.0164207232239 

Area per unit length:
Area=   0.00857936948336 
Area moments:
Ixx=  0.000140879451722 
Iyy=  0.000585772039654 
Ixy=  3.74857939875e-06 

Stiffness matrix with respect to shear center:
      27985841.1403	     -275095.604864	                  0	                  0	                  0	  9.61357727647e-07
     -275095.604865	      1621060.04788	                  0	                  0	                  0	  -1.0633148122e-06
                  0	                  0	      242453186.135	     -2002447.86491	      52574855.6431	                  0
                  0	                  0	     -2002447.86489	      722247.219181	     -363294.115293	                  0
                  0	                  0	      52574855.6428	     -363294.115284	      20407203.6822	                  0
 -1.16415321827e-10	  4.27462509833e-11	                  0	                  0	                  0	      220078.714192

Stiffness matrix with respect to the elastic center:
      27985841.1403	     -275095.604864	                  0	                  0	                  0	     -290791.392253
     -275095.604865	      1621060.04788	                  0	                  0	                  0	      353791.443122
                  0	                  0	      242453186.135	 -1.61360949278e-05	  0.000288428738713	                  0
                  0	                  0	  5.67175447941e-07	      705708.779264	      70927.4724205	                  0
                  0	                  0	  7.18869268894e-05	      70927.4724313	       9006588.6194	                  0
     -290791.392254	      353791.443123	                  0	                  0	                  0	      299198.436057

Stiffness matrix rotated along principle axis:
      27965167.9379	     -787587.878256	                  0	                  0	                  0	     -835662.256506
     -787587.878257	      1641733.25027	                  0	                  0	                  0	      459928.729238
                  0	                  0	      242453186.135	      4425669.13316	     -12725971.6699	                  0
                  0	                  0	      4425669.13317	      792392.484784	 -7.54673055781e-06	                  0
                  0	                  0	     -12725971.6701	 -2.21077847805e-11	      9668655.24013	                  0
     -835662.256507	       459928.72924	                  0	                  0	                  0	      362637.976295

Stiffness matrix at the elastic center rotated along principle axis:
      27988617.1389	     -49812.5393372	                  0	                  0	                  0	      -293803.44484
     -49812.5393374	      1618284.04924	                  0	                  0	                  0	      351294.114432
                  0	                  0	      242453186.135	 -1.85997365194e-05	  0.000288280350833	                  0
                  0	                  0	 -4.70210797326e-08	       705102.77855	 -1.08490776256e-05	                  0
                  0	                  0	  7.18891489351e-05	 -1.87651773387e-11	      9007194.62011	                  0
     -293803.444841	      351294.114434	                  0	                  0	                  0	      299198.436057

Mass matrix with respect to mass center
      12.3917996787	                  0	                  0	                  0	                  0	                  0
                  0	      12.3917996787	                  0	                  0	                  0	                  0
                  0	                  0	      12.3917996787	                  0	                  0	                  0
                  0	                  0	                  0	    0.0247403169487	   0.00823338725891	                  0
                  0	                  0	                  0	   0.00823338725891	     0.726802918277	                  0
                  0	                  0	                  0	                  0	                  0	     0.751543235226
