********************************
*                              *
*          BECAS 2.3           *
*              by              *
*     becas-dtuwind@dtu.dk     *
*                              *
*   A cross section analysis   *
*   program for anisotropic    *
*   beams with arbitrary       *
*   geometry.                  *
*                              *
*     (c)DTU Wind Energy       *
********************************


Output generated on the (yyyy.mm.dd) 2017. 8. 9 at (hh.mm.ss) 10.21. 1  
The input folder: is C:\Users\wentingmann\Documents\MATLAB\SBref_BECAS_Project\BECAS_outputs_80_sec_c2\BL_001_BCS 

Stiffness matrix w.r.t. to the cross section reference point 
K=
       6412522584.9	     -55961.0601744	                  0	                  0	                  0	     -76626.3159107
     -55961.0601791	      6408999078.49	                  0	                  0	                  0	      1013147.87533
                  0	                  0	      40005912266.2	      559381.113447	     -5780059.37333	                  0
                  0	                  0	      559381.111735	      74873089095.3	      886975.029308	                  0
                  0	                  0	     -5780059.37383	      886975.031481	      74912206950.7	                  0
     -76626.3159109	      1013147.87533	                  0	                  0	                  0	      47917441825.4

Compliance matrix w.r.t. to the cross section reference point 
F=
  1.55944869879e-10	  1.36161474112e-15	                 -0	                  0	                 -0	   2.4934764653e-16
  1.36161474124e-15	  1.56030604962e-10	                  0	                  0	                  0	 -3.29904864588e-15
                  0	                  0	   2.4996305661e-11	 -1.86771671055e-16	  1.92866159438e-15	                 -0
                  0	                  0	 -1.86771670484e-16	   1.3355933518e-11	 -1.58151248737e-16	                 -0
                  0	                  0	  1.92866159455e-15	 -1.58151249125e-16	  1.33489594286e-11	                 -0
   2.4934764653e-16	 -3.29904864588e-15	                  0	                  0	                  0	  2.08692276813e-11

Mass matrix w.r.t. to the cross section reference point 
M=
      2956.09620685	                  0	                  0	                  0	                  0	   -0.0413316031558
                  0	      2956.09620685	                  0	                  0	                  0	     0.427113891822
                  0	                  0	      2956.09620685	    0.0413316031558	    -0.427113891822	                  0
                 -0	                 -0	    0.0413316031558	      5533.01493696	    0.0655415700911	                  0
                 -0	                 -0	    -0.427113891822	    0.0655415700911	      5535.90524136	                  0
   -0.0413316031558	     0.427113891822	                 -0	                  0	                  0	      11068.9201783

Shear center;
ShearX=  0.000158081971037 
ShearY=  1.19481013067e-05 

Elastic center:
ElasticX=  0.000144480129221 
ElasticY=  1.39824610926e-05 

Orientation of principle axis w.r.t. reference center:
alpha_p=     -1.29825960163o or    -0.0226589045941rad 

Orientation of principle axis w.r.t. elastic center:
alpha_p=      -1.2984051563o or    -0.0226614450024rad 

Mass center:
MassX=  0.000144485788667 
MassY=  1.39818193535e-05 

Mass per unit length:
Mass=      2956.09620685 

Mass moments of inertia:
Ixx=      5533.01493696 
Iyy=      5535.90524136 
Ixy=   -0.0655415700911 

Area center:
AreaX=  0.000144485639416 
AreaY=  1.39818005457e-05 

Area per unit length:
Area=      1.58051792759 
Area moments:
Ixx=  2.20984864225e-05 
Iyy=  0.000228362143375 
Ixy= -3.50429559969e-05 

Stiffness matrix with respect to shear center:
       6412522584.9	     -55961.0601744	                  0	                  0	                  0	   1.1055089999e-07
     -55961.0601791	      6408999078.49	                  0	                  0	                  0	  -6.2045046989e-08
                  0	                  0	      40005912266.2	      81386.4208218	      544154.090833	                  0
                  0	                  0	      81386.4191104	      74873089087.6	      887056.955768	                  0
                  0	                  0	      544154.090339	      887056.957942	        74912206123	                  0
 -1.45519152284e-11	 -5.56484858194e-11	                  0	                  0	                  0	      47917441664.3

Stiffness matrix with respect to the elastic center:
       6412522584.9	     -55961.0601744	                  0	                  0	                  0	      13044.6168992
     -55961.0601791	      6408999078.49	                  0	                  0	                  0	      87174.0778179
                  0	                  0	      40005912266.2	   0.00171138660517	  0.000494735315442	                  0
                  0	                  0	 -1.16415321827e-10	      74873089087.5	      887055.848763	                  0
                  0	                  0	  1.58324837685e-08	      887055.850937	      74912206115.6	                  0
      13044.6168991	      87174.0778179	                  0	                  0	                  0	      47917441665.6

Stiffness matrix rotated along principle axis:
      6412523311.31	      23907.8645049	                  0	                  0	                  0	     -99561.5024418
      23907.8645002	      6408998352.08	                  0	                  0	                  0	      1011151.67844
                  0	                  0	      40005912266.2	      690196.126158	     -5765901.74186	                  0
                  0	                  0	      690196.124458	      74873068993.9	  -0.00217342376709	                  0
                  0	                  0	     -5765901.74239	 -3.53817173808e-08	        74912227052	                  0
     -99561.5024419	      1011151.67844	                  0	                  0	                  0	      47917441825.4

Stiffness matrix at the elastic center rotated along principle axis:
      6412523311.19	      23916.8193402	                  0	                  0	                  0	      11065.9460773
      23916.8193355	       6408998352.2	                  0	                  0	                  0	      87447.2796081
                  0	                  0	      40005912266.2	   0.00169973673272	  0.000533387461537	                  0
                  0	                  0	 -4.75141683398e-10	        74873068982	  -0.00217366218567	                  0
                  0	                  0	  1.58257807133e-08	 -1.76154843708e-08	        74912226221	                  0
      11065.9460772	      87447.2796082	                  0	                  0	                  0	      47917441665.6

Mass matrix with respect to mass center
      2956.09620685	                  0	                  0	                  0	                  0	                  0
                  0	      2956.09620685	                  0	                  0	                  0	                  0
                  0	                  0	      2956.09620685	                  0	                  0	                  0
                  0	                  0	                  0	      5533.01493638	    0.0655475419204	                  0
                  0	                  0	                  0	    0.0655475419204	      5535.90517965	                  0
                  0	                  0	                  0	                  0	                  0	       11068.920116
