********************************
*                              *
*          BECAS 2.3           *
*              by              *
*     becas-dtuwind@dtu.dk     *
*                              *
*   A cross section analysis   *
*   program for anisotropic    *
*   beams with arbitrary       *
*   geometry.                  *
*                              *
*     (c)DTU Wind Energy       *
********************************


Output generated on the (yyyy.mm.dd) 2017. 8. 9 at (hh.mm.ss) 12.49.32  
The input folder: is C:\Users\wentingmann\Documents\MATLAB\SBref_BECAS_Project\BECAS_outputs_80_sec_TP\BL_044_BCS 

Stiffness matrix w.r.t. to the cross section reference point 
K=
      459385380.974	      10591831.2178	                  0	                  0	                  0	     -37147525.5687
      10591831.2167	      128572261.459	                  0	                  0	                  0	      557287.796965
                  0	                  0	      6591593292.65	      37772573.1668	      1493901356.88	                  0
                  0	                  0	      37772573.1607	      917841100.156	      81053764.8482	                  0
                  0	                  0	      1493901356.89	      81053764.8533	      3468646166.75	                  0
     -37147525.5705	      557287.795457	                  0	                  0	                  0	      170726254.528

Compliance matrix w.r.t. to the cross section reference point 
F=
   2.2201995688e-09	 -1.84997382188e-10	                  0	                  0	                 -0	  4.83686690494e-10
 -1.84997382175e-10	  7.79325228318e-09	                  0	                  0	                  0	 -6.56915915573e-11
                  0	                  0	  1.68118645472e-10	 -5.25631953662e-13	 -7.23942587588e-11	                 -0
                  0	                  0	 -5.25631952913e-13	    1.091767784e-09	  -2.5285556015e-11	                 -0
                  0	                  0	 -7.23942587593e-11	 -2.52855560163e-11	  3.20067057154e-10	                 -0
  4.83686690516e-10	 -6.56915914932e-11	                  0	                  0	                  0	  5.96278747894e-09

Mass matrix w.r.t. to the cross section reference point 
M=
      241.901641684	                  0	                  0	                  0	                  0	     -6.28317486221
                  0	      241.901641684	                  0	                  0	                  0	     -108.293813474
                  0	                  0	      241.901641684	      6.28317486221	      108.293813474	                  0
                 -0	                 -0	      6.28317486221	      24.4529226778	      7.72917238791	                  0
                 -0	                 -0	      108.293813474	      7.72917238791	       228.92448276	                  0
     -6.28317486221	     -108.293813474	                 -0	                  0	                  0	      253.377405437

Shear center;
ShearX=    0.0110169265172 
ShearY=    0.0811175464872 

Elastic center:
ElasticX=    -0.226637368321 
ElasticY=    0.0057304162262 

Orientation of principle axis w.r.t. reference center:
alpha_p=     -1.81817172173o or    -0.0317330829109rad 

Orientation of principle axis w.r.t. elastic center:
alpha_p=      -1.8746737583o or     -0.032719229483rad 

Mass center:
MassX=    -0.447677050557 
MassY=    0.0259740893798 

Mass per unit length:
Mass=      241.901641684 

Mass moments of inertia:
Ixx=      24.4529226778 
Iyy=       228.92448276 
Ixy=     -7.72917238791 

Area center:
AreaX=    -0.412763193838 
AreaY=    0.0382701569417 

Area per unit length:
Area=     0.290442853389 
Area moments:
Ixx=    0.0111152935818 
Iyy=    -0.119884119792 
Ixy=   -0.0096878844254 

Stiffness matrix with respect to shear center:
      459385380.974	      10591831.2178	                  0	                  0	                  0	   0.00181060284376
      10591831.2167	      128572261.459	                  0	                  0	                  0	   0.00142031826545
                  0	                  0	      6591593292.65	     -496921302.174	      1566520455.82	                  0
                  0	                  0	      -496921302.18	      955086118.526	     -45602393.3867	                  0
                  0	                  0	      1566520455.82	     -45602393.3822	      3502362608.97	                  0
  7.45058059692e-09	  1.16415321827e-10	                  0	                  0	                  0	      167706798.797

Stiffness matrix with respect to the elastic center:
      459385380.974	      10591831.2178	                  0	                  0	                  0	     -32114551.3745
      10591831.2167	      128572261.459	                  0	                  0	                  0	      29757262.3746
                  0	                  0	      6591593292.65	   0.00608967244625	  -0.00914239883423	                  0
                  0	                  0	  3.56137752533e-06	       917624647.59	      72493088.2724	                  0
                  0	                  0	  0.000153541564941	      72493088.2761	       3130072294.7	                  0
     -32114551.3766	      29757262.3731	                  0	                  0	                  0	      177199763.871

Stiffness matrix rotated along principle axis:
      458380596.026	      21061180.8509	                  0	                  0	                  0	     -37146505.0637
      21061180.8499	      129577046.407	                  0	                  0	                  0	     -621600.448863
                  0	                  0	      6591593292.65	     -9644583.29824	      1494347688.25	                  0
                  0	                  0	     -9644583.30461	      915268150.614	   -0.0051633156836	                  0
                  0	                  0	      1494347688.26	  7.71434627548e-09	      3471219116.29	                  0
     -37146505.0654	     -621600.450429	                  0	                  0	                  0	      170726254.528

Stiffness matrix at the elastic center rotated along principle axis:
      458338737.474	      21385388.1707	                  0	                  0	                  0	     -33070823.8093
      21385388.1696	      129618904.959	                  0	                  0	                  0	      28690759.6029
                  0	                  0	      6591593292.65	   0.00638549196955	  -0.00893829174135	                  0
                  0	                  0	 -1.46339400086e-06	      915251882.819	  -0.00373069196939	                  0
                  0	                  0	  0.000153575890206	  1.49367585452e-08	      3132445059.47	                  0
     -33070823.8113	      28690759.6014	                  0	                  0	                  0	      177199763.871

Mass matrix with respect to mass center
      241.901641684	                  0	                  0	                  0	                  0	                  0
                  0	      241.901641684	                  0	                  0	                  0	                  0
                  0	                  0	      241.901641684	                  0	                  0	                  0
                  0	                  0	                  0	      24.2897229323	      4.91633919746	                  0
                  0	                  0	                  0	      4.91633919746	       180.44382775	                  0
                  0	                  0	                  0	                  0	                  0	      204.733550682
