********************************
*                              *
*          BECAS 2.3           *
*              by              *
*     becas-dtuwind@dtu.dk     *
*                              *
*   A cross section analysis   *
*   program for anisotropic    *
*   beams with arbitrary       *
*   geometry.                  *
*                              *
*     (c)DTU Wind Energy       *
********************************


Output generated on the (yyyy.mm.dd) 2017. 8. 9 at (hh.mm.ss) 10.41. 7  
The input folder: is C:\Users\wentingmann\Documents\MATLAB\SBref_BECAS_Project\BECAS_outputs_80_sec_c2\BL_061_BCS 

Stiffness matrix w.r.t. to the cross section reference point 
K=
       241126563.58	     -5263609.27851	                  0	                  0	                  0	      -12511414.565
     -5263609.27857	      61156693.4655	                  0	                  0	                  0	      29409943.1402
                  0	                  0	      3105091735.15	      40037150.9174	     -708997024.733	                  0
                  0	                  0	      40037150.9174	      150266361.017	      9751245.87955	                  0
                  0	                  0	     -708997024.732	      9751245.87962	      978880352.901	                  0
      -12511414.565	      29409943.1402	                  0	                  0	                  0	      45783117.2714

Compliance matrix w.r.t. to the cross section reference point 
F=
  4.21007419871e-09	  -2.7626701654e-10	                 -0	                  0	                 -0	  1.32797818325e-09
 -2.76267016538e-10	  2.36786628872e-08	                  0	                  0	                  0	 -1.52860849596e-08
                  0	                  0	  3.88078708908e-10	   -1.217191858e-10	  2.82295545996e-10	                 -0
                  0	                  0	   -1.217191858e-10	  6.69733082238e-09	 -1.54876803607e-10	                 -0
                  0	                  0	  2.82295545996e-10	 -1.54876803607e-10	  1.22758306512e-09	                 -0
  1.32797818325e-09	 -1.52860849596e-08	                  0	                  0	                  0	   3.2024419971e-08

Mass matrix w.r.t. to the cross section reference point 
M=
      127.890780937	                  0	                  0	                  0	                  0	     -3.47444782188
                  0	      127.890780937	                  0	                  0	                  0	      15.4520479671
                  0	                  0	      127.890780937	      3.47444782188	     -15.4520479671	                  0
                 -0	                 -0	      3.47444782188	      4.48251131433	      0.49481098673	                  0
                 -0	                 -0	     -15.4520479671	      0.49481098673	      52.4516550027	                  0
     -3.47444782188	      15.4520479671	                 -0	                  0	                  0	       56.934166317

Shear center;
ShearX=     0.477325896094 
ShearY=     0.041467673246 

Elastic center:
ElasticX=     0.228333680679 
ElasticY=    0.0128940315883 

Orientation of principle axis w.r.t. reference center:
alpha_p=    -0.674140320472o or    -0.0117659682127rad 

Orientation of principle axis w.r.t. elastic center:
alpha_p=     -1.62060843299o or    -0.0282849530413rad 

Mass center:
MassX=     0.120822219193 
MassY=    0.0271673047614 

Mass per unit length:
Mass=      127.890780937 

Mass moments of inertia:
Ixx=      4.48251131433 
Iyy=      52.4516550027 
Ixy=     -0.49481098673 

Area center:
AreaX=     0.140581405491 
AreaY=    0.0443846101594 

Area per unit length:
Area=     0.157884885413 
Area moments:
Ixx=   0.00700765908911 
Iyy=    0.0221956790972 
Ixy= -0.000243983527604 

Stiffness matrix with respect to shear center:
       241126563.58	     -5263609.27851	                  0	                  0	                  0	  1.67656689882e-05
     -5263609.27857	      61156693.4655	                  0	                  0	                  0	  2.60907690972e-05
                  0	                  0	      3105091735.15	     -88723778.5545	        773143670.2	                  0
                  0	                  0	     -88723778.5545	      152285282.183	     -3198454.26978	                  0
                  0	                  0	      773143670.201	     -3198454.26978	      1009499207.93	                  0
                  0	  4.54019755125e-09	                  0	                  0	                  0	      31226170.5569

Stiffness matrix with respect to the elastic center:
       241126563.58	     -5263609.27851	                  0	                  0	                  0	     -8200461.75721
     -5263609.27857	      61156693.4655	                  0	                  0	                  0	      15377941.0788
                  0	                  0	      3105091735.15	 -6.83888792992e-05	  -0.00106918811798	                  0
                  0	                  0	  2.60770320892e-07	      149750120.728	      18893075.9124	                  0
                  0	                  0	   1.1682510376e-05	      18893075.9125	      816992452.653	                  0
     -8200461.75724	      15377941.0788	                  0	                  0	                  0	      35289475.2303

Stiffness matrix rotated along principle axis:
      241225501.547	     -3144827.63232	                  0	                  0	                  0	     -12856577.0194
     -3144827.63238	      61057755.4984	                  0	                  0	                  0	      29260701.9272
                  0	                  0	      3105091735.15	       48376223.599	     -708476884.256	                  0
                  0	                  0	      48376223.5991	      150151622.873	 -7.28366430849e-05	                  0
                  0	                  0	     -708476884.255	 -6.34801164338e-10	      978995091.045	                  0
     -12856577.0195	      29260701.9272	                  0	                  0	                  0	      45783117.2714

Stiffness matrix at the elastic center rotated along principle axis:
       241280222.23	     -167464.615856	                  0	                  0	                  0	     -8632087.97863
     -167464.615922	      61003034.8156	                  0	                  0	                  0	      15139871.2671
                  0	                  0	      3105091735.15	 -3.81236208342e-05	  -0.00107069456895	                  0
                  0	                  0	   -6.972918377e-08	      149215588.407	 -4.32291999459e-05	                  0
                  0	                  0	  1.16852123509e-05	 -2.52515698864e-09	      817526984.974	                  0
     -8632087.97866	       15139871.267	                  0	                  0	                  0	      35289475.2303

Mass matrix with respect to mass center
      127.890780937	                  0	                  0	                  0	                  0	                  0
                  0	      127.890780937	                  0	                  0	                  0	                  0
                  0	                  0	      127.890780937	                  0	                  0	                  0
                  0	                  0	                  0	      4.38811993147	      0.91460148304	                  0
                  0	                  0	                  0	      0.91460148304	      50.5847042762	                  0
                  0	                  0	                  0	                  0	                  0	      54.9728242077
