********************************
*                              *
*          BECAS 2.3           *
*              by              *
*     becas-dtuwind@dtu.dk     *
*                              *
*   A cross section analysis   *
*   program for anisotropic    *
*   beams with arbitrary       *
*   geometry.                  *
*                              *
*     (c)DTU Wind Energy       *
********************************


Output generated on the (yyyy.mm.dd) 2017. 8. 9 at (hh.mm.ss) 10.35.59  
The input folder: is C:\Users\wentingmann\Documents\MATLAB\SBref_BECAS_Project\BECAS_outputs_80_sec_c2\BL_040_BCS 

Stiffness matrix w.r.t. to the cross section reference point 
K=
      515077008.919	      11909911.7922	                  0	                  0	                  0	     -32539845.2471
      11909911.7921	      152224024.348	                  0	                  0	                  0	      92486898.2192
                  0	                  0	      7291879857.56	     -6521716.91882	     -2618142080.04	                  0
                  0	                  0	     -6521716.91992	       1309445910.6	      101157756.571	                  0
                  0	                  0	     -2618142080.04	      101157756.571	      4948676657.73	                  0
     -32539845.2471	      92486898.2191	                  0	                  0	                  0	      303653773.116

Compliance matrix w.r.t. to the cross section reference point 
F=
  1.96946635718e-09	 -3.46425007967e-10	                  0	                  0	                 -0	  3.16564170923e-10
 -3.46425007965e-10	  8.12191804757e-09	                  0	                  0	                  0	 -2.51089790894e-09
                  0	                  0	  1.69346899164e-10	 -6.08756311268e-12	  8.97189446312e-11	                 -0
                  0	                  0	 -6.08756311248e-12	  7.65108494717e-10	 -1.88605500953e-11	                 -0
                  0	                  0	  8.97189446311e-11	 -1.88605500955e-11	  2.49926378463e-10	                 -0
  3.16564170923e-10	 -2.51089790894e-09	                  0	                  0	                  0	   4.0919172376e-09

Mass matrix w.r.t. to the cross section reference point 
M=
      271.474414233	                  0	                  0	                  0	                  0	     -6.62694325472
                  0	      271.474414233	                  0	                  0	                  0	      34.0985460455
                  0	                  0	      271.474414233	      6.62694325472	     -34.0985460455	                  0
                 -0	                 -0	      6.62694325472	      35.4181478189	      5.66898692336	                  0
                 -0	                 -0	     -34.0985460455	      5.66898692336	      238.716588192	                  0
     -6.62694325472	      34.0985460455	                 -0	                  0	                  0	      274.134736011

Shear center;
ShearX=     0.613623825494 
ShearY=    0.0773632878041 

Elastic center:
ElasticX=     0.359048987528 
ElasticY= -0.000894380742321 

Orientation of principle axis w.r.t. reference center:
alpha_p=     -1.59098256396o or     -0.027767884083rad 

Orientation of principle axis w.r.t. elastic center:
alpha_p=     -2.09383241771o or     -0.036544269674rad 

Mass center:
MassX=     0.125605008273 
MassY=    0.0244109312233 

Mass per unit length:
Mass=      271.474414233 

Mass moments of inertia:
Ixx=      35.4181478189 
Iyy=      238.716588192 
Ixy=     -5.66898692336 

Area center:
AreaX=     0.159117151774 
AreaY=     0.040598957311 

Area per unit length:
Area=     0.329953299214 
Area moments:
Ixx=    0.0133957599094 
Iyy=    0.0525012291895 
Ixy=    -0.003849313182 

Stiffness matrix with respect to shear center:
      515077008.919	      11909911.7922	                  0	                  0	                  0	 -3.45036387444e-05
      11909911.7921	      152224024.348	                  0	                  0	                  0	  3.60457925126e-05
                  0	                  0	      7291879857.56	     -570645516.972	       1856329133.2	                  0
                  0	                  0	     -570645516.973	      1354097465.43	     -46455849.3053	                  0
                  0	                  0	       1856329133.2	     -46455849.3044	      4481210082.98	                  0
  7.45058059692e-09	 -1.33877620101e-08	                  0	                  0	                  0	       244384219.41

Stiffness matrix with respect to the elastic center:
      515077008.919	      11909911.7922	                  0	                  0	                  0	     -37276761.9752
      11909911.7921	      152224024.348	                  0	                  0	                  0	      37820364.4036
                  0	                  0	      7291879857.56	   0.00109424442053	  -0.00468969345093	                  0
                  0	                  0	 -1.32247805595e-07	       1309440077.7	      98816140.7136	                  0
                  0	                  0	 -4.76837158203e-06	      98816140.7147	      4008635394.68	                  0
     -37276761.9752	      37820364.4035	                  0	                  0	                  0	      256929525.033

Stiffness matrix rotated along principle axis:
      514136214.916	      21962031.2612	                  0	                  0	                  0	     -35095136.4903
      21962031.2611	      153164818.351	                  0	                  0	                  0	      91547797.7104
                  0	                  0	      7291879857.56	      66171720.7184	     -2617313849.63	                  0
                  0	                  0	      66171720.7172	      1306636251.57	 -0.000627309083939	                  0
                  0	                  0	     -2617313849.62	  3.46925112568e-08	      4951486316.76	                  0
     -35095136.4904	      91547797.7104	                  0	                  0	                  0	      303653773.116

Stiffness matrix at the elastic center rotated along principle axis:
      513722937.114	      25126509.5878	                  0	                  0	                  0	     -38633683.4761
      25126509.5877	      153578096.153	                  0	                  0	                  0	      36433164.1234
                  0	                  0	      7291879857.56	    0.0012648571076	  -0.00464658283181	                  0
                  0	                  0	  4.20583654047e-08	       1305827305.6	  -0.00102439522743	                  0
                  0	                  0	 -4.77001971907e-06	  4.45554500559e-08	      4012248166.79	                  0
     -38633683.4761	      36433164.1233	                  0	                  0	                  0	      256929525.033

Mass matrix with respect to mass center
      271.474414233	                  0	                  0	                  0	                  0	                  0
                  0	      271.474414233	                  0	                  0	                  0	                  0
                  0	                  0	      271.474414233	                  0	                  0	                  0
                  0	                  0	                  0	      35.2563779629	      6.50136418569	                  0
                  0	                  0	                  0	      6.50136418569	      234.433640034	                  0
                  0	                  0	                  0	                  0	                  0	      269.690017997
