********************************
*                              *
*          BECAS 2.3           *
*              by              *
*     becas-dtuwind@dtu.dk     *
*                              *
*   A cross section analysis   *
*   program for anisotropic    *
*   beams with arbitrary       *
*   geometry.                  *
*                              *
*     (c)DTU Wind Energy       *
********************************


Output generated on the (yyyy.mm.dd) 2017. 8. 9 at (hh.mm.ss) 10.34.35  
The input folder: is C:\Users\wentingmann\Documents\MATLAB\SBref_BECAS_Project\BECAS_outputs_80_sec_c2\BL_035_BCS 

Stiffness matrix w.r.t. to the cross section reference point 
K=
      609312297.627	      12618364.6293	                  0	                  0	                  0	     -38294103.8926
      12618364.6294	      192652127.205	                  0	                  0	                  0	      128094947.008
                  0	                  0	      7667563889.36	     -36307657.9557	     -2892769003.38	                  0
                  0	                  0	     -36307657.9536	      1900254298.26	      169100266.206	                  0
                  0	                  0	     -2892769003.38	      169100266.206	      6476417033.46	                  0
     -38294103.8926	      128094947.008	                  0	                  0	                  0	      494691816.625

Compliance matrix w.r.t. to the cross section reference point 
F=
  1.65792393215e-09	 -2.34256311746e-10	                  0	                  0	                 -0	  1.88997994309e-10
 -2.34256311747e-10	  6.30334568561e-09	                  0	                  0	                  0	 -1.65031508442e-09
                  0	                  0	  1.56871047893e-10	 -3.24550352071e-12	  7.01530673573e-11	                 -0
                  0	                  0	 -3.24550352087e-12	  5.27538079312e-10	 -1.52237450308e-11	                 -0
                  0	                  0	  7.01530673573e-11	 -1.52237450308e-11	  1.86138562704e-10	                 -0
  1.88997994309e-10	 -1.65031508442e-09	                  0	                  0	                  0	  2.46342165195e-09

Mass matrix w.r.t. to the cross section reference point 
M=
      322.881588541	                  0	                  0	                  0	                  0	     -8.65325345393
                  0	      322.881588541	                  0	                  0	                  0	      42.1580767692
                  0	                  0	      322.881588541	      8.65325345393	     -42.1580767692	                  0
                 -0	                 -0	      8.65325345393	      57.3089697414	      8.37307297466	                  0
                 -0	                 -0	     -42.1580767692	      8.37307297466	      350.861075998	                  0
     -8.65325345393	      42.1580767692	                 -0	                  0	                  0	      408.170045739

Shear center;
ShearX=     0.669927977256 
ShearY=    0.0767217395203 

Elastic center:
ElasticX=      0.37727354413 
ElasticY=  -0.00473522731307 

Orientation of principle axis w.r.t. reference center:
alpha_p=     -2.11337533345o or    -0.0368853578991rad 

Orientation of principle axis w.r.t. elastic center:
alpha_p=     -2.54820136773o or    -0.0444745038706rad 

Mass center:
MassX=     0.130568227689 
MassY=    0.0268000832536 

Mass per unit length:
Mass=      322.881588541 

Mass moments of inertia:
Ixx=      57.3089697414 
Iyy=      350.861075998 
Ixy=     -8.37307297466 

Area center:
AreaX=     0.176845502357 
AreaY=    0.0407464079669 

Area per unit length:
Area=     0.381325258186 
Area moments:
Ixx=    0.0155376345381 
Iyy=    0.0674356568452 
Ixy=  -0.00508017453248 

Stiffness matrix with respect to shear center:
      609312297.627	      12618364.6293	                  0	                  0	                  0	  0.000100947916508
      12618364.6294	      192652127.205	                  0	                  0	                  0	  4.70515806228e-05
                  0	                  0	      7667563889.36	      -624576497.43	       2243946563.5	                  0
                  0	                  0	     -624576497.428	      1950958480.28	     -27382733.3882	                  0
                  0	                  0	       2243946563.5	     -27382733.3895	      6041752728.71	                  0
                  0	 -2.20024958253e-08	                  0	                  0	                  0	      405939437.615

Stiffness matrix with respect to the elastic center:
      609312297.627	      12618364.6293	                  0	                  0	                  0	     -45939911.2713
      12618364.6294	      192652127.205	                  0	                  0	                  0	      55352645.3688
                  0	                  0	      7667563889.36	  -0.00215481966734	  -0.00194072723389	                  0
                  0	                  0	  2.98023223877e-07	      1900082373.24	      155402347.411	                  0
                  0	                  0	  9.53674316406e-06	       155402347.41	       5385051819.2	                  0
     -45939911.2714	      55352645.3688	                  0	                  0	                  0	      425880760.496

Stiffness matrix rotated along principle axis:
      607815654.452	      27938768.5032	                  0	                  0	                  0	     -42991813.3748
      27938768.5033	       194148770.38	                  0	                  0	                  0	      126595646.943
                  0	                  0	      7667563889.36	      70393664.7834	     -2892140294.82	                  0
                  0	                  0	      70393664.7855	      1894014144.19	 -0.000274866819382	                  0
                  0	                  0	     -2892140294.81	 -1.84882151191e-08	      6482657187.53	                  0
     -42991813.3748	      126595646.942	                  0	                  0	                  0	      494691816.625

Stiffness matrix at the elastic center rotated along principle axis:
      607367783.207	      31074808.1169	                  0	                  0	                  0	     -48355454.5739
      31074808.1169	      194596641.626	                  0	                  0	                  0	       53255429.863
                  0	                  0	      7667563889.36	   -0.0020664044924	  -0.00203461113456	                  0
                  0	                  0	   -1.262735802e-07	      1893166370.43	   0.00052897632122	                  0
                  0	                  0	  9.54056303382e-06	   5.3503669887e-09	      5391967822.02	                  0
      -48355454.574	      53255429.8629	                  0	                  0	                  0	      425880760.496

Mass matrix with respect to mass center
      322.881588541	                  0	                  0	                  0	                  0	                  0
                  0	      322.881588541	                  0	                  0	                  0	                  0
                  0	                  0	      322.881588541	                  0	                  0	                  0
                  0	                  0	                  0	      57.0770618284	      9.50291294189	                  0
                  0	                  0	                  0	      9.50291294189	      345.356570631	                  0
                  0	                  0	                  0	                  0	                  0	       402.43363246
