********************************
*                              *
*          BECAS 2.3           *
*              by              *
*     becas-dtuwind@dtu.dk     *
*                              *
*   A cross section analysis   *
*   program for anisotropic    *
*   beams with arbitrary       *
*   geometry.                  *
*                              *
*     (c)DTU Wind Energy       *
********************************


Output generated on the (yyyy.mm.dd) 2017. 8. 9 at (hh.mm.ss) 10.33.23  
The input folder: is C:\Users\wentingmann\Documents\MATLAB\SBref_BECAS_Project\BECAS_outputs_80_sec_c2\BL_031_BCS 

Stiffness matrix w.r.t. to the cross section reference point 
K=
      698289345.064	      9401388.21002	                  0	                  0	                  0	     -32268296.9714
      9401388.20999	      216833324.893	                  0	                  0	                  0	      186763398.135
                  0	                  0	      7921078393.74	     -64641263.7704	     -3365807305.12	                  0
                  0	                  0	     -64641263.7668	      2719389895.79	      286883520.316	                  0
                  0	                  0	      -3365807305.1	      286883520.316	      7953342881.43	                  0
     -32268296.9708	      186763398.136	                  0	                  0	                  0	      742174327.505

Compliance matrix w.r.t. to the cross section reference point 
F=
  1.43868593752e-09	 -1.48425564116e-10	                  0	                  0	                 -0	   9.9901606748e-11
 -1.48425564114e-10	  5.90336261342e-09	                  0	                  0	                  0	 -1.49199650439e-09
                  0	                  0	  1.53952752939e-10	 -3.22597547414e-12	  6.52682510267e-11	                 -0
                  0	                  0	 -3.22597547433e-12	  3.69201809823e-10	  -1.4682621945e-11	                 -0
                  0	                  0	  6.52682510263e-11	 -1.46826219448e-11	  1.53884043051e-10	                 -0
  9.99016067465e-11	  -1.4919965044e-09	                  0	                  0	                  0	   1.7271871909e-09

Mass matrix w.r.t. to the cross section reference point 
M=
      357.029743559	                  0	                  0	                  0	                  0	     -9.02897766042
                  0	      357.029743559	                  0	                  0	                  0	      60.0387588209
                  0	                  0	      357.029743559	      9.02897766042	     -60.0387588209	                  0
                 -0	                 -0	      9.02897766042	      88.7428861462	      13.7141151314	                  0
                 -0	                 -0	     -60.0387588209	      13.7141151314	      462.049398639	                  0
     -9.02897766042	      60.0387588209	                 -0	                  0	                  0	      550.792284785

Shear center;
ShearX=     0.863830227701 
ShearY=    0.0578406366565 

Elastic center:
ElasticX=     0.424917812675 
ElasticY=   -0.0081606645653 

Orientation of principle axis w.r.t. reference center:
alpha_p=     -3.12800694761o or    -0.0545940202611rad 

Orientation of principle axis w.r.t. elastic center:
alpha_p=     -3.88307025362o or    -0.0677723610119rad 

Mass center:
MassX=     0.168161784568 
MassY=    0.0252891469781 

Mass per unit length:
Mass=      357.029743559 

Mass moments of inertia:
Ixx=      88.7428861462 
Iyy=      462.049398639 
Ixy=     -13.7141151314 

Area center:
AreaX=     0.191804426458 
AreaY=     0.041543488735 

Area per unit length:
Area=     0.432933349213 
Area moments:
Ixx=     0.017985561716 
Iyy=    0.0830385327403 
Ixy=  -0.00734784793382 

Stiffness matrix with respect to shear center:
      698289345.064	      9401388.21002	                  0	                  0	                  0	 -0.000629685819149
      9401388.20999	      216833324.893	                  0	                  0	                  0	 -0.000970495049842
                  0	                  0	      7921078393.74	      -522801481.07	      3476659647.39	                  0
                  0	                  0	     -522801481.067	      2753367958.15	      29952235.2749	                  0
                  0	                  0	      3476659647.41	        29952235.27	      8049100485.52	                  0
                  0	  1.01281329989e-08	                  0	                  0	                  0	      578976039.927

Stiffness matrix with respect to the elastic center:
      698289345.064	      9401388.21002	                  0	                  0	                  0	     -41961619.4003
      9401388.20999	      216833324.893	                  0	                  0	                  0	      94550334.4307
                  0	                  0	      7921078393.74	  -0.00359778851271	   -0.0185747146606	                  0
                  0	                  0	  1.96695327759e-06	      2718862380.12	      259416295.908	                  0
                  0	                  0	  4.91142272949e-05	      259416295.906	      6523151403.46	                  0
     -41961619.3997	      94550334.4317	                  0	                  0	                  0	      623244877.036

Stiffness matrix rotated along principle axis:
      695831306.421	      35577825.2392	                  0	                  0	                  0	     -42411321.5105
      35577825.2391	      219291363.536	                  0	                  0	                  0	      184724361.361
                  0	                  0	      7921078393.74	      119116730.494	      -3364319918.3	                  0
                  0	                  0	      119116730.497	      2703712192.14	  0.000659078359604	                  0
                  0	                  0	     -3364319918.28	 -3.96011667231e-08	      7969020585.09	                  0
       -42411321.51	      184724361.362	                  0	                  0	                  0	      742174327.505

Stiffness matrix at the elastic center rotated along principle axis:
      694810946.311	      41844747.1282	                  0	                  0	                  0	     -48268284.6504
      41844747.1282	      220311723.645	                  0	                  0	                  0	      91491616.7775
                  0	                  0	      7921078393.74	  -0.00233164036823	   -0.0187757172992	                  0
                  0	                  0	 -1.36360183643e-06	      2701254158.27	    0.0020367205143	                  0
                  0	                  0	  4.91346803999e-05	  1.07338269394e-08	      6540759625.31	                  0
     -48268284.6498	      91491616.7785	                  0	                  0	                  0	      623244877.036

Mass matrix with respect to mass center
      357.029743559	                  0	                  0	                  0	                  0	                  0
                  0	      357.029743559	                  0	                  0	                  0	                  0
                  0	                  0	      357.029743559	                  0	                  0	                  0
                  0	                  0	                  0	      88.5145510031	      15.2324441276	                  0
                  0	                  0	                  0	      15.2324441276	      451.953173812	                  0
                  0	                  0	                  0	                  0	                  0	      540.467724815
