********************************
*                              *
*          BECAS 2.3           *
*              by              *
*     becas-dtuwind@dtu.dk     *
*                              *
*   A cross section analysis   *
*   program for anisotropic    *
*   beams with arbitrary       *
*   geometry.                  *
*                              *
*     (c)DTU Wind Energy       *
********************************


Output generated on the (yyyy.mm.dd) 2017. 8. 9 at (hh.mm.ss) 10.28.47  
The input folder: is C:\Users\wentingmann\Documents\MATLAB\SBref_BECAS_Project\BECAS_outputs_80_sec_c2\BL_019_BCS 

Stiffness matrix w.r.t. to the cross section reference point 
K=
       998130304.65	     -67758677.4159	                  0	                  0	                  0	      2768459.63563
     -67758677.4147	      554528928.471	                  0	                  0	                  0	      442762611.222
                  0	                  0	      7773493766.28	     -194285317.375	     -3695495209.45	                  0
                  0	                  0	     -194285317.922	      7391525841.73	      991960089.846	                  0
                  0	                  0	     -3695495210.22	      991960089.696	      16486437715.9	                  0
      2768459.63477	      442762611.218	                  0	                  0	                  0	       3307137200.8

Compliance matrix w.r.t. to the cross section reference point 
F=
  1.01137210101e-09	  1.39129514661e-10	                  0	                  0	                  0	 -1.94734255452e-11
  1.39129514658e-10	  2.03831565647e-09	                  0	                  0	                  0	 -2.73008067757e-10
                  0	                  0	   1.4398790901e-10	 -5.51183161368e-13	  3.23085792603e-11	                 -0
                  0	                  0	 -5.51183152208e-13	  1.36393495606e-10	 -8.33010752358e-12	                 -0
                  0	                  0	  3.23085792665e-11	 -8.33010752442e-12	  6.83992111302e-11	                 -0
 -1.94734255444e-11	 -2.73008067755e-10	                  0	                  0	                  0	  3.38943203229e-10

Mass matrix w.r.t. to the cross section reference point 
M=
      510.375799751	                  0	                  0	                  0	                  0	       4.2982012026
                  0	      510.375799751	                  0	                  0	                  0	      135.708352676
                  0	                  0	      510.375799751	      -4.2982012026	     -135.708352676	                  0
                 -0	                 -0	      -4.2982012026	      353.552324378	      29.7057808202	                  0
                 -0	                 -0	     -135.708352676	      29.7057808202	      1328.92316989	                  0
       4.2982012026	      135.708352676	                 -0	                  0	                  0	      1682.47549427

Shear center;
ShearX=     0.805468483079 
ShearY=   -0.0574533590256 

Elastic center:
ElasticX=     0.475396947797 
ElasticY=   -0.0249933072262 

Orientation of principle axis w.r.t. reference center:
alpha_p=     -6.15273234435o or     -0.107385437403rad 

Orientation of principle axis w.r.t. elastic center:
alpha_p=     -6.88379239297o or     -0.120144842281rad 

Mass center:
MassX=     0.265898878322 
MassY=  -0.00842163990672 

Mass per unit length:
Mass=      510.375799751 

Mass moments of inertia:
Ixx=      353.552324378 
Iyy=      1328.92316989 
Ixy=     -29.7057808202 

Area center:
AreaX=     0.202270226409 
AreaY=   0.00746261674374 

Area per unit length:
Area=     0.708147624081 
Area moments:
Ixx=   0.00528463431651 
Iyy=     0.143237180254 
Ixy=   -0.0185889593125 

Stiffness matrix with respect to shear center:
       998130304.65	     -67758677.4159	                  0	                  0	                  0	   0.00178901106119
     -67758677.4147	      554528928.471	                  0	                  0	                  0	   0.00415883772075
                  0	                  0	      7773493766.28	      252328010.862	       2565809022.7	                  0
                  0	                  0	      252328010.316	       7394860589.4	      982883736.507	                  0
                  0	                  0	      2565809021.93	      982883736.754	        15576511096	                  0
  7.45058059692e-09	 -1.17346644402e-07	                  0	                  0	                  0	      2950346814.67

Stiffness matrix with respect to the elastic center:
       998130304.65	     -67758677.4159	                  0	                  0	                  0	        10034150.71
     -67758677.4147	      554528928.471	                  0	                  0	                  0	      180834764.604
                  0	                  0	      7773493766.28	     0.546054333448	     0.766850948334	                  0
                  0	                  0	 -0.000147432088852	       7386670009.1	      899597442.723	                  0
                  0	                  0	  -0.00241374969482	      899597442.814	      14729610572.7	                  0
      10034150.7086	        180834764.6	                  0	                  0	                  0	       3010360932.1

Stiffness matrix rotated along principle axis:
      1007475461.12	     -18930983.7717	                  0	                  0	                  0	     -44702415.8154
     -18930983.7706	      545183772.005	                  0	                  0	                  0	      440508896.942
                  0	                  0	      7773493766.28	      202913922.378	     -3695031470.46	                  0
                  0	                  0	      202913921.917	      7284592418.28	     0.149372577667	                  0
                  0	                  0	     -3695031471.28	 -3.75592826128e-07	      16593371139.3	                  0
     -44702415.8158	      440508896.938	                  0	                  0	                  0	       3307137200.8

Stiffness matrix at the elastic center rotated along principle axis:
      1007883246.74	     -13026893.4331	                  0	                  0	                  0	     -11712315.3701
      -13026893.432	       544775986.38	                  0	                  0	                  0	      180733831.748
                  0	                  0	      7773493766.28	     0.450206291556	     0.826770831054	                  0
                  0	                  0	  0.000142933106499	      7278064949.17	   -0.0910632610321	                  0
                  0	                  0	  -0.00241402028516	 -7.80133096381e-08	      14838215632.6	                  0
      -11712315.371	      180733831.744	                  0	                  0	                  0	       3010360932.1

Mass matrix with respect to mass center
      510.375799751	                  0	                  0	                  0	                  0	                  0
                  0	      510.375799751	                  0	                  0	                  0	                  0
                  0	                  0	      510.375799751	                  0	                  0	                  0
                  0	                  0	                  0	      353.516126476	      28.5628939416	                  0
                  0	                  0	                  0	      28.5628939416	      1292.83847114	                  0
                  0	                  0	                  0	                  0	                  0	      1646.35459761
