********************************
*                              *
*          BECAS 2.3           *
*              by              *
*     becas-dtuwind@dtu.dk     *
*                              *
*   A cross section analysis   *
*   program for anisotropic    *
*   beams with arbitrary       *
*   geometry.                  *
*                              *
*     (c)DTU Wind Energy       *
********************************


Output generated on the (yyyy.mm.dd) 2017. 8. 9 at (hh.mm.ss) 12.39.43  
The input folder: is C:\Users\wentingmann\Documents\MATLAB\SBref_BECAS_Project\BECAS_outputs_80_sec_TP\BL_016_BCS 

Stiffness matrix w.r.t. to the cross section reference point 
K=
      1133944101.42	     -93582551.7351	                  0	                  0	                  0	      75717242.9305
     -93582551.7357	       662965296.39	                  0	                  0	                  0	     -12961063.3111
                  0	                  0	      7952994490.44	     -225564259.859	      3330414464.82	                  0
                  0	                  0	     -225564259.858	      9877643358.01	      1187951757.49	                  0
                  0	                  0	      3330414464.81	      1187951757.47	      20013430086.2	                  0
      75717242.9285	     -12961063.3106	                  0	                  0	                  0	      4349904538.39

Compliance matrix w.r.t. to the cross section reference point 
F=
  8.93272606033e-10	  1.25795510595e-10	                  0	                  0	                  0	 -1.51740560637e-11
  1.25795510596e-10	  1.52617765871e-09	                  0	                  0	                 -0	  2.35775197653e-12
                  0	                  0	  1.35491858639e-10	  5.84747494947e-12	 -2.28941546775e-11	                 -0
                  0	                  0	   5.8474749495e-12	  1.02219000062e-10	 -7.04056002993e-12	                 -0
                  0	                  0	 -2.28941546775e-11	 -7.04056002981e-12	  5.41941518715e-11	                 -0
 -1.51740560633e-11	  2.35775197643e-12	                  0	                  0	                  0	  2.30161257064e-10

Mass matrix w.r.t. to the cross section reference point 
M=
      577.096513859	                  0	                  0	                  0	                  0	      9.27998954024
                  0	      577.096513859	                  0	                  0	                  0	     -345.208285904
                  0	                  0	      577.096513859	     -9.27998954024	      345.208285904	                  0
                 -0	                 -0	     -9.27998954024	      532.065844389	      31.0809427418	                  0
                 -0	                 -0	      345.208285904	      31.0809427418	      1915.11738786	                  0
      9.27998954024	     -345.208285904	                 -0	                  0	                  0	      2447.18323225

Shear center;
ShearX=   -0.0102439133611 
ShearY=   -0.0659279335579 

Elastic center:
ElasticX=    -0.418762325162 
ElasticY=   -0.0283621798216 

Orientation of principle axis w.r.t. reference center:
alpha_p=     -6.59618547996o or     -0.115125154698rad 

Orientation of principle axis w.r.t. elastic center:
alpha_p=     -8.17069740416o or     -0.142605571887rad 

Mass center:
MassX=    -0.598181201261 
MassY=   -0.0160804810242 

Mass per unit length:
Mass=      577.096513859 

Mass moments of inertia:
Ixx=      532.065844389 
Iyy=      1915.11738786 
Ixy=     -31.0809427418 

Area center:
AreaX=    -0.651299065548 
AreaY=   -0.0129152986326 

Area per unit length:
Area=     0.825068930854 
Area moments:
Ixx=   -0.0106560116344 
Iyy=    -0.537366623677 
Ixy=    -0.015536598103 

Stiffness matrix with respect to shear center:
      1133944101.42	     -93582551.7351	                  0	                  0	                  0	    0.0019958615303
     -93582551.7357	       662965296.39	                  0	                  0	                  0	 -0.000444317236543
                  0	                  0	      7952994490.44	      298760232.493	       3248944678.3	                  0
                  0	                  0	      298760232.494	      9882469017.23	      1404458627.11	                  0
                  0	                  0	      3248944678.29	      1404458627.09	      19946031701.1	                  0
                  0	                  0	                  0	                  0	                  0	      4344779885.02

Stiffness matrix with respect to the elastic center:
      1133944101.42	     -93582551.7351	                  0	                  0	                  0	      4367269.45942
     -93582551.7357	       662965296.39	                  0	                  0	                  0	      267318030.867
                  0	                  0	      7952994490.44	 -0.000875174999237	   0.00607681274414	                  0
                  0	                  0	  3.69250774384e-05	      9871245863.91	      1282409571.42	                  0
                  0	                  0	  0.000535011291504	       1282409571.4	      18618777981.1	                  0
      4367269.45715	      267318030.868	                  0	                  0	                  0	       4454148282.2

Stiffness matrix rotated along principle axis:
       1149086896.6	     -37369160.5571	                  0	                  0	                  0	      76704876.7436
     -37369160.5578	      647822501.201	                  0	                  0	                  0	     -4177549.86888
                  0	                  0	      7952994490.44	      -606639209.84	      3282457709.08	                  0
                  0	                  0	     -606639209.838	       9740272797.2	    0.0234661102295	                  0
                  0	                  0	      3282457709.07	 -5.95641062775e-09	        20150800647	                  0
      76704876.7415	     -4177549.86863	                  0	                  0	                  0	      4349904538.39

Stiffness matrix at the elastic center rotated along principle axis:
      1150761256.78	     -23544713.6069	                  0	                  0	                  0	      -33669027.345
     -23544713.6076	      646148141.028	                  0	                  0	                  0	      265225185.959
                  0	                  0	      7952994490.44	  -0.00172994427577	   0.00589074504705	                  0
                  0	                  0	 -3.94870057126e-05	      9687117250.16	    0.0232412815094	                  0
                  0	                  0	  0.000534828308675	 -2.75667329557e-07	      18802906594.9	                  0
     -33669027.3473	      265225185.959	                  0	                  0	                  0	       4454148282.2

Mass matrix with respect to mass center
      577.096513859	                  0	                  0	                  0	                  0	                  0
                  0	      577.096513859	                  0	                  0	                  0	                  0
                  0	                  0	      577.096513859	                  0	                  0	                  0
                  0	                  0	                  0	      531.916617693	      36.6320580327	                  0
                  0	                  0	                  0	      36.6320580327	      1708.62028071	                  0
                  0	                  0	                  0	                  0	                  0	       2240.5368984
