********************************
*                              *
*          BECAS 2.3           *
*              by              *
*     becas-dtuwind@dtu.dk     *
*                              *
*   A cross section analysis   *
*   program for anisotropic    *
*   beams with arbitrary       *
*   geometry.                  *
*                              *
*     (c)DTU Wind Energy       *
********************************


Output generated on the (yyyy.mm.dd) 2017. 8. 9 at (hh.mm.ss) 10.27.53  
The input folder: is C:\Users\wentingmann\Documents\MATLAB\SBref_BECAS_Project\BECAS_outputs_80_sec_c2\BL_017_BCS 

Stiffness matrix w.r.t. to the cross section reference point 
K=
      1111468714.74	     -84915404.5858	                  0	                  0	                  0	     -9046042.77187
     -84915404.5855	      627487871.093	                  0	                  0	                  0	      541788161.694
                  0	                  0	      7961862669.69	     -200829626.472	     -3705564068.68	                  0
                  0	                  0	     -200829626.452	      9104883436.43	      1250602409.62	                  0
                  0	                  0	     -3705564068.66	      1250602409.63	      19352701376.3	                  0
     -9046042.77226	      541788161.695	                  0	                  0	                  0	      4359322134.05

Compliance matrix w.r.t. to the cross section reference point 
F=
  9.09987703422e-10	  1.36121570502e-10	                  0	                  0	                  0	 -1.50292329283e-11
  1.36121570501e-10	   1.8055884533e-09	                  0	                  0	                  0	 -2.24120874139e-10
                  0	                  0	  1.37889698808e-10	 -5.90272138162e-13	  2.64406141113e-11	                 -0
                  0	                  0	 -5.90272138436e-13	  1.10817300559e-10	 -7.27421312387e-12	                 -0
                  0	                  0	  2.64406141111e-11	 -7.27421312386e-12	  5.72051682367e-11	                 -0
 -1.50292329282e-11	  -2.2412087414e-10	                  0	                  0	                  0	   2.5721661461e-10

Mass matrix w.r.t. to the cross section reference point 
M=
      561.103071298	                  0	                  0	                  0	                  0	      6.53303570839
                  0	      561.103071298	                  0	                  0	                  0	      155.544290092
                  0	                  0	      561.103071298	     -6.53303570839	     -155.544290092	                  0
                 -0	                 -0	     -6.53303570839	      474.377957014	      35.8613227097	                  0
                 -0	                 -0	     -155.544290092	      35.8613227097	      1636.68481133	                  0
      6.53303570839	      155.544290092	                 -0	                  0	                  0	      2111.06276834

Shear center;
ShearX=     0.871331249266 
ShearY=   -0.0584302571238 

Elastic center:
ElasticX=     0.465414215541 
ElasticY=   -0.0252239500709 

Orientation of principle axis w.r.t. reference center:
alpha_p=     -6.85806355803o or     -0.119695789399rad 

Orientation of principle axis w.r.t. elastic center:
alpha_p=     -7.59120743207o or     -0.132491563892rad 

Mass center:
MassX=     0.277211617701 
MassY=   -0.0116432007639 

Mass per unit length:
Mass=      561.103071298 

Mass moments of inertia:
Ixx=      474.377957014 
Iyy=      1636.68481133 
Ixy=     -35.8613227097 

Area center:
AreaX=     0.220639472378 
AreaY=  -0.00573500023949 

Area per unit length:
Area=     0.790935693352 
Area moments:
Ixx=  -0.00453601639079 
Iyy=     0.174511634066 
Ixy=   -0.0230740144952 

Stiffness matrix with respect to shear center:
      1111468714.74	     -84915404.5858	                  0	                  0	                  0	  0.000635847449303
     -84915404.5855	      627487871.093	                  0	                  0	                  0	  -0.00146158691496
                  0	                  0	      7961862669.69	      264384056.502	      3231855677.79	                  0
                  0	                  0	      264384056.523	      9108596938.12	      1264451438.56	                  0
                  0	                  0	       3231855677.8	      1264451438.55	      18939944452.3	                  0
  1.49011611938e-08	 -1.03376805782e-07	                  0	                  0	                  0	      3887773740.89

Stiffness matrix with respect to the elastic center:
      1111468714.74	     -84915404.5858	                  0	                  0	                  0	      2439162.27486
     -84915404.5855	      627487871.093	                  0	                  0	                  0	      251888288.333
                  0	                  0	      7961862669.69	   -0.0204981267452	   -0.0183568000793	                  0
                  0	                  0	  2.68220901489e-06	      9099817719.96	      1157133446.57	                  0
                  0	                  0	  4.05311584473e-05	      1157133446.57	      17628079182.1	                  0
      2439162.27434	      251888288.334	                  0	                  0	                  0	      3990100483.29

Stiffness matrix rotated along principle axis:
      1124702160.56	     -25115086.5383	                  0	                  0	                  0	     -73676339.6873
     -25115086.5381	      614254425.266	                  0	                  0	                  0	      536831481.949
                  0	                  0	      7961862669.69	      243089376.123	     -3703031887.68	                  0
                  0	                  0	      243089376.141	      8954472590.59	  -0.00728249549866	                  0
                  0	                  0	     -3703031887.66	 -5.04597431567e-07	      19503112222.1	                  0
     -73676339.6879	      536831481.951	                  0	                  0	                  0	      4359322134.05

Stiffness matrix at the elastic center rotated along principle axis:
      1125261252.39	     -18576001.5248	                  0	                  0	                  0	     -30857735.3115
     -18576001.5245	      613695333.442	                  0	                  0	                  0	       250002918.95
                  0	                  0	      7961862669.69	   -0.0178934657543	   -0.0209038080864	                  0
                  0	                  0	 -2.69563773831e-06	      8945603884.93	   0.00179481506348	                  0
                  0	                  0	  4.05302675474e-05	 -8.40185413111e-08	      17782293017.2	                  0
     -30857735.3122	      250002918.951	                  0	                  0	                  0	      3990100483.29

Mass matrix with respect to mass center
      561.103071298	                  0	                  0	                  0	                  0	                  0
                  0	      561.103071298	                  0	                  0	                  0	                  0
                  0	                  0	      561.103071298	                  0	                  0	                  0
                  0	                  0	                  0	      474.301891568	      34.0502893125	                  0
                  0	                  0	                  0	      34.0502893125	      1593.56612705	                  0
                  0	                  0	                  0	                  0	                  0	      2067.86801862
