********************************
*                              *
*          BECAS 2.3           *
*              by              *
*     becas-dtuwind@dtu.dk     *
*                              *
*   A cross section analysis   *
*   program for anisotropic    *
*   beams with arbitrary       *
*   geometry.                  *
*                              *
*     (c)DTU Wind Energy       *
********************************


Output generated on the (yyyy.mm.dd) 2017. 8. 9 at (hh.mm.ss) 10.40.29  
The input folder: is C:\Users\wentingmann\Documents\MATLAB\SBref_BECAS_Project\BECAS_outputs_80_sec_c2\BL_058_BCS 

Stiffness matrix w.r.t. to the cross section reference point 
K=
       265624942.09	     -5880282.45667	                  0	                  0	                  0	     -13249803.1303
     -5880282.45667	      68852485.7634	                  0	                  0	                  0	      34792548.8079
                  0	                  0	      3780674292.58	      30880127.0003	     -925028529.318	                  0
                  0	                  0	      30880126.9998	      219655429.653	      17454910.5782	                  0
                  0	                  0	     -925028529.316	      17454910.5782	      1354782271.26	                  0
     -13249803.1303	      34792548.8079	                  0	                  0	                  0	       59591955.557

Compliance matrix w.r.t. to the cross section reference point 
F=
  3.80795685929e-09	 -1.45572084395e-10	                 -0	                  0	                 -0	  9.31661027848e-10
 -1.45572084394e-10	  2.06075630579e-08	                  0	                  0	                  0	 -1.20640183435e-08
                  0	                  0	  3.18397430318e-10	 -6.21008014672e-11	  2.18197917785e-10	                 -0
                  0	                  0	 -6.21008014666e-11	  4.56936299277e-09	 -1.01272978248e-10	                 -0
                  0	                  0	  2.18197917785e-10	 -1.01272978248e-10	  8.88413611028e-10	                 -0
  9.31661027844e-10	 -1.20640183435e-08	                  0	                  0	                  0	  2.40314696649e-08

Mass matrix w.r.t. to the cross section reference point 
M=
      147.505941754	                  0	                  0	                  0	                  0	     -3.60307659373
                  0	      147.505941754	                  0	                  0	                  0	      17.3657912414
                  0	                  0	      147.505941754	      3.60307659373	     -17.3657912414	                  0
                 -0	                 -0	      3.60307659373	      6.22540318405	     0.846193764635	                  0
                 -0	                 -0	     -17.3657912414	     0.846193764635	      68.3233356871	                  0
     -3.60307659373	      17.3657912414	                 -0	                  0	                  0	      74.5487388711

Shear center;
ShearX=     0.502009178453 
ShearY=    0.0387683750031 

Elastic center:
ElasticX=     0.244672896349 
ElasticY=    0.0081678887442 

Orientation of principle axis w.r.t. reference center:
alpha_p=    -0.880762879516o or    -0.0153722121769rad 

Orientation of principle axis w.r.t. elastic center:
alpha_p=     -1.57477540691o or    -0.0274850158299rad 

Mass center:
MassX=     0.117729435404 
MassY=    0.0244266539428 

Mass per unit length:
Mass=      147.505941754 

Mass moments of inertia:
Ixx=      6.22540318405 
Iyy=      68.3233356871 
Ixy=    -0.846193764635 

Area center:
AreaX=     0.145587337024 
AreaY=    0.0434098526584 

Area per unit length:
Area=     0.183340248242 
Area moments:
Ixx=   0.00795877316252 
Iyy=    0.0266920185109 
Ixy= -0.000417565909334 

Stiffness matrix with respect to shear center:
       265624942.09	     -5880282.45667	                  0	                  0	                  0	 -4.92371618748e-05
     -5880282.45667	      68852485.7634	                  0	                  0	                  0	  2.01852235477e-05
                  0	                  0	      3780674292.58	     -115690471.739	      972904666.297	                  0
                  0	                  0	      -115690471.74	      222943388.902	     -4760915.18138	                  0
                  0	                  0	      972904666.298	     -4760915.18123	      1378816531.45	                  0
                  0	  -1.7462298274e-10	                  0	                  0	                  0	      41612103.3772

Stiffness matrix with respect to the elastic center:
       265624942.09	     -5880282.45667	                  0	                  0	                  0	     -9641462.41561
     -5880282.45667	      68852485.7634	                  0	                  0	                  0	      17898182.2025
                  0	                  0	      3780674292.58	  0.000438291579485	  -0.00159859657288	                  0
                  0	                  0	  2.57045030594e-07	      219403204.211	      25010440.6909	                  0
                  0	                  0	  1.13248825073e-05	       25010440.691	      1128452861.79	                  0
     -9641462.41556	      17898182.2025	                  0	                  0	                  0	      46512988.4797

Stiffness matrix rotated along principle axis:
      265759204.875	     -2853152.14576	                  0	                  0	                  0	     -13783055.0429
     -2853152.14575	      68718222.9778	                  0	                  0	                  0	      34584767.3005
                  0	                  0	      3780674292.58	      45095653.3061	     -924444559.911	                  0
                  0	                  0	      45095653.3057	      219387087.927	  1.31768174469e-05	                  0
                  0	                  0	     -924444559.909	 -3.65283414658e-09	      1355050612.99	                  0
     -13783055.0429	      34584767.3005	                  0	                  0	                  0	       59591955.557

Stiffness matrix at the elastic center rotated along principle axis:
      265799409.017	     -465829.678426	                  0	                  0	                  0	     -10129690.8259
     -465829.678421	      68678018.8364	                  0	                  0	                  0	      17626459.8669
                  0	                  0	      3780674292.58	  0.000482057961862	  -0.00158594786575	                  0
                  0	                  0	 -5.42774394586e-08	      218715618.704	 -8.08490440249e-05	                  0
                  0	                  0	   1.1327669218e-05	 -4.16828656313e-09	      1129140447.29	                  0
     -10129690.8258	      17626459.8669	                  0	                  0	                  0	      46512988.4797

Mass matrix with respect to mass center
      147.505941754	                  0	                  0	                  0	                  0	                  0
                  0	      147.505941754	                  0	                  0	                  0	                  0
                  0	                  0	      147.505941754	                  0	                  0	                  0
                  0	                  0	                  0	      6.13739207896	      1.27038193773	                  0
                  0	                  0	                  0	      1.27038193773	      66.2788708889	                  0
                  0	                  0	                  0	                  0	                  0	      72.4162629679
