********************************
*                              *
*          BECAS 2.3           *
*              by              *
*     becas-dtuwind@dtu.dk     *
*                              *
*   A cross section analysis   *
*   program for anisotropic    *
*   beams with arbitrary       *
*   geometry.                  *
*                              *
*     (c)DTU Wind Energy       *
********************************


Output generated on the (yyyy.mm.dd) 2017. 8. 9 at (hh.mm.ss) 12.49.48  
The input folder: is C:\Users\wentingmann\Documents\MATLAB\SBref_BECAS_Project\BECAS_outputs_80_sec_TP\BL_045_BCS 

Stiffness matrix w.r.t. to the cross section reference point 
K=
      442982826.682	      3980833.36565	                  0	                  0	                  0	     -27505078.4297
      3980833.36576	      110683965.958	                  0	                  0	                  0	      18356478.4535
                  0	                  0	      6382891333.29	      42897659.6753	      1441035170.34	                  0
                  0	                  0	      42897659.6755	      838401678.137	      78153168.9128	                  0
                  0	                  0	      1441035170.34	      78153168.9131	      3259281820.56	                  0
     -27505078.4297	      18356478.4537	                  0	                  0	                  0	      130005890.616

Compliance matrix w.r.t. to the cross section reference point 
F=
   2.2904709432e-09	 -1.66648221375e-10	                  0	                  0	                 -0	  5.08120494431e-10
 -1.66648221376e-10	  9.26349637114e-09	                  0	                  0	                  0	 -1.34323793416e-09
                  0	                  0	  1.74043824567e-10	 -1.73592532489e-12	 -7.69088462177e-11	                 -0
                  0	                  0	 -1.73592532497e-12	  1.19543503301e-09	 -2.78974055079e-11	                 -0
                  0	                  0	 -7.69088462177e-11	  -2.7897405508e-11	  3.41488918182e-10	                 -0
   5.0812049443e-10	 -1.34323793418e-09	                  0	                  0	                  0	  7.98912270304e-09

Mass matrix w.r.t. to the cross section reference point 
M=
      234.258500889	                  0	                  0	                  0	                  0	     -6.18629210884
                  0	      234.258500889	                  0	                  0	                  0	     -104.007058685
                  0	                  0	      234.258500889	      6.18629210884	      104.007058685	                  0
                 -0	                 -0	      6.18629210884	      22.3068615066	      7.39537871472	                  0
                 -0	                 -0	      104.007058685	      7.39537871472	      215.293194425	                  0
     -6.18629210884	     -104.007058685	                 -0	                  0	                  0	      237.600055932

Shear center;
ShearX=     0.168133346314 
ShearY=    0.0636015384063 

Elastic center:
ElasticX=    -0.225765267666 
ElasticY=    0.0067207253634 

Orientation of principle axis w.r.t. reference center:
alpha_p=     -1.84711329632o or    -0.0322382086782rad 

Orientation of principle axis w.r.t. elastic center:
alpha_p=     -1.86912832606o or     -0.032622443432rad 

Mass center:
MassX=    -0.443984138421 
MassY=    0.0264079727539 

Mass per unit length:
Mass=      234.258500889 

Mass moments of inertia:
Ixx=      22.3068615066 
Iyy=      215.293194425 
Ixy=     -7.39537871472 

Area center:
AreaX=    -0.408384175909 
AreaY=    0.0380338478215 

Area per unit length:
Area=     0.280346329474 
Area moments:
Ixx=    0.0106626496325 
Iyy=    -0.114489004732 
Ixy=  -0.00923954192973 

Stiffness matrix with respect to shear center:
      442982826.682	      3980833.36565	                  0	                  0	                  0	 -3.70219349861e-05
      3980833.36576	      110683965.958	                  0	                  0	                  0	 -0.000167487247381
                  0	                  0	      6382891333.29	     -363064048.602	      2514212049.37	                  0
                  0	                  0	     -363064048.602	      858764753.019	     -74542058.2366	                  0
                  0	                  0	      2514212049.37	     -74542058.2363	      3924290771.11	                  0
                  0	 -8.44011083245e-10	                  0	                  0	                  0	      125170189.165

Stiffness matrix with respect to the elastic center:
      442982826.682	      3980833.36565	                  0	                  0	                  0	     -23629178.6006
      3980833.36576	      110683965.958	                  0	                  0	                  0	      43371827.7422
                  0	                  0	      6382891333.29	 -0.000223837792873	 -0.000614166259766	                  0
                  0	                  0	  4.24683094025e-07	      838113374.747	      68468367.2939	                  0
                  0	                  0	  1.78813934326e-05	      68468367.2943	      2933946129.61	                  0
     -23629178.6005	      43371827.7424	                  0	                  0	                  0	      143598338.889

Stiffness matrix rotated along principle axis:
      442381095.334	      14677860.7115	                  0	                  0	                  0	     -28082464.1067
      14677860.7116	      111285697.306	                  0	                  0	                  0	      17460379.4443
                  0	                  0	      6382891333.29	     -3572976.12256	      1441669103.93	                  0
                  0	                  0	     -3572976.12236	      835881286.759	 -0.000300314277411	                  0
                  0	                  0	      1441669103.93	  2.02972932881e-08	      3261802211.94	                  0
     -28082464.1066	      17460379.4444	                  0	                  0	                  0	      130005890.616

Stiffness matrix at the elastic center rotated along principle axis:
      442369766.965	      14805074.7238	                  0	                  0	                  0	     -25031250.3979
      14805074.7239	      111297025.675	                  0	                  0	                  0	       42578046.298
                  0	                  0	      6382891333.29	 -0.000203686646153	 -0.000621140324188	                  0
                  0	                  0	 -1.58774149659e-07	      835878976.619	 -0.000346723943949	                  0
                  0	                  0	  1.78857311171e-05	 -4.83041608709e-09	      2936180527.74	                  0
     -25031250.3978	      42578046.2982	                  0	                  0	                  0	      143598338.889

Mass matrix with respect to mass center
      234.258500889	                  0	                  0	                  0	                  0	                  0
                  0	      234.258500889	                  0	                  0	                  0	                  0
                  0	                  0	      234.258500889	                  0	                  0	                  0
                  0	                  0	                  0	      22.1434940731	      4.64876314275	                  0
                  0	                  0	                  0	      4.64876314275	      169.115710085	                  0
                  0	                  0	                  0	                  0	                  0	      191.259204158
