********************************
*                              *
*          BECAS 2.3           *
*              by              *
*     becas-dtuwind@dtu.dk     *
*                              *
*   A cross section analysis   *
*   program for anisotropic    *
*   beams with arbitrary       *
*   geometry.                  *
*                              *
*     (c)DTU Wind Energy       *
********************************


Output generated on the (yyyy.mm.dd) 2017. 8. 9 at (hh.mm.ss) 12.52.19  
The input folder: is C:\Users\wentingmann\Documents\MATLAB\SBref_BECAS_Project\BECAS_outputs_80_sec_TP\BL_055_BCS 

Stiffness matrix w.r.t. to the cross section reference point 
K=
      286428549.774	     -6632024.34649	                  0	                  0	                  0	     -11033934.6236
     -6632024.34644	      77779072.7055	                  0	                  0	                  0	      3464692.57333
                  0	                  0	      4362160610.76	      38960371.6701	      934198607.335	                  0
                  0	                  0	        38960371.67	      306323827.847	      41236776.6404	                  0
                  0	                  0	      934198607.336	      41236776.6403	      1640911037.84	                  0
     -11033934.6237	      3464692.57331	                  0	                  0	                  0	      56062398.8661

Compliance matrix w.r.t. to the cross section reference point 
F=
  3.52360245214e-09	  2.70300656297e-10	                  0	                  0	                 -0	  6.76793915129e-10
  2.70300656295e-10	  1.29131558724e-08	                  0	                  0	                  0	 -7.44842110287e-10
                  0	                  0	  2.61129323038e-10	 -1.32439563847e-11	 -1.48332545904e-10	                 -0
                  0	                  0	 -1.32439563845e-11	  3.27627224768e-09	 -7.47940738103e-11	                 -0
                  0	                  0	 -1.48332545904e-10	 -7.47940738101e-11	  6.95745410928e-10	                 -0
  6.76793915131e-10	 -7.44842110283e-10	                  0	                  0	                  0	  1.80165024895e-08

Mass matrix w.r.t. to the cross section reference point 
M=
      162.994749713	                  0	                  0	                  0	                  0	     -3.69225525308
                  0	      162.994749713	                  0	                  0	                  0	     -57.7218276957
                  0	                  0	      162.994749713	      3.69225525308	      57.7218276957	                  0
                 -0	                 -0	      3.69225525308	      8.33856526929	      2.87728833003	                  0
                 -0	                 -0	      57.7218276957	      2.87728833003	      102.683951217	                  0
     -3.69225525308	     -57.7218276957	                 -0	                  0	                  0	      111.022516486

Shear center;
ShearX=    0.0413422144901 
ShearY=    0.0375652219693 

Elastic center:
ElasticX=    -0.214159608207 
ElasticY=   0.00893143906115 

Orientation of principle axis w.r.t. reference center:
alpha_p=     -1.76810665258o or     -0.030859282614rad 

Orientation of principle axis w.r.t. elastic center:
alpha_p=     -1.65880637278o or    -0.0289516328581rad 

Mass center:
MassX=    -0.354133049055 
MassY=    0.0226526023665 

Mass per unit length:
Mass=      162.994749713 

Mass moments of inertia:
Ixx=      8.33856526929 
Iyy=      102.683951217 
Ixy=     -2.87728833003 

Area center:
AreaX=    -0.324254895399 
AreaY=    0.0423000784947 

Area per unit length:
Area=     0.205276039476 
Area moments:
Ixx=   0.00868319258293 
Iyy=   -0.0665617607082 
Ixy=  -0.00480700928384 

Stiffness matrix with respect to shear center:
      286428549.774	     -6632024.34649	                  0	                  0	                  0	  2.70362943411e-05
     -6632024.34644	      77779072.7055	                  0	                  0	                  0	  1.53045111801e-05
                  0	                  0	      4362160610.76	     -124905159.939	      1114539986.95	                  0
                  0	                  0	     -124905159.939	      309552362.896	      979542.679281	                  0
                  0	                  0	      1114539986.95	       979542.67922	      1725610428.24	                  0
 -1.86264514923e-09	 -2.32830643654e-10	                  0	                  0	                  0	      55504668.5993

Stiffness matrix with respect to the elastic center:
      286428549.774	     -6632024.34649	                  0	                  0	                  0	     -9896027.22162
     -6632024.34644	      77779072.7055	                  0	                  0	                  0	      20062594.7893
                  0	                  0	      4362160610.76	  0.000137776136398	 -0.000393748283386	                  0
                  0	                  0	 -2.53319740295e-07	      305975855.662	       32893038.708	                  0
                  0	                  0	 -1.09672546387e-05	      32893038.7079	      1440843430.11	                  0
     -9896027.22163	      20062594.7893	                  0	                  0	                  0	      60914058.8311

Stiffness matrix rotated along principle axis:
      286638976.133	     -184710.847804	                  0	                  0	                  0	     -11135582.2169
     -184710.847753	      77568646.3474	                  0	                  0	                  0	      3122597.73215
                  0	                  0	      4362160610.76	      10117698.7657	      934955924.458	                  0
                  0	                  0	      10117698.7655	      305050886.405	   5.2509829402e-05	                  0
                  0	                  0	      934955924.459	 -6.47225486772e-09	      1642183979.29	                  0
     -11135582.2169	      3122597.73214	                  0	                  0	                  0	      56062398.8661

Stiffness matrix at the elastic center rotated along principle axis:
      286637510.574	     -583541.499417	                  0	                  0	                  0	     -10472643.8391
     -583541.499366	      77570111.9056	                  0	                  0	                  0	       19767721.049
                  0	                  0	      4362160610.76	  0.000149116461936	 -0.000389594988687	                  0
                  0	                  0	  6.42619924589e-08	      305023282.319	  8.54954123497e-05	                  0
                  0	                  0	 -1.09699915951e-05	 -3.22609407517e-10	      1441796003.45	                  0
     -10472643.8391	       19767721.049	                  0	                  0	                  0	      60914058.8311

Mass matrix with respect to mass center
      162.994749713	                  0	                  0	                  0	                  0	                  0
                  0	      162.994749713	                  0	                  0	                  0	                  0
                  0	                  0	      162.994749713	                  0	                  0	                  0
                  0	                  0	                  0	      8.25492607921	      1.56973871937	                  0
                  0	                  0	                  0	      1.56973871937	       82.242744378	                  0
                  0	                  0	                  0	                  0	                  0	      90.4976704572
