********************************
*                              *
*          BECAS 2.3           *
*              by              *
*     becas-dtuwind@dtu.dk     *
*                              *
*   A cross section analysis   *
*   program for anisotropic    *
*   beams with arbitrary       *
*   geometry.                  *
*                              *
*     (c)DTU Wind Energy       *
********************************


Output generated on the (yyyy.mm.dd) 2017. 8. 9 at (hh.mm.ss) 12.55.30  
The input folder: is C:\Users\wentingmann\Documents\MATLAB\SBref_BECAS_Project\BECAS_outputs_80_sec_TP\BL_070_BCS 

Stiffness matrix w.r.t. to the cross section reference point 
K=
      138558765.254	     -2430756.06179	                  0	                  0	                  0	     -5998164.82216
     -2430756.06176	      37283381.4474	                  0	                  0	                  0	       953487.76336
                  0	                  0	      1454056432.74	      48891006.2045	      208930684.663	                  0
                  0	                  0	      48891006.2092	      41251099.2939	      9345757.37231	                  0
                  0	                  0	      208930684.671	      9345757.37126	      248741104.178	                  0
     -5998164.82236	      953487.763543	                  0	                  0	                  0	      9921248.79254

Compliance matrix w.r.t. to the cross section reference point 
F=
  7.41619929082e-09	  3.69755397938e-10	                  0	                  0	                 -0	  4.44813242524e-09
  3.69755397949e-10	  2.69061215692e-08	                  0	                  0	                  0	  -2.3622836545e-09
                  0	                  0	  8.08157838106e-10	 -8.10945029202e-10	 -6.48345095512e-10	                 -0
                  0	                  0	 -8.10945029272e-10	  2.52636444691e-08	 -2.68056184677e-10	                 -0
                  0	                  0	 -6.48345095537e-10	 -2.68056184606e-10	  4.57489475465e-09	                 -0
  4.44813242538e-09	   -2.362283655e-09	                  0	                  0	                  0	  1.03710033032e-07

Mass matrix w.r.t. to the cross section reference point 
M=
      67.3419577572	                  0	                  0	                  0	                  0	     -2.21313367265
                  0	      67.3419577572	                  0	                  0	                  0	     -13.9787832801
                  0	                  0	      67.3419577572	      2.21313367265	      13.9787832801	                  0
                 -0	                 -0	      2.21313367265	      1.33084784346	     0.720509645578	                  0
                 -0	                 -0	      13.9787832801	     0.720509645578	      19.5232371981	                  0
     -2.21313367265	     -13.9787832801	                 -0	                  0	                  0	      20.8540850415

Shear center;
ShearX=    0.0227777736245 
ShearY=    0.0428900878278 

Elastic center:
ElasticX=    -0.143688154027 
ElasticY=    0.0336238711981 

Orientation of principle axis w.r.t. reference center:
alpha_p=     -2.57376731353o or    -0.0449207138013rad 

Orientation of principle axis w.r.t. elastic center:
alpha_p=    -0.742193314125o or    -0.0129537170178rad 

Mass center:
MassX=    -0.207579104404 
MassY=    0.0328641124547 

Mass per unit length:
Mass=      67.3419577572 

Mass moments of inertia:
Ixx=      1.33084784346 
Iyy=      19.5232371981 
Ixy=    -0.720509645578 

Area center:
AreaX=    -0.225319789361 
AreaY=    0.0494219356315 

Area per unit length:
Area=    0.0881589512838 
Area moments:
Ixx=   0.00435698601569 
Iyy=   -0.0198639563335 
Ixy=  -0.00139300970216 

Stiffness matrix with respect to shear center:
      138558765.254	     -2430756.06179	                  0	                  0	                  0	  0.000201028771698
     -2430756.06176	      37283381.4474	                  0	                  0	                  0	 -0.000181425057235
                  0	                  0	      1454056432.74	     -13473601.9023	      242050852.925	                  0
                  0	                  0	     -13473601.8975	      39732043.7126	        77803.30326	                  0
                  0	                  0	      242050852.933	      77803.3017792	       259013459.55	                  0
                  0	 -7.27595761418e-11	                  0	                  0	                  0	      9642268.64809

Stiffness matrix with respect to the elastic center:
      138558765.254	     -2430756.06179	                  0	                  0	                  0	      -1688553.5973
     -2430756.06176	      37283381.4474	                  0	                  0	                  0	      6228936.59069
                  0	                  0	      1454056432.74	  -0.00474783778191	  -0.00845086574554	                  0
                  0	                  0	 -8.12858343124e-06	      39607194.3986	      2320698.94186	                  0
                  0	                  0	 -0.000766456127167	      2320698.94124	       218720239.78	                  0
      -1688553.5975	      6228936.59087	                  0	                  0	                  0	      10694820.8594

Stiffness matrix rotated along principle axis:
      138572630.997	      2122292.22775	                  0	                  0	                  0	     -6034931.02742
      2122292.22779	      37269515.7041	                  0	                  0	                  0	      683174.679697
                  0	                  0	      1454056432.74	      39459527.2218	      210915402.929	                  0
                  0	                  0	      39459527.2262	      40830998.5941	   0.00104320934042	                  0
                  0	                  0	      210915402.937	  7.81103099599e-10	      249161204.878	                  0
     -6034931.02763	       683174.67987	                  0	                  0	                  0	      9921248.79254

Stiffness matrix at the elastic center rotated along principle axis:
      138604739.926	     -1118194.43997	                  0	                  0	                  0	     -1769097.55604
     -1118194.43993	      37237406.7754	                  0	                  0	                  0	      6206541.56024
                  0	                  0	      1454056432.74	  -0.00463797238482	  -0.00851165716005	                  0
                  0	                  0	  1.80027665882e-06	      39577131.0396	  0.000620546750724	                  0
                  0	                  0	 -0.000766497115287	 -2.75195749519e-10	      218750303.138	                  0
     -1769097.55624	      6206541.56042	                  0	                  0	                  0	      10694820.8594

Mass matrix with respect to mass center
      67.3419577572	                  0	                  0	                  0	                  0	                  0
                  0	      67.3419577572	                  0	                  0	                  0	                  0
                  0	                  0	      67.3419577572	                  0	                  0	                  0
                  0	                  0	                  0	      1.25811516956	     0.261109339881	                  0
                  0	                  0	                  0	     0.261109339881	      16.6215338841	                  0
                  0	                  0	                  0	                  0	                  0	      17.8796490537
