********************************
*                              *
*          BECAS 2.3           *
*              by              *
*     becas-dtuwind@dtu.dk     *
*                              *
*   A cross section analysis   *
*   program for anisotropic    *
*   beams with arbitrary       *
*   geometry.                  *
*                              *
*     (c)DTU Wind Energy       *
********************************


Output generated on the (yyyy.mm.dd) 2017. 8. 9 at (hh.mm.ss) 12.51. 6  
The input folder: is C:\Users\wentingmann\Documents\MATLAB\SBref_BECAS_Project\BECAS_outputs_80_sec_TP\BL_050_BCS 

Stiffness matrix w.r.t. to the cross section reference point 
K=
       414352583.34	      7487843.08052	                  0	                  0	                  0	     -40543433.6258
      7487843.08049	      99539567.8856	                  0	                  0	                  0	      1313047.06612
                  0	                  0	      5367985431.93	      48934466.5789	      1220919468.39	                  0
                  0	                  0	      48934466.5792	       509550244.61	      63228946.9866	                  0
                  0	                  0	      1220919468.38	      63228946.9864	      2395832907.11	                  0
      -40543433.626	      1313047.06612	                  0	                  0	                  0	      101550197.173

Compliance matrix w.r.t. to the cross section reference point 
F=
  2.51559164969e-09	 -2.02517826121e-10	                  0	                  0	                 -0	  1.00695657284e-09
 -2.02517826121e-10	   1.0064273706e-08	                  0	                  0	                  0	 -2.10985637645e-10
                  0	                  0	  2.10736903687e-10	  -6.9347430102e-12	 -1.07208775352e-10	                 -0
                  0	                  0	 -6.93474301032e-12	  1.96919121889e-09	 -4.84353996857e-11	                 -0
                  0	                  0	 -1.07208775352e-10	 -4.84353996856e-11	  4.73303374773e-10	                 -0
  1.00695657284e-09	 -2.10985637646e-10	                  0	                  0	                  0	  1.02520973866e-08

Mass matrix w.r.t. to the cross section reference point 
M=
      202.768282488	                  0	                  0	                  0	                  0	     -5.73254860111
                  0	      202.768282488	                  0	                  0	                  0	     -85.5181052737
                  0	                  0	      202.768282488	      5.73254860111	      85.5181052737	                  0
                 -0	                 -0	      5.73254860111	      13.9396809684	      5.64666395904	                  0
                 -0	                 -0	      85.5181052737	      5.64666395904	      159.330104051	                  0
     -5.73254860111	     -85.5181052737	                 -0	                  0	                  0	      173.269785019

Shear center;
ShearX=    0.0205797535558 
ShearY=    0.0982195676522 

Elastic center:
ElasticX=    -0.227444631485 
ElasticY=   0.00911598349134 

Orientation of principle axis w.r.t. reference center:
alpha_p=     -1.91770778504o or      -0.03347031494rad 

Orientation of principle axis w.r.t. elastic center:
alpha_p=     -1.85259505664o or    -0.0323338834446rad 

Mass center:
MassX=    -0.421752870934 
MassY=    0.0282714265307 

Mass per unit length:
Mass=      202.768282488 

Mass moments of inertia:
Ixx=      13.9396809684 
Iyy=      159.330104051 
Ixy=     -5.64666395904 

Area center:
AreaX=    -0.384757382768 
AreaY=    0.0355423512671 

Area per unit length:
Area=     0.238109491143 
Area moments:
Ixx=   0.00846297117422 
Iyy=   -0.0916143846243 
Ixy=  -0.00713200442856 

Stiffness matrix with respect to shear center:
       414352583.34	      7487843.08052	                  0	                  0	                  0	  0.000107280910015
      7487843.08049	      99539567.8856	                  0	                  0	                  0	 -1.08138192445e-06
                  0	                  0	      5367985431.93	     -478306741.709	      1331391285.67	                  0
                  0	                  0	     -478306741.708	      551723003.835	     -66532670.2048	                  0
                  0	                  0	      1331391285.66	     -66532670.2049	      2448358833.43	                  0
                  0	  3.49245965481e-10	                  0	                  0	                  0	      97541016.4664

Stiffness matrix with respect to the elastic center:
       414352583.34	      7487843.08052	                  0	                  0	                  0	     -35063132.6065
      7487843.08049	      99539567.8856	                  0	                  0	                  0	       24021046.456
                  0	                  0	      5367985431.93	 -0.000371135771275	   0.00109028816223	                  0
                  0	                  0	 -3.27825546265e-07	      509104158.821	      52099065.2685	                  0
                  0	                  0	 -1.28746032715e-05	      52099065.2684	      2118141328.55	                  0
     -35063132.6066	       24021046.456	                  0	                  0	                  0	      106623072.529

Stiffness matrix rotated along principle axis:
      413499175.294	      18000095.8045	                  0	                  0	                  0	     -40564666.0059
      18000095.8045	      100392975.931	                  0	                  0	                  0	     -44436.4837822
                  0	                  0	      5367985431.93	      8050129.71102	      1221873203.62	                  0
                  0	                  0	      8050129.71143	       507433161.22	   0.00022928416729	                  0
                  0	                  0	      1221873203.61	  1.57680359277e-10	       2397949990.5	                  0
      -40564666.006	     -44436.4837875	                  0	                  0	                  0	      101550197.173

Stiffness matrix at the elastic center rotated along principle axis:
      413539682.641	      17644225.8711	                  0	                  0	                  0	     -35821363.6881
      17644225.8711	      100352468.584	                  0	                  0	                  0	      22874961.0828
                  0	                  0	      5367985431.93	 -0.000406188888578	   0.00107772010477	                  0
                  0	                  0	  8.85591952663e-08	      507419006.412	  0.000134870409966	                  0
                  0	                  0	 -1.28784718137e-05	 -2.33415939143e-08	      2119826480.96	                  0
     -35821363.6882	      22874961.0828	                  0	                  0	                  0	      106623072.529

Mass matrix with respect to mass center
      202.768282488	                  0	                  0	                  0	                  0	                  0
                  0	      202.768282488	                  0	                  0	                  0	                  0
                  0	                  0	      202.768282488	                  0	                  0	                  0
                  0	                  0	                  0	      13.7776136418	      3.22894512875	                  0
                  0	                  0	                  0	      3.22894512875	      123.262597635	                  0
                  0	                  0	                  0	                  0	                  0	      137.040211277
