********************************
*                              *
*          BECAS 2.3           *
*              by              *
*     becas-dtuwind@dtu.dk     *
*                              *
*   A cross section analysis   *
*   program for anisotropic    *
*   beams with arbitrary       *
*   geometry.                  *
*                              *
*     (c)DTU Wind Energy       *
********************************


Output generated on the (yyyy.mm.dd) 2017. 8. 9 at (hh.mm.ss) 12.50.36  
The input folder: is C:\Users\wentingmann\Documents\MATLAB\SBref_BECAS_Project\BECAS_outputs_80_sec_TP\BL_048_BCS 

Stiffness matrix w.r.t. to the cross section reference point 
K=
      430217515.178	      7368389.95431	                  0	                  0	                  0	     -41727526.6081
      7368389.95435	      107328315.266	                  0	                  0	                  0	      2575495.40437
                  0	                  0	      5747749801.54	      41461208.5278	      1297697680.32	                  0
                  0	                  0	      41461208.5279	      620071315.921	       67592370.204	                  0
                  0	                  0	      1297697680.33	      67592370.2035	       2697560843.6	                  0
     -41727526.6081	      2575495.40442	                  0	                  0	                  0	      119644733.149

Compliance matrix w.r.t. to the cross section reference point 
F=
  2.40947887118e-09	 -1.85678416325e-10	                  0	                  0	                 -0	  8.44331421518e-10
 -1.85678416326e-10	  9.33632977541e-09	                  0	                  0	                  0	 -2.65733180653e-10
                  0	                  0	  1.95184958644e-10	 -2.82340186578e-12	 -9.38255862672e-11	                 -0
                  0	                  0	 -2.82340186573e-12	  1.61717557599e-09	 -3.91630863179e-11	                 -0
                  0	                  0	 -9.38255862674e-11	 -3.91630863176e-11	  4.16822617422e-10	                 -0
  8.44331421518e-10	 -2.65733180657e-10	                  0	                  0	                  0	  8.65826876936e-09

Mass matrix w.r.t. to the cross section reference point 
M=
      214.621780698	                  0	                  0	                  0	                  0	     -6.06685186782
                  0	      214.621780698	                  0	                  0	                  0	     -91.7666725845
                  0	                  0	      214.621780698	      6.06685186782	      91.7666725845	                  0
                 -0	                 -0	      6.06685186782	       16.812804205	      6.17627454556	                  0
                 -0	                 -0	      91.7666725845	      6.17627454556	      178.679131171	                  0
     -6.06685186782	     -91.7666725845	                 -0	                  0	                  0	      195.491935376

Shear center;
ShearX=    0.0306912603126 
ShearY=    0.0975173494851 

Elastic center:
ElasticX=    -0.225774907596 
ElasticY=   0.00721346787169 

Orientation of principle axis w.r.t. reference center:
alpha_p=     -1.86152817828o or    -0.0324897958296rad 

Orientation of principle axis w.r.t. elastic center:
alpha_p=     -1.86670338329o or    -0.0325801201964rad 

Mass center:
MassX=    -0.427573903665 
MassY=    0.0282676429582 

Mass per unit length:
Mass=      214.621780698 

Mass moments of inertia:
Ixx=       16.812804205 
Iyy=      178.679131171 
Ixy=     -6.17627454556 

Area center:
AreaX=    -0.393921076207 
AreaY=    0.0373360236499 

Area per unit length:
Area=     0.253652689232 
Area moments:
Ixx=   0.00947038280403 
Iyy=   -0.0999191403251 
Ixy=  -0.00791377477487 

Stiffness matrix with respect to shear center:
      430217515.178	      7368389.95431	                  0	                  0	                  0	  1.52364373207e-05
      7368389.95435	      107328315.266	                  0	                  0	                  0	 -4.94930427521e-05
                  0	                  0	      5747749801.54	     -519044117.622	       1474103365.7	                  0
                  0	                  0	     -519044117.622	      666643935.375	     -74885786.1419	                  0
                  0	                  0	       1474103365.7	     -74885786.1426	      2782630911.04	                  0
                  0	 -2.32830643654e-10	                  0	                  0	                  0	      115496530.154

Stiffness matrix with respect to the elastic center:
      430217515.178	      7368389.95431	                  0	                  0	                  0	     -36960568.8234
      7368389.95435	      107328315.266	                  0	                  0	                  0	      26860687.5102
                  0	                  0	      5747749801.54	 -0.000136837363243	  -0.00198340415955	                  0
                  0	                  0	 -7.59959220886e-07	      619772236.825	      58231469.6798	                  0
                  0	                  0	 -3.17096710205e-05	      58231469.6793	      2404573269.74	                  0
     -36960568.8234	      26860687.5102	                  0	                  0	                  0	      125723070.578

Stiffness matrix rotated along principle axis:
        429398339.4	      17836062.7197	                  0	                  0	                  0	     -41789167.6307
      17836062.7197	      108147491.045	                  0	                  0	                  0	      1218655.87501
                  0	                  0	      5747749801.54	     -715187.977226	       1298359653.5	                  0
                  0	                  0	     -715187.977154	      617874480.575	  0.000489316880703	                  0
                  0	                  0	       1298359653.5	 -8.88857951472e-09	      2699757678.94	                  0
     -41789167.6307	      1218655.87507	                  0	                  0	                  0	      119644733.149

Stiffness matrix at the elastic center rotated along principle axis:
      429395114.716	      17865079.2079	                  0	                  0	                  0	     -37815924.0146
       17865079.208	      108150715.728	                  0	                  0	                  0	      25642466.1878
                  0	                  0	      5747749801.54	 -7.21566310501e-05	  -0.00198680898545	                  0
                  0	                  0	  2.73366213826e-07	      617874376.993	  0.000472653657198	                  0
                  0	                  0	 -3.17175983511e-05	 -1.14403944284e-08	      2406471129.57	                  0
     -37815924.0146	      25642466.1879	                  0	                  0	                  0	      125723070.578

Mass matrix with respect to mass center
      214.621780698	                  0	                  0	                  0	                  0	                  0
                  0	      214.621780698	                  0	                  0	                  0	                  0
                  0	                  0	      214.621780698	                  0	                  0	                  0
                  0	                  0	                  0	      16.6413086025	      3.58224700948	                  0
                  0	                  0	                  0	      3.58224700948	      139.442096748	                  0
                  0	                  0	                  0	                  0	                  0	      156.083405351
