********************************
*                              *
*          BECAS 2.3           *
*              by              *
*     becas-dtuwind@dtu.dk     *
*                              *
*   A cross section analysis   *
*   program for anisotropic    *
*   beams with arbitrary       *
*   geometry.                  *
*                              *
*     (c)DTU Wind Energy       *
********************************


Output generated on the (yyyy.mm.dd) 2017. 8. 9 at (hh.mm.ss) 12.40.12  
The input folder: is C:\Users\wentingmann\Documents\MATLAB\SBref_BECAS_Project\BECAS_outputs_80_sec_TP\BL_017_BCS 

Stiffness matrix w.r.t. to the cross section reference point 
K=
      1111468714.74	     -84915404.6097	                  0	                  0	                  0	      65769477.3048
       -84915404.61	      627487871.132	                  0	                  0	                  0	     -11065959.9698
                  0	                  0	      7961862669.74	     -200829626.435	       3309310315.1	                  0
                  0	                  0	     -200829626.463	      9104883436.51	      1073659568.43	                  0
                  0	                  0	      3309310315.12	      1073659568.46	      19003578260.2	                  0
      65769477.3049	     -11065959.9705	                  0	                  0	                  0	      3891724320.29

Compliance matrix w.r.t. to the cross section reference point 
F=
  9.09987703425e-10	  1.22879922758e-10	                  0	                  0	                  0	 -1.50292329281e-11
  1.22879922758e-10	  1.61032927442e-09	                  0	                  0	                 -0	  2.50225612001e-12
                  0	                  0	  1.35704606267e-10	   5.8187421111e-12	 -2.39605402328e-11	                 -0
                  0	                  0	  5.81874211144e-12	  1.10817300558e-10	 -7.27421312389e-12	                 -0
                  0	                  0	  -2.3960540233e-11	 -7.27421312406e-12	  5.72051682365e-11	                 -0
 -1.50292329281e-11	   2.5022561203e-12	                  0	                  0	                  0	   2.5721661461e-10

Mass matrix w.r.t. to the cross section reference point 
M=
      561.103071298	                  0	                  0	                  0	                  0	      6.53303570839
                  0	      561.103071298	                  0	                  0	                  0	     -338.820876049
                  0	                  0	      561.103071298	     -6.53303570839	      338.820876049	                  0
                 -0	                 -0	     -6.53303570839	      474.377957014	      30.1053298296	                  0
                 -0	                 -0	      338.820876049	      30.1053298296	      1798.16238025	                  0
      6.53303570839	     -338.820876049	                 -0	                  0	                  0	      2272.54033726

Shear center;
ShearX=  -0.00972820563746 
ShearY=   -0.0584302571237 

Elastic center:
ElasticX=     -0.41564523936 
ElasticY=   -0.0252239500721 

Orientation of principle axis w.r.t. reference center:
alpha_p=     -6.11975354566o or     -0.106809848782rad 

Orientation of principle axis w.r.t. elastic center:
alpha_p=     -7.59120743237o or     -0.132491563897rad 

Mass center:
MassX=    -0.603847837199 
MassY=   -0.0116432007639 

Mass per unit length:
Mass=      561.103071298 

Mass moments of inertia:
Ixx=      474.377957014 
Iyy=      1798.16238025 
Ixy=     -30.1053298296 

Area center:
AreaX=    -0.660419982522 
AreaY=  -0.00573500023949 

Area per unit length:
Area=     0.790935693352 
Area moments:
Ixx=  -0.00453601639079 
Iyy=     -0.52234973678 
Ixy=   -0.0190775143665 

Stiffness matrix with respect to shear center:
      1111468714.74	     -84915404.6097	                  0	                  0	                  0	 -0.000161156058311
       -84915404.61	      627487871.132	                  0	                  0	                  0	  0.000713692978024
                  0	                  0	      7961862669.74	      264384056.542	      3231855677.79	                  0
                  0	                  0	      264384056.514	       9108596938.2	      1264451438.57	                  0
                  0	                  0	      3231855677.81	      1264451438.61	      18939944452.3	                  0
  7.45058059692e-09	                  0	                  0	                  0	                  0	      3887773740.89

Stiffness matrix with respect to the elastic center:
      1111468714.74	     -84915404.6097	                  0	                  0	                  0	      2439162.26309
       -84915404.61	      627487871.132	                  0	                  0	                  0	      251888288.349
                  0	                  0	      7961862669.74	    0.0279124081135	   -0.0174903869629	                  0
                  0	                  0	 -3.94284725189e-05	      9099817720.04	      1157133446.59	                  0
                  0	                  0	 -0.000601291656494	      1157133446.61	      17628079182.2	                  0
      2439162.26312	      251888288.348	                  0	                  0	                  0	      3990100483.29

Stiffness matrix rotated along principle axis:
      1123970215.33	     -31683617.5341	                  0	                  0	                  0	      66574380.8654
     -31683617.5344	       614986370.54	                  0	                  0	                  0	     -3991419.21865
                  0	                  0	      7961862669.74	     -552480387.267	      3269041560.18	                  0
                  0	                  0	     -552480387.297	      8989767927.96	   -0.0382220745087	                  0
                  0	                  0	      3269041560.19	  1.44066034713e-07	      19118693768.8	                  0
      66574380.8657	     -3991419.21932	                  0	                  0	                  0	      3891724320.29

Stiffness matrix at the elastic center rotated along principle axis:
       1125261252.4	       -18576001.55	                  0	                  0	                  0	     -30857735.3265
     -18576001.5503	      613695333.473	                  0	                  0	                  0	      250002918.964
                  0	                  0	      7961862669.74	    0.0299783338044	   -0.0136497496356	                  0
                  0	                  0	  4.03502853813e-05	         8945603885	   -0.0270295143127	                  0
                  0	                  0	 -0.000601230500793	  2.23654846713e-07	      17782293017.2	                  0
     -30857735.3264	      250002918.963	                  0	                  0	                  0	      3990100483.29

Mass matrix with respect to mass center
      561.103071298	                  0	                  0	                  0	                  0	                  0
                  0	      561.103071298	                  0	                  0	                  0	                  0
                  0	                  0	      561.103071298	                  0	                  0	                  0
                  0	                  0	                  0	      474.301891568	      34.0502893125	                  0
                  0	                  0	                  0	      34.0502893125	      1593.56612705	                  0
                  0	                  0	                  0	                  0	                  0	      2067.86801862
