********************************
*                              *
*          BECAS 2.3           *
*              by              *
*     becas-dtuwind@dtu.dk     *
*                              *
*   A cross section analysis   *
*   program for anisotropic    *
*   beams with arbitrary       *
*   geometry.                  *
*                              *
*     (c)DTU Wind Energy       *
********************************


Output generated on the (yyyy.mm.dd) 2017. 8. 9 at (hh.mm.ss) 12.48.12  
The input folder: is C:\Users\wentingmann\Documents\MATLAB\SBref_BECAS_Project\BECAS_outputs_80_sec_TP\BL_039_BCS 

Stiffness matrix w.r.t. to the cross section reference point 
K=
       532905951.14	      12126977.5886	                  0	                  0	                  0	     -40503032.2756
      12126977.5885	      159036645.113	                  0	                  0	                  0	      2722499.23315
                  0	                  0	      7366257614.14	     -14156078.4961	      1771823324.34	                  0
                  0	                  0	      -14156078.496	      1407535012.92	      103243009.864	                  0
                  0	                  0	      1771823324.34	      103243009.863	       4673028525.5	                  0
     -40503032.2758	      2722499.23309	                  0	                  0	                  0	      272059596.223

Compliance matrix w.r.t. to the cross section reference point 
F=
  1.90154446037e-09	 -1.49869811871e-10	                  0	                  0	                 -0	  2.84593295641e-10
  -1.4986981187e-10	  6.30074829137e-09	                  0	                  0	                  0	 -8.53635179251e-11
                  0	                  0	  1.49422508296e-10	  5.66763454565e-12	  -5.6780186036e-11	                 -0
                  0	                  0	  5.66763454567e-12	  7.11830086298e-10	 -1.78756725423e-11	                 -0
                  0	                  0	  -5.6780186036e-11	 -1.78756725422e-11	  2.35917668852e-10	                 -0
  2.84593295642e-10	 -8.53635179238e-11	                  0	                  0	                  0	  3.71888846267e-09

Mass matrix w.r.t. to the cross section reference point 
M=
      278.467866966	                  0	                  0	                  0	                  0	     -6.71487745754
                  0	      278.467866966	                  0	                  0	                  0	     -132.403617256
                  0	                  0	      278.467866966	      6.71487745754	      132.403617256	                  0
                 -0	                 -0	      6.71487745754	      38.6528319369	      10.1207609078	                  0
                 -0	                 -0	      132.403617256	      10.1207609078	      313.202347581	                  0
     -6.71487745754	     -132.403617256	                 -0	                  0	                  0	      351.855179518

Shear center;
ShearX=    0.0229540409132 
ShearY=    0.0765264402251 

Elastic center:
ElasticX=    -0.240532359463 
ElasticY=  -0.00192174632459 

Orientation of principle axis w.r.t. reference center:
alpha_p=     -1.80907528478o or    -0.0315743201358rad 

Orientation of principle axis w.r.t. elastic center:
alpha_p=      -2.1480432943o or    -0.0374904279608rad 

Mass center:
MassX=    -0.475471797512 
MassY=    0.0241136527912 

Mass per unit length:
Mass=      278.467866966 

Mass moments of inertia:
Ixx=      38.6528319369 
Iyy=      313.202347581 
Ixy=     -10.1207609078 

Area center:
AreaX=    -0.440807056157 
AreaY=    0.0408753658924 

Area per unit length:
Area=      0.34034932975 
Area moments:
Ixx=    0.0139119033848 
Iyy=    -0.150028386112 
Ixy=   -0.0123993705577 

Stiffness matrix with respect to shear center:
       532905951.14	      12126977.5886	                  0	                  0	                  0	  0.000146389007568
      12126977.5885	      159036645.113	                  0	                  0	                  0	  5.66396629438e-05
                  0	                  0	      7366257614.14	     -577869551.487	      1940908702.99	                  0
                  0	                  0	     -577869551.487	      1452840626.91	     -45612763.1832	                  0
                  0	                  0	      1940908702.99	     -45612763.1842	      4758250728.35	                  0
                  0	 -6.98491930962e-10	                  0	                  0	                  0	      268897550.986

Stiffness matrix with respect to the elastic center:
       532905951.14	      12126977.5886	                  0	                  0	                  0	     -38610211.7961
      12126977.5885	      159036645.113	                  0	                  0	                  0	      40952653.7487
                  0	                  0	      7366257614.14	 -0.000127959996462	  -0.00158333778381	                  0
                  0	                  0	  2.10478901863e-07	      1407507808.53	      106648004.825	                  0
                  0	                  0	  8.34465026855e-06	      106648004.824	      4246847680.74	                  0
     -38610211.7962	      40952653.7486	                  0	                  0	                  0	      282716919.405

Stiffness matrix rotated along principle axis:
      531768057.306	      23899630.9825	                  0	                  0	                  0	     -40568791.2332
      23899630.9824	      160174538.947	                  0	                  0	                  0	      1442499.03662
                  0	                  0	      7366257614.14	     -70083844.5819	      1770493304.69	                  0
                  0	                  0	     -70083844.5818	      1404274101.36	  0.000861942768097	                  0
                  0	                  0	      1770493304.69	 -4.54183576305e-08	      4676289437.06	                  0
     -40568791.2334	      1442499.03655	                  0	                  0	                  0	      272059596.223

Stiffness matrix at the elastic center rotated along principle axis:
      531472272.572	      26096294.0378	                  0	                  0	                  0	     -40118053.9069
      26096294.0377	      160470323.681	                  0	                  0	                  0	       39476702.683
                  0	                  0	      7366257614.14	 -6.85239743494e-05	  -0.00158702134935	                  0
                  0	                  0	 -1.02440227645e-07	       1403507654.9	  0.000828072428703	                  0
                  0	                  0	  8.34667571386e-06	  8.68785122908e-09	      4250847834.37	                  0
      -40118053.907	      39476702.6829	                  0	                  0	                  0	      282716919.405

Mass matrix with respect to mass center
      278.467866966	                  0	                  0	                  0	                  0	                  0
                  0	      278.467866966	                  0	                  0	                  0	                  0
                  0	                  0	      278.467866966	                  0	                  0	                  0
                  0	                  0	                  0	      38.4909117133	      6.92802605295	                  0
                  0	                  0	                  0	      6.92802605295	      250.248161688	                  0
                  0	                  0	                  0	                  0	                  0	      288.739073401
