********************************
*                              *
*          BECAS 2.3           *
*              by              *
*     becas-dtuwind@dtu.dk     *
*                              *
*   A cross section analysis   *
*   program for anisotropic    *
*   beams with arbitrary       *
*   geometry.                  *
*                              *
*     (c)DTU Wind Energy       *
********************************


Output generated on the (yyyy.mm.dd) 2017. 8. 9 at (hh.mm.ss) 10.23. 9  
The input folder: is C:\Users\wentingmann\Documents\MATLAB\SBref_BECAS_Project\BECAS_outputs_80_sec_c2\BL_007_BCS 

Stiffness matrix w.r.t. to the cross section reference point 
K=
      1619813213.14	     -123013215.252	                  0	                  0	                  0	     -30196315.8995
     -123013215.252	      1495662962.78	                  0	                  0	                  0	      322615447.618
                  0	                  0	      9383542376.81	     -27730037.6481	     -883181768.478	                  0
                  0	                  0	     -27730037.6527	      19330898771.6	      1347953778.55	                  0
                  0	                  0	     -883181768.487	      1347953778.55	      20592189007.4	                  0
     -30196315.8995	      322615447.618	                  0	                  0	                  0	      12146392895.5

Compliance matrix w.r.t. to the cross section reference point 
F=
  6.21235822638e-10	  5.10539075196e-11	                  0	                  0	                 -0	  1.88389585377e-13
  5.10539075196e-11	  6.76648072119e-10	                  0	                  0	                  0	 -1.78452551809e-11
                  0	                  0	  1.07002037642e-10	 -1.67279169486e-13	  4.60017793107e-12	                 -0
                  0	                  0	 -1.67279169464e-13	  5.19681221732e-11	 -3.40898019802e-12	                 -0
                  0	                  0	  4.60017793112e-12	 -3.40898019802e-12	  4.89825506485e-11	                 -0
  1.88389585375e-13	 -1.78452551809e-11	                  0	                  0	                  0	  8.28034176331e-11

Mass matrix w.r.t. to the cross section reference point 
M=
      826.156114253	                  0	                  0	                  0	                  0	      7.85962123391
                  0	      826.156114253	                  0	                  0	                  0	      75.0806502856
                  0	                  0	      826.156114253	     -7.85962123391	     -75.0806502856	                  0
                 -0	                 -0	     -7.85962123391	      1475.87169514	      31.6648887686	                  0
                 -0	                 -0	     -75.0806502856	      31.6648887686	      1864.06555154	                  0
      7.85962123391	      75.0806502856	                 -0	                  0	                  0	      3339.93724669

Shear center;
ShearX=     0.215513510082 
ShearY=   0.00227514263011 

Elastic center:
ElasticX=    0.0941202941301 
ElasticY=  -0.00295517796363 

Orientation of principle axis w.r.t. reference center:
alpha_p=     -32.4636421131o or     -0.566597442062rad 

Orientation of principle axis w.r.t. elastic center:
alpha_p=     -33.1757413787o or     -0.579025918849rad 

Mass center:
MassX=    0.0908794947957 
MassY=   -0.0095134818932 

Mass per unit length:
Mass=      826.156114253 

Mass moments of inertia:
Ixx=      1475.87169514 
Iyy=      1864.06555154 
Ixy=     -31.6648887686 

Area center:
AreaX=     0.114570721118 
AreaY=   -0.0301386221014 

Area per unit length:
Area=      1.01224412374 
Area moments:
Ixx=   -0.0305076431198 
Iyy=     0.115973539205 
Ixy=     0.019174127012 

Stiffness matrix with respect to shear center:
      1619813213.14	     -123013215.252	                  0	                  0	                  0	 -3.35550867021e-05
     -123013215.252	      1495662962.78	                  0	                  0	                  0	  1.88036938198e-05
                  0	                  0	      9383542376.81	      -49078934.931	      1139098386.15	                  0
                  0	                  0	     -49078934.9356	        19331073523	       1339385969.5	                  0
                  0	                  0	      1139098386.14	       1339385969.5	        20647342496	                  0
 -1.39698386192e-09	 -2.00234353542e-08	                  0	                  0	                  0	        12076796207

Stiffness matrix with respect to the elastic center:
      1619813213.14	     -123013215.252	                  0	                  0	                  0	     -23405112.2108
     -123013215.252	      1495662962.78	                  0	                  0	                  0	      182206735.585
                  0	                  0	      9383542376.81	   0.00458493083715	   0.00922119617462	                  0
                  0	                  0	 -2.01165676117e-07	      19330816824.4	      1345343819.25	                  0
                  0	                  0	 -3.21865081787e-06	      1345343819.25	      20509063679.6	                  0
     -23405112.2107	      182206735.585	                  0	                  0	                  0	      12099037284.9

Stiffness matrix rotated along principle axis:
      1695465314.57	      4096747.76947	                  0	                  0	                  0	     -198646064.187
      4096747.76947	      1420010861.35	                  0	                  0	                  0	      255992745.441
                  0	                  0	      9383542376.81	      450663729.354	     -760053415.363	                  0
                  0	                  0	      450663729.355	      18473359541.5	  -0.00166606903076	                  0
                  0	                  0	     -760053415.373	  1.00659890399e-06	      21449728237.6	                  0
     -198646064.187	      255992745.441	                  0	                  0	                  0	      12146392895.5

Stiffness matrix at the elastic center rotated along principle axis:
      1695320945.95	      7518608.95536	                  0	                  0	                  0	      -119295133.34
      7518608.95536	      1420155229.97	                  0	                  0	                  0	      139698836.543
                  0	                  0	      9383542376.81	  -0.00120835145933	     0.010227019919	                  0
                  0	                  0	  1.59289947471e-06	      18451261796.8	  -0.00207138061523	                  0
                  0	                  0	 -2.80407774145e-06	  9.47755630442e-07	      21388618707.3	                  0
      -119295133.34	      139698836.543	                  0	                  0	                  0	      12099037284.9

Mass matrix with respect to mass center
      826.156114253	                  0	                  0	                  0	                  0	                  0
                  0	      826.156114253	                  0	                  0	                  0	                  0
                  0	                  0	      826.156114253	                  0	                  0	                  0
                  0	                  0	                  0	      1475.79692278	      30.9506103616	                  0
                  0	                  0	                  0	      30.9506103616	      1857.24225998	                  0
                  0	                  0	                  0	                  0	                  0	      3333.03918276
