********************************
*                              *
*          BECAS 2.3           *
*              by              *
*     becas-dtuwind@dtu.dk     *
*                              *
*   A cross section analysis   *
*   program for anisotropic    *
*   beams with arbitrary       *
*   geometry.                  *
*                              *
*     (c)DTU Wind Energy       *
********************************


Output generated on the (yyyy.mm.dd) 2017. 8. 9 at (hh.mm.ss) 10.24.58  
The input folder: is C:\Users\wentingmann\Documents\MATLAB\SBref_BECAS_Project\BECAS_outputs_80_sec_c2\BL_011_BCS 

Stiffness matrix w.r.t. to the cross section reference point 
K=
         1407503934	     -200103416.488	                  0	                  0	                  0	      154661859.741
      -200103416.49	      1059656861.85	                  0	                  0	                  0	      423232370.983
                  0	                  0	      8459836668.64	     -352377019.514	     -2640158628.98	                  0
                  0	                  0	     -352377019.518	      14655989160.4	      1867650029.17	                  0
                  0	                  0	     -2640158629.02	      1867650029.17	      23544541119.8	                  0
      154661859.732	      423232371.001	                  0	                  0	                  0	      8945052777.43

Compliance matrix w.r.t. to the cross section reference point 
F=
  7.33435535483e-10	  1.46330730819e-10	                  0	                  0	                  0	 -1.96048486726e-11
  1.46330730819e-10	  9.91074089639e-10	                  0	                  0	                  0	 -4.94224495644e-11
                  0	                  0	   1.2251336268e-10	  1.20714962036e-12	  1.36422356667e-11	                 -0
                  0	                  0	  1.20714962036e-12	  6.89401452955e-11	  -5.3332531412e-12	                 -0
                  0	                  0	  1.36422356669e-11	 -5.33325314118e-12	  4.44255129576e-11	                 -0
 -1.96048486722e-11	 -4.94224495662e-11	                  0	                  0	                  0	    1.144710186e-10

Mass matrix w.r.t. to the cross section reference point 
M=
        707.3572279	                  0	                  0	                  0	                  0	       28.282567674
                  0	        707.3572279	                  0	                  0	                  0	      143.948557134
                  0	                  0	        707.3572279	      -28.282567674	     -143.948557134	                  0
                 -0	                 -0	      -28.282567674	      963.905058265	       45.775611438	                  0
                 -0	                 -0	     -143.948557134	       45.775611438	       2186.6423553	                  0
       28.282567674	      143.948557134	                 -0	                  0	                  0	      3150.54741356

Shear center;
ShearX=     0.431746394594 
ShearY=    -0.171264735056 

Elastic center:
ElasticX=     0.312081513205 
ElasticY=    -0.041652934131 

Orientation of principle axis w.r.t. reference center:
alpha_p=     -11.3969783564o or     -0.198914797098rad 

Orientation of principle axis w.r.t. elastic center:
alpha_p=     -11.7571154262o or     -0.205200374724rad 

Mass center:
MassX=     0.203501924426 
MassY=   -0.0399834292468 

Mass per unit length:
Mass=        707.3572279 

Mass moments of inertia:
Ixx=      963.905058265 
Iyy=       2186.6423553 
Ixy=      -45.775611438 

Area center:
AreaX=     0.172749941403 
AreaY=   -0.0539058827027 

Area per unit length:
Area=      1.00334389081 
Area moments:
Ixx=   -0.0540861380886 
Iyy=     0.173327598345 
Ixy=   -0.0154134192877 

Stiffness matrix with respect to shear center:
         1407503934	     -200103416.488	                  0	                  0	                  0	   0.00837981700897
      -200103416.49	      1059656861.85	                  0	                  0	                  0	   -0.0170526355505
                  0	                  0	      8459836668.64	      1096494666.16	      1012345351.56	                  0
                  0	                  0	      1096494666.15	        14783430272	      1888891579.87	                  0
                  0	                  0	      1012345351.52	      1888891579.87	      22841738606.2	                  0
  2.98023223877e-08	                  0	                  0	                  0	                  0	      8735835604.75

Stiffness matrix with respect to the elastic center:
         1407503934	     -200103416.488	                  0	                  0	                  0	      158483768.104
      -200103416.49	      1059656861.85	                  0	                  0	                  0	      100867948.486
                  0	                  0	      8459836668.64	   0.00398921966553	    0.0381593704224	                  0
                  0	                  0	   7.9870223999e-06	      14641311623.7	       1757679675.7	                  0
                  0	                  0	  0.000104427337646	       1757679675.7	      22720596419.8	                  0
      158483768.095	      100867948.503	                  0	                  0	                  0	      8768447322.45

Stiffness matrix rotated along principle axis:
      1471444940.52	     -117094974.562	                  0	                  0	                  0	      67979070.1231
     -117094974.563	      995715855.328	                  0	                  0	                  0	      445448960.861
                  0	                  0	      8459836668.64	      176281535.788	     -2657730605.27	                  0
                  0	                  0	      176281535.792	      14279507355.8	   0.00394201278687	                  0
                  0	                  0	     -2657730605.31	 -1.71922719102e-07	      23921022924.5	                  0
      67979070.1109	      445448960.876	                  0	                  0	                  0	      8945052777.43

Stiffness matrix at the elastic center rotated along principle axis:
      1472898125.77	     -114095568.859	                  0	                  0	                  0	      134605616.841
      -114095568.86	      994262670.083	                  0	                  0	                  0	      131044937.709
                  0	                  0	      8459836668.64	  -0.00386995403895	    0.0381716502172	                  0
                  0	                  0	 -1.34590065038e-05	      14275485993.6	   0.00428438186646	                  0
                  0	                  0	  0.000103863932713	  -5.8965869036e-07	      23086422049.8	                  0
      134605616.829	      131044937.724	                  0	                  0	                  0	      8768447322.45

Mass matrix with respect to mass center
        707.3572279	                  0	                  0	                  0	                  0	                  0
                  0	        707.3572279	                  0	                  0	                  0	                  0
                  0	                  0	        707.3572279	                  0	                  0	                  0
                  0	                  0	                  0	      962.774224222	      40.0200544887	                  0
                  0	                  0	                  0	      40.0200544887	       2157.3485469	                  0
                  0	                  0	                  0	                  0	                  0	      3120.12277112
