********************************
*                              *
*          BECAS 2.3           *
*              by              *
*     becas-dtuwind@dtu.dk     *
*                              *
*   A cross section analysis   *
*   program for anisotropic    *
*   beams with arbitrary       *
*   geometry.                  *
*                              *
*     (c)DTU Wind Energy       *
********************************


Output generated on the (yyyy.mm.dd) 2017. 8. 9 at (hh.mm.ss) 12.35.43  
The input folder: is C:\Users\wentingmann\Documents\MATLAB\SBref_BECAS_Project\BECAS_outputs_80_sec_TP\BL_008_BCS 

Stiffness matrix w.r.t. to the cross section reference point 
K=
       1577242689.9	      -121008674.35	                  0	                  0	                  0	      11805055.9833
      -121008674.35	      1361194358.64	                  0	                  0	                  0	     -33993688.3292
                  0	                  0	      9097661647.42	     -85437618.9068	      1862380399.63	                  0
                  0	                  0	     -85437618.9082	      18582573603.4	      1439064595.04	                  0
                  0	                  0	      1862380399.64	      1439064595.04	      21133133738.6	                  0
      11805055.9833	     -33993688.3292	                  0	                  0	                  0	      11400509919.8

Compliance matrix w.r.t. to the cross section reference point 
F=
  6.38374591894e-10	  5.67385127259e-11	                  0	                  0	                  0	 -4.91846111901e-13
  5.67385127258e-11	  7.39746554426e-10	                  0	                  0	                 -0	  2.14700155229e-12
                  0	                  0	  1.11968290281e-10	  1.28572168219e-12	 -9.95487883409e-12	                 -0
                  0	                  0	   1.2857216822e-12	  5.41139095537e-11	 -3.79820215927e-12	                 -0
                  0	                  0	 -9.95487883414e-12	 -3.79820215927e-12	  4.84549826893e-11	                 -0
 -4.91846111905e-13	  2.14700155229e-12	                  0	                  0	                  0	  8.77222859162e-11

Mass matrix w.r.t. to the cross section reference point 
M=
      795.198590488	                  0	                  0	                  0	                  0	       11.749776583
                  0	      795.198590488	                  0	                  0	                  0	     -170.584019924
                  0	                  0	      795.198590488	      -11.749776583	      170.584019924	                  0
                 -0	                 -0	      -11.749776583	      1392.34157198	      31.7316016545	                  0
                 -0	                 -0	      170.584019924	      31.7316016545	       1927.2927729	                  0
       11.749776583	     -170.584019924	                 -0	                  0	                  0	      3319.63434488

Shear center;
ShearX=   -0.0244749840917 
ShearY=  -0.00560685470936 

Elastic center:
ElasticX=    -0.204709789374 
ElasticY=   -0.0093911625008 

Orientation of principle axis w.r.t. reference center:
alpha_p=     -24.2265305328o or     -0.422832724132rad 

Orientation of principle axis w.r.t. elastic center:
alpha_p=     -26.6579010618o or       -0.4652681452rad 

Mass center:
MassX=    -0.214517507909 
MassY=   -0.0147759021754 

Mass per unit length:
Mass=      795.198590488 

Mass moments of inertia:
Ixx=      1392.34157198 
Iyy=       1927.2927729 
Ixy=     -31.7316016545 

Area center:
AreaX=    -0.188338073673 
AreaY=   -0.0331994138175 

Area per unit length:
Area=     0.996825810144 
Area moments:
Ixx=    -0.033094032575 
Iyy=     -0.18774025287 
Ixy=    0.0230790211091 

Stiffness matrix with respect to shear center:
       1577242689.9	      -121008674.35	                  0	                  0	                  0	 -6.69676810503e-05
      -121008674.35	      1361194358.64	                  0	                  0	                  0	  4.75181732327e-05
                  0	                  0	      9097661647.42	     -34428351.8549	      1639715275.54	                  0
                  0	                  0	     -34428351.8562	      18581901532.3	      1450349324.72	                  0
                  0	                  0	      1639715275.55	      1450349324.72	      21047420002.6	                  0
 -1.86264514923e-09	 -1.39698386192e-09	                  0	                  0	                  0	      11399611735.6

Stiffness matrix with respect to the elastic center:
       1577242689.9	      -121008674.35	                  0	                  0	                  0	     -27778746.6594
      -121008674.35	      1361194358.64	                  0	                  0	                  0	      245792534.251
                  0	                  0	      9097661647.42	   0.00133383274078	   -0.0106987953186	                  0
                  0	                  0	  4.32133674622e-07	      18581771244.9	      1456554512.01	                  0
                  0	                  0	  5.48362731934e-06	      1456554512.01	      20751886239.2	                  0
     -27778746.6593	      245792534.251	                  0	                  0	                  0	      11444017228.4

Stiffness matrix rotated along principle axis:
      1631428178.53	      589654.942313	                  0	                  0	                  0	      24714538.8153
      589654.942316	      1307008870.01	                  0	                  0	                  0	     -26155721.4417
                  0	                  0	      9097661647.42	     -842132268.649	      1663302011.59	                  0
                  0	                  0	     -842132268.655	      17935031224.9	   0.00107669830322	                  0
                  0	                  0	       1663302011.6	  1.11349515929e-06	      21780676117.2	                  0
      24714538.8154	     -26155721.4418	                  0	                  0	                  0	      11400509919.8

Stiffness matrix at the elastic center rotated along principle axis:
      1630794341.74	      14337881.2027	                  0	                  0	                  0	     -135103784.644
      14337881.2027	       1307642706.8	                  0	                  0	                  0	      207201824.399
                  0	                  0	      9097661647.42	   0.00599219586151	  -0.00896308651119	                  0
                  0	                  0	 -2.07409929597e-06	      17850541094.5	   0.00124835968018	                  0
                  0	                  0	  5.09460697214e-06	  2.50847347967e-07	      21483116389.6	                  0
     -135103784.644	      207201824.399	                  0	                  0	                  0	      11444017228.4

Mass matrix with respect to mass center
      795.198590488	                  0	                  0	                  0	                  0	                  0
                  0	      795.198590488	                  0	                  0	                  0	                  0
                  0	                  0	      795.198590488	                  0	                  0	                  0
                  0	                  0	                  0	      1392.16795843	      34.2521344456	                  0
                  0	                  0	                  0	      34.2521344456	      1890.69951406	                  0
                  0	                  0	                  0	                  0	                  0	      3282.86747249
