********************************
*                              *
*          BECAS 2.3           *
*              by              *
*     becas-dtuwind@dtu.dk     *
*                              *
*   A cross section analysis   *
*   program for anisotropic    *
*   beams with arbitrary       *
*   geometry.                  *
*                              *
*     (c)DTU Wind Energy       *
********************************


Output generated on the (yyyy.mm.dd) 2017. 8. 9 at (hh.mm.ss) 12.37.39  
The input folder: is C:\Users\wentingmann\Documents\MATLAB\SBref_BECAS_Project\BECAS_outputs_80_sec_TP\BL_012_BCS 

Stiffness matrix w.r.t. to the cross section reference point 
K=
      1334499886.34	     -151939103.356	                  0	                  0	                  0	      163564875.987
     -151939103.355	      893008489.642	                  0	                  0	                  0	     -25177774.2022
                  0	                  0	      8230113242.19	     -330948394.841	      3344285903.32	                  0
                  0	                  0	     -330948394.846	      13537563872.4	      1583591941.67	                  0
                  0	                  0	      3344285903.32	      1583591941.68	      23655324738.4	                  0
      163564875.984	     -25177774.2045	                  0	                  0	                  0	      7177824890.52

Compliance matrix w.r.t. to the cross section reference point 
F=
  7.66216820908e-10	  1.29886961462e-10	                  0	                  0	                  0	 -1.70045795996e-11
  1.29886961461e-10	  1.14193901973e-09	                  0	                  0	                 -0	   1.0457956501e-12
                  0	                  0	  1.29292612973e-10	  5.34081106681e-12	 -1.86363591796e-11	                 -0
                  0	                  0	  5.34081106685e-12	  7.46721821714e-11	  -5.7539461674e-12	                 -0
                  0	                  0	 -1.86363591796e-11	 -5.75394616741e-12	  4.52937014362e-11	                 -0
 -1.70045795993e-11	   1.0457956505e-12	                  0	                  0	                  0	  1.39709131674e-10

Mass matrix w.r.t. to the cross section reference point 
M=
      679.175223607	                  0	                  0	                  0	                  0	      25.0959504249
                  0	      679.175223607	                  0	                  0	                  0	     -357.096318826
                  0	                  0	      679.175223607	     -25.0959504249	      357.096318826	                  0
                 -0	                 -0	     -25.0959504249	       870.06676938	      29.9745774104	                  0
                 -0	                 -0	      357.096318826	      29.9745774104	      2308.25480995	                  0
      25.0959504249	     -357.096318826	                 -0	                  0	                  0	      3178.32157933

Shear center;
ShearX=  -0.00748552108205 
ShearY=    -0.121714159952 

Elastic center:
ElasticX=     -0.40634749546 
ElasticY=   -0.0402118883553 

Orientation of principle axis w.r.t. reference center:
alpha_p=     -8.69089744537o or     -0.151684775375rad 

Orientation of principle axis w.r.t. elastic center:
alpha_p=     -10.6954279797o or     -0.186670433155rad 

Mass center:
MassX=    -0.525779366523 
MassY=   -0.0369506271028 

Mass per unit length:
Mass=      679.175223607 

Mass moments of inertia:
Ixx=       870.06676938 
Iyy=      2308.25480995 
Ixy=     -29.9745774104 

Area center:
AreaX=    -0.560506715042 
AreaY=   -0.0481095969882 

Area per unit length:
Area=     0.975039788435 
Area moments:
Ixx=    -0.046908771269 
Iyy=    -0.546516348851 
Ixy=    0.0140011324671 

Stiffness matrix with respect to shear center:
      1334499886.34	     -151939103.356	                  0	                  0	                  0	   0.00257271528244
     -151939103.355	      893008489.642	                  0	                  0	                  0	   0.00222612544894
                  0	                  0	      8230113242.19	      670772924.745	      3282679217.13	                  0
                  0	                  0	       670772924.74	      13578925329.5	      1985617806.17	                  0
                  0	                  0	      3282679217.14	      1985617806.17	      23605718451.3	                  0
                  0	 -3.72529029846e-09	                  0	                  0	                  0	      7157728260.28

Stiffness matrix with respect to the elastic center:
      1334499886.34	     -151939103.356	                  0	                  0	                  0	      48162041.4359
     -151939103.355	      893008489.642	                  0	                  0	                  0	      343803747.249
                  0	                  0	      8230113242.19	   0.00471305847168	 -0.000932216644287	                  0
                  0	                  0	 -5.54323196411e-06	      13524255812.4	      1718071993.05	                  0
                  0	                  0	 -7.29560852051e-05	      1718071993.05	      22296382537.5	                  0
      48162041.4337	      343803747.247	                  0	                  0	                  0	      7298783817.49

Stiffness matrix rotated along principle axis:
      1369809519.35	      -79055814.158	                  0	                  0	                  0	      165491265.326
      -79055814.157	      857698856.635	                  0	                  0	                  0	     -173410.101638
                  0	                  0	      8230113242.19	     -832482644.516	      3255878942.74	                  0
                  0	                  0	     -832482644.521	      13295497722.6	  -0.00481843948364	                  0
                  0	                  0	      3255878942.74	  6.99572111332e-08	      23897390888.1	                  0
      165491265.324	     -173410.104342	                  0	                  0	                  0	      7177824890.52

Stiffness matrix at the elastic center rotated along principle axis:
      1374710080.14	     -60960452.9365	                  0	                  0	                  0	     -16480568.8504
     -60960452.9355	      852798295.845	                  0	                  0	                  0	      346769360.971
                  0	                  0	      8230113242.19	   0.00480418979128	  -4.1333748418e-05	                  0
                  0	                  0	  8.09285615727e-06	      13199764728.5	   -0.0029354095459	                  0
                  0	                  0	 -7.27174220409e-05	  5.03536255671e-07	      22620873621.4	                  0
     -16480568.8522	      346769360.968	                  0	                  0	                  0	      7298783817.49

Mass matrix with respect to mass center
      679.175223607	                  0	                  0	                  0	                  0	                  0
                  0	      679.175223607	                  0	                  0	                  0	                  0
                  0	                  0	      679.175223607	                  0	                  0	                  0
                  0	                  0	                  0	      869.139458274	      43.1695103271	                  0
                  0	                  0	                  0	      43.1695103271	      2120.50093365	                  0
                  0	                  0	                  0	                  0	                  0	      2989.64039192
