********************************
*                              *
*          BECAS 2.3           *
*              by              *
*     becas-dtuwind@dtu.dk     *
*                              *
*   A cross section analysis   *
*   program for anisotropic    *
*   beams with arbitrary       *
*   geometry.                  *
*                              *
*     (c)DTU Wind Energy       *
********************************


Output generated on the (yyyy.mm.dd) 2017. 8. 9 at (hh.mm.ss) 12.33.26  
The input folder: is C:\Users\wentingmann\Documents\MATLAB\SBref_BECAS_Project\BECAS_outputs_80_sec_TP\BL_002_BCS 

Stiffness matrix w.r.t. to the cross section reference point 
K=
      5642636831.34	      3348646.94478	                  0	                  0	                  0	     -105649.416917
      3348646.94479	      5623331883.63	                  0	                  0	                  0	     -2239022.11372
                  0	                  0	      35170736438.4	      609739.467048	      14808094.4863	                  0
                  0	                  0	      609739.466694	      66630501379.9	       201302303.06	                  0
                  0	                  0	      14808094.4843	      201302303.059	      66138814893.7	                  0
     -105649.416917	     -2239022.11372	                  0	                  0	                  0	      42450612492.7

Compliance matrix w.r.t. to the cross section reference point 
F=
  1.77222171714e-10	 -1.05534142578e-13	                  0	                  0	                 -0	  4.35497269456e-16
 -1.05534142578e-13	  1.77830580711e-10	                  0	                  0	                 -0	  9.37926285882e-15
                  0	                  0	  2.84327311757e-11	 -2.40959182276e-16	 -6.36518910704e-15	                 -0
                  0	                  0	 -2.40959182127e-16	  1.50082796145e-11	 -4.56796464841e-14	                 -0
                  0	                  0	  -6.3651891062e-15	 -4.56796464838e-14	   1.5119854979e-11	                 -0
  4.35497269458e-16	  9.37926285882e-15	                  0	                  0	                  0	  2.35567866357e-11

Mass matrix w.r.t. to the cross section reference point 
M=
      2592.18067436	                  0	                  0	                  0	                  0	   -0.0509250379169
                  0	      2592.18067436	                  0	                  0	                  0	     -1.08909609326
                  0	                  0	      2592.18067436	    0.0509250379169	      1.08909609326	                  0
                 -0	                 -0	    0.0509250379169	      4892.76657654	      3.18095216625	                  0
                 -0	                 -0	      1.08909609326	      3.18095216625	      4891.32005623	                  0
   -0.0509250379169	     -1.08909609326	                 -0	                  0	                  0	      9784.08663277

Shear center;
ShearX= -0.000398155444708 
ShearY=  1.84871254383e-05 

Elastic center:
ElasticX=  -0.00042103452995 
ElasticY=  1.73365567071e-05 

Orientation of principle axis w.r.t. reference center:
alpha_p=     -70.3442830733o or      -1.22773934958rad 

Orientation of principle axis w.r.t. elastic center:
alpha_p=     -70.3444787409o or      -1.22774276463rad 

Mass center:
MassX= -0.000420146675744 
MassY=  1.96456359777e-05 

Mass per unit length:
Mass=      2592.18067436 

Mass moments of inertia:
Ixx=      4892.76657654 
Iyy=      4891.32005623 
Ixy=     -3.18095216625 

Area center:
AreaX=  -0.00042019154388 
AreaY=  1.95327372113e-05 

Area per unit length:
Area=      1.38629933072 
Area moments:
Ixx=  2.70782205231e-05 
Iyy= -0.000582511256056 
Ixy=  -0.00200471418482 

Stiffness matrix with respect to shear center:
      5642636831.34	      3348646.94478	                  0	                  0	                  0	    3.861496225e-07
      3348646.94479	      5623331883.63	                  0	                  0	                  0	 -2.58911178719e-07
                  0	                  0	      35170736438.4	     -40466.3492461	      804674.278964	                  0
                  0	                  0	     -40466.3496001	      66630501369.4	      201302045.413	                  0
                  0	                  0	      804674.277004	      201302045.411	      66138808677.4	                  0
                  0	   4.4745007699e-10	                  0	                  0	                  0	      42450611599.3

Stiffness matrix with respect to the elastic center:
      5642636831.34	      3348646.94478	                  0	                  0	                  0	      -6415.6275205
      3348646.94479	      5623331883.63	                  0	                  0	                  0	      128652.836662
                  0	                  0	      35170736438.4	  0.000353939947672	   0.00195921584964	                  0
                  0	                  0	                  0	      66630501369.3	      201302046.339	                  0
                  0	                  0	 -1.11758708954e-08	      201302046.337	        66138808659	                  0
     -6415.62752089	      128652.836662	                  0	                  0	                  0	      42450611602.2

Stiffness matrix rotated along principle axis:
      5623394619.28	      3524288.44309	                  0	                  0	                  0	       2073019.0543
      3524288.44309	      5642574095.69	                  0	                  0	                  0	     -852627.600736
                  0	                  0	      35170736438.4	     -13740142.1156	      5555172.29043	                  0
                  0	                  0	     -13740142.1138	      66066913715.3	    0.0013427734375	                  0
                  0	                  0	      5555172.28944	 -4.56648247636e-07	      66702402558.3	                  0
       2073019.0543	     -852627.600737	                  0	                  0	                  0	      42450612492.7

Stiffness matrix at the elastic center rotated along principle axis:
      5623394595.21	      3524222.94425	                  0	                  0	                  0	      -123314.47454
      3524222.94425	      5642574119.77	                  0	                  0	                  0	      37232.4190277
                  0	                  0	      35170736438.4	  -0.00172600339901	  0.000992326810391	                  0
                  0	                  0	  1.05246746724e-08	      66066908347.4	   0.00133514404297	                  0
                  0	                  0	 -3.75916391117e-09	 -8.18398117068e-07	      66702401680.9	                  0
      -123314.47454	      37232.4190274	                  0	                  0	                  0	      42450611602.2

Mass matrix with respect to mass center
      2592.18067436	                  0	                  0	                  0	                  0	                  0
                  0	      2592.18067436	                  0	                  0	                  0	                  0
                  0	                  0	      2592.18067436	                  0	                  0	                  0
                  0	                  0	                  0	      4892.76657554	      3.18093077027	                  0
                  0	                  0	                  0	      3.18093077027	      4891.31959865	                  0
                  0	                  0	                  0	                  0	                  0	      9784.08617419
