********************************
*                              *
*          BECAS 2.3           *
*              by              *
*     becas-dtuwind@dtu.dk     *
*                              *
*   A cross section analysis   *
*   program for anisotropic    *
*   beams with arbitrary       *
*   geometry.                  *
*                              *
*     (c)DTU Wind Energy       *
********************************


Output generated on the (yyyy.mm.dd) 2017. 8. 9 at (hh.mm.ss) 10.24.29  
The input folder: is C:\Users\wentingmann\Documents\MATLAB\SBref_BECAS_Project\BECAS_outputs_80_sec_c2\BL_010_BCS 

Stiffness matrix w.r.t. to the cross section reference point 
K=
      1451955955.19	     -133084852.329	                  0	                  0	                  0	     -9856372.00413
     -133084852.329	       1085527272.8	                  0	                  0	                  0	      647752852.602
                  0	                  0	      8721682859.08	     -316365428.939	     -2084830053.65	                  0
                  0	                  0	     -316365428.934	      16391578279.3	      1813736149.15	                  0
                  0	                  0	     -2084830053.41	      1813736149.25	      22812930162.1	                  0
     -9856372.00416	      647752852.604	                  0	                  0	                  0	      9469746359.04

Compliance matrix w.r.t. to the cross section reference point 
F=
  6.96812062098e-10	  8.86127699801e-11	                  0	                  0	                  0	 -5.33606009229e-12
  8.86127699797e-11	  9.71681105253e-10	                  0	                  0	                  0	 -6.63730350837e-11
                  0	                  0	  1.17236619292e-10	  1.08677163076e-12	  1.06276269016e-11	                 -0
                  0	                  0	  1.08677163094e-12	  6.15584681866e-11	 -4.79487221069e-12	                 -0
                  0	                  0	  1.06276269004e-11	 -4.79487221099e-12	  4.51872434491e-11	                 -0
 -5.33606009228e-12	 -6.63730350839e-11	                  0	                  0	                  0	  1.10133966537e-10

Mass matrix w.r.t. to the cross section reference point 
M=
      748.967886073	                  0	                  0	                  0	                  0	      29.4219707256
                  0	      748.967886073	                  0	                  0	                  0	      117.623899313
                  0	                  0	      748.967886073	     -29.4219707256	     -117.623899313	                  0
                 -0	                 -0	     -29.4219707256	      1137.56969379	      42.7635869844	                  0
                 -0	                 -0	     -117.623899313	      42.7635869844	      2120.11138028	                  0
      29.4219707256	      117.623899313	                 -0	                  0	                  0	      3257.68107407

Shear center;
ShearX=     0.602657265247 
ShearY=   -0.0484506302649 

Elastic center:
ElasticX=     0.239039883368 
ElasticY=   -0.0362734387441 

Orientation of principle axis w.r.t. reference center:
alpha_p=     -14.7312236752o or      -0.25710835598rad 

Orientation of principle axis w.r.t. elastic center:
alpha_p=     -15.1802097629o or     -0.264944641505rad 

Mass center:
MassX=     0.157047987638 
MassY=   -0.0392833541634 

Mass per unit length:
Mass=      748.967886073 

Mass moments of inertia:
Ixx=      1137.56969379 
Iyy=      2120.11138028 
Ixy=     -42.7635869844 

Area center:
AreaX=     0.121097687939 
AreaY=   -0.0540104540925 

Area per unit length:
Area=      1.03788038184 
Area moments:
Ixx=   -0.0560563907169 
Iyy=     0.125684914599 
Ixy=  -0.00039764412739 

Stiffness matrix with respect to shear center:
      1451955955.19	     -133084852.329	                  0	                  0	                  0	  0.000341579318047
     -133084852.329	       1085527272.8	                  0	                  0	                  0	  -0.00148680619895
                  0	                  0	      8721682859.08	      106205602.554	      3171355486.55	                  0
                  0	                  0	      106205602.559	      16381395903.2	      1776730397.04	                  0
                  0	                  0	      3171355486.79	      1776730397.15	      23467732608.2	                  0
 -1.49011611938e-08	  7.72997736931e-08	                  0	                  0	                  0	      9079850943.77

Stiffness matrix with respect to the elastic center:
      1451955955.19	     -133084852.329	                  0	                  0	                  0	     -30711219.8251
     -133084852.329	       1085527272.8	                  0	                  0	                  0	      393095985.158
                  0	                  0	      8721682859.08	  -0.00492256879807	    -0.244616508484	                  0
                  0	                  0	 -0.000166594982147	      16380102617.3	       1738112193.9	                  0
                  0	                  0	  -0.00213956832886	      1738112194.01	      22314572629.2	                  0
     -30711219.8253	      393095985.159	                  0	                  0	                  0	      9222413500.31

Stiffness matrix rotated along principle axis:
      1493720541.27	     -25759561.7353	                  0	                  0	                  0	     -174246236.813
     -25759561.7348	      1043762686.72	                  0	                  0	                  0	      623954449.524
                  0	                  0	      8721682859.08	      224174779.821	     -2096747267.87	                  0
                  0	                  0	      224174779.764	      15914696923.5	    -0.102206230164	                  0
                  0	                  0	     -2096747267.64	 -1.56192235653e-06	      23289811517.8	                  0
     -174246236.813	      623954449.525	                  0	                  0	                  0	      9469746359.04

Stiffness matrix at the elastic center rotated along principle axis:
      1494096613.14	       -22230544.27	                  0	                  0	                  0	     -132574093.234
     -22230544.2695	      1043386614.85	                  0	                  0	                  0	      371337773.965
                  0	                  0	      8721682859.08	    0.0593034561212	    -0.237370107635	                  0
                  0	                  0	  0.000399476482432	      15908512594.3	    -0.109862804413	                  0
                  0	                  0	   -0.0021085362368	  7.52468395429e-08	      22786162652.1	                  0
     -132574093.235	      371337773.967	                  0	                  0	                  0	      9222413500.31

Mass matrix with respect to mass center
      748.967886073	                  0	                  0	                  0	                  0	                  0
                  0	      748.967886073	                  0	                  0	                  0	                  0
                  0	                  0	      748.967886073	                  0	                  0	                  0
                  0	                  0	                  0	      1136.41390009	      38.1429256896	                  0
                  0	                  0	                  0	      38.1429256896	       2101.6387836	                  0
                  0	                  0	                  0	                  0	                  0	      3238.05268369
