********************************
*                              *
*          BECAS 2.3           *
*              by              *
*     becas-dtuwind@dtu.dk     *
*                              *
*   A cross section analysis   *
*   program for anisotropic    *
*   beams with arbitrary       *
*   geometry.                  *
*                              *
*     (c)DTU Wind Energy       *
********************************


Output generated on the (yyyy.mm.dd) 2017. 8. 9 at (hh.mm.ss) 10.27.25  
The input folder: is C:\Users\wentingmann\Documents\MATLAB\SBref_BECAS_Project\BECAS_outputs_80_sec_c2\BL_016_BCS 

Stiffness matrix w.r.t. to the cross section reference point 
K=
      1133944101.41	     -93582551.6975	                  0	                  0	                  0	     -6625908.88416
      -93582551.698	      662965296.391	                  0	                  0	                  0	       570381141.62
                  0	                  0	      7952994490.42	     -225564259.846	     -3667413878.67	                  0
                  0	                  0	     -225564259.863	      9877643357.95	      1386425423.22	                  0
                  0	                  0	      -3667413878.7	      1386425423.25	      20309955382.7	                  0
     -6625908.88408	       570381141.62	                  0	                  0	                  0	      4840377658.65

Compliance matrix w.r.t. to the cross section reference point 
F=
  8.93272606032e-10	  1.39147140517e-10	                  0	                  0	                  0	 -1.51740560644e-11
  1.39147140518e-10	  1.70022427886e-09	                  0	                  0	                  0	 -2.00160805052e-10
                  0	                  0	  1.37161067069e-10	 -3.47503632535e-13	  2.47912011309e-11	                 -0
                  0	                  0	 -3.47503632261e-13	  1.02219000062e-10	 -7.04056002942e-12	                 -0
                  0	                  0	  2.47912011311e-11	 -7.04056002959e-12	  5.41941518717e-11	                 -0
 -1.51740560645e-11	 -2.00160805052e-10	                  0	                  0	                  0	  2.30161257064e-10

Mass matrix w.r.t. to the cross section reference point 
M=
      577.096513859	                  0	                  0	                  0	                  0	      9.27998954024
                  0	      577.096513859	                  0	                  0	                  0	      162.578101531
                  0	                  0	      577.096513859	     -9.27998954024	     -162.578101531	                  0
                 -0	                 -0	     -9.27998954024	      532.065844389	      39.2463921093	                  0
                 -0	                 -0	     -162.578101531	      39.2463921093	      1754.42135291	                  0
      9.27998954024	      162.578101531	                 -0	                  0	                  0	       2286.4871973

Shear center;
ShearX=     0.869654639556 
ShearY=   -0.0659279335629 

Elastic center:
ElasticX=     0.461136227758 
ElasticY=   -0.0283621798222 

Orientation of principle axis w.r.t. reference center:
alpha_p=      -7.4423757973o or     -0.129893961834rad 

Orientation of principle axis w.r.t. elastic center:
alpha_p=     -8.17069740387o or     -0.142605571882rad 

Mass center:
MassX=     0.281717351651 
MassY=   -0.0160804810242 

Mass per unit length:
Mass=      577.096513859 

Mass moments of inertia:
Ixx=      532.065844389 
Iyy=      1754.42135291 
Ixy=     -39.2463921093 

Area center:
AreaX=     0.228599487364 
AreaY=   -0.0129152986326 

Area per unit length:
Area=     0.825068930854 
Area moments:
Ixx=   -0.0106560116344 
Iyy=     0.188610334633 
Ixy=   -0.0249128073199 

Stiffness matrix with respect to shear center:
      1133944101.41	     -93582551.6975	                  0	                  0	                  0	 -0.000555828213692
      -93582551.698	      662965296.391	                  0	                  0	                  0	  0.000410716049373
                  0	                  0	      7952994490.42	      298760232.545	      3248944678.29	                  0
                  0	                  0	      298760232.528	      9882469017.17	      1404458627.02	                  0
                  0	                  0	      3248944678.26	      1404458627.05	        19946031701	                  0
                  0	  1.39698386192e-08	                  0	                  0	                  0	         4344779885

Stiffness matrix with respect to the elastic center:
      1133944101.41	     -93582551.6975	                  0	                  0	                  0	      4367269.47715
      -93582551.698	      662965296.391	                  0	                  0	                  0	      267318030.867
                  0	                  0	      7952994490.42	     0.017003595829	    0.0275406837463	                  0
                  0	                  0	 -4.98592853546e-05	      9871245863.85	      1282409571.31	                  0
                  0	                  0	 -0.000724315643311	      1282409571.35	        18618777981	                  0
      4367269.47748	      267318030.867	                  0	                  0	                  0	      4454148282.19

Stiffness matrix rotated along principle axis:
      1150081205.27	     -29950859.2271	                  0	                  0	                  0	      -80450987.834
     -29950859.2276	       646828192.53	                  0	                  0	                  0	      564717794.957
                  0	                  0	      7952994490.42	      251372422.704	     -3665735355.68	                  0
                  0	                  0	      251372422.691	      9696535341.24	   -0.0243470668793	                  0
                  0	                  0	     -3665735355.71	 -3.31800548028e-07	      20491063399.4	                  0
     -80450987.8339	      564717794.957	                  0	                  0	                  0	      4840377658.65

Stiffness matrix at the elastic center rotated along principle axis:
      1150761256.76	     -23544713.5748	                  0	                  0	                  0	     -33669027.3262
     -23544713.5753	       646148141.04	                  0	                  0	                  0	      265225185.962
                  0	                  0	      7952994490.42	     0.012916836303	    0.0296777167628	                  0
                  0	                  0	   5.3588541166e-05	      9687117250.12	   -0.0314090251923	                  0
                  0	                  0	 -0.000724049285433	  9.42648841005e-08	      18802906594.7	                  0
     -33669027.3258	      265225185.961	                  0	                  0	                  0	      4454148282.19

Mass matrix with respect to mass center
      577.096513859	                  0	                  0	                  0	                  0	                  0
                  0	      577.096513859	                  0	                  0	                  0	                  0
                  0	                  0	      577.096513859	                  0	                  0	                  0
                  0	                  0	                  0	      531.916617693	      36.6320580327	                  0
                  0	                  0	                  0	      36.6320580327	      1708.62028071	                  0
                  0	                  0	                  0	                  0	                  0	       2240.5368984
