********************************
*                              *
*          BECAS 2.3           *
*              by              *
*     becas-dtuwind@dtu.dk     *
*                              *
*   A cross section analysis   *
*   program for anisotropic    *
*   beams with arbitrary       *
*   geometry.                  *
*                              *
*     (c)DTU Wind Energy       *
********************************


Output generated on the (yyyy.mm.dd) 2017. 8. 9 at (hh.mm.ss) 10.37.48  
The input folder: is C:\Users\wentingmann\Documents\MATLAB\SBref_BECAS_Project\BECAS_outputs_80_sec_c2\BL_047_BCS 

Stiffness matrix w.r.t. to the cross section reference point 
K=
      444031838.359	      8188267.63788	                  0	                  0	                  0	     -39247392.9586
      8188267.63742	      113409756.857	                  0	                  0	                  0	      61654784.2917
                  0	                  0	      5958622163.38	      36703688.0506	     -1844268741.99	                  0
                  0	                  0	      36703688.0495	      687681552.996	      50606253.5601	                  0
                  0	                  0	        -1844268742	      50606253.5591	      3148895739.31	                  0
     -39247392.9589	      61654784.2914	                  0	                  0	                  0	      168048571.447

Compliance matrix w.r.t. to the cross section reference point 
F=
  2.32966593926e-09	 -5.79600404431e-10	                 -0	                  0	                 -0	  7.56736289967e-10
 -5.79600404424e-10	  1.11586966808e-08	                  0	                  0	                  0	 -4.22934176436e-09
                  0	                  0	  2.05252444968e-10	 -1.98248948046e-11	   1.2053239089e-10	                 -0
                  0	                  0	 -1.98248948045e-11	  1.45779811408e-09	 -3.50396278366e-11	                 -0
                  0	                  0	  1.20532390891e-10	 -3.50396278363e-11	  3.88729080461e-10	                 -0
  7.56736289968e-10	 -4.22934176434e-09	                  0	                  0	                  0	  7.67908390773e-09

Mass matrix w.r.t. to the cross section reference point 
M=
      221.996570014	                  0	                  0	                  0	                  0	     -6.24495714721
                  0	      221.996570014	                  0	                  0	                  0	      23.0775606288
                  0	                  0	      221.996570014	      6.24495714721	     -23.0775606288	                  0
                 -0	                 -0	      6.24495714721	      18.6383524713	         3.14654773	                  0
                 -0	                 -0	     -23.0775606288	         3.14654773	      151.789769035	                  0
     -6.24495714721	      23.0775606288	                 -0	                  0	                  0	      170.428121507

Shear center;
ShearX=       0.5507612386 
ShearY=    0.0985451258328 

Elastic center:
ElasticX=     0.309512617419 
ElasticY=   0.00615976093853 

Orientation of principle axis w.r.t. reference center:
alpha_p=     -1.17742371037o or     -0.020549920437rad 

Orientation of principle axis w.r.t. elastic center:
alpha_p=     -1.87523398388o or     -0.032729007264rad 

Mass center:
MassX=     0.103954581944 
MassY=     0.028130872233 

Mass per unit length:
Mass=      221.996570014 

Mass moments of inertia:
Ixx=      18.6383524713 
Iyy=      151.789769035 
Ixy=        -3.14654773 

Area center:
AreaX=      0.13731756419 
AreaY=    0.0382027733991 

Area per unit length:
Area=     0.263158119299 
Area moments:
Ixx=    0.0100533699997 
Iyy=     0.036136231939 
Ixy=   -0.0029378723171 

Stiffness matrix with respect to shear center:
      444031838.359	      8188267.63788	                  0	                  0	                  0	  5.31896948814e-05
      8188267.63742	      113409756.857	                  0	                  0	                  0	  0.000323364976794
                  0	                  0	      5958622163.38	      -550489482.83	      1437509381.07	                  0
                  0	                  0	     -550489482.831	      738312638.794	     -70838320.5916	                  0
                  0	                  0	      1437509381.06	     -70838320.5911	      2924868449.87	                  0
                  0	  1.33877620101e-08	                  0	                  0	                  0	      130223866.807

Stiffness matrix with respect to the elastic center:
      444031838.359	      8188267.63788	                  0	                  0	                  0	     -39046635.1339
      8188267.63742	      113409756.857	                  0	                  0	                  0	      26603471.3772
                  0	                  0	      5958622163.38	   0.00115086883307	   0.00901293754578	                  0
                  0	                  0	 -8.27014446259e-07	      687455467.052	      61966508.1172	                  0
                  0	                  0	 -3.40938568115e-05	      61966508.1165	      2578071293.75	                  0
     -39046635.1341	      26603471.3768	                  0	                  0	                  0	       140249255.23

Stiffness matrix rotated along principle axis:
      443555794.803	      14973697.6378	                  0	                  0	                  0	     -40506017.9164
      14973697.6373	      113885800.414	                  0	                  0	                  0	      60835292.3283
                  0	                  0	      5958622163.38	      74592846.8288	     -1843125134.28	                  0
                  0	                  0	      74592846.8278	      686641452.096	   0.00104881636798	                  0
                  0	                  0	     -1843125134.28	  1.81102187399e-09	      3149935840.21	                  0
     -40506017.9167	      60835292.3279	                  0	                  0	                  0	      168048571.447

Stiffness matrix at the elastic center rotated along principle axis:
      443142201.358	       18983938.215	                  0	                  0	                  0	     -39896273.6269
      18983938.2146	      114299393.859	                  0	                  0	                  0	      25311494.5288
                  0	                  0	      5958622163.38	  0.000855320652438	   0.00904577077183	                  0
                  0	                  0	  2.89087340438e-07	      685426640.288	  0.000636622309685	                  0
                  0	                  0	 -3.41026605075e-05	 -6.26737585062e-09	      2580100120.52	                  0
     -39896273.6271	      25311494.5284	                  0	                  0	                  0	       140249255.23

Mass matrix with respect to mass center
      221.996570014	                  0	                  0	                  0	                  0	                  0
                  0	      221.996570014	                  0	                  0	                  0	                  0
                  0	                  0	      221.996570014	                  0	                  0	                  0
                  0	                  0	                  0	      18.4626763797	       3.7957396395	                  0
                  0	                  0	                  0	       3.7957396395	      149.390750868	                  0
                  0	                  0	                  0	                  0	                  0	      167.853427248
