********************************
*                              *
*          BECAS 2.3           *
*              by              *
*     becas-dtuwind@dtu.dk     *
*                              *
*   A cross section analysis   *
*   program for anisotropic    *
*   beams with arbitrary       *
*   geometry.                  *
*                              *
*     (c)DTU Wind Energy       *
********************************


Output generated on the (yyyy.mm.dd) 2017. 8. 9 at (hh.mm.ss) 12.50.52  
The input folder: is C:\Users\wentingmann\Documents\MATLAB\SBref_BECAS_Project\BECAS_outputs_80_sec_TP\BL_049_BCS 

Stiffness matrix w.r.t. to the cross section reference point 
K=
      426865729.007	      7534632.13661	                  0	                  0	                  0	     -41397744.5476
      7534632.13655	      104182967.124	                  0	                  0	                  0	      1798484.78592
                  0	                  0	      5576416633.03	       45575908.411	      1265600240.33	                  0
                  0	                  0	      45575908.4102	      566186687.241	      65932781.0855	                  0
                  0	                  0	      1265600240.33	      65932781.0859	      2559452559.69	                  0
     -41397744.5476	      1798484.78591	                  0	                  0	                  0	      112002791.804

Compliance matrix w.r.t. to the cross section reference point 
F=
  2.43356916071e-09	 -1.91579129967e-10	                  0	                  0	                 -0	  9.02556311106e-10
 -1.91579129966e-10	  9.61624117751e-09	                  0	                  0	                  0	 -2.25223022856e-10
                  0	                  0	   2.0200782013e-10	 -4.64266658411e-12	 -9.97693982721e-11	                 -0
                  0	                  0	 -4.64266658391e-12	  1.77162283572e-09	 -4.33421827761e-11	                 -0
                  0	                  0	  -9.9769398272e-11	 -4.33421827763e-11	  4.41159122408e-10	                 -0
  9.02556311107e-10	 -2.25223022855e-10	                  0	                  0	                  0	   9.2655623942e-09

Mass matrix w.r.t. to the cross section reference point 
M=
      210.013627824	                  0	                  0	                  0	                  0	     -5.92505559045
                  0	      210.013627824	                  0	                  0	                  0	      -89.157664907
                  0	                  0	      210.013627824	      5.92505559045	       89.157664907	                  0
                 -0	                 -0	      5.92505559045	      15.4761006315	       5.9539919613	                  0
                 -0	                 -0	       89.157664907	       5.9539919613	      170.017061519	                  0
     -5.92505559045	      -89.157664907	                 -0	                  0	                  0	      185.493162151

Shear center;
ShearX=    0.0243075393887 
ShearY=     0.097409771011 

Elastic center:
ElasticX=    -0.226955825509 
ElasticY=   0.00817297404578 

Orientation of principle axis w.r.t. reference center:
alpha_p=     -1.89245875681o or    -0.0330296362645rad 

Orientation of principle axis w.r.t. elastic center:
alpha_p=     -1.86387585033o or    -0.0325307704367rad 

Mass center:
MassX=    -0.424532759283 
MassY=    0.0282127195832 

Mass per unit length:
Mass=      210.013627824 

Mass moments of inertia:
Ixx=      15.4761006315 
Iyy=      170.017061519 
Ixy=      -5.9539919613 

Area center:
AreaX=    -0.388567634577 
AreaY=    0.0362257052532 

Area per unit length:
Area=     0.247385507098 
Area moments:
Ixx=   0.00896171446406 
Iyy=   -0.0961260013219 
Ixy=  -0.00756514637212 

Stiffness matrix with respect to shear center:
      426865729.007	      7534632.13661	                  0	                  0	                  0	  5.47990202904e-05
      7534632.13655	      104182967.124	                  0	                  0	                  0	  1.02119520307e-05
                  0	                  0	      5576416633.03	     -497621558.874	      1401149207.29	                  0
                  0	                  0	     -497621558.875	       610220350.54	     -69445004.1597	                  0
                  0	                  0	      1401149207.29	     -69445004.1592	      2624274676.93	                  0
                  0	                  0	                  0	                  0	                  0	      107926530.248

Stiffness matrix with respect to the elastic center:
      426865729.007	      7534632.13661	                  0	                  0	                  0	     -36198953.3669
      7534632.13655	      104182967.124	                  0	                  0	                  0	      25504996.4463
                  0	                  0	      5576416633.03	  0.000749133527279	  0.000460863113403	                  0
                  0	                  0	  4.09781932831e-07	      565814196.525	      55589063.1689	                  0
                  0	                  0	  1.69277191162e-05	      55589063.1692	      2272217212.38	                  0
     -36198953.3669	      25504996.4463	                  0	                  0	                  0	      117565280.128

Stiffness matrix rotated along principle axis:
      426016453.636	       18168542.461	                  0	                  0	                  0	     -41434557.5213
      18168542.4609	      105032242.495	                  0	                  0	                  0	      430400.002728
                  0	                  0	      5576416633.03	      3756334.74069	      1266415027.43	                  0
                  0	                  0	      3756334.73995	       564008159.18	 -0.000378891825676	                  0
                  0	                  0	      1266415027.43	 -1.36435065858e-08	      2561631087.75	                  0
     -41434557.5214	       430400.00271	                  0	                  0	                  0	      112002791.804

Stiffness matrix at the elastic center rotated along principle axis:
      426034501.081	      18008405.3902	                  0	                  0	                  0	     -37009352.1203
      18008405.3902	       105014195.05	                  0	                  0	                  0	      24314130.1349
                  0	                  0	      5576416633.03	  0.000733747588545	  0.000484984873262	                  0
                  0	                  0	 -1.41009499026e-07	      564005203.304	 -0.000212587416172	                  0
                  0	                  0	   1.6932091189e-05	 -1.43399491131e-08	       2274026205.6	                  0
     -37009352.1204	      24314130.1349	                  0	                  0	                  0	      117565280.128

Mass matrix with respect to mass center
      210.013627824	                  0	                  0	                  0	                  0	                  0
                  0	      210.013627824	                  0	                  0	                  0	                  0
                  0	                  0	      210.013627824	                  0	                  0	                  0
                  0	                  0	                  0	      15.3089386996	      3.43861176258	                  0
                  0	                  0	                  0	      3.43861176258	      132.166712025	                  0
                  0	                  0	                  0	                  0	                  0	      147.475650725
