********************************
*                              *
*          BECAS 2.3           *
*              by              *
*     becas-dtuwind@dtu.dk     *
*                              *
*   A cross section analysis   *
*   program for anisotropic    *
*   beams with arbitrary       *
*   geometry.                  *
*                              *
*     (c)DTU Wind Energy       *
********************************


Output generated on the (yyyy.mm.dd) 2017. 8. 9 at (hh.mm.ss) 10.38.18  
The input folder: is C:\Users\wentingmann\Documents\MATLAB\SBref_BECAS_Project\BECAS_outputs_80_sec_c2\BL_049_BCS 

Stiffness matrix w.r.t. to the cross section reference point 
K=
       426865729.01	      7534632.13675	                  0	                  0	                  0	     -37481398.6679
      7534632.13681	      104182967.127	                  0	                  0	                  0	      55950635.3836
                  0	                  0	      5576416633.02	      45575908.4307	     -1632905740.47	                  0
                  0	                  0	      45575908.4292	       566186687.26	      42243366.9417	                  0
                  0	                  0	     -1632905740.47	      42243366.9411	      2750370358.52	                  0
     -37481398.6679	      55950635.3837	                  0	                  0	                  0	      142019589.546

Compliance matrix w.r.t. to the cross section reference point 
F=
   2.4335691607e-09	 -6.60709225124e-10	                 -0	                  0	                 -0	  9.02556311118e-10
 -6.60709225125e-10	  1.23536556086e-08	                  0	                  0	                  0	 -5.04127063575e-09
                  0	                  0	   2.1747987613e-10	 -2.71710363802e-11	  1.29535985263e-10	                 -0
                  0	                  0	 -2.71710363798e-11	  1.77162283566e-09	  -4.3342182786e-11	                 -0
                  0	                  0	  1.29535985263e-10	 -4.33421827859e-11	   4.4115912241e-10	                 -0
  9.02556311118e-10	 -5.04127063575e-09	                  0	                  0	                  0	  9.26556239411e-09

Mass matrix w.r.t. to the cross section reference point 
M=
      210.013627824	                  0	                  0	                  0	                  0	     -5.92505559045
                  0	      210.013627824	                  0	                  0	                  0	       20.003073315
                  0	                  0	      210.013627824	      5.92505559045	      -20.003073315	                  0
                 -0	                 -0	      5.92505559045	      15.4761006315	      2.87427066434	                  0
                 -0	                 -0	      -20.003073315	      2.87427066434	       134.07193573	                  0
     -5.92505559045	       20.003073315	                 -0	                  0	                  0	      149.548036361

Shear center;
ShearX=     0.544086847762 
ShearY=    0.0974097710132 

Elastic center:
ElasticX=      0.29282348288 
ElasticY=    0.0081729740492 

Orientation of principle axis w.r.t. reference center:
alpha_p=     -1.10758111132o or    -0.0193309371254rad 

Orientation of principle axis w.r.t. elastic center:
alpha_p=     -1.86387585083o or    -0.0325307704453rad 

Mass center:
MassX=    0.0952465491041 
MassY=    0.0282127195832 

Mass per unit length:
Mass=      210.013627824 

Mass moments of inertia:
Ixx=      15.4761006315 
Iyy=       134.07193573 
Ixy=     -2.87427066434 

Area center:
AreaX=      0.13121167381 
AreaY=    0.0362257052532 

Area per unit length:
Area=     0.247385507098 
Area moments:
Ixx=   0.00896171446406 
Iyy=    0.0324598664627 
Ixy=  -0.00290703262603 

Stiffness matrix with respect to shear center:
       426865729.01	      7534632.13675	                  0	                  0	                  0	  -1.4491379261e-05
      7534632.13681	      104182967.127	                  0	                  0	                  0	 -3.38522950187e-05
                  0	                  0	      5576416633.02	     -497621558.866	       1401149207.2	                  0
                  0	                  0	     -497621558.867	      610220350.557	     -69445004.1361	                  0
                  0	                  0	       1401149207.2	     -69445004.1356	      2624274676.88	                  0
 -7.45058059692e-09	   1.2805685401e-09	                  0	                  0	                  0	      107926530.249

Stiffness matrix with respect to the elastic center:
       426865729.01	      7534632.13675	                  0	                  0	                  0	     -36198953.3667
      7534632.13681	      104182967.127	                  0	                  0	                  0	      25504996.4456
                  0	                  0	      5576416633.02	    0.0015003234148	   0.00355291366577	                  0
                  0	                  0	  -2.9057264328e-07	      565814196.544	      55589063.1833	                  0
                  0	                  0	 -1.21593475342e-05	      55589063.1832	      2272217212.38	                  0
     -36198953.3667	      25504996.4457	                  0	                  0	                  0	      117565280.129

Stiffness matrix rotated along principle axis:
      426453931.844	      13765208.0035	                  0	                  0	                  0	     -38555906.6197
      13765208.0036	      104594764.293	                  0	                  0	                  0	      55215676.3127
                  0	                  0	      5576416633.02	      77131025.4811	     -1631719683.52	                  0
                  0	                  0	      77131025.4797	      565369981.657	  0.000619845464826	                  0
                  0	                  0	     -1631719683.52	 -1.41627614054e-08	      2751187064.12	                  0
     -38555906.6196	      55215676.3127	                  0	                  0	                  0	      142019589.546

Stiffness matrix at the elastic center rotated along principle axis:
      426034501.083	      18008405.3931	                  0	                  0	                  0	     -37009352.1204
      18008405.3932	      105014195.054	                  0	                  0	                  0	      24314130.1339
                  0	                  0	      5576416633.02	   0.00138397099073	   0.00359983196306	                  0
                  0	                  0	  1.05064273933e-07	      564005203.322	  0.000151302665472	                  0
                  0	                  0	 -1.21623651654e-05	  1.13554074546e-08	       2274026205.6	                  0
     -37009352.1203	      24314130.1339	                  0	                  0	                  0	      117565280.129

Mass matrix with respect to mass center
      210.013627824	                  0	                  0	                  0	                  0	                  0
                  0	      210.013627824	                  0	                  0	                  0	                  0
                  0	                  0	      210.013627824	                  0	                  0	                  0
                  0	                  0	                  0	      15.3089386996	      3.43861176258	                  0
                  0	                  0	                  0	      3.43861176258	      132.166712025	                  0
                  0	                  0	                  0	                  0	                  0	      147.475650725
