********************************
*                              *
*          BECAS 2.3           *
*              by              *
*     becas-dtuwind@dtu.dk     *
*                              *
*   A cross section analysis   *
*   program for anisotropic    *
*   beams with arbitrary       *
*   geometry.                  *
*                              *
*     (c)DTU Wind Energy       *
********************************


Output generated on the (yyyy.mm.dd) 2017. 8. 9 at (hh.mm.ss) 12.34.25  
The input folder: is C:\Users\wentingmann\Documents\MATLAB\SBref_BECAS_Project\BECAS_outputs_80_sec_TP\BL_005_BCS 

Stiffness matrix w.r.t. to the cross section reference point 
K=
      1691390729.73	     -125447586.703	                  0	                  0	                  0	      12328167.4167
     -125447586.703	      1820112008.78	                  0	                  0	                  0	     -8810688.79808
                  0	                  0	      10150275572.5	     -27419800.9785	      760530848.749	                  0
                  0	                  0	     -27419800.9759	      20802029364.3	      972975748.803	                  0
                  0	                  0	      760530848.749	      972975748.773	      19787624986.6	                  0
      12328167.4167	     -8810688.79813	                  0	                  0	                  0	      13067308444.8

Compliance matrix w.r.t. to the cross section reference point 
F=
  5.94270992782e-10	  4.09563615144e-11	                  0	                  0	                  0	 -5.33041564277e-13
  4.09563615144e-11	  5.52241187403e-10	                  0	                  0	                 -0	  3.33711290323e-13
                  0	                  0	  9.88060045414e-11	  3.08573421275e-13	 -3.81274907938e-12	                 -0
                  0	                  0	  3.08573421268e-13	  4.81840116584e-11	  -2.3811121578e-12	                 -0
                  0	                  0	 -3.81274907938e-12	 -2.38111215773e-12	  5.08002591699e-11	                 -0
 -5.33041564276e-13	  3.33711290325e-13	                  0	                  0	                  0	  7.65275814737e-11

Mass matrix w.r.t. to the cross section reference point 
M=
      903.748327405	                  0	                  0	                  0	                  0	      8.61204403677
                  0	      903.748327405	                  0	                  0	                  0	     -67.6369746101
                  0	                  0	      903.748327405	     -8.61204403677	      67.6369746101	                  0
                 -0	                 -0	     -8.61204403677	       1642.2225889	      15.2301024155	                  0
                 -0	                 -0	      67.6369746101	      15.2301024155	      1772.11001708	                  0
      8.61204403677	     -67.6369746101	                 -0	                  0	                  0	      3414.33260598

Shear center;
ShearX=  -0.00436066688505 
ShearY=  -0.00696535228228 

Elastic center:
ElasticX=   -0.0749271133887 
ElasticY=  -0.00270138488162 

Orientation of principle axis w.r.t. reference center:
alpha_p=     -58.7662824712o or      -1.02566511828rad 

Orientation of principle axis w.r.t. elastic center:
alpha_p=     -59.3916490955o or      -1.03657982491rad 

Mass center:
MassX=   -0.0748404976907 
MassY=  -0.00952925031851 

Mass per unit length:
Mass=      903.748327405 

Mass moments of inertia:
Ixx=       1642.2225889 
Iyy=      1772.11001708 
Ixy=     -15.2301024155 

Area center:
AreaX=   -0.0636829776624 
AreaY=   -0.0328791534878 

Area per unit length:
Area=      1.05215603085 
Area moments:
Ixx=   -0.0345939996315 
Iyy=   -0.0670044290101 
Ixy=     0.043957007761 

Stiffness matrix with respect to shear center:
      1691390729.73	     -125447586.703	                  0	                  0	                  0	  2.91261821985e-05
     -125447586.703	      1820112008.78	                  0	                  0	                  0	  4.81476308778e-05
                  0	                  0	      10150275572.5	      43280444.1464	      716268878.186	                  0
                  0	                  0	       43280444.149	      20802139839.2	      978084382.486	                  0
                  0	                  0	      716268878.186	      978084382.457	        19781185155	                  0
                  0	  3.49245965481e-10	                  0	                  0	                  0	      13067184154.3

Stiffness matrix with respect to the elastic center:
      1691390729.73	     -125447586.703	                  0	                  0	                  0	     -1640355.48268
     -125447586.703	      1820112008.78	                  0	                  0	                  0	      127903932.278
                  0	                  0	      10150275572.5	  -0.00258345156908	  0.000264167785645	                  0
                  0	                  0	  1.88872218132e-06	      20801955292.8	      975030235.339	                  0
                  0	                  0	  3.82661819458e-05	       975030235.31	      19730640605.5	                  0
     -1640355.48271	      127903932.278	                  0	                  0	                  0	      13076202885.9

Stiffness matrix rotated along principle axis:
       1896742675.4	      916799.434906	                  0	                  0	                  0	       13926189.243
      916799.434931	      1614760063.11	                  0	                  0	                  0	      5972704.75741
                  0	                  0	      10150275572.5	     -664516943.923	      370912723.728	                  0
                  0	                  0	     -664516943.922	      19197587061.3	    0.0292453765869	                  0
                  0	                  0	       370912723.73	  2.02113131922e-07	      21392067289.6	                  0
       13926189.243	      5972704.75736	                  0	                  0	                  0	      13067308444.8

Stiffness matrix at the elastic center rotated along principle axis:
      1896689072.31	      3994094.06093	                  0	                  0	                  0	     -110918013.819
      3994094.06095	       1614813666.2	                  0	                  0	                  0	      63712642.9275
                  0	                  0	      10150275572.5	  -0.00154276864757	  -0.00208898815909	                  0
                  0	                  0	 -3.19727968237e-05	      19153817500.1	    0.0290536880493	                  0
                  0	                  0	  2.11094342761e-05	 -1.62553873999e-06	      21378778398.3	                  0
     -110918013.819	      63712642.9274	                  0	                  0	                  0	      13076202885.9

Mass matrix with respect to mass center
      903.748327405	                  0	                  0	                  0	                  0	                  0
                  0	      903.748327405	                  0	                  0	                  0	                  0
                  0	                  0	      903.748327405	                  0	                  0	                  0
                  0	                  0	                  0	      1642.14052258	      15.8746320773	                  0
                  0	                  0	                  0	      15.8746320773	      1767.04803224	                  0
                  0	                  0	                  0	                  0	                  0	      3409.18855481
