********************************
*                              *
*          BECAS 2.3           *
*              by              *
*     becas-dtuwind@dtu.dk     *
*                              *
*   A cross section analysis   *
*   program for anisotropic    *
*   beams with arbitrary       *
*   geometry.                  *
*                              *
*     (c)DTU Wind Energy       *
********************************


Output generated on the (yyyy.mm.dd) 2017. 8. 9 at (hh.mm.ss) 10.30. 3  
The input folder: is C:\Users\wentingmann\Documents\MATLAB\SBref_BECAS_Project\BECAS_outputs_80_sec_c2\BL_022_BCS 

Stiffness matrix w.r.t. to the cross section reference point 
K=
        890531587.5	     -38232312.0259	                  0	                  0	                  0	      9851893.14806
     -38232312.0261	      396689005.384	                  0	                  0	                  0	      311047421.939
                  0	                  0	      7655180842.61	     -155633084.529	     -3590617548.55	                  0
                  0	                  0	     -155633084.527	      5613313029.95	       693017217.69	                  0
                  0	                  0	     -3590617548.53	      693017217.698	      13332478930.1	                  0
      9851893.14696	       311047421.94	                  0	                  0	                  0	      2198897431.81

Compliance matrix w.r.t. to the cross section reference point 
F=
  1.12862316277e-09	  1.26804850826e-10	                  0	                  0	                  0	 -2.29939768956e-11
  1.26804850826e-10	  2.84960251965e-09	                  0	                  0	                  0	 -4.03661749878e-10
                  0	                  0	  1.49521387406e-10	 -8.31235036207e-13	  4.03113464881e-11	                 -0
                  0	                  0	 -8.31235036181e-13	  1.79303161053e-10	 -9.54397344794e-12	                 -0
                  0	                  0	  4.03113464879e-11	 -9.54397344805e-12	  8.63572912484e-11	                 -0
 -2.29939768951e-11	  -4.0366174988e-10	                  0	                  0	                  0	  5.11976804626e-10

Mass matrix w.r.t. to the cross section reference point 
M=
      441.118641885	                  0	                  0	                  0	                  0	     0.430229682678
                  0	      441.118641885	                  0	                  0	                  0	      101.407663855
                  0	                  0	      441.118641885	    -0.430229682678	     -101.407663855	                  0
                 -0	                 -0	    -0.430229682678	      236.026708596	      21.3582464074	                  0
                 -0	                 -0	     -101.407663855	      21.3582464074	      975.142965441	                  0
     0.430229682678	      101.407663855	                 -0	                  0	                  0	      1211.16967404

Shear center;
ShearX=     0.788437574189 
ShearY=   -0.0449121457991 

Elastic center:
ElasticX=     0.469044118272 
ElasticY=   -0.0203304255937 

Orientation of principle axis w.r.t. reference center:
alpha_p=     -5.08970815195o or    -0.0888321652171rad 

Orientation of principle axis w.r.t. elastic center:
alpha_p=        -5.80263216o or     -0.101275036474rad 

Mass center:
MassX=     0.229887504689 
MassY= -0.000975315123478 

Mass per unit length:
Mass=      441.118641885 

Mass moments of inertia:
Ixx=      236.026708596 
Iyy=      975.142965441 
Ixy=     -21.3582464074 

Area center:
AreaX=     0.178883147734 
AreaY=     0.020954832583 

Area per unit length:
Area=     0.609443169727 
Area moments:
Ixx=    0.0127707795905 
Iyy=     0.109019112566 
Ixy=   -0.0139937345141 

Stiffness matrix with respect to shear center:
        890531587.5	     -38232312.0259	                  0	                  0	                  0	  0.000948518514633
     -38232312.0261	      396689005.384	                  0	                  0	                  0	  -0.00147781101987
                  0	                  0	      7655180842.61	      188177513.592	      2445014664.97	                  0
                  0	                  0	      188177513.594	       5614774670.1	      680121101.176	                  0
                  0	                  0	      2445014664.99	      680121101.183	      12429242571.6	                  0
  7.45058059692e-09	  2.44472175837e-08	                  0	                  0	                  0	      1953213487.34

Stiffness matrix with respect to the elastic center:
        890531587.5	     -38232312.0259	                  0	                  0	                  0	      9679648.05322
     -38232312.0261	      396689005.384	                  0	                  0	                  0	      125760056.355
                  0	                  0	      7655180842.61	  -0.00208750367165	   -0.0181584358215	                  0
                  0	                  0	 -1.06692314148e-05	      5610148943.11	      620018434.784	                  0
                  0	                  0	 -0.000200748443604	      620018434.791	        11648320888	                  0
      9679648.05221	      125760056.357	                  0	                  0	                  0	      1993618368.75

Stiffness matrix rotated along principle axis:
      893401680.241	      6008181.14635	                  0	                  0	                  0	      -17781642.911
      6008181.14616	      393818912.643	                  0	                  0	                  0	      310694981.724
                  0	                  0	      7655180842.61	      163523574.056	     -3590266853.27	                  0
                  0	                  0	      163523574.057	      5551588364.89	  -0.00779497623444	                  0
                  0	                  0	     -3590266853.25	  6.59001226088e-08	      13394203595.2	                  0
     -17781642.9123	      310694981.726	                  0	                  0	                  0	      2198897431.81

Stiffness matrix at the elastic center rotated along principle axis:
      893174833.691	      12221923.2677	                  0	                  0	                  0	     -3084543.27002
      12221923.2675	      394045759.193	                  0	                  0	                  0	      126094301.829
                  0	                  0	      7655180842.61	 -0.000240953228776	   -0.0182764439814	                  0
                  0	                  0	  9.68150652819e-06	      5547140989.58	  -0.00718605518341	                  0
                  0	                  0	 -0.000200798502334	  -6.4449393314e-08	      11711328841.5	                  0
     -3084543.27117	       126094301.83	                  0	                  0	                  0	      1993618368.75

Mass matrix with respect to mass center
      441.118641885	                  0	                  0	                  0	                  0	                  0
                  0	      441.118641885	                  0	                  0	                  0	                  0
                  0	                  0	      441.118641885	                  0	                  0	                  0
                  0	                  0	                  0	      236.026288986	      21.2593419792	                  0
                  0	                  0	                  0	      21.2593419792	      951.830610641	                  0
                  0	                  0	                  0	                  0	                  0	      1187.85689963
