********************************
*                              *
*          BECAS 2.3           *
*              by              *
*     becas-dtuwind@dtu.dk     *
*                              *
*   A cross section analysis   *
*   program for anisotropic    *
*   beams with arbitrary       *
*   geometry.                  *
*                              *
*     (c)DTU Wind Energy       *
********************************


Output generated on the (yyyy.mm.dd) 2017. 8. 9 at (hh.mm.ss) 10.38.33  
The input folder: is C:\Users\wentingmann\Documents\MATLAB\SBref_BECAS_Project\BECAS_outputs_80_sec_c2\BL_050_BCS 

Stiffness matrix w.r.t. to the cross section reference point 
K=
      414352583.339	      7487843.08085	                  0	                  0	                  0	     -36712804.8462
      7487843.08082	       99539567.886	                  0	                  0	                  0	      52235472.8311
                  0	                  0	      5367985431.93	      48934466.5855	     -1525233096.58	                  0
                  0	                  0	      48934466.5855	      509550244.611	      38195065.5425	                  0
                  0	                  0	     -1525233096.58	      38195065.5422	      2551513592.39	                  0
     -36712804.8462	      52235472.8312	                  0	                  0	                  0	      128944534.794

Compliance matrix w.r.t. to the cross section reference point 
F=
  2.51559164969e-09	 -7.17656402855e-10	                 -0	                  0	                 -0	  1.00695657283e-09
 -7.17656402853e-10	  1.29632612836e-08	                  0	                  0	                  0	 -5.45575090228e-09
                  0	                  0	  2.24915266651e-10	 -3.17133119515e-11	  1.34923639708e-10	                 -0
                  0	                  0	 -3.17133119516e-11	  1.96919121889e-09	   -4.843539969e-11	                 -0
                  0	                  0	  1.34923639709e-10	 -4.84353996898e-11	  4.73303374774e-10	                 -0
  1.00695657283e-09	 -5.45575090229e-09	                  0	                  0	                  0	  1.02520973866e-08

Mass matrix w.r.t. to the cross section reference point 
M=
      202.768282488	                  0	                  0	                  0	                  0	     -5.73254860111
                  0	      202.768282488	                  0	                  0	                  0	       18.214038956
                  0	                  0	      202.768282488	      5.73254860111	      -18.214038956	                  0
                 -0	                 -0	      5.73254860111	      13.9396809684	      2.71400826458	                  0
                 -0	                 -0	      -18.214038956	      2.71400826458	      124.898707637	                  0
     -5.73254860111	       18.214038956	                 -0	                  0	                  0	      138.838388606

Shear center;
ShearX=     0.532159488596 
ShearY=    0.0982195676513 

Elastic center:
ElasticX=     0.284135103555 
ElasticY=   0.00911598349251 

Orientation of principle axis w.r.t. reference center:
alpha_p=     -1.07122197029o or    -0.0186963504012rad 

Orientation of principle axis w.r.t. elastic center:
alpha_p=     -1.85259505681o or    -0.0323338834474rad 

Mass center:
MassX=    0.0898268641056 
MassY=    0.0282714265307 

Mass per unit length:
Mass=      202.768282488 

Mass moments of inertia:
Ixx=      13.9396809684 
Iyy=      124.898707637 
Ixy=     -2.71400826458 

Area center:
AreaX=     0.126822352272 
AreaY=    0.0355423512671 

Area per unit length:
Area=     0.238109491143 
Area moments:
Ixx=   0.00846297117422 
Iyy=     0.030197605765 
Ixy=   -0.0028025198776 

Stiffness matrix with respect to shear center:
      414352583.339	      7487843.08085	                  0	                  0	                  0	 -2.17482447624e-05
      7487843.08082	       99539567.886	                  0	                  0	                  0	 -4.01766737923e-05
                  0	                  0	      5367985431.93	     -478306741.697	      1331391285.66	                  0
                  0	                  0	     -478306741.697	      551723003.834	     -66532670.1971	                  0
                  0	                  0	      1331391285.66	     -66532670.1973	      2448358833.42	                  0
                  0	 -3.60887497663e-09	                  0	                  0	                  0	      97541016.4662

Stiffness matrix with respect to the elastic center:
      414352583.339	      7487843.08085	                  0	                  0	                  0	     -35063132.6056
      7487843.08082	       99539567.886	                  0	                  0	                  0	      24021046.4559
                  0	                  0	      5367985431.93	 -8.39829444885e-05	   0.00107359886169	                  0
                  0	                  0	 -7.07805156708e-07	      509104158.822	      52099065.2732	                  0
                  0	                  0	 -2.83718109131e-05	      52099065.2729	      2118141328.55	                  0
     -35063132.6056	       24021046.456	                  0	                  0	                  0	      106623072.528

Stiffness matrix rotated along principle axis:
      413962626.731	      13367091.8166	                  0	                  0	                  0	     -37682944.2961
      13367091.8165	      99929524.4944	                  0	                  0	                  0	      51539988.0748
                  0	                  0	      5367985431.93	      77440545.3451	     -1524051686.42	                  0
                  0	                  0	      77440545.3452	      508836053.064	  0.000279195606709	                  0
                  0	                  0	     -1524051686.42	 -2.06486477605e-09	      2552227783.94	                  0
     -37682944.2961	      51539988.0748	                  0	                  0	                  0	      128944534.794

Stiffness matrix at the elastic center rotated along principle axis:
      413539682.641	      17644225.8723	                  0	                  0	                  0	     -35821363.6873
      17644225.8722	      100352468.585	                  0	                  0	                  0	      22874961.0827
                  0	                  0	      5367985431.93	 -0.000118646619115	   0.00107032267591	                  0
                  0	                  0	  2.09775795932e-07	      507419006.412	  0.000292800366879	                  0
                  0	                  0	 -2.83798632263e-05	 -8.71831582619e-09	      2119826480.96	                  0
     -35821363.6873	      22874961.0828	                  0	                  0	                  0	      106623072.528

Mass matrix with respect to mass center
      202.768282488	                  0	                  0	                  0	                  0	                  0
                  0	      202.768282488	                  0	                  0	                  0	                  0
                  0	                  0	      202.768282488	                  0	                  0	                  0
                  0	                  0	                  0	      13.7776136418	      3.22894512875	                  0
                  0	                  0	                  0	      3.22894512875	      123.262597635	                  0
                  0	                  0	                  0	                  0	                  0	      137.040211277
