********************************
*                              *
*          BECAS 2.3           *
*              by              *
*     becas-dtuwind@dtu.dk     *
*                              *
*   A cross section analysis   *
*   program for anisotropic    *
*   beams with arbitrary       *
*   geometry.                  *
*                              *
*     (c)DTU Wind Energy       *
********************************


Output generated on the (yyyy.mm.dd) 2017. 8. 9 at (hh.mm.ss) 12.54. 6  
The input folder: is C:\Users\wentingmann\Documents\MATLAB\SBref_BECAS_Project\BECAS_outputs_80_sec_TP\BL_063_BCS 

Stiffness matrix w.r.t. to the cross section reference point 
K=
       217378067.53	     -3910723.33342	                  0	                  0	                  0	      -8231852.2826
     -3910723.33353	      55890296.0028	                  0	                  0	                  0	      2353925.74485
                  0	                  0	      2755793214.13	      45267213.0559	       538681250.94	                  0
                  0	                  0	      45267213.0561	      119020414.469	      22761206.0411	                  0
                  0	                  0	       538681250.94	       22761206.041	      765811906.612	                  0
     -8231852.28258	      2353925.74485	                  0	                  0	                  0	      25198294.2683

Compliance matrix w.r.t. to the cross section reference point 
F=
  4.66175343926e-09	    2.630841206e-10	                  0	                  0	                 -0	  1.49833892736e-09
  2.63084120609e-10	  1.79777137205e-08	                  0	                  0	                  0	 -1.59346236351e-09
                  0	                  0	  4.22004031929e-10	 -1.04326860804e-10	 -2.93741913262e-10	                 -0
                  0	                  0	 -1.04326860804e-10	  8.47574016217e-09	 -1.78528360707e-10	                 -0
                  0	                  0	 -2.93741913262e-10	 -1.78528360707e-10	  1.51773140644e-09	                 -0
  1.49833892736e-09	 -1.59346236352e-09	                  0	                  0	                  0	  4.03235626182e-08

Mass matrix w.r.t. to the cross section reference point 
M=
      114.443395067	                  0	                  0	                  0	                  0	     -3.12781350345
                  0	      114.443395067	                  0	                  0	                  0	     -34.0199525584
                  0	                  0	      114.443395067	      3.12781350345	      34.0199525584	                  0
                 -0	                 -0	      3.12781350345	      3.53644199265	      1.68694697255	                  0
                 -0	                 -0	      34.0199525584	      1.68694697255	       52.066051277	                  0
     -3.12781350345	     -34.0199525584	                 -0	                  0	                  0	      55.6024932697

Shear center;
ShearX=    0.0395169042629 
ShearY=    0.0371579004947 

Elastic center:
ElasticX=    -0.195472304735 
ElasticY=    0.0164262009298 

Orientation of principle axis w.r.t. reference center:
alpha_p=     -2.01297337177o or    -0.0351330130924rad 

Orientation of principle axis w.r.t. elastic center:
alpha_p=     -1.46880485757o or    -0.0256354808339rad 

Mass center:
MassX=    -0.297264447097 
MassY=     0.027330659857 

Mass per unit length:
Mass=      114.443395067 

Mass moments of inertia:
Ixx=      3.53644199265 
Iyy=       52.066051277 
Ixy=     -1.68694697255 

Area center:
AreaX=    -0.282299502068 
AreaY=    0.0451752314571 

Area per unit length:
Area=     0.141293404292 
Area moments:
Ixx=   0.00638296224224 
Iyy=   -0.0398870576771 
Ixy=  -0.00279442080477 

Stiffness matrix with respect to shear center:
       217378067.53	     -3910723.33342	                  0	                  0	                  0	 -2.37924978137e-05
     -3910723.33353	      55890296.0028	                  0	                  0	                  0	 -1.28743122332e-05
                  0	                  0	      2755793214.13	     -57132276.9785	      647581667.551	                  0
                  0	                  0	     -57132276.9783	      119461295.334	      487251.000703	                  0
                  0	                  0	      647581667.551	      487251.000591	      812689344.793	                  0
                  0	 -8.73114913702e-11	                  0	                  0	                  0	       24799396.062

Stiffness matrix with respect to the elastic center:
       217378067.53	     -3910723.33342	                  0	                  0	                  0	     -5425594.57079
     -3910723.33353	      55890296.0028	                  0	                  0	                  0	      13214692.3896
                  0	                  0	      2755793214.13	 -0.000211641192436	  5.48362731934e-06	                  0
                  0	                  0	 -5.14090061188e-07	      118276846.132	      13912719.5761	                  0
                  0	                  0	 -2.41994857788e-05	       13912719.576	      660514640.973	                  0
     -5425594.57079	      13214692.3896	                  0	                  0	                  0	      28017187.9704

Stiffness matrix rotated along principle axis:
      217453385.475	      1767811.38916	                  0	                  0	                  0	     -8309455.89156
      1767811.38905	      55814978.0578	                  0	                  0	                  0	      2063322.85428
                  0	                  0	      2755793214.13	      26317676.3193	       539938876.73	                  0
                  0	                  0	      26317676.3196	      118220415.539	  0.000104919075966	                  0
                  0	                  0	       539938876.73	  2.81635667597e-09	      766611905.543	                  0
     -8309455.89154	      2063322.85429	                  0	                  0	                  0	      25198294.2683

Stiffness matrix at the elastic center rotated along principle axis:
      217472383.297	      232418.802066	                  0	                  0	                  0	     -5762539.76795
      232418.801959	      55795980.2358	                  0	                  0	                  0	      13071277.9337
                  0	                  0	      2755793214.13	 -0.000211712213316	  5.68960625378e-08	                  0
                  0	                  0	  1.06376361566e-07	      117920108.726	  6.31650909781e-05	                  0
                  0	                  0	 -2.42047120334e-05	 -2.51238980513e-09	      660871378.379	                  0
     -5762539.76795	      13071277.9337	                  0	                  0	                  0	      28017187.9704

Mass matrix with respect to mass center
      114.443395067	                  0	                  0	                  0	                  0	                  0
                  0	      114.443395067	                  0	                  0	                  0	                  0
                  0	                  0	      114.443395067	                  0	                  0	                  0
                  0	                  0	                  0	      3.45095678569	      0.75715922083	                  0
                  0	                  0	                  0	      0.75715922083	      41.9531288895	                  0
                  0	                  0	                  0	                  0	                  0	      45.4040856752
