********************************
*                              *
*          BECAS 2.3           *
*              by              *
*     becas-dtuwind@dtu.dk     *
*                              *
*   A cross section analysis   *
*   program for anisotropic    *
*   beams with arbitrary       *
*   geometry.                  *
*                              *
*     (c)DTU Wind Energy       *
********************************


Output generated on the (yyyy.mm.dd) 2017. 8. 9 at (hh.mm.ss) 10.35. 9  
The input folder: is C:\Users\wentingmann\Documents\MATLAB\SBref_BECAS_Project\BECAS_outputs_80_sec_c2\BL_037_BCS 

Stiffness matrix w.r.t. to the cross section reference point 
K=
      573884337.919	      13223638.1578	                  0	                  0	                  0	     -35818769.0264
      13223638.1577	      177247372.716	                  0	                  0	                  0	       113615467.29
                  0	                  0	      7559300591.31	     -25433870.7954	     -2765629913.95	                  0
                  0	                  0	     -25433870.7961	      1642696547.31	       139373370.57	                  0
                  0	                  0	     -2765629913.95	       139373370.57	      5874013174.72	                  0
     -35818769.0266	       113615467.29	                  0	                  0	                  0	      410433997.867

Compliance matrix w.r.t. to the cross section reference point 
F=
   1.7634006134e-09	 -2.79863728538e-10	                  0	                  0	                 -0	   2.3136408792e-10
 -2.79863728539e-10	  6.90328771487e-09	                  0	                  0	                  0	 -1.93537727854e-09
                  0	                  0	  1.59841721117e-10	  -3.9182179677e-12	  7.53503826936e-11	                 -0
                  0	                  0	 -3.91821796762e-12	  6.10079170695e-10	 -1.63202104427e-11	                 -0
                  0	                  0	  7.53503826936e-11	 -1.63202104428e-11	  2.06105406837e-10	                 -0
  2.31364087921e-10	 -1.93537727854e-09	                  0	                  0	                  0	  2.99238361611e-09

Mass matrix w.r.t. to the cross section reference point 
M=
      309.219750429	                  0	                  0	                  0	                  0	     -8.30360127336
                  0	      309.219750429	                  0	                  0	                  0	      37.7515778496
                  0	                  0	      309.219750429	      8.30360127336	     -37.7515778496	                  0
                 -0	                 -0	      8.30360127336	      48.0484719503	      7.22695505339	                  0
                 -0	                 -0	     -37.7515778496	      7.22695505339	      309.688621443	                  0
     -8.30360127336	      37.7515778496	                 -0	                  0	                  0	      357.737093393

Shear center;
ShearX=     0.646767770056 
ShearY=    0.0773176562909 

Elastic center:
ElasticX=     0.365857909808 
ElasticY=  -0.00336457989583 

Orientation of principle axis w.r.t. reference center:
alpha_p=      -1.8845160495o or    -0.0328910098705rad 

Orientation of principle axis w.r.t. elastic center:
alpha_p=     -2.30968529793o or    -0.0403116131339rad 

Mass center:
MassX=      0.12208656723 
MassY=    0.0268533987944 

Mass per unit length:
Mass=      309.219750429 

Mass moments of inertia:
Ixx=      48.0484719503 
Iyy=      309.688621443 
Ixy=     -7.22695505339 

Area center:
AreaX=     0.167807166201 
AreaY=    0.0415858054454 

Area per unit length:
Area=     0.362515146149 
Area moments:
Ixx=    0.0150754843387 
Iyy=    0.0608326393801 
Ixy=  -0.00442707892061 

Stiffness matrix with respect to shear center:
      573884337.919	      13223638.1578	                  0	                  0	                  0	   0.00023153424263
      13223638.1577	      177247372.716	                  0	                  0	                  0	  0.000120303942822
                  0	                  0	      7559300591.31	     -609901275.714	      2123482072.68	                  0
                  0	                  0	     -609901275.715	       1691819171.8	     -41259094.3642	                  0
                  0	                  0	      2123482072.68	     -41259094.3635	      5458692647.38	                  0
                  0	 -2.02562659979e-08	                  0	                  0	                  0	      334181752.171

Stiffness matrix with respect to the elastic center:
      573884337.919	      13223638.1578	                  0	                  0	                  0	     -42587621.3487
      13223638.1577	      177247372.716	                  0	                  0	                  0	      48723622.0021
                  0	                  0	      7559300591.31	  0.000721622258425	  0.000577449798584	                  0
                  0	                  0	 -1.71363353729e-07	      1642610973.02	      130068187.762	                  0
                  0	                  0	 -6.67572021484e-06	      130068187.763	       4862185595.1	                  0
      -42587621.349	       48723622.002	                  0	                  0	                  0	      351304762.543

Stiffness matrix rotated along principle axis:
      572586153.014	      26231420.9079	                  0	                  0	                  0	     -39535649.7819
      26231420.9079	      178545557.621	                  0	                  0	                  0	      112376114.092
                  0	                  0	      7559300591.31	      65527845.9105	     -2764970488.83	                  0
                  0	                  0	      65527845.9098	      1638110762.62	  -0.00014989823103	                  0
                  0	                  0	     -2764970488.83	 -4.06848702886e-08	      5878598959.41	                  0
     -39535649.7822	      112376114.092	                  0	                  0	                  0	      410433997.867

Stiffness matrix at the elastic center rotated along principle axis:
      572175163.784	      29152443.6639	                  0	                  0	                  0	     -44516618.9191
      29152443.6638	      178956546.851	                  0	                  0	                  0	      46967727.9965
                  0	                  0	      7559300591.31	  0.000697764381443	  0.000606062555952	                  0
                  0	                  0	  9.78120341208e-08	      1637364872.56	 -0.000412009656429	                  0
                  0	                  0	  -6.6772029018e-06	 -1.12272252336e-09	      4867431695.56	                  0
     -44516618.9194	      46967727.9964	                  0	                  0	                  0	      351304762.543

Mass matrix with respect to mass center
      309.219750429	                  0	                  0	                  0	                  0	                  0
                  0	      309.219750429	                  0	                  0	                  0	                  0
                  0	                  0	      309.219750429	                  0	                  0	                  0
                  0	                  0	                  0	      47.8254920339	       8.2407132285	                  0
                  0	                  0	                  0	       8.2407132285	      305.079660896	                  0
                  0	                  0	                  0	                  0	                  0	       352.90515293
