********************************
*                              *
*          BECAS 2.3           *
*              by              *
*     becas-dtuwind@dtu.dk     *
*                              *
*   A cross section analysis   *
*   program for anisotropic    *
*   beams with arbitrary       *
*   geometry.                  *
*                              *
*     (c)DTU Wind Energy       *
********************************


Output generated on the (yyyy.mm.dd) 2017. 8. 9 at (hh.mm.ss) 12.35.17  
The input folder: is C:\Users\wentingmann\Documents\MATLAB\SBref_BECAS_Project\BECAS_outputs_80_sec_TP\BL_007_BCS 

Stiffness matrix w.r.t. to the cross section reference point 
K=
      1619813213.14	     -123013215.244	                  0	                  0	                  0	      2321580.03989
     -123013215.244	      1495662962.77	                  0	                  0	                  0	      -72755183.796
                  0	                  0	      9383542376.85	      -27730037.613	      1597308266.26	                  0
                  0	                  0	     -27730037.6068	      19330898771.6	      1340623489.11	                  0
                  0	                  0	      1597308266.27	       1340623489.1	      20780964588.2	                  0
      2321580.03992	      -72755183.796	                  0	                  0	                  0	      12080343649.9

Compliance matrix w.r.t. to the cross section reference point 
F=
  6.21235822639e-10	  5.11037073119e-11	                  0	                  0	                 -0	  1.88389585444e-13
  5.11037073119e-11	  6.72999622349e-10	                  0	                  0	                 -0	  4.04339241393e-12
                  0	                  0	   1.0799278151e-10	  7.33866801673e-13	 -8.34810150112e-12	                 -0
                  0	                  0	  7.33866801646e-13	  5.19681221731e-11	 -3.40898019811e-12	                 -0
                  0	                  0	 -8.34810150119e-12	  -3.4089801981e-12	  4.89825506483e-11	                 -0
  1.88389585443e-13	  4.04339241393e-12	                  0	                  0	                  0	   8.2803417633e-11

Mass matrix w.r.t. to the cross section reference point 
M=
      826.156114253	                  0	                  0	                  0	                  0	      7.85962123391
                  0	      826.156114253	                  0	                  0	                  0	     -143.309369838
                  0	                  0	      826.156114253	     -7.85962123391	      143.309369838	                  0
                 -0	                 -0	     -7.85962123391	      1475.87169514	      29.5872392665	                  0
                 -0	                 -0	      143.309369838	      29.5872392665	      1882.10145442	                  0
      7.85962123391	     -143.309369838	                 -0	                  0	                  0	      3357.97314956

Shear center;
ShearX=   -0.0488312261681 
ShearY=   0.00227514263092 

Elastic center:
ElasticX=    -0.170224442126 
ElasticY=  -0.00295517795872 

Orientation of principle axis w.r.t. reference center:
alpha_p=     -30.7973464009o or     -0.537515095573rad 

Orientation of principle axis w.r.t. elastic center:
alpha_p=     -33.1757413785o or     -0.579025918846rad 

Mass center:
MassX=    -0.173465241454 
MassY=   -0.0095134818932 

Mass per unit length:
Mass=      826.156114253 

Mass moments of inertia:
Ixx=      1475.87169514 
Iyy=      1882.10145442 
Ixy=     -29.5872392665 

Area center:
AreaX=    -0.149774015132 
AreaY=   -0.0301386221014 

Area per unit length:
Area=      1.01224412374 
Area moments:
Ixx=   -0.0305076431198 
Iyy=    -0.151607866706 
Ixy=    0.0272386618861 

Stiffness matrix with respect to shear center:
      1619813213.14	     -123013215.244	                  0	                  0	                  0	 -2.89296731353e-05
     -123013215.244	      1495662962.77	                  0	                  0	                  0	  1.44393416122e-05
                  0	                  0	      9383542376.85	     -49078934.9036	      1139098386.19	                  0
                  0	                  0	     -49078934.8975	        19331073523	      1339385969.55	                  0
                  0	                  0	      1139098386.21	      1339385969.54	      20647342496.1	                  0
 -9.31322574615e-10	  4.71482053399e-09	                  0	                  0	                  0	        12076796207

Stiffness matrix with respect to the elastic center:
      1619813213.14	     -123013215.244	                  0	                  0	                  0	      -23405112.204
     -123013215.244	      1495662962.77	                  0	                  0	                  0	      182206735.593
                  0	                  0	      9383542376.85	  -0.00615895166993	   -0.0130903720856	                  0
                  0	                  0	  5.73694705963e-07	      19330816824.5	      1345343819.29	                  0
                  0	                  0	  8.82148742676e-06	      1345343819.29	      20509063679.7	                  0
     -23405112.2039	      182206735.593	                  0	                  0	                  0	      12099037284.9

Stiffness matrix rotated along principle axis:
      1695470557.32	     -3916525.83859	                  0	                  0	                  0	      39245077.5708
     -3916525.83857	      1420005618.59	                  0	                  0	                  0	     -61306854.3438
                  0	                  0	      9383542376.85	      -841646403.73	      1357863757.35	                  0
                  0	                  0	     -841646403.732	      18531810930.9	   0.00731563568115	                  0
                  0	                  0	      1357863757.36	  4.72973599864e-07	        21580052429	                  0
      39245077.5708	     -61306854.3438	                  0	                  0	                  0	      12080343649.9

Stiffness matrix at the elastic center rotated along principle axis:
      1695320945.94	      7518608.95853	                  0	                  0	                  0	     -119295133.339
      7518608.95856	      1420155229.97	                  0	                  0	                  0	      139698836.554
                  0	                  0	      9383542376.85	   0.00200814967634	   -0.0143268231611	                  0
                  0	                  0	 -4.34701616611e-06	      18451261796.8	   0.00622940063477	                  0
                  0	                  0	  7.69748117813e-06	 -1.56452800239e-07	      21388618707.4	                  0
     -119295133.338	      139698836.554	                  0	                  0	                  0	      12099037284.9

Mass matrix with respect to mass center
      826.156114253	                  0	                  0	                  0	                  0	                  0
                  0	      826.156114253	                  0	                  0	                  0	                  0
                  0	                  0	      826.156114253	                  0	                  0	                  0
                  0	                  0	                  0	      1475.79692278	      30.9506103616	                  0
                  0	                  0	                  0	      30.9506103616	      1857.24225998	                  0
                  0	                  0	                  0	                  0	                  0	      3333.03918276
