********************************
*                              *
*          BECAS 2.3           *
*              by              *
*     becas-dtuwind@dtu.dk     *
*                              *
*   A cross section analysis   *
*   program for anisotropic    *
*   beams with arbitrary       *
*   geometry.                  *
*                              *
*     (c)DTU Wind Energy       *
********************************


Output generated on the (yyyy.mm.dd) 2017. 8. 9 at (hh.mm.ss) 10.32.22  
The input folder: is C:\Users\wentingmann\Documents\MATLAB\SBref_BECAS_Project\BECAS_outputs_80_sec_c2\BL_028_BCS 

Stiffness matrix w.r.t. to the cross section reference point 
K=
      781508749.161	      12627946.1346	                  0	                  0	                  0	     -49571345.5092
      12627946.1344	      288439643.055	                  0	                  0	                  0	      183775656.873
                  0	                  0	      7885118305.74	     -51813336.9647	     -3349905739.51	                  0
                  0	                  0	      -51813336.967	      3382577623.17	      394247134.455	                  0
                  0	                  0	     -3349905739.52	      394247134.452	      9338210407.24	                  0
     -49571345.5089	      183775656.872	                  0	                  0	                  0	      1070560808.18

Compliance matrix w.r.t. to the cross section reference point 
F=
   1.2862163742e-09	 -1.05832003625e-10	                  0	                  0	                 -0	  7.77245174995e-11
 -1.05832003624e-10	  3.90139193038e-09	                  0	                  0	                  0	  -6.7462501338e-10
                  0	                  0	  1.49677805065e-10	 -3.98505473399e-12	  5.38623154478e-11	                 -0
                  0	                  0	 -3.98505473397e-12	  2.97200543201e-10	 -1.39769842988e-11	                 -0
                  0	                  0	  5.38623154481e-11	 -1.39769842987e-11	  1.26999073051e-10	                 -0
  7.77245174989e-11	 -6.74625013379e-10	                  0	                  0	                  0	  1.05349696652e-09

Mass matrix w.r.t. to the cross section reference point 
M=
      390.622339491	                  0	                  0	                  0	                  0	     -11.2939998449
                  0	      390.622339491	                  0	                  0	                  0	      55.9044696087
                  0	                  0	      390.622339491	      11.2939998449	     -55.9044696087	                  0
                 -0	                 -0	      11.2939998449	       119.98028352	      19.0210137333	                  0
                 -0	                 -0	     -55.9044696087	      19.0210137333	      593.233957777	                  0
     -11.2939998449	      55.9044696087	                 -0	                  0	                  0	      713.214241297

Shear center;
ShearX=     0.640367305099 
ShearY=    0.0737776376858 

Elastic center:
ElasticX=     0.424838995388 
ElasticY=  -0.00657102848149 

Orientation of principle axis w.r.t. reference center:
alpha_p=     -3.77089852157o or      -0.06581459496rad 

Orientation of principle axis w.r.t. elastic center:
alpha_p=     -4.66350758237o or    -0.0813935620041rad 

Mass center:
MassX=      0.14311641695 
MassY=    0.0289128365256 

Mass per unit length:
Mass=      390.622339491 

Mass moments of inertia:
Ixx=       119.98028352 
Iyy=      593.233957777 
Ixy=     -19.0210137333 

Area center:
AreaX=     0.144236556727 
AreaY=    0.0412606393079 

Area per unit length:
Area=     0.492818089251 
Area moments:
Ixx=     0.020333989425 
Iyy=    0.0710823842865 
Ixy=   -0.0116518002291 

Stiffness matrix with respect to shear center:
      781508749.161	      12627946.1346	                  0	                  0	                  0	 -0.000401005148888
      12627946.1344	      288439643.055	                  0	                  0	                  0	  0.000275173108093
                  0	                  0	      7885118305.74	     -633558738.436	      1699466220.32	                  0
                  0	                  0	     -633558738.438	      3433142755.83	      235684964.431	                  0
                  0	                  0	      1699466220.31	      235684964.431	       8281322900.1	                  0
  7.45058059692e-09	 -1.43190845847e-08	                  0	                  0	                  0	      949219629.274

Stiffness matrix with respect to the elastic center:
      781508749.161	      12627946.1346	                  0	                  0	                  0	     -60071505.7081
      12627946.1344	      288439643.055	                  0	                  0	                  0	      61152270.0933
                  0	                  0	      7885118305.74	   0.00227805227041	    0.0177483558655	                  0
                  0	                  0	  1.60187482834e-06	      3382237156.25	      372234808.431	                  0
                  0	                  0	  3.43322753906e-05	      372234808.428	      7915039818.22	                  0
     -60071505.7077	       61152270.093	                  0	                  0	                  0	      967226340.041

Stiffness matrix rotated along principle axis:
      777718661.727	      44876221.8123	                  0	                  0	                  0	     -61550414.1253
       44876221.812	       292229730.49	                  0	                  0	                  0	      180117619.559
                  0	                  0	      7885118305.74	      168612397.568	      -3346060810.1	                  0
                  0	                  0	      168612397.567	      3356592878.69	   0.00306963920593	                  0
                  0	                  0	     -3346060810.11	   8.1111785886e-08	      9364195151.71	                  0
     -61550414.1251	      180117619.559	                  0	                  0	                  0	      1070560808.18

Stiffness matrix at the elastic center rotated along principle axis:
      776202816.918	      52416632.6156	                  0	                  0	                  0	     -64844538.4211
      52416632.6154	      293745575.298	                  0	                  0	                  0	       56065780.763
                  0	                  0	      7885118305.74	  0.000827503115777	    0.0178748117939	                  0
                  0	                  0	 -1.19477011915e-06	      3351872555.39	    0.0022189617157	                  0
                  0	                  0	  3.43488523946e-05	  1.04322477601e-09	      7945404419.09	                  0
     -64844538.4207	      56065780.7627	                  0	                  0	                  0	      967226340.041

Mass matrix with respect to mass center
      390.622339491	                  0	                  0	                  0	                  0	                  0
                  0	      390.622339491	                  0	                  0	                  0	                  0
                  0	                  0	      390.622339491	                  0	                  0	                  0
                  0	                  0	                  0	      119.653741949	      20.6373705242	                  0
                  0	                  0	                  0	      20.6373705242	      585.233110395	                  0
                  0	                  0	                  0	                  0	                  0	      704.886852344
