********************************
*                              *
*          BECAS 2.3           *
*              by              *
*     becas-dtuwind@dtu.dk     *
*                              *
*   A cross section analysis   *
*   program for anisotropic    *
*   beams with arbitrary       *
*   geometry.                  *
*                              *
*     (c)DTU Wind Energy       *
********************************


Output generated on the (yyyy.mm.dd) 2017. 8. 9 at (hh.mm.ss) 10.26.27  
The input folder: is C:\Users\wentingmann\Documents\MATLAB\SBref_BECAS_Project\BECAS_outputs_80_sec_c2\BL_014_BCS 

Stiffness matrix w.r.t. to the cross section reference point 
K=
      1204334874.44	     -114149557.811	                  0	                  0	                  0	      456806.554703
     -114149557.811	      765067282.541	                  0	                  0	                  0	      604745713.837
                  0	                  0	      7948068520.98	     -283288910.555	     -3353761049.33	                  0
                  0	                  0	     -283288910.558	      11622761033.6	      1668095392.15	                  0
                  0	                  0	      -3353761049.3	      1668095392.18	      22049857392.2	                  0
      456806.553973	      604745713.836	                  0	                  0	                  0	      6128043437.73

Compliance matrix w.r.t. to the cross section reference point 
F=
  8.43278417077e-10	  1.36517599585e-10	                  0	                  0	                  0	 -1.35350947106e-11
  1.36517599585e-10	  1.43976026151e-09	                  0	                  0	                  0	 -1.42092858526e-10
                  0	                  0	  1.34446753621e-10	  3.45845149271e-13	  2.04230519405e-11	                 -0
                  0	                  0	  3.45845149387e-13	  8.69833712924e-11	 -6.52778275593e-12	                 -0
                  0	                  0	  2.04230519404e-11	 -6.52778275606e-12	  4.89519265927e-11	                 -0
 -1.35350947105e-11	 -1.42092858526e-10	                  0	                  0	                  0	  1.77207658711e-10

Mass matrix w.r.t. to the cross section reference point 
M=
      617.686435248	                  0	                  0	                  0	                  0	      16.7916795461
                  0	      617.686435248	                  0	                  0	                  0	      168.420324904
                  0	                  0	      617.686435248	     -16.7916795461	     -168.420324904	                  0
                 -0	                 -0	     -16.7916795461	      682.493354598	      46.1653776079	                  0
                 -0	                 -0	     -168.420324904	      46.1653776079	      1988.34698143	                  0
      16.7916795461	      168.420324904	                 -0	                  0	                  0	      2670.84033603

Shear center;
ShearX=     0.801843777854 
ShearY=   -0.0763798518019 

Elastic center:
ElasticX=     0.421959252169 
ElasticY=    -0.035642484688 

Orientation of principle axis w.r.t. reference center:
alpha_p=     -8.87113939528o or     -0.154830590851rad 

Orientation of principle axis w.r.t. elastic center:
alpha_p=     -9.47324893743o or     -0.165339384819rad 

Mass center:
MassX=     0.272663143131 
MassY=   -0.0271847956955 

Mass per unit length:
Mass=      617.686435248 

Mass moments of inertia:
Ixx=      682.493354598 
Iyy=      1988.34698143 
Ixy=     -46.1653776079 

Area center:
AreaX=     0.229243018861 
AreaY=   -0.0305891867528 

Area per unit length:
Area=     0.900682114283 
Area moments:
Ixx=   -0.0275511333987 
Iyy=     0.206475086913 
Ixy=   -0.0272833985645 

Stiffness matrix with respect to shear center:
      1204334874.44	     -114149557.811	                  0	                  0	                  0	  0.000652432441711
     -114149557.811	      765067282.541	                  0	                  0	                  0	  0.000573573634028
                  0	                  0	      7948068520.98	      323783385.189	      3019348240.18	                  0
                  0	                  0	      323783385.186	      11625853995.6	      1671559313.01	                  0
                  0	                  0	       3019348240.2	      1671559313.04	        21781710562	                  0
  1.49011611938e-08	 -5.21540641785e-08	                  0	                  0	                  0	      5643096959.09

Stiffness matrix with respect to the elastic center:
      1204334874.44	     -114149557.811	                  0	                  0	                  0	      5697781.28259
     -114149557.811	      765067282.541	                  0	                  0	                  0	      285987069.303
                  0	                  0	      7948068520.98	   0.00339651107788	   -0.0277695655823	                  0
                  0	                  0	  -5.8114528656e-05	        11612663913	       1548559015.3	                  0
                  0	                  0	  -0.00077486038208	      1548559015.33	      20634706887.9	                  0
      5697781.28191	      285987069.303	                  0	                  0	                  0	      5751971133.87

Stiffness matrix rotated along principle axis:
      1228673878.72	      -41789934.428	                  0	                  0	                  0	     -92808138.6803
     -41789934.4281	       740728278.26	                  0	                  0	                  0	      597581991.421
                  0	                  0	      7948068520.98	      237292494.783	     -3357329006.03	                  0
                  0	                  0	      237292494.776	      11362405043.6	   -0.0290126800537	                  0
                  0	                  0	     -3357329006.01	  3.47315184888e-08	      22310213382.2	                  0
     -92808138.6809	      597581991.421	                  0	                  0	                  0	      6128043437.73

Stiffness matrix at the elastic center rotated along principle axis:
      1229498253.51	     -36653362.3735	                  0	                  0	                  0	     -41449703.4021
     -36653362.3736	      739903903.469	                  0	                  0	                  0	       283024717.31
                  0	                  0	      7948068520.98	   0.00792070352323	   -0.0268318377274	                  0
                  0	                  0	  7.02100259228e-05	      11354267209.1	   -0.0314328670502	                  0
                  0	                  0	 -0.000773858166861	 -1.60994503032e-07	      20893103591.8	                  0
     -41449703.4027	      283024717.309	                  0	                  0	                  0	      5751971133.87

Mass matrix with respect to mass center
      617.686435248	                  0	                  0	                  0	                  0	                  0
                  0	      617.686435248	                  0	                  0	                  0	                  0
                  0	                  0	      617.686435248	                  0	                  0	                  0
                  0	                  0	                  0	      682.036876221	      41.5869054844	                  0
                  0	                  0	                  0	      41.5869054844	      1942.42496627	                  0
                  0	                  0	                  0	                  0	                  0	      2624.46184249
