********************************
*                              *
*          BECAS 2.3           *
*              by              *
*     becas-dtuwind@dtu.dk     *
*                              *
*   A cross section analysis   *
*   program for anisotropic    *
*   beams with arbitrary       *
*   geometry.                  *
*                              *
*     (c)DTU Wind Energy       *
********************************


Output generated on the (yyyy.mm.dd) 2017. 8. 9 at (hh.mm.ss) 12.53.29  
The input folder: is C:\Users\wentingmann\Documents\MATLAB\SBref_BECAS_Project\BECAS_outputs_80_sec_TP\BL_060_BCS 

Stiffness matrix w.r.t. to the cross section reference point 
K=
      244928638.704	     -5581760.19879	                  0	                  0	                  0	     -10054437.4663
     -5581760.19884	      63061761.5393	                  0	                  0	                  0	      3361734.10865
                  0	                  0	      3265214267.01	      35551286.9772	      674947096.587	                  0
                  0	                  0	      35551286.9768	      166841695.846	      29085513.2857	                  0
                  0	                  0	      674947096.587	      29085513.2857	      1034158639.44	                  0
     -10054437.4663	      3361734.10863	                  0	                  0	                  0	       33970526.879

Compliance matrix w.r.t. to the cross section reference point 
F=
  4.13877499018e-09	  3.02628501423e-10	                  0	                  0	                 -0	  1.19502702783e-09
  3.02628501426e-10	  1.59636971426e-08	                  0	                  0	                  0	 -1.49020196306e-09
                  0	                  0	  3.54226270647e-10	  -3.5350431252e-11	 -2.30192736773e-10	                 -0
                  0	                  0	 -3.53504312512e-11	  6.02676531863e-09	  -1.4643004084e-10	                 -0
                  0	                  0	 -2.30192736773e-10	  -1.4643004084e-10	   1.1213240097e-09	                 -0
  1.19502702783e-09	 -1.49020196306e-09	                  0	                  0	                  0	  2.99384519678e-08

Mass matrix w.r.t. to the cross section reference point 
M=
       132.77595492	                  0	                  0	                  0	                  0	     -3.44959447649
                  0	       132.77595492	                  0	                  0	                  0	     -42.2346552745
                  0	                  0	       132.77595492	      3.44959447649	      42.2346552745	                  0
                 -0	                 -0	      3.44959447649	      4.91506455213	      2.12274710931	                  0
                 -0	                 -0	      42.2346552745	      2.12274710931	       67.989976445	                  0
     -3.44959447649	     -42.2346552745	                 -0	                  0	                  0	      72.9050409971

Shear center;
ShearX=    0.0497755182752 
ShearY=    0.0399161262284 

Elastic center:
ElasticX=    -0.206708363187 
ElasticY=    0.0108878879209 

Orientation of principle axis w.r.t. reference center:
alpha_p=     -1.91854323382o or    -0.0334848962721rad 

Orientation of principle axis w.r.t. elastic center:
alpha_p=     -1.70828195676o or    -0.0298151446979rad 

Mass center:
MassX=    -0.318089636787 
MassY=    0.0259805661241 

Mass per unit length:
Mass=       132.77595492 

Mass moments of inertia:
Ixx=      4.91506455213 
Iyy=       67.989976445 
Ixy=     -2.12274710931 

Area center:
AreaX=    -0.295712974575 
AreaY=    0.0434123623353 

Area per unit length:
Area=     0.165144047743 
Area moments:
Ixx=   0.00716929323814 
Iyy=   -0.0488352375914 
Ixy=  -0.00349097969918 

Stiffness matrix with respect to shear center:
      244928638.704	     -5581760.19879	                  0	                  0	                  0	 -9.71928238869e-06
     -5581760.19884	      63061761.5393	                  0	                  0	                  0	  1.06712686829e-05
                  0	                  0	      3265214267.01	     -94783417.8676	      837474829.007	                  0
                  0	                  0	      -94783417.868	      169206013.059	     -2573653.96745	                  0
                  0	                  0	      837474829.006	     -2573653.96741	      1109440224.64	                  0
 -1.86264514923e-09	  4.36557456851e-10	                  0	                  0	                  0	      33401860.6264

Stiffness matrix with respect to the elastic center:
      244928638.704	     -5581760.19879	                  0	                  0	                  0	     -8541478.41383
     -5581760.19884	      63061761.5393	                  0	                  0	                  0	      16336354.0366
                  0	                  0	      3265214267.01	  0.000377044081688	  0.000281453132629	                  0
                  0	                  0	  -3.8743019104e-07	      166454617.418	      21736764.9455	                  0
                  0	                  0	 -1.57356262207e-05	      21736764.9455	      894641429.867	                  0
     -8541478.41384	      16336354.0366	                  0	                  0	                  0	      37839816.1896

Stiffness matrix rotated along principle axis:
      245098328.767	      515994.554942	                  0	                  0	                  0	     -10161347.5661
      515994.554895	      62892071.4764	                  0	                  0	                  0	      3023240.74798
                  0	                  0	      3265214267.01	      12935047.7829	       675758952.39	                  0
                  0	                  0	      12935047.7826	      165867406.286	 -1.73319131136e-06	                  0
                  0	                  0	       675758952.39	  1.43549527617e-09	         1035132929	                  0
     -10161347.5661	      3023240.74797	                  0	                  0	                  0	       33970526.879

Stiffness matrix at the elastic center rotated along principle axis:
      245099662.102	     -152665.039213	                  0	                  0	                  0	      -9024680.8516
      -152665.03926	      62890738.1413	                  0	                  0	                  0	      16074465.8459
                  0	                  0	      3265214267.01	  0.000368486186121	  0.000292568002421	                  0
                  0	                  0	   8.1832464225e-08	      165806340.521	  7.30566680431e-05	                  0
                  0	                  0	 -1.57401822784e-05	  2.45982673922e-09	      895289706.764	                  0
      -9024680.8516	      16074465.8459	                  0	                  0	                  0	      37839816.1896

Mass matrix with respect to mass center
       132.77595492	                  0	                  0	                  0	                  0	                  0
                  0	       132.77595492	                  0	                  0	                  0	                  0
                  0	                  0	       132.77595492	                  0	                  0	                  0
                  0	                  0	                  0	      4.82544213473	      1.02546685522	                  0
                  0	                  0	                  0	      1.02546685522	      54.5555702889	                  0
                  0	                  0	                  0	                  0	                  0	      59.3810124236
