********************************
*                              *
*          BECAS 2.3           *
*              by              *
*     becas-dtuwind@dtu.dk     *
*                              *
*   A cross section analysis   *
*   program for anisotropic    *
*   beams with arbitrary       *
*   geometry.                  *
*                              *
*     (c)DTU Wind Energy       *
********************************


Output generated on the (yyyy.mm.dd) 2017. 8. 9 at (hh.mm.ss) 12.34.51  
The input folder: is C:\Users\wentingmann\Documents\MATLAB\SBref_BECAS_Project\BECAS_outputs_80_sec_TP\BL_006_BCS 

Stiffness matrix w.r.t. to the cross section reference point 
K=
      1664579581.12	     -127877207.428	                  0	                  0	                  0	      23853040.4833
     -127877207.428	      1682803516.51	                  0	                  0	                  0	     -65450142.3064
                  0	                  0	      9776339397.71	     -35806725.3138	      1169604189.66	                  0
                  0	                  0	     -35806725.3128	      20142117628.1	      1148725074.58	                  0
                  0	                  0	      1169604189.66	      1148725074.58	      20232307353.2	                  0
      23853040.4832	     -65450142.3064	                  0	                  0	                  0	      12754041010.5

Compliance matrix w.r.t. to the cross section reference point 
F=
  6.04290158125e-10	  4.58855590725e-11	                  0	                  0	                  0	  -8.9469221754e-13
  4.58855590726e-11	   5.9784929804e-10	                  0	                  0	                 -0	   2.9821772962e-12
                  0	                  0	  1.03005646265e-10	   5.2440991767e-13	 -5.98440089595e-12	                 -0
                  0	                  0	  5.24409917665e-13	  4.98111642998e-11	 -2.85843252836e-12	                 -0
                  0	                  0	 -5.98440089595e-12	 -2.85843252835e-12	  4.99341432416e-11	                 -0
 -8.94692217538e-13	   2.9821772962e-12	                  0	                  0	                  0	  7.84234992058e-11

Mass matrix w.r.t. to the cross section reference point 
M=
      869.611292024	                  0	                  0	                  0	                  0	      8.84487623309
                  0	      869.611292024	                  0	                  0	                  0	     -102.035423165
                  0	                  0	      869.611292024	     -8.84487623309	      102.035423165	                  0
                 -0	                 -0	     -8.84487623309	      1578.74037469	      24.2343158934	                  0
                 -0	                 -0	      102.035423165	      24.2343158934	       1818.3562266	                  0
      8.84487623309	     -102.035423165	                 -0	                  0	                  0	      3397.09660129

Shear center;
ShearX=   -0.0380265778294 
ShearY=   -0.0114084710144 

Elastic center:
ElasticX=    -0.119636209636 
ElasticY=   -0.0036625902453 

Orientation of principle axis w.r.t. reference center:
alpha_p=     -43.8759628653o or     -0.765780014482rad 

Orientation of principle axis w.r.t. elastic center:
alpha_p=     -45.6161670507o or     -0.796152307174rad 

Mass center:
MassX=    -0.117334519573 
MassY=   -0.0101710687456 

Mass per unit length:
Mass=      869.611292024 

Mass moments of inertia:
Ixx=      1578.74037469 
Iyy=       1818.3562266 
Ixy=     -24.2343158934 

Area center:
AreaX=    -0.100040829871 
AreaY=   -0.0305769802965 

Area per unit length:
Area=      1.03368870973 
Area moments:
Ixx=   -0.0316070793102 
Iyy=     -0.10341107635 
Ixy=    0.0347717725908 

Stiffness matrix with respect to shear center:
      1664579581.12	     -127877207.428	                  0	                  0	                  0	  4.76650893688e-05
     -127877207.428	      1682803516.51	                  0	                  0	                  0	 -8.96863639355e-06
                  0	                  0	      9776339397.71	       75726359.332	      797843458.666	                  0
                  0	                  0	       75726359.333	      20142573050.1	      1159188855.78	                  0
                  0	                  0	      797843458.666	      1159188855.78	        20157492052	                  0
                  0	 -6.51925802231e-09	                  0	                  0	                  0	      12751280038.9

Stiffness matrix with respect to the elastic center:
      1664579581.12	     -127877207.428	                  0	                  0	                  0	       2457623.1514
     -127877207.428	      1682803516.51	                  0	                  0	                  0	      136342453.784
                  0	                  0	      9776339397.71	 -0.000993333756924	  0.000513315200806	                  0
                  0	                  0	  2.45869159698e-07	      20141986482.8	      1153008855.48	                  0
                  0	                  0	  4.05311584473e-06	      1153008855.47	      20092380341.1	                  0
      2457623.15135	      136342453.784	                  0	                  0	                  0	      12762425932.8

Stiffness matrix rotated along principle axis:
      1801112908.06	     -14121095.6348	                  0	                  0	                  0	      62557731.5655
     -14121095.6349	      1546270189.56	                  0	                  0	                  0	     -30646678.2801
                  0	                  0	      9776339397.71	     -836463041.251	      818282141.238	                  0
                  0	                  0	      -836463041.25	      19037602624.8	   0.00247192382813	                  0
                  0	                  0	      818282141.238	 -3.33074582293e-07	      21336822356.5	                  0
      62557731.5654	     -30646678.2801	                  0	                  0	                  0	      12754041010.5

Stiffness matrix at the elastic center rotated along principle axis:
      1801735146.68	     -6359652.45588	                  0	                  0	                  0	      -95720858.237
     -6359652.45595	      1545647950.94	                  0	                  0	                  0	      97122715.7449
                  0	                  0	      9776339397.71	  -0.00106164994189	 -0.000350861580832	                  0
                  0	                  0	 -2.72466453743e-06	      18963907810.4	   0.00235366821289	                  0
                  0	                  0	  3.01071467478e-06	  4.64504877201e-09	      21270459013.5	                  0
     -95720858.2371	      97122715.7448	                  0	                  0	                  0	      12762425932.8

Mass matrix with respect to mass center
      869.611292024	                  0	                  0	                  0	                  0	                  0
                  0	      869.611292024	                  0	                  0	                  0	                  0
                  0	                  0	      869.611292024	                  0	                  0	                  0
                  0	                  0	                  0	      1578.65041284	      25.2721251969	                  0
                  0	                  0	                  0	      25.2721251969	      1806.38394924	                  0
                  0	                  0	                  0	                  0	                  0	      3385.03436209
