********************************
*                              *
*          BECAS 2.3           *
*              by              *
*     becas-dtuwind@dtu.dk     *
*                              *
*   A cross section analysis   *
*   program for anisotropic    *
*   beams with arbitrary       *
*   geometry.                  *
*                              *
*     (c)DTU Wind Energy       *
********************************


Output generated on the (yyyy.mm.dd) 2017. 8. 9 at (hh.mm.ss) 12.55. 6  
The input folder: is C:\Users\wentingmann\Documents\MATLAB\SBref_BECAS_Project\BECAS_outputs_80_sec_TP\BL_068_BCS 

Stiffness matrix w.r.t. to the cross section reference point 
K=
      156696527.371	     -2149026.26034	                  0	                  0	                  0	     -5784292.59361
     -2149026.26031	       42207809.765	                  0	                  0	                  0	      1275962.18509
                  0	                  0	      1824263995.41	      46229418.3193	      297336623.467	                  0
                  0	                  0	      46229418.3196	      58998210.6206	      12324221.4418	                  0
                  0	                  0	      297336623.467	      12324221.4418	      370768025.578	                  0
     -5784292.59362	       1275962.1851	                  0	                  0	                  0	      13259083.8933

Compliance matrix w.r.t. to the cross section reference point 
F=
   6.4887507231e-09	  2.45517203896e-10	                  0	                  0	                 -0	  2.80709907118e-09
  2.45517203893e-10	   2.3770713609e-08	                  0	                  0	                  0	 -2.18042125431e-09
                  0	                  0	   6.3968563192e-10	 -3.96835794356e-10	 -4.99803815015e-10	                 -0
                  0	                  0	 -3.96835794359e-10	  1.73143606594e-08	 -2.57282702776e-10	                 -0
                  0	                  0	 -4.99803815015e-10	 -2.57282702779e-10	   3.1064728032e-09	                 -0
  2.80709907118e-09	 -2.18042125433e-09	                  0	                  0	                  0	  7.68544211378e-08

Mass matrix w.r.t. to the cross section reference point 
M=
        80.32824683	                  0	                  0	                  0	                  0	     -2.42586767348
                  0	        80.32824683	                  0	                  0	                  0	     -19.0009019448
                  0	                  0	        80.32824683	      2.42586767348	      19.0009019448	                  0
                 -0	                 -0	      2.42586767348	      1.84208702329	     0.953930903652	                  0
                 -0	                 -0	      19.0009019448	     0.953930903652	      27.1543467942	                  0
     -2.42586767348	     -19.0009019448	                 -0	                  0	                  0	      28.9964338175

Shear center;
ShearX=    0.0283707979586 
ShearY=     0.036524887308 

Elastic center:
ElasticX=    -0.162989909473 
ElasticY=    0.0253414080615 

Orientation of principle axis w.r.t. reference center:
alpha_p=     -2.26019368606o or    -0.0394478215545rad 

Orientation of principle axis w.r.t. elastic center:
alpha_p=     -1.03708398193o or    -0.0181005301044rad 

Mass center:
MassX=    -0.236540727511 
MassY=    0.0301994350582 

Mass per unit length:
Mass=        80.32824683 

Mass moments of inertia:
Ixx=      1.84208702329 
Iyy=      27.1543467942 
Ixy=    -0.953930903652 

Area center:
AreaX=    -0.244915391902 
AreaY=    0.0488688600938 

Area per unit length:
Area=     0.103373662073 
Area moments:
Ixx=   0.00505175302921 
Iyy=   -0.0253178009589 
Ixy=  -0.00176983043888 

Stiffness matrix with respect to shear center:
      156696527.371	     -2149026.26034	                  0	                  0	                  0	  1.03069469333e-05
     -2149026.26031	       42207809.765	                  0	                  0	                  0	 -9.71369445324e-06
                  0	                  0	      1824263995.41	     -20401618.5331	      349092448.704	                  0
                  0	                  0	     -20401618.5328	       58054853.144	       885224.57969	                  0
                  0	                  0	      349092448.704	      885224.579704	      389107734.179	                  0
 -9.31322574615e-10	  2.91038304567e-11	                  0	                  0	                  0	      13011613.1928

Stiffness matrix with respect to the elastic center:
      156696527.371	     -2149026.26034	                  0	                  0	                  0	     -2163651.54731
     -2149026.26031	       42207809.765	                  0	                  0	                  0	      8100949.92633
                  0	                  0	      1824263995.41	 -0.000256404280663	  0.000123858451843	                  0
                  0	                  0	  7.37607479095e-07	      57826692.0665	      4789292.73488	                  0
                  0	                  0	  5.00679016113e-05	      4789292.73494	      322305156.236	                  0
     -2163651.54732	      8100949.92634	                  0	                  0	                  0	      14586013.8537

Stiffness matrix rotated along principle axis:
      156687833.335	      2369305.22888	                  0	                  0	                  0	     -5830113.49502
       2369305.2289	      42216503.8006	                  0	                  0	                  0	      1046850.96431
                  0	                  0	      1824263995.41	       34467213.225	      298928483.061	                  0
                  0	                  0	      34467213.2253	      58511794.5972	 -1.86981633306e-05	                  0
                  0	                  0	      298928483.061	 -1.89248844863e-09	      371254441.602	                  0
     -5830113.49503	      1046850.96432	                  0	                  0	                  0	      13259083.8933

Stiffness matrix at the elastic center rotated along principle axis:
      156736801.659	     -75764.3694131	                  0	                  0	                  0	     -2309920.60064
     -75764.3693888	      42167535.4768	                  0	                  0	                  0	      8060461.80723
                  0	                  0	      1824263995.41	 -0.000258604060265	  0.000119197362594	                  0
                  0	                  0	 -1.68719423703e-07	      57739993.8607	 -6.24816166237e-05	                  0
                  0	                  0	  5.00730503396e-05	  1.46420827029e-10	      322391854.442	                  0
     -2309920.60065	      8060461.80724	                  0	                  0	                  0	      14586013.8537

Mass matrix with respect to mass center
        80.32824683	                  0	                  0	                  0	                  0	                  0
                  0	        80.32824683	                  0	                  0	                  0	                  0
                  0	                  0	        80.32824683	                  0	                  0	                  0
                  0	                  0	                  0	      1.76882719002	     0.380114399322	                  0
                  0	                  0	                  0	     0.380114399322	      22.6598596249	                  0
                  0	                  0	                  0	                  0	                  0	      24.4286868149
