********************************
*                              *
*          BECAS 2.3           *
*              by              *
*     becas-dtuwind@dtu.dk     *
*                              *
*   A cross section analysis   *
*   program for anisotropic    *
*   beams with arbitrary       *
*   geometry.                  *
*                              *
*     (c)DTU Wind Energy       *
********************************


Output generated on the (yyyy.mm.dd) 2017. 8. 9 at (hh.mm.ss) 10.29.13  
The input folder: is C:\Users\wentingmann\Documents\MATLAB\SBref_BECAS_Project\BECAS_outputs_80_sec_c2\BL_020_BCS 

Stiffness matrix w.r.t. to the cross section reference point 
K=
      969585796.579	     -59391004.3759	                  0	                  0	                  0	      3245693.96016
     -59391004.3573	      519899942.596	                  0	                  0	                  0	       416821225.69
                  0	                  0	      7795368727.36	     -182632927.122	     -3698005258.22	                  0
                  0	                  0	     -182632928.214	      6742019513.19	      882202497.318	                  0
                  0	                  0	     -3698005258.75	       882202495.67	      15421103837.8	                  0
      3245693.94935	      416821225.741	                  0	                  0	                  0	      2907053821.53

Compliance matrix w.r.t. to the cross section reference point 
F=
  1.03972174599e-09	  1.35251571953e-10	                  0	                  0	                  0	 -2.05535735687e-11
  1.35251571907e-10	  2.19086940087e-09	                  0	                  0	                  0	 -3.14283776737e-10
                  0	                  0	   1.4475014004e-10	 -6.25604764632e-13	  3.47471033667e-11	                 -0
                  0	                  0	 -6.25604750201e-13	  1.49444890009e-10	 -8.69938664857e-12	                 -0
                  0	                  0	  3.47471033707e-11	 -8.69938663608e-12	  7.36762817719e-11	                 -0
 -2.05535735607e-11	 -3.14283776775e-10	                  0	                  0	                  0	  3.89076683508e-10

Mass matrix w.r.t. to the cross section reference point 
M=
      493.368202631	                  0	                  0	                  0	                  0	      3.00172298245
                  0	      493.368202631	                  0	                  0	                  0	      128.259818001
                  0	                  0	      493.368202631	     -3.00172298245	     -128.259818001	                  0
                 -0	                 -0	     -3.00172298245	      310.338665816	      26.9971692277	                  0
                 -0	                 -0	     -128.259818001	      26.9971692277	       1206.5823148	                  0
      3.00172298245	      128.259818001	                 -0	                  0	                  0	      1516.92098062

Shear center;
ShearX=     0.807768211505 
ShearY=   -0.0528265363408 

Elastic center:
ElasticX=      0.47438490572 
ElasticY=   -0.0234283886501 

Orientation of principle axis w.r.t. reference center:
alpha_p=      -5.7456427098o or     -0.100280382929rad 

Orientation of principle axis w.r.t. elastic center:
alpha_p=     -6.46632424835o or     -0.112858648635rad 

Mass center:
MassX=     0.259967742787 
MassY=  -0.00608414357968 

Mass per unit length:
Mass=      493.368202631 

Mass moments of inertia:
Ixx=      310.338665816 
Iyy=       1206.5823148 
Ixy=     -26.9971692277 

Area center:
AreaX=      0.19338115707 
AreaY=    0.0126215134561 

Area per unit length:
Area=     0.672655761548 
Area moments:
Ixx=   0.00848993374567 
Iyy=     0.130078949478 
Ixy=   -0.0170519642964 

Stiffness matrix with respect to shear center:
      969585796.579	     -59391004.3759	                  0	                  0	                  0	    0.0258406251669
     -59391004.3573	      519899942.596	                  0	                  0	                  0	   -0.0520554981194
                  0	                  0	      7795368727.36	      229169402.244	       2598845796.7	                  0
                  0	                  0	      229169401.152	      6744477873.92	      871965445.456	                  0
                  0	                  0	      2598845796.17	      871965444.663	        14533237765	                  0
 -7.45058059692e-09	  3.95812094212e-08	                  0	                  0	                  0	      2570187426.77

Stiffness matrix with respect to the elastic center:
      969585796.579	     -59391004.3759	                  0	                  0	                  0	       8704057.0997
     -59391004.3573	      519899942.596	                  0	                  0	                  0	       171579975.97
                  0	                  0	      7795368727.36	      1.09428972006	     0.559234619141	                  0
                  0	                  0	   0.00181433558464	      6737740717.99	      795564192.899	                  0
                  0	                  0	    0.0311675071716	      795564191.757	      13666825962.1	                  0
      8704057.08007	      171579976.022	                  0	                  0	                  0	      2627645209.52

Stiffness matrix rotated along principle axis:
      976910633.691	     -13407554.9332	                  0	                  0	                  0	     -38499583.1191
     -13407554.9146	      512575105.484	                  0	                  0	                  0	      415052106.144
                  0	                  0	      7795368727.36	      188500758.884	     -3697710797.21	                  0
                  0	                  0	       188500757.85	      6653254163.22	      1.64784598351	                  0
                  0	                  0	     -3697710797.85	 -4.64071488452e-09	      15509869187.8	                  0
      -38499583.135	      415052106.194	                  0	                  0	                  0	      2907053821.53

Stiffness matrix at the elastic center rotated along principle axis:
      977174425.758	     -7563393.02572	                  0	                  0	                  0	     -10674519.2042
     -7563393.00711	      512311313.417	                  0	                  0	                  0	      171468665.953
                  0	                  0	      7795368727.36	       1.0243475227	     0.678914945636	                  0
                  0	                  0	  -0.00170726715652	      6647571261.11	      1.14196419716	                  0
                  0	                  0	    0.0311735553918	  4.68659346277e-08	      13756995418.9	                  0
     -10674519.2295	      171468666.002	                  0	                  0	                  0	      2627645209.52

Mass matrix with respect to mass center
      493.368202631	                  0	                  0	                  0	                  0	                  0
                  0	      493.368202631	                  0	                  0	                  0	                  0
                  0	                  0	      493.368202631	                  0	                  0	                  0
                  0	                  0	                  0	      310.320402902	      26.2168180795	                  0
                  0	                  0	                  0	      26.2168180795	      1173.23889943	                  0
                  0	                  0	                  0	                  0	                  0	      1483.55930233
