********************************
*                              *
*          BECAS 2.3           *
*              by              *
*     becas-dtuwind@dtu.dk     *
*                              *
*   A cross section analysis   *
*   program for anisotropic    *
*   beams with arbitrary       *
*   geometry.                  *
*                              *
*     (c)DTU Wind Energy       *
********************************


Output generated on the (yyyy.mm.dd) 2017. 8. 9 at (hh.mm.ss) 10.39.47  
The input folder: is C:\Users\wentingmann\Documents\MATLAB\SBref_BECAS_Project\BECAS_outputs_80_sec_c2\BL_055_BCS 

Stiffness matrix w.r.t. to the cross section reference point 
K=
      286428549.775	     -6632024.34654	                  0	                  0	                  0	     -14182976.7347
     -6632024.34666	      77779072.7062	                  0	                  0	                  0	      40396036.9891
                  0	                  0	      4362160610.75	      38960371.6696	     -1137058484.17	                  0
                  0	                  0	      38960371.6702	      306323827.849	      22737470.1478	                  0
                  0	                  0	     -1137058484.16	      22737470.1478	      1737233708.18	                  0
     -14182976.7348	      40396036.9891	                  0	                  0	                  0	      76888511.2565

Compliance matrix w.r.t. to the cross section reference point 
F=
  3.52360245212e-09	  -5.1057111394e-11	                 -0	                  0	                 -0	  6.76793915123e-10
 -5.10571113908e-11	  1.76824490478e-08	                  0	                  0	                  0	 -9.29950386514e-09
                  0	                  0	  2.77126747038e-10	  -4.8757952682e-11	  1.82023840496e-10	                 -0
                  0	                  0	 -4.87579526825e-11	  3.27627224766e-09	 -7.47940738104e-11	                 -0
                  0	                  0	  1.82023840496e-10	   -7.479407381e-11	  6.95745410929e-10	                 -0
  6.76793915127e-10	 -9.29950386514e-09	                  0	                  0	                  0	  1.80165024895e-08

Mass matrix w.r.t. to the cross section reference point 
M=
      162.994749713	                  0	                  0	                  0	                  0	     -3.69225525308
                  0	      162.994749713	                  0	                  0	                  0	        19.67193685
                  0	                  0	      162.994749713	      3.69225525308	       -19.67193685	                  0
                 -0	                 -0	      3.69225525308	      8.33856526929	      1.12411815613	                  0
                 -0	                 -0	       -19.67193685	      1.12411815613	      84.6169625667	                  0
     -3.69225525308	        19.67193685	                 -0	                  0	                  0	       92.955527836

Shear center;
ShearX=     0.516165880173 
ShearY=    0.0375652219692 

Elastic center:
ElasticX=     0.260664057477 
ElasticY=   0.00893143906121 

Orientation of principle axis w.r.t. reference center:
alpha_p=     -0.91013610656o or    -0.0158848717008rad 

Orientation of principle axis w.r.t. elastic center:
alpha_p=     -1.65880637279o or    -0.0289516328583rad 

Mass center:
MassX=     0.120690616628 
MassY=    0.0226526023665 

Mass per unit length:
Mass=      162.994749713 

Mass moments of inertia:
Ixx=      8.33856526929 
Iyy=      84.6169625667 
Ixy=     -1.12411815613 

Area center:
AreaX=     0.150568770284 
AreaY=    0.0423000784947 

Area per unit length:
Area=     0.205276039476 
Area moments:
Ixx=   0.00868319258293 
Iyy=    0.0309081608327 
Ixy= -0.000684023951776 

Stiffness matrix with respect to shear center:
      286428549.775	     -6632024.34654	                  0	                  0	                  0	   6.6839158535e-05
     -6632024.34666	      77779072.7062	                  0	                  0	                  0	 -3.89170600101e-06
                  0	                  0	      4362160610.75	     -124905159.938	      1114539986.94	                  0
                  0	                  0	     -124905159.938	      309552362.898	      979542.679985	                  0
                  0	                  0	      1114539986.94	      979542.679688	      1725610428.24	                  0
 -1.86264514923e-09	 -5.23868948221e-10	                  0	                  0	                  0	      55504668.5993

Stiffness matrix with respect to the elastic center:
      286428549.775	     -6632024.34654	                  0	                  0	                  0	     -9896027.22155
     -6632024.34666	      77779072.7062	                  0	                  0	                  0	      20062594.7894
                  0	                  0	      4362160610.75	 -0.000522807240486	 -0.000993967056274	                  0
                  0	                  0	  -3.8743019104e-07	      305975855.664	      32893038.7082	                  0
                  0	                  0	 -1.71661376953e-05	      32893038.7081	      1440843430.11	                  0
     -9896027.22164	      20062594.7894	                  0	                  0	                  0	      60914058.8311

Stiffness matrix rotated along principle axis:
      286586568.129	     -3314865.06158	                  0	                  0	                  0	     -14822846.2622
      -3314865.0617	       77621054.353	                  0	                  0	                  0	      40165655.2563
                  0	                  0	      4362160610.75	      57016724.9051	      -1136296176.2	                  0
                  0	                  0	      57016724.9056	      305962615.671	 -9.42032784224e-06	                  0
                  0	                  0	      -1136296176.2	   2.7736967153e-09	      1737594920.36	                  0
     -14822846.2624	      40165655.2563	                  0	                  0	                  0	      76888511.2565

Stiffness matrix at the elastic center rotated along principle axis:
      286637510.575	     -583541.499397	                  0	                  0	                  0	      -10472643.839
     -583541.499517	      77570111.9063	                  0	                  0	                  0	      19767721.0491
                  0	                  0	      4362160610.75	 -0.000493815198722	  -0.00100868452411	                  0
                  0	                  0	   1.0965045916e-07	      305023282.321	  0.000135485082865	                  0
                  0	                  0	 -1.71701590646e-05	   9.6216927956e-09	      1441796003.45	                  0
     -10472643.8391	      19767721.0491	                  0	                  0	                  0	      60914058.8311

Mass matrix with respect to mass center
      162.994749713	                  0	                  0	                  0	                  0	                  0
                  0	      162.994749713	                  0	                  0	                  0	                  0
                  0	                  0	      162.994749713	                  0	                  0	                  0
                  0	                  0	                  0	      8.25492607921	      1.56973871937	                  0
                  0	                  0	                  0	      1.56973871937	       82.242744378	                  0
                  0	                  0	                  0	                  0	                  0	      90.4976704572
