********************************
*                              *
*          BECAS 2.3           *
*              by              *
*     becas-dtuwind@dtu.dk     *
*                              *
*   A cross section analysis   *
*   program for anisotropic    *
*   beams with arbitrary       *
*   geometry.                  *
*                              *
*     (c)DTU Wind Energy       *
********************************


Output generated on the (yyyy.mm.dd) 2017. 8. 9 at (hh.mm.ss) 12.56.36  
The input folder: is C:\Users\wentingmann\Documents\MATLAB\SBref_BECAS_Project\BECAS_outputs_80_sec_TP\BL_076_BCS 

Stiffness matrix w.r.t. to the cross section reference point 
K=
      92049402.9683	     -1822003.99595	                  0	                  0	                  0	      -4385380.3254
     -1822003.99594	      25004688.5918	                  0	                  0	                  0	      230050.915787
                  0	                  0	      808775928.149	      27731529.3362	      95581453.0715	                  0
                  0	                  0	      27731529.3364	      11585000.3912	      3741577.95339	                  0
                  0	                  0	      95581453.0714	      3741577.95336	      86038948.7999	                  0
      -4385380.3254	      230050.915788	                  0	                  0	                  0	      3500491.55923

Compliance matrix w.r.t. to the cross section reference point 
F=
  1.15658679067e-08	  7.09884624484e-10	                  0	                  0	                 -0	  1.44429486833e-08
  7.09884624481e-10	  4.00602663647e-08	                  0	                  0	                  0	 -1.74340854566e-09
                  0	                  0	  1.52920123404e-09	 -3.15618688125e-09	 -1.56155042119e-09	                 -0
                  0	                  0	 -3.15618688127e-09	  9.40623117589e-08	 -5.84253345094e-10	                 -0
                  0	                  0	 -1.56155042118e-09	 -5.84253345098e-10	  1.33827912102e-08	                 -0
  1.44429486833e-08	 -1.74340854567e-09	                  0	                  0	                  0	  3.03882719821e-07

Mass matrix w.r.t. to the cross section reference point 
M=
      43.0441458865	                  0	                  0	                  0	                  0	     -1.40955994084
                  0	      43.0441458865	                  0	                  0	                  0	     -6.22838607302
                  0	                  0	      43.0441458865	      1.40955994084	      6.22838607302	                  0
                 -0	                 -0	      1.40955994084	      0.43505919226	     0.284372254273	                  0
                 -0	                 -0	      6.22838607302	     0.284372254273	      7.12953181887	                  0
     -1.40955994084	     -6.22838607302	                 -0	                  0	                  0	      7.56459101113

Shear center;
ShearX=   0.00573710985177 
ShearY=    0.0475280354598 

Elastic center:
ElasticX=    -0.118180388096 
ElasticY=    0.0342882724019 

Orientation of principle axis w.r.t. reference center:
alpha_p=     -2.86968143834o or    -0.0500853895824rad 

Orientation of principle axis w.r.t. elastic center:
alpha_p=     -0.41488732515o or   -0.00724114984866rad 

Mass center:
MassX=    -0.144697634132 
MassY=    0.0327468442412 

Mass per unit length:
Mass=      43.0441458865 

Mass moments of inertia:
Ixx=      0.43505919226 
Iyy=      7.12953181887 
Ixy=    -0.284372254273 

Area center:
AreaX=     -0.15968452254 
AreaY=    0.0442332743088 

Area per unit length:
Area=    0.0520791910691 
Area moments:
Ixx=   0.00230363314434 
Iyy=  -0.00831624076016 
Ixy= -0.000497359642013 

Stiffness matrix with respect to shear center:
      92049402.9683	     -1822003.99595	                  0	                  0	                  0	  3.03611159325e-07
     -1822003.99594	      25004688.5918	                  0	                  0	                  0	 -8.17075488158e-07
                  0	                  0	      808775928.149	     -10708001.6558	      100221489.417	                  0
                  0	                  0	     -10708001.6556	      10775905.5639	     -862653.719282	                  0
                  0	                  0	      100221489.417	     -862653.719303	      87162291.7903	                  0
                  0	  2.91038304567e-11	                  0	                  0	                  0	      3290743.22024

Stiffness matrix with respect to the elastic center:
      92049402.9683	     -1822003.99595	                  0	                  0	                  0	     -1444490.46135
     -1822003.99594	      25004688.5918	                  0	                  0	                  0	      3122641.34846
                  0	                  0	      808775928.149	 -0.000198218971491	  6.41942024231e-05	                  0
                  0	                  0	  4.47034835815e-08	      10634134.1592	      464255.053904	                  0
                  0	                  0	  7.40587711334e-06	      464255.053907	      74743095.5812	                  0
     -1444490.46135	      3122641.34846	                  0	                  0	                  0	      3696817.83458

Stiffness matrix rotated along principle axis:
      92063565.2748	      1539477.24825	                  0	                  0	                  0	     -4391398.38349
      1539477.24826	      24990526.2853	                  0	                  0	                  0	      10210.7668097
                  0	                  0	      808775928.149	      22911520.6297	      96849956.7012	                  0
                  0	                  0	      22911520.6299	      11397445.1452	  2.25396361202e-05	                  0
                  0	                  0	      96849956.7011	  1.08149886637e-10	       86226504.046	                  0
     -4391398.38349	       10210.766811	                  0	                  0	                  0	      3500491.55923

Stiffness matrix at the elastic center rotated along principle axis:
      92072273.4759	     -1336349.07547	                  0	                  0	                  0	     -1467063.90745
     -1336349.07546	      24981818.0842	                  0	                  0	                  0	      3112099.80166
                  0	                  0	      808775928.149	 -0.000198678610559	   6.2757198711e-05	                  0
                  0	                  0	 -8.92428570073e-09	        10630772.36	 -2.83820554614e-06	                  0
                  0	                  0	  7.40600665517e-06	 -1.19216391731e-10	      74746457.3803	                  0
     -1467063.90745	      3112099.80166	                  0	                  0	                  0	      3696817.83458

Mass matrix with respect to mass center
      43.0441458865	                  0	                  0	                  0	                  0	                  0
                  0	      43.0441458865	                  0	                  0	                  0	                  0
                  0	                  0	      43.0441458865	                  0	                  0	                  0
                  0	                  0	                  0	     0.388900552429	    0.0804122656655	                  0
                  0	                  0	                  0	    0.0804122656655	      6.22829908964	                  0
                  0	                  0	                  0	                  0	                  0	      6.61719964207
