********************************
*                              *
*          BECAS 2.3           *
*              by              *
*     becas-dtuwind@dtu.dk     *
*                              *
*   A cross section analysis   *
*   program for anisotropic    *
*   beams with arbitrary       *
*   geometry.                  *
*                              *
*     (c)DTU Wind Energy       *
********************************


Output generated on the (yyyy.mm.dd) 2017. 8. 9 at (hh.mm.ss) 10.21.41  
The input folder: is C:\Users\wentingmann\Documents\MATLAB\SBref_BECAS_Project\BECAS_outputs_80_sec_c2\BL_003_BCS 

Stiffness matrix w.r.t. to the cross section reference point 
K=
      4248611669.11	      1959537.98267	                  0	                  0	                  0	     -889263.235538
      1959537.98267	       4162104490.5	                  0	                  0	                  0	      7684653.99872
                  0	                  0	      26259336634.9	      8793865.84762	      35014670.2809	                  0
                  0	                  0	      8793865.84869	      51075333465.4	      554013545.275	                  0
                  0	                  0	      35014670.2744	      554013545.275	        49760860317	                  0
      -889263.23554	      7684653.99872	                  0	                  0	                  0	      32246677260.3

Compliance matrix w.r.t. to the cross section reference point 
F=
  2.35371057853e-10	 -1.10825812151e-13	                  0	                  0	                 -0	  6.51721368941e-15
 -1.10825812151e-13	  2.40263227286e-10	                  0	                  0	                  0	 -5.72598010247e-14
                  0	                  0	  3.80817308847e-11	  -6.2667948512e-15	 -2.67267758826e-14	                 -0
                  0	                  0	 -6.26679485206e-15	  1.95812883552e-11	 -2.18004260454e-13	                 -0
                  0	                  0	 -2.67267758776e-14	 -2.18004260454e-13	  2.00985615355e-11	                 -0
  6.51721368942e-15	 -5.72598010247e-14	                  0	                  0	                  0	  3.10109608425e-11

Mass matrix w.r.t. to the cross section reference point 
M=
      1935.36916869	                  0	                  0	                  0	                  0	     0.672625320331
                  0	      1935.36916869	                  0	                  0	                  0	     -2.20575472809
                  0	                  0	      1935.36916869	    -0.672625320331	      2.20575472809	                  0
                 -0	                 -0	    -0.672625320331	      3712.74641803	      6.19708484359	                  0
                 -0	                 -0	      2.20575472809	      6.19708484359	      3717.94856866	                  0
     0.672625320331	     -2.20575472809	                 -0	                  0	                  0	      7430.69498668

Shear center;
ShearX=   0.00184643750046 
ShearY=  0.000210158392787 

Elastic center:
ElasticX=  -0.00133341792907 
ElasticY=  0.000334885300835 

Orientation of principle axis w.r.t. reference center:
alpha_p=     -69.9354955671o or      -1.22060466166rad 

Orientation of principle axis w.r.t. elastic center:
alpha_p=     -69.9362641701o or      -1.22061807631rad 

Mass center:
MassX=  -0.00113970748515 
MassY= -0.000347543678597 

Mass per unit length:
Mass=      1935.36916869 

Mass moments of inertia:
Ixx=      3712.74641803 
Iyy=      3717.94856866 
Ixy=     -6.19708484359 

Area center:
AreaX=   0.00198491143607 
AreaY=  -0.00525482576325 

Area per unit length:
Area=      1.07990291476 
Area moments:
Ixx=  -0.00567470165826 
Iyy=   0.00214351164535 
Ixy=    0.0124851863301 

Stiffness matrix with respect to shear center:
      4248611669.11	      1959537.98267	                  0	                  0	                  0	  2.05088872463e-06
      1959537.98267	       4162104490.5	                  0	                  0	                  0	 -2.48642629685e-06
                  0	                  0	      26259336634.9	      3275245.86479	      83500894.1806	                  0
                  0	                  0	      3275245.86586	        51075330929	      554012234.185	                  0
                  0	                  0	      83500894.1741	      554012234.185	      49761079148.6	                  0
 -1.16415321827e-10	 -4.24051904702e-10	                  0	                  0	                  0	      32246662884.1

Stiffness matrix with respect to the elastic center:
      4248611669.11	      1959537.98267	                  0	                  0	                  0	      536147.244481
      1959537.98267	       4162104490.5	                  0	                  0	                  0	      13235134.9695
                  0	                  0	      26259336634.9	  -0.00107287056744	   0.00650106370449	                  0
                  0	                  0	                  0	      51075330520.5	      554001819.377	                  0
                  0	                  0	 -7.45058059692e-08	      554001819.376	      49760813627.8	                  0
      536147.244479	      13235134.9695	                  0	                  0	                  0	      32246705036.8

Stiffness matrix rotated along principle axis:
      4171023650.33	      26379153.3147	                  0	                  0	                  0	     -7523335.60959
      26379153.3147	      4239692509.28	                  0	                  0	                  0	      1801143.38342
                  0	                  0	      26259336634.9	     -29872543.4341	      20272897.1832	                  0
                  0	                  0	     -29872543.4277	      49558509244.2	  0.000463485717773	                  0
                  0	                  0	       20272897.182	  1.56450043499e-06	      51277684538.2	                  0
     -7523335.60959	      1801143.38342	                  0	                  0	                  0	      32246677260.3

Stiffness matrix at the elastic center rotated along principle axis:
      4171022942.61	      26378232.1362	                  0	                  0	                  0	     -12247982.0036
      26378232.1362	         4239693217	                  0	                  0	                  0	      5044124.14275
                  0	                  0	      26259336634.9	  -0.00647458900017	   0.00122252927295	                  0
                  0	                  0	  6.99841660429e-08	        49558475261	  0.000455856323242	                  0
                  0	                  0	 -2.55603526268e-08	   1.7156737096e-06	      51277668887.3	                  0
     -12247982.0036	      5044124.14275	                  0	                  0	                  0	      32246705036.8

Mass matrix with respect to mass center
      1935.36916869	                  0	                  0	                  0	                  0	                  0
                  0	      1935.36916869	                  0	                  0	                  0	                  0
                  0	                  0	      1935.36916869	                  0	                  0	                  0
                  0	                  0	                  0	      3712.74618426	       6.1978514397	                  0
                  0	                  0	                  0	       6.1978514397	      3717.94605474	                  0
                  0	                  0	                  0	                  0	                  0	        7430.692239
