********************************
*                              *
*          BECAS 2.3           *
*              by              *
*     becas-dtuwind@dtu.dk     *
*                              *
*   A cross section analysis   *
*   program for anisotropic    *
*   beams with arbitrary       *
*   geometry.                  *
*                              *
*     (c)DTU Wind Energy       *
********************************


Output generated on the (yyyy.mm.dd) 2017. 8. 9 at (hh.mm.ss) 12.55.53  
The input folder: is C:\Users\wentingmann\Documents\MATLAB\SBref_BECAS_Project\BECAS_outputs_80_sec_TP\BL_072_BCS 

Stiffness matrix w.r.t. to the cross section reference point 
K=
      125945949.153	     -2265470.73106	                  0	                  0	                  0	     -6085254.90109
     -2265470.73104	      33693846.9258	                  0	                  0	                  0	      692682.401525
                  0	                  0	      1226470056.02	      41936467.9603	      161089704.683	                  0
                  0	                  0	      41936467.9604	       30066826.253	      7041555.69004	                  0
                  0	                  0	      161089704.683	      7041555.69007	      178752083.381	                  0
     -6085254.90111	      692682.401531	                  0	                  0	                  0	      7720074.75103

Compliance matrix w.r.t. to the cross section reference point 
F=
  8.26027052326e-09	  4.22319053147e-10	                  0	                  0	                 -0	  6.47316513398e-09
  4.22319053142e-10	  2.97554474354e-08	                  0	                  0	                  0	 -2.33691463903e-09
                  0	                  0	  9.62671591492e-10	 -1.15014384826e-09	  -8.2224317413e-10	                 -0
                  0	                  0	 -1.15014384826e-09	  3.49430681705e-08	 -3.40008499446e-10	                 -0
                  0	                  0	 -8.22243174129e-10	 -3.40008499455e-10	  6.34873215135e-09	                 -0
    6.473165134e-09	 -2.33691463905e-09	                  0	                  0	                  0	  1.34844497375e-07

Mass matrix w.r.t. to the cross section reference point 
M=
      58.6721675741	                  0	                  0	                  0	                  0	     -2.02442690097
                  0	      58.6721675741	                  0	                  0	                  0	     -10.9209861091
                  0	                  0	      58.6721675741	      2.02442690097	      10.9209861091	                  0
                 -0	                 -0	      2.02442690097	     0.996166500552	     0.570203125835	                  0
                 -0	                 -0	      10.9209861091	     0.570203125835	      14.7282278907	                  0
     -2.02442690097	     -10.9209861091	                 -0	                  0	                  0	      15.7243943912

Shear center;
ShearX=    0.0173304412456 
ShearY=    0.0480046665603 

Elastic center:
ElasticX=    -0.131344180719 
ElasticY=    0.0341928184505 

Orientation of principle axis w.r.t. reference center:
alpha_p=     -2.70538836079o or    -0.0472179344409rad 

Orientation of principle axis w.r.t. elastic center:
alpha_p=    -0.681162195031o or    -0.0118885230434rad 

Mass center:
MassX=    -0.186135719211 
MassY=    0.0345040414335 

Mass per unit length:
Mass=      58.6721675741 

Mass moments of inertia:
Ixx=     0.996166500552 
Iyy=      14.7282278907 
Ixy=    -0.570203125835 

Area center:
AreaX=    -0.208895204063 
AreaY=    0.0493673153149 

Area per unit length:
Area=    0.0764461249659 
Area moments:
Ixx=   0.00377393995579 
Iyy=   -0.0159692288746 
Ixy=   -0.0011021963821 

Stiffness matrix with respect to shear center:
      125945949.153	     -2265470.73106	                  0	                  0	                  0	  1.44699588418e-05
     -2265470.73104	      33693846.9258	                  0	                  0	                  0	 -5.70280826651e-06
                  0	                  0	      1226470056.02	     -16939818.1249	      182344971.929	                  0
                  0	                  0	     -16939818.1249	      28866870.4125	     -985076.392323	                  0
                  0	                  0	      182344971.929	     -985076.392282	      184703957.866	                  0
                  0	  7.27595761418e-11	                  0	                  0	                  0	       7415949.6269

Stiffness matrix with respect to the elastic center:
      125945949.153	     -2265470.73106	                  0	                  0	                  0	     -2076364.32424
     -2265470.73104	      33693846.9258	                  0	                  0	                  0	      5040710.29185
                  0	                  0	      1226470056.02	  -5.5804848671e-06	  0.000157475471497	                  0
                  0	                  0	  5.73694705963e-07	      28632900.2175	      1533444.66354	                  0
                  0	                  0	  5.90980052948e-05	      1533444.66358	      157593888.097	                  0
     -2076364.32425	      5040710.29185	                  0	                  0	                  0	      8194053.75264

Stiffness matrix rotated along principle axis:
      125954046.672	      2094105.75408	                  0	                  0	                  0	     -6111167.40205
      2094105.75411	      33685749.4068	                  0	                  0	                  0	      404683.956664
                  0	                  0	      1226470056.02	      34286230.2641	      162889578.286	                  0
                  0	                  0	      34286230.2641	        29734091.22	  -3.6149751395e-05	                  0
                  0	                  0	      162889578.286	  2.84061352939e-10	      179084818.414	                  0
     -6111167.40206	       404683.95667	                  0	                  0	                  0	      7720074.75103

Stiffness matrix at the elastic center rotated along principle axis:
       125986772.26	     -1168192.46567	                  0	                  0	                  0	     -2136142.78127
     -1168192.46564	      33653023.8185	                  0	                  0	                  0	      5015669.75302
                  0	                  0	      1226470056.02	 -7.45219717858e-06	  0.000157398000914	                  0
                  0	                  0	 -1.28917283303e-07	      28614668.9664	 -4.03217272833e-05	                  0
                  0	                  0	  5.91006491993e-05	  3.42468302789e-10	      157612119.348	                  0
     -2136142.78128	      5015669.75302	                  0	                  0	                  0	      8194053.75264

Mass matrix with respect to mass center
      58.6721675741	                  0	                  0	                  0	                  0	                  0
                  0	      58.6721675741	                  0	                  0	                  0	                  0
                  0	                  0	      58.6721675741	                  0	                  0	                  0
                  0	                  0	                  0	     0.926315590882	     0.193384968633	                  0
                  0	                  0	                  0	     0.193384968633	      12.6954422868	                  0
                  0	                  0	                  0	                  0	                  0	      13.6217578776
