********************************
*                              *
*          BECAS 2.3           *
*              by              *
*     becas-dtuwind@dtu.dk     *
*                              *
*   A cross section analysis   *
*   program for anisotropic    *
*   beams with arbitrary       *
*   geometry.                  *
*                              *
*     (c)DTU Wind Energy       *
********************************


Output generated on the (yyyy.mm.dd) 2017. 8. 9 at (hh.mm.ss) 10.30.28  
The input folder: is C:\Users\wentingmann\Documents\MATLAB\SBref_BECAS_Project\BECAS_outputs_80_sec_c2\BL_023_BCS 

Stiffness matrix w.r.t. to the cross section reference point 
K=
      854886112.728	     -35161421.8359	                  0	                  0	                  0	      8913201.59185
     -35161421.8363	       375737208.73	                  0	                  0	                  0	      292808766.016
                  0	                  0	      7641021810.18	     -148436883.965	     -3590366240.03	                  0
                  0	                  0	     -148436883.965	       5219662674.5	      628423297.421	                  0
                  0	                  0	     -3590366240.05	       628423297.42	      12565173894.4	                  0
      8913201.59141	      292808766.015	                  0	                  0	                  0	      1965912862.55

Compliance matrix w.r.t. to the cross section reference point 
F=
  1.17531347503e-09	  1.29125887512e-10	                  0	                  0	                  0	 -2.45611077884e-11
  1.29125887513e-10	  3.02509716767e-09	                  0	                  0	                  0	 -4.51152190265e-10
                  0	                  0	  1.51173278488e-10	 -9.07012335731e-13	   4.3241536307e-11	                 -0
                  0	                  0	 -9.07012335759e-13	  1.92749281006e-10	 -9.89915828144e-12	                 -0
                  0	                  0	  4.32415363072e-11	 -9.89915828143e-12	  9.24359522257e-11	                 -0
 -2.45611077882e-11	 -4.51152190265e-10	                  0	                  0	                  0	  5.75976817586e-10

Mass matrix w.r.t. to the cross section reference point 
M=
      427.626723231	                  0	                  0	                  0	                  0	    -0.161154185338
                  0	      427.626723231	                  0	                  0	                  0	      97.5800869643
                  0	                  0	      427.626723231	     0.161154185338	     -97.5800869643	                  0
                 -0	                 -0	     0.161154185338	      212.518635376	      19.5797022426	                  0
                 -0	                 -0	     -97.5800869643	      19.5797022426	       897.05217503	                  0
    -0.161154185338	      97.5800869643	                 -0	                  0	                  0	      1109.57081041

Shear center;
ShearX=     0.783281855259 
ShearY=   -0.0426425283767 

Elastic center:
ElasticX=     0.469880381086 
ElasticY=   -0.0194263133456 

Orientation of principle axis w.r.t. reference center:
alpha_p=     -4.85475687688o or    -0.0847314918854rad 

Orientation of principle axis w.r.t. elastic center:
alpha_p=     -5.58233927803o or     -0.097430200365rad 

Mass center:
MassX=      0.22818987136 
MassY=  0.000376857143353 

Mass per unit length:
Mass=      427.626723231 

Mass moments of inertia:
Ixx=      212.518635376 
Iyy=       897.05217503 
Ixy=     -19.5797022426 

Area center:
AreaX=     0.176773411484 
AreaY=    0.0235584707183 

Area per unit length:
Area=     0.587996860793 
Area moments:
Ixx=    0.0138523068274 
Iyy=     0.103942211024 
Ixy=   -0.0129151738908 

Stiffness matrix with respect to shear center:
      854886112.728	     -35161421.8359	                  0	                  0	                  0	  0.000163488090038
     -35161421.8363	       375737208.73	                  0	                  0	                  0	  0.000209789955989
                  0	                  0	      7641021810.18	      177395605.403	      2394707499.52	                  0
                  0	                  0	      177395605.403	      5220897547.61	      614271762.062	                  0
                  0	                  0	      2394707499.49	      614271762.061	      11628636097.9	                  0
                  0	 -7.21774995327e-09	                  0	                  0	                  0	      1736180987.62

Stiffness matrix with respect to the elastic center:
      854886112.728	     -35161421.8359	                  0	                  0	                  0	        8827578.383
     -35161421.8363	       375737208.73	                  0	                  0	                  0	      116940279.988
                  0	                  0	      7641021810.18	  0.000330001115799	    0.0227184295654	                  0
                  0	                  0	   1.2218952179e-06	      5216779093.08	      558675717.817	                  0
                  0	                  0	  2.43186950684e-05	      558675717.816	      10878131237.3	                  0
      8827578.38273	      116940279.987	                  0	                  0	                  0	      1773035186.71

Stiffness matrix rotated along principle axis:
      857384404.353	      5747210.66423	                  0	                  0	                  0	     -15899222.2679
      5747210.66388	      373238917.105	                  0	                  0	                  0	      292512620.838
                  0	                  0	      7641021810.18	       155948844.36	     -3590047799.68	                  0
                  0	                  0	      155948844.362	      5166287635.76	  0.000542521476746	                  0
                  0	                  0	     -3590047799.71	 -1.95145708924e-07	      12618548933.2	                  0
     -15899222.2683	      292512620.838	                  0	                  0	                  0	      1965912862.55

Stiffness matrix at the elastic center rotated along principle axis:
      857160387.991	      11892718.6894	                  0	                  0	                  0	     -2589784.71295
       11892718.689	      373462933.467	                  0	                  0	                  0	      117244395.341
                  0	                  0	      7641021810.18	  -0.00188152481032	    0.0226427870865	                  0
                  0	                  0	 -1.14952820982e-06	      5162174315.28	   0.00082916021347	                  0
                  0	                  0	  2.43222232258e-05	  1.82572581058e-08	      10932736015.1	                  0
      -2589784.7132	      117244395.341	                  0	                  0	                  0	      1773035186.71

Mass matrix with respect to mass center
      427.626723231	                  0	                  0	                  0	                  0	                  0
                  0	      427.626723231	                  0	                  0	                  0	                  0
                  0	                  0	      427.626723231	                  0	                  0	                  0
                  0	                  0	                  0	      212.518574643	      19.6164759954	                  0
                  0	                  0	                  0	      19.6164759954	      874.785387538	                  0
                  0	                  0	                  0	                  0	                  0	      1087.30396218
