********************************
*                              *
*          BECAS 2.3           *
*              by              *
*     becas-dtuwind@dtu.dk     *
*                              *
*   A cross section analysis   *
*   program for anisotropic    *
*   beams with arbitrary       *
*   geometry.                  *
*                              *
*     (c)DTU Wind Energy       *
********************************


Output generated on the (yyyy.mm.dd) 2017. 8. 9 at (hh.mm.ss) 10.43.58  
The input folder: is C:\Users\wentingmann\Documents\MATLAB\SBref_BECAS_Project\BECAS_outputs_80_sec_c2\BL_076_BCS 

Stiffness matrix w.r.t. to the cross section reference point 
K=
      92049402.9683	     -1822003.99566	                  0	                  0	                  0	      -4907282.6623
     -1822003.99573	      25004688.5942	                  0	                  0	                  0	      7392497.01446
                  0	                  0	       808775928.15	      27731529.3362	      -136087658.48	                  0
                  0	                  0	      27731529.3361	      11585000.3913	     -4201955.65031	                  0
                  0	                  0	      -136087658.48	     -4201955.65035	      97641713.2894	                  0
     -4907282.66231	      7392497.01445	                  0	                  0	                  0	      5683925.61717

Compliance matrix w.r.t. to the cross section reference point 
F=
  1.15658679067e-08	  -3.4272131468e-09	                 -0	                  0	                 -0	  1.44429486833e-08
 -3.42721314677e-09	  6.59926934053e-08	                  0	                  0	                  0	  -8.8788827761e-08
                  0	                  0	  1.73266852463e-09	 -3.32354281836e-09	  2.27187147215e-09	                 -0
                  0	                  0	 -3.32354281835e-09	  9.40623117575e-08	 -5.84253345364e-10	                 -0
                  0	                  0	  2.27187147215e-09	  -5.8425334535e-10	  1.33827912103e-08	                 -0
  1.44429486833e-08	  -8.8788827761e-08	                  0	                  0	                  0	  3.03882719821e-07

Mass matrix w.r.t. to the cross section reference point 
M=
      43.0441458865	                  0	                  0	                  0	                  0	     -1.40955994084
                  0	      43.0441458865	                  0	                  0	                  0	      6.10135655158
                  0	                  0	      43.0441458865	      1.40955994084	     -6.10135655158	                  0
                 -0	                 -0	      1.40955994084	      0.43505919226	    -0.119387906989	                  0
                 -0	                 -0	     -6.10135655158	    -0.119387906989	      7.09314495899	                  0
     -1.40955994084	      6.10135655158	                 -0	                  0	                  0	      7.52820415125

Shear center;
ShearX=     0.292181232988 
ShearY=    0.0475280354598 

Elastic center:
ElasticX=     0.168263735039 
ElasticY=    0.0342882724014 

Orientation of principle axis w.r.t. reference center:
alpha_p=       2.7887812619o or     0.0486734151381rad 

Orientation of principle axis w.r.t. elastic center:
alpha_p=    -0.414887325337o or   -0.00724114985192rad 

Mass center:
MassX=     0.141746489004 
MassY=    0.0327468442412 

Mass per unit length:
Mass=      43.0441458865 

Mass moments of inertia:
Ixx=      0.43505919226 
Iyy=      7.09314495899 
Ixy=     0.119387906989 

Area center:
AreaX=     0.126759600596 
AreaY=    0.0442332743088 

Area per unit length:
Area=    0.0520791910691 
Area moments:
Ixx=   0.00230363314434 
Iyy=   0.00660153745928 
Ixy=  0.000162502534046 

Stiffness matrix with respect to shear center:
      92049402.9683	     -1822003.99566	                  0	                  0	                  0	 -1.02315098047e-05
     -1822003.99573	      25004688.5942	                  0	                  0	                  0	  7.34960485715e-06
                  0	                  0	       808775928.15	     -10708001.6559	      100221489.418	                  0
                  0	                  0	      -10708001.656	      10775905.5641	     -862653.719119	                  0
                  0	                  0	      100221489.417	     -862653.719115	      87162291.7901	                  0
  9.31322574615e-10	  1.45519152284e-11	                  0	                  0	                  0	      3290743.22024

Stiffness matrix with respect to the elastic center:
      92049402.9683	     -1822003.99566	                  0	                  0	                  0	     -1444490.46137
     -1822003.99573	      25004688.5942	                  0	                  0	                  0	      3122641.34878
                  0	                  0	       808775928.15	  8.99881124496e-05	  0.000256061553955	                  0
                  0	                  0	 -1.78813934326e-07	      10634134.1594	      464255.054123	                  0
                  0	                  0	  -2.9444694519e-05	      464255.054112	      74743095.5808	                  0
     -1444490.46136	      3122641.34877	                  0	                  0	                  0	      3696817.83462

Stiffness matrix rotated along principle axis:
      91713606.3246	      -5071521.3925	                  0	                  0	                  0	     -4541794.86619
     -5071521.39256	      25340485.2379	                  0	                  0	                  0	      7622501.86159
                  0	                  0	       808775928.15	      21077450.4423	     -137275742.915	                  0
                  0	                  0	      21077450.4422	      11380315.1941	  3.62478895113e-05	                  0
                  0	                  0	     -137275742.915	  1.30806552801e-09	      97846398.4867	                  0
      -4541794.8662	      7622501.86158	                  0	                  0	                  0	      5683925.61717

Stiffness matrix at the elastic center rotated along principle axis:
      92072273.4759	     -1336349.07498	                  0	                  0	                  0	     -1467063.90748
     -1336349.07505	      24981818.0866	                  0	                  0	                  0	      3112099.80197
                  0	                  0	       808775928.15	  8.81315893505e-05	  0.000256706452499	                  0
                  0	                  0	  3.44023357207e-08	      10630772.3602	  1.12853595056e-05	                  0
                  0	                  0	 -2.94452173743e-05	 -1.68787757574e-10	        74746457.38	                  0
     -1467063.90748	      3112099.80197	                  0	                  0	                  0	      3696817.83462

Mass matrix with respect to mass center
      43.0441458865	                  0	                  0	                  0	                  0	                  0
                  0	      43.0441458865	                  0	                  0	                  0	                  0
                  0	                  0	      43.0441458865	                  0	                  0	                  0
                  0	                  0	                  0	     0.388900552429	    0.0804122656655	                  0
                  0	                  0	                  0	    0.0804122656655	      6.22829908964	                  0
                  0	                  0	                  0	                  0	                  0	      6.61719964207
