********************************
*                              *
*          BECAS 2.3           *
*              by              *
*     becas-dtuwind@dtu.dk     *
*                              *
*   A cross section analysis   *
*   program for anisotropic    *
*   beams with arbitrary       *
*   geometry.                  *
*                              *
*     (c)DTU Wind Energy       *
********************************


Output generated on the (yyyy.mm.dd) 2017. 8. 9 at (hh.mm.ss) 10.28.20  
The input folder: is C:\Users\wentingmann\Documents\MATLAB\SBref_BECAS_Project\BECAS_outputs_80_sec_c2\BL_018_BCS 

Stiffness matrix w.r.t. to the cross section reference point 
K=
      1058440229.47	     -76630075.6663	                  0	                  0	                  0	     -11150586.1842
     -76630075.6666	      586549842.472	                  0	                  0	                  0	      505403019.055
                  0	                  0	      7865896876.99	     -178639232.314	     -3707599824.63	                  0
                  0	                  0	     -178639232.313	      8291147822.45	      1115874096.92	                  0
                  0	                  0	     -3707599824.69	      1115874096.94	      17994585787.2	                  0
     -11150586.1842	      505403019.054	                  0	                  0	                  0	      3815563021.99

Compliance matrix w.r.t. to the cross section reference point 
F=
  9.54619422405e-10	  1.38071410808e-10	                  0	                  0	                  0	 -1.54989293543e-11
  1.38071410808e-10	  1.94450874311e-09	                  0	                  0	                  0	 -2.57162837182e-10
                  0	                  0	  1.40812065027e-10	 -8.78157050111e-13	  2.90673376144e-11	                 -0
                  0	                  0	 -8.78157050142e-13	  1.21631115767e-10	 -7.72348238702e-12	                 -0
                  0	                  0	  2.90673376149e-11	 -7.72348238713e-12	  6.20402438256e-11	                 -0
 -1.54989293544e-11	 -2.57162837182e-10	                  0	                  0	                  0	  2.96102579263e-10

Mass matrix w.r.t. to the cross section reference point 
M=
      536.971370132	                  0	                  0	                  0	                  0	      4.17887720394
                  0	      536.971370132	                  0	                  0	                  0	       146.48802005
                  0	                  0	      536.971370132	     -4.17887720394	      -146.48802005	                  0
                 -0	                 -0	     -4.17887720394	      415.593518999	      32.1813961943	                  0
                 -0	                 -0	      -146.48802005	      32.1813961943	      1490.08859847	                  0
      4.17887720394	       146.48802005	                 -0	                  0	                  0	      1905.68211747

Shear center;
ShearX=      0.86849239146 
ShearY=   -0.0523431082328 

Elastic center:
ElasticX=     0.471351186352 
ElasticY=   -0.0227105993259 

Orientation of principle axis w.r.t. reference center:
alpha_p=     -6.47626297948o or     -0.113032112217rad 

Orientation of principle axis w.r.t. elastic center:
alpha_p=     -7.26609211241o or     -0.126817231115rad 

Mass center:
MassX=      0.27280415344 
MassY=  -0.00778230914416 

Mass per unit length:
Mass=      536.971370132 

Mass moments of inertia:
Ixx=      415.593518999 
Iyy=      1490.08859847 
Ixy=     -32.1813961943 

Area center:
AreaX=     0.212406776288 
AreaY=  0.000687926148444 

Area per unit length:
Area=     0.751848239065 
Area moments:
Ixx=  0.000517216063314 
Iyy=     0.159697660718 
Ixy=   -0.0209534941234 

Stiffness matrix with respect to shear center:
      1058440229.47	     -76630075.6663	                  0	                  0	                  0	 -0.000290177762508
     -76630075.6666	      586549842.472	                  0	                  0	                  0	  0.000318231526762
                  0	                  0	      7865896876.99	      233086259.267	      3123871765.05	                  0
                  0	                  0	      233086259.268	      8293997749.07	      1124240440.74	                  0
                  0	                  0	      3123871764.99	      1124240440.76	      17487622408.7	                  0
  1.49011611938e-08	 -1.02911144495e-07	                  0	                  0	                  0	      3377208001.66

Stiffness matrix with respect to the elastic center:
      1058440229.47	     -76630075.6663	                  0	                  0	                  0	      931278.929293
     -76630075.6666	      586549842.472	                  0	                  0	                  0	      230672369.896
                  0	                  0	      7865896876.99	  -0.00117108225822	    0.0649666786194	                  0
                  0	                  0	 -1.98185443878e-05	      8287090818.42	      1031672282.84	                  0
                  0	                  0	 -0.000311851501465	      1031672282.86	      16247004211.3	                  0
      931278.929439	      230672369.896	                  0	                  0	                  0	      3468845100.76

Stiffness matrix rotated along principle axis:
      1069613011.98	     -21794695.8028	                  0	                  0	                  0	     -68084634.6575
     -21794695.8032	      575377059.962	                  0	                  0	                  0	      500920183.029
                  0	                  0	      7865896876.99	      240686758.567	     -3704089404.85	                  0
                  0	                  0	      240686758.576	      8164478302.09	   -0.0163712501526	                  0
                  0	                  0	     -3704089404.92	 -2.40080094051e-07	      18121255307.5	                  0
     -68084634.6575	      500920183.028	                  0	                  0	                  0	      3815563021.99

Stiffness matrix at the elastic center rotated along principle axis:
      1070119907.35	     -14974174.7889	                  0	                  0	                  0	     -28251082.6259
     -14974174.7892	        574870164.6	                  0	                  0	                  0	      228937733.553
                  0	                  0	      7865896876.99	  -0.00937850607057	    0.0642968458665	                  0
                  0	                  0	  1.97828320165e-05	      8155551071.38	   -0.0143457651138	                  0
                  0	                  0	 -0.000311853768977	  2.62615491379e-07	      16378543958.4	                  0
     -28251082.6257	      228937733.553	                  0	                  0	                  0	      3468845100.76

Mass matrix with respect to mass center
      536.971370132	                  0	                  0	                  0	                  0	                  0
                  0	      536.971370132	                  0	                  0	                  0	                  0
                  0	                  0	      536.971370132	                  0	                  0	                  0
                  0	                  0	                  0	      415.560997684	      31.0413811364	                  0
                  0	                  0	                  0	      31.0413811364	      1450.12605817	                  0
                  0	                  0	                  0	                  0	                  0	      1865.68705585
