********************************
*                              *
*          BECAS 2.3           *
*              by              *
*     becas-dtuwind@dtu.dk     *
*                              *
*   A cross section analysis   *
*   program for anisotropic    *
*   beams with arbitrary       *
*   geometry.                  *
*                              *
*     (c)DTU Wind Energy       *
********************************


Output generated on the (yyyy.mm.dd) 2017.11.20 at (hh.mm.ss) 13.49.51  
The input folder: is C:\Users\wentingmann\Documents\MATLAB\SBref_BECAS_Project\BECAS_outputs_81_82_83_TP\BL_0083_BCS 

Stiffness matrix w.r.t. to the cross section reference point 
K=
      502653.506538	     -4940.99032696	                  0	                  0	                  0	     -1929.28881158
     -4940.99032659	      29115.8487351	                  0	                  0	                  0	      458.499213559
                  0	                  0	      4354700.06317	       11246.857628	      60704.6743493	                  0
                  0	                  0	       11246.857628	      256.706925549	      179.662606661	                  0
                  0	                  0	      60704.6743497	      179.662606662	      3751.72633647	                  0
     -1929.28881158	      458.499213563	                  0	                  0	                  0	       85.048136743

Compliance matrix w.r.t. to the cross section reference point 
F=
  2.18450608877e-06	 -4.47650045354e-07	                  0	                  0	                 -0	  5.19681032284e-05
 -4.47650045375e-07	  3.76235585851e-05	                  0	                  0	                  0	 -0.000212985480227
                  0	                  0	  3.23401454866e-07	 -1.08709347559e-05	 -4.71219858304e-06	                 -0
                  0	                  0	 -1.08709347559e-05	   0.00439599965604	 -3.46187837838e-05	                 -0
                  0	                  0	 -4.71219858307e-06	 -3.46187837829e-05	  0.000344447346499	                 -0
  5.19681032284e-05	 -0.000212985480228	                  0	                  0	                  0	    0.0140851428518

Mass matrix w.r.t. to the cross section reference point 
M=
      0.22256903159	                  0	                  0	                  0	                  0	 -0.000492858559982
                  0	      0.22256903159	                  0	                  0	                  0	  -0.00343488562677
                  0	                  0	      0.22256903159	  0.000492858559982	   0.00343488562677	                  0
                 -0	                 -0	  0.000492858559982	  9.07254875574e-06	  1.02623052643e-05	                  0
                 -0	                 -0	   0.00343488562677	  1.02623052643e-05	  0.000287474892684	                  0
 -0.000492858559982	  -0.00343488562677	                 -0	                  0	                  0	   0.00029654744144

Shear center;
ShearX=    0.0151212864839 
ShearY=   0.00368956877295 

Elastic center:
ElasticX=   -0.0139400357014 
ElasticY=   0.00258269397773 

Orientation of principle axis w.r.t. reference center:
alpha_p=     -2.93499612267o or    -0.0512253458739rad 

Orientation of principle axis w.r.t. elastic center:
alpha_p=    -0.489520311613o or   -0.00854374119303rad 

Mass center:
MassX=    -0.015432900086 
MassY=   0.00221440762204 

Mass per unit length:
Mass=      0.22256903159 

Mass moments of inertia:
Ixx=  9.07254875574e-06 
Iyy=  0.000287474892684 
Ixy= -1.02623052643e-05 

Area center:
AreaX=   -0.0117751770011 
AreaY=   0.00220068283989 

Area per unit length:
Area=  0.000154093998214 
Area moments:
Ixx=  3.39112017599e-07 
Iyy= -1.81448410378e-06 
Ixy= -5.88682141399e-09 

Stiffness matrix with respect to shear center:
      502653.506538	     -4940.99032696	                  0	                  0	                  0	 -2.91493051918e-10
     -4940.99032659	      29115.8487351	                  0	                  0	                  0	  -2.0698180947e-09
                  0	                  0	      4354700.06317	     -4820.10774063	      126553.341556	                  0
                  0	                  0	     -4820.10774064	      232.994989853	     -117.197694219	                  0
                  0	                  0	      126553.341556	      -117.19769422	      6583.30844138	                  0
                  0	  -5.3290705182e-14	                  0	                  0	                  0	      70.9967950289

Stiffness matrix with respect to the elastic center:
      502653.506538	     -4940.99032696	                  0	                  0	                  0	     -699.966208919
     -4940.99032659	      29115.8487351	                  0	                  0	                  0	      851.614118443
                  0	                  0	      4354700.06317	  9.50603862293e-09	  -4.2786996346e-07	                  0
                  0	                  0	 -2.32830643654e-10	      227.659734085	      22.8810097992	                  0
                  0	                  0	 -2.98241502605e-08	      22.8810097986	       2905.5010088	                  0
     -699.966208908	      851.614118446	                  0	                  0	                  0	      96.5206022567

Stiffness matrix rotated along principle axis:
      501917.335929	      19299.6358534	                  0	                  0	                  0	     -1950.23461379
      19299.6358537	      29852.0193439	                  0	                  0	                  0	      359.112515107
                  0	                  0	      4354700.06317	      8123.84661459	      61200.9183799	                  0
                  0	                  0	      8123.84661456	      247.495588012	 -5.60623547585e-10	                  0
                  0	                  0	      61200.9183803	 -2.61251977758e-14	      3760.93767401	                  0
     -1950.23461378	       359.11251511	                  0	                  0	                  0	       85.048136743

Stiffness matrix at the elastic center rotated along principle axis:
      502703.366231	     -894.682690644	                  0	                  0	                  0	     -707.216543984
     -894.682690272	      29065.9890419	                  0	                  0	                  0	      845.602779251
                  0	                  0	      4354700.06317	  1.31612574343e-08	 -4.27773131115e-07	                  0
                  0	                  0	  2.19845752344e-11	      227.464239902	  6.03177285896e-10	                  0
                  0	                  0	 -2.98250509731e-08	  4.80953737114e-15	      2905.69650298	                  0
     -707.216543973	      845.602779253	                  0	                  0	                  0	      96.5206022567

Mass matrix with respect to mass center
      0.22256903159	                  0	                  0	                  0	                  0	                  0
                  0	      0.22256903159	                  0	                  0	                  0	                  0
                  0	                  0	      0.22256903159	                  0	                  0	                  0
                  0	                  0	                  0	  7.98115900392e-06	  2.65606835153e-06	                  0
                  0	                  0	                  0	  2.65606835153e-06	  0.000234464645999	                  0
                  0	                  0	                  0	                  0	                  0	  0.000242445805003
