********************************
*                              *
*          BECAS 2.3           *
*              by              *
*     becas-dtuwind@dtu.dk     *
*                              *
*   A cross section analysis   *
*   program for anisotropic    *
*   beams with arbitrary       *
*   geometry.                  *
*                              *
*     (c)DTU Wind Energy       *
********************************


Output generated on the (yyyy.mm.dd) 2017. 8. 9 at (hh.mm.ss) 12.46.42  
The input folder: is C:\Users\wentingmann\Documents\MATLAB\SBref_BECAS_Project\BECAS_outputs_80_sec_TP\BL_034_BCS 

Stiffness matrix w.r.t. to the cross section reference point 
K=
      650944527.435	      15025145.0693	                  0	                  0	                  0	     -38822475.6769
      15025145.0692	      202436102.436	                  0	                  0	                  0	      5670665.48729
                  0	                  0	      7802196155.33	      -65745501.489	      2105549970.59	                  0
                  0	                  0	     -65745501.4894	      2090324458.86	      163660665.363	                  0
                  0	                  0	      2105549970.59	      163660665.363	      6322728188.19	                  0
     -38822475.6768	      5670665.48727	                  0	                  0	                  0	      466111924.394

Compliance matrix w.r.t. to the cross section reference point 
F=
  1.54673252808e-09	 -1.18450163405e-10	                  0	                  0	                 -0	  1.30268448469e-10
 -1.18450163405e-10	  4.95058538656e-09	                  0	                  0	                  0	 -7.00939850953e-11
                  0	                  0	  1.40962414556e-10	  8.12537692803e-12	 -4.71526220238e-11	                 -0
                  0	                  0	  8.12537692807e-12	  4.79834484776e-10	 -1.51261315286e-11	                 -0
                  0	                  0	 -4.71526220237e-11	 -1.51261315286e-11	  1.74253537693e-10	                 -0
  1.30268448469e-10	 -7.00939850951e-11	                  0	                  0	                  0	  2.15711027887e-09

Mass matrix w.r.t. to the cross section reference point 
M=
      334.781824004	                  0	                  0	                  0	                  0	     -7.26178753269
                  0	      334.781824004	                  0	                  0	                  0	     -172.680706304
                  0	                  0	      334.781824004	      7.26178753269	      172.680706304	                  0
                 -0	                 -0	      7.26178753269	      64.7821309875	      15.0859688256	                  0
                 -0	                 -0	      172.680706304	      15.0859688256	      462.522692579	                  0
     -7.26178753269	     -172.680706304	                 -0	                  0	                  0	      527.304823566

Shear center;
ShearX=    0.0324943911221 
ShearY=    0.0603902590167 

Elastic center:
ElasticX=    -0.269866320798 
ElasticY=  -0.00842653788505 

Orientation of principle axis w.r.t. reference center:
alpha_p=     -2.21114005865o or    -0.0385916742461rad 

Orientation of principle axis w.r.t. elastic center:
alpha_p=       -2.826906247o or    -0.0493388216553rad 

Mass center:
MassX=    -0.515800721312 
MassY=    0.0216911045105 

Mass per unit length:
Mass=      334.781824004 

Mass moments of inertia:
Ixx=      64.7821309875 
Iyy=      462.522692579 
Ixy=     -15.0859688256 

Area center:
AreaX=    -0.473642516452 
AreaY=    0.0407428607686 

Area per unit length:
Area=     0.393824721892 
Area moments:
Ixx=    0.0160455458113 
Iyy=    -0.186532132318 
Ixy=   -0.0160088712009 

Stiffness matrix with respect to shear center:
      650944527.435	      15025145.0693	                  0	                  0	                  0	 -0.000135190784931
      15025145.0692	      202436102.436	                  0	                  0	                  0	  1.52256106958e-05
                  0	                  0	      7802196155.33	     -536922148.208	      2359077584.07	                  0
                  0	                  0	     -536922148.209	      2126719714.32	      19058998.9806	                  0
                  0	                  0	      2359077584.07	      19058998.9803	      6467803542.17	                  0
  7.45058059692e-09	  8.14907252789e-10	                  0	                  0	                  0	       463583160.21

Stiffness matrix with respect to the elastic center:
      650944527.435	      15025145.0693	                  0	                  0	                  0	     -40252903.7791
      15025145.0692	      202436102.436	                  0	                  0	                  0	      60174741.6942
                  0	                  0	      7802196155.33	  0.000448621809483	  0.000260591506958	                  0
                  0	                  0	    4.842877388e-07	       2089770451.9	      181403161.959	                  0
                  0	                  0	  1.59740447998e-05	      181403161.958	      5754511164.38	                  0
      -40252903.779	      60174741.6942	                  0	                  0	                  0	      484547713.852

Stiffness matrix rotated along principle axis:
      649118347.692	      32271923.5953	                  0	                  0	                  0	     -39012355.9308
      32271923.5952	      204262282.179	                  0	                  0	                  0	      4168590.82731
                  0	                  0	      7802196155.33	     -146933080.182	      2101445649.92	                  0
                  0	                  0	     -146933080.182	      2084005382.42	  0.000367060303688	                  0
                  0	                  0	      2101445649.92	 -3.01908022365e-08	      6329047264.63	                  0
     -39012355.9306	       4168590.8273	                  0	                  0	                  0	      466111924.394

Stiffness matrix at the elastic center rotated along principle axis:
      648373359.442	      37045034.5768	                  0	                  0	                  0	     -43171665.9393
      37045034.5767	      205007270.429	                  0	                  0	                  0	      58116289.1162
                  0	                  0	      7802196155.33	  0.000435223813806	  0.000282399881972	                  0
                  0	                  0	 -3.04122419248e-07	         2080812964	  0.000490054488182	                  0
                  0	                  0	  1.59784902739e-05	  3.40240491094e-08	      5763468652.27	                  0
     -43171665.9392	      58116289.1162	                  0	                  0	                  0	      484547713.852

Mass matrix with respect to mass center
      334.781824004	                  0	                  0	                  0	                  0	                  0
                  0	      334.781824004	                  0	                  0	                  0	                  0
                  0	                  0	      334.781824004	                  0	                  0	                  0
                  0	                  0	                  0	      64.6246147952	      11.3403335782	                  0
                  0	                  0	                  0	      11.3403335782	      373.453859711	                  0
                  0	                  0	                  0	                  0	                  0	      438.078474506
