********************************
*                              *
*          BECAS 2.3           *
*              by              *
*     becas-dtuwind@dtu.dk     *
*                              *
*   A cross section analysis   *
*   program for anisotropic    *
*   beams with arbitrary       *
*   geometry.                  *
*                              *
*     (c)DTU Wind Energy       *
********************************


Output generated on the (yyyy.mm.dd) 2017. 8. 9 at (hh.mm.ss) 12.56.26  
The input folder: is C:\Users\wentingmann\Documents\MATLAB\SBref_BECAS_Project\BECAS_outputs_80_sec_TP\BL_075_BCS 

Stiffness matrix w.r.t. to the cross section reference point 
K=
      103601665.873	     -1908012.71057	                  0	                  0	                  0	     -5082132.23131
     -1908012.71058	      27555705.5425	                  0	                  0	                  0	      472216.803172
                  0	                  0	      917117829.498	      31147104.1428	      115389455.051	                  0
                  0	                  0	       31147104.141	      15284957.4881	      4609425.43927	                  0
                  0	                  0	      115389455.053	      4609425.43973	      111548876.496	                  0
     -5082132.23132	      472216.803183	                  0	                  0	                  0	      4536600.44124

Compliance matrix w.r.t. to the cross section reference point 
F=
  1.02208453058e-08	  5.12411027418e-10	                  0	                  0	                 -0	  1.13965774443e-08
  5.12411027427e-10	  3.63806634275e-08	                  0	                  0	                  0	 -3.21285071754e-09
                  0	                  0	  1.33039595998e-09	  -2.3249870473e-09	 -1.28012773295e-09	                 -0
                  0	                  0	 -2.32498704718e-09	   7.0312479256e-08	  -5.0041868605e-10	                 -0
                  0	                  0	 -1.28012773297e-09	 -5.00418686163e-10	  1.03095604389e-08	                 -0
  1.13965774444e-08	 -3.21285071764e-09	                  0	                  0	                  0	  2.33530832034e-07

Mass matrix w.r.t. to the cross section reference point 
M=
      47.9955085811	                  0	                  0	                  0	                  0	     -1.62010770187
                  0	      47.9955085811	                  0	                  0	                  0	     -7.64253254361
                  0	                  0	      47.9955085811	      1.62010770187	      7.64253254361	                  0
                 -0	                 -0	      1.62010770187	     0.565064461577	     0.361656959004	                  0
                 -0	                 -0	      7.64253254361	     0.361656959004	      9.18655538019	                  0
     -1.62010770187	     -7.64253254361	                 -0	                  0	                  0	      9.75161984177

Shear center;
ShearX=    0.0137577153717 
ShearY=      0.04880116833 

Elastic center:
ElasticX=    -0.125817480962 
ElasticY=    0.0339619437538 

Orientation of principle axis w.r.t. reference center:
alpha_p=     -2.73516460169o or    -0.0477376278834rad 

Orientation of principle axis w.r.t. elastic center:
alpha_p=    -0.477797092586o or   -0.00833913242209rad 

Mass center:
MassX=    -0.159234327743 
MassY=    0.0337554023234 

Mass per unit length:
Mass=      47.9955085811 

Mass moments of inertia:
Ixx=     0.565064461577 
Iyy=      9.18655538019 
Ixy=    -0.361656959004 

Area center:
AreaX=     -0.17698616694 
AreaY=       0.0462117002 

Area per unit length:
Area=    0.0589314582561 
Area moments:
Ixx=   0.00272332288128 
Iyy=   -0.0104300529089 
Ixy= -0.000653234569266 

Stiffness matrix with respect to shear center:
      103601665.873	     -1908012.71057	                  0	                  0	                  0	  1.03181228042e-05
     -1908012.71058	      27555705.5425	                  0	                  0	                  0	 -1.17758463603e-05
                  0	                  0	      917117829.498	     -13609317.4329	      128006901.112	                  0
                  0	                  0	     -13609317.4348	      14429093.0068	     -1208947.89585	                  0
                  0	                  0	      128006901.114	     -1208947.89547	      114897454.287	                  0
  9.31322574615e-10	                  0	                  0	                  0	                  0	      4282089.82638

Stiffness matrix with respect to the elastic center:
      103601665.873	     -1908012.71057	                  0	                  0	                  0	     -1803679.63503
     -1908012.71058	      27555705.5425	                  0	                  0	                  0	       3874406.4403
                  0	                  0	      917117829.498	   0.00184210017323	  -0.00167372822762	                  0
                  0	                  0	   2.4326145649e-06	      14227141.2891	      690575.257051	                  0
                  0	                  0	  0.000340908765793	      690575.257206	      97030865.9322	                  0
     -1803679.63504	      3874406.44031	                  0	                  0	                  0	      4849626.07313

Stiffness matrix rotated along principle axis:
      103610389.141	      1725417.94543	                  0	                  0	                  0	      -5098876.4924
      1725417.94542	      27546982.2741	                  0	                  0	                  0	      229162.040711
                  0	                  0	      917117829.498	      25605293.6751	      116744324.784	                  0
                  0	                  0	      25605293.6732	      15064747.1486	 -0.000455534085631	                  0
                  0	                  0	      116744324.786	  1.14033250347e-09	      111769086.836	                  0
     -5098876.49242	      229162.040721	                  0	                  0	                  0	      4536600.44124

Stiffness matrix at the elastic center rotated along principle axis:
      103628198.539	     -1273619.41224	                  0	                  0	                  0	     -1835925.73433
     -1273619.41226	      27529172.8759	                  0	                  0	                  0	      3859230.77679
                  0	                  0	      917117829.498	    0.0018559934023	  -0.00165830869224	                  0
                  0	                  0	 -4.10320410356e-07	      14221382.3571	 -0.000155651738169	                  0
                  0	                  0	  0.000340917197931	  2.55614691171e-10	      97036624.8642	                  0
     -1835925.73434	       3859230.7768	                  0	                  0	                  0	      4849626.07313

Mass matrix with respect to mass center
      47.9955085811	                  0	                  0	                  0	                  0	                  0
                  0	      47.9955085811	                  0	                  0	                  0	                  0
                  0	                  0	      47.9955085811	                  0	                  0	                  0
                  0	                  0	                  0	     0.510377074293	     0.103680198226	                  0
                  0	                  0	                  0	     0.103680198226	      7.96960184835	                  0
                  0	                  0	                  0	                  0	                  0	      8.47997892264
