********************************
*                              *
*          BECAS 2.3           *
*              by              *
*     becas-dtuwind@dtu.dk     *
*                              *
*   A cross section analysis   *
*   program for anisotropic    *
*   beams with arbitrary       *
*   geometry.                  *
*                              *
*     (c)DTU Wind Energy       *
********************************


Output generated on the (yyyy.mm.dd) 2017. 8. 9 at (hh.mm.ss) 10.37.18  
The input folder: is C:\Users\wentingmann\Documents\MATLAB\SBref_BECAS_Project\BECAS_outputs_80_sec_c2\BL_045_BCS 

Stiffness matrix w.r.t. to the cross section reference point 
K=
      442982826.658	      3980833.34745	                  0	                  0	                  0	     -25309032.6368
      3980833.34726	      110683965.944	                  0	                  0	                  0	      79415817.9274
                  0	                  0	       6382891333.3	      42897659.6855	     -2080117376.68	                  0
                  0	                  0	      42897659.6864	      838401678.134	      54488469.6862	                  0
                  0	                  0	     -2080117376.68	      54488469.6869	       3611834577.8	                  0
     -25309032.6363	      79415817.9272	                  0	                  0	                  0	      183942445.745

Compliance matrix w.r.t. to the cross section reference point 
F=
  2.29047094326e-09	  -4.4695532305e-10	                 -0	                  0	                 -0	  5.08120494074e-10
 -4.46955323039e-10	  1.31767774481e-08	                  0	                  0	                  0	 -5.75047570591e-09
                  0	                  0	  1.93112491215e-10	 -1.71256625694e-11	  1.11475149569e-10	                 -0
                  0	                  0	 -1.71256625694e-11	  1.19543503301e-09	 -2.78974055112e-11	                 -0
                  0	                  0	  1.11475149568e-10	 -2.78974055113e-11	  3.41488918181e-10	                 -0
  5.08120494063e-10	  -5.7504757059e-09	                  0	                  0	                  0	  7.98912270557e-09

Mass matrix w.r.t. to the cross section reference point 
M=
      234.258500889	                  0	                  0	                  0	                  0	     -6.18629210884
                  0	      234.258500889	                  0	                  0	                  0	      25.2227642901
                  0	                  0	      234.258500889	      6.18629210884	     -25.2227642901	                  0
                 -0	                 -0	      6.18629210884	      22.3068615066	       3.9826810706	                  0
                 -0	                 -0	     -25.2227642901	       3.9826810706	      171.831461428	                  0
     -6.18629210884	      25.2227642901	                 -0	                  0	                  0	      194.138322935

Shear center;
ShearX=     0.719788131667 
ShearY=    0.0636015383402 

Elastic center:
ElasticX=     0.325889517471 
ElasticY=    0.0067207253651 

Orientation of principle axis w.r.t. reference center:
alpha_p=     -1.12508729291o or    -0.0196364776337rad 

Orientation of principle axis w.r.t. elastic center:
alpha_p=     -1.86912832627o or    -0.0326224434357rad 

Mass center:
MassX=     0.107670646719 
MassY=    0.0264079727539 

Mass per unit length:
Mass=      234.258500889 

Mass moments of inertia:
Ixx=      22.3068615066 
Iyy=      171.831461428 
Ixy=      -3.9826810706 

Area center:
AreaX=     0.143270609231 
AreaY=    0.0380338478215 

Area per unit length:
Area=     0.280346329474 
Area moments:
Ixx=    0.0106626496325 
Iyy=    0.0401653894193 
Ixy=  -0.00335744023767 

Stiffness matrix with respect to shear center:
      442982826.658	      3980833.34745	                  0	                  0	                  0	  -0.00062245875597
      3980833.34726	      110683965.944	                  0	                  0	                  0	  0.000118259747978
                  0	                  0	       6382891333.3	     -363064048.171	      2514212050.74	                  0
                  0	                  0	      -363064048.17	      858764752.966	      -74542058.136	                  0
                  0	                  0	      2514212050.75	     -74542058.1364	      3924290772.21	                  0
 -3.72529029846e-09	  1.27183739096e-08	                  0	                  0	                  0	      125170189.125

Stiffness matrix with respect to the elastic center:
      442982826.658	      3980833.34745	                  0	                  0	                  0	     -23629178.5761
      3980833.34726	      110683965.944	                  0	                  0	                  0	      43371827.7619
                  0	                  0	       6382891333.3	 -0.000826202332973	  -0.00707983970642	                  0
                  0	                  0	  3.79979610443e-07	      838113374.744	      68468367.3021	                  0
                  0	                  0	  1.57356262207e-05	      68468367.3024	      2933946129.63	                  0
     -23629178.5755	      43371827.7618	                  0	                  0	                  0	      143598338.863

Stiffness matrix rotated along principle axis:
      442698412.688	      10501265.7005	                  0	                  0	                  0	      -26863500.039
      10501265.7003	      110968379.914	                  0	                  0	                  0	      78903559.0816
                  0	                  0	       6382891333.3	      83732942.8753	     -2078874047.24	                  0
                  0	                  0	       83732942.876	      837331578.973	 -0.000620001927018	                  0
                  0	                  0	     -2078874047.23	 -1.21784986585e-08	      3612904676.96	                  0
     -26863500.0385	      78903559.0814	                  0	                  0	                  0	      183942445.745

Stiffness matrix at the elastic center rotated along principle axis:
      442369766.943	      14805074.7066	                  0	                  0	                  0	     -25031250.3742
      14805074.7064	       111297025.66	                  0	                  0	                  0	      42578046.3184
                  0	                  0	       6382891333.3	 -0.000594842033144	    -0.007103020732	                  0
                  0	                  0	 -1.33466093975e-07	      835878976.615	  -0.00030293315649	                  0
                  0	                  0	   1.5739647514e-05	  2.73337807204e-08	      2936180527.76	                  0
     -25031250.3736	      42578046.3183	                  0	                  0	                  0	      143598338.863

Mass matrix with respect to mass center
      234.258500889	                  0	                  0	                  0	                  0	                  0
                  0	      234.258500889	                  0	                  0	                  0	                  0
                  0	                  0	      234.258500889	                  0	                  0	                  0
                  0	                  0	                  0	      22.1434940731	      4.64876314275	                  0
                  0	                  0	                  0	      4.64876314275	      169.115710085	                  0
                  0	                  0	                  0	                  0	                  0	      191.259204158
