********************************
*                              *
*          BECAS 2.3           *
*              by              *
*     becas-dtuwind@dtu.dk     *
*                              *
*   A cross section analysis   *
*   program for anisotropic    *
*   beams with arbitrary       *
*   geometry.                  *
*                              *
*     (c)DTU Wind Energy       *
********************************


Output generated on the (yyyy.mm.dd) 2017. 8. 9 at (hh.mm.ss) 12.49. 1  
The input folder: is C:\Users\wentingmann\Documents\MATLAB\SBref_BECAS_Project\BECAS_outputs_80_sec_TP\BL_042_BCS 

Stiffness matrix w.r.t. to the cross section reference point 
K=
      490456481.596	       10751669.684	                  0	                  0	                  0	     -37673887.1874
      10751669.6839	       140566411.62	                  0	                  0	                  0	      1962744.51277
                  0	                  0	      7017927747.96	      23880796.6903	      1608971424.08	                  0
                  0	                  0	      23880796.6904	      1112536247.65	      87757052.2707	                  0
                  0	                  0	      1608971424.08	      87757052.2706	      3934007278.17	                  0
     -37673887.1874	      1962744.51279	                  0	                  0	                  0	      207854659.722

Compliance matrix w.r.t. to the cross section reference point 
F=
   2.0714645545e-09	 -1.63706672428e-10	                  0	                  0	                 -0	  3.77001104603e-10
 -1.63706672427e-10	  7.12795081075e-09	                  0	                  0	                  0	  -9.6980327874e-11
                  0	                  0	  1.57239036136e-10	  1.70055322352e-12	 -6.43471995679e-11	                 -0
                  0	                  0	  1.70055322352e-12	  9.00449911863e-10	 -2.07821098802e-11	                 -0
                  0	                  0	  -6.4347199568e-11	 -2.07821098801e-11	  2.80974717093e-10	                 -0
  3.77001104603e-10	 -9.69803278747e-11	                  0	                  0	                  0	  4.88030167834e-09

Mass matrix w.r.t. to the cross section reference point 
M=
       258.23484173	                  0	                  0	                  0	                  0	     -6.57262659773
                  0	       258.23484173	                  0	                  0	                  0	     -117.818156486
                  0	                  0	       258.23484173	      6.57262659773	      117.818156486	                  0
                 -0	                 -0	      6.57262659773	      29.7614657837	      8.55293899408	                  0
                 -0	                 -0	      117.818156486	      8.55293899408	       260.64720636	                  0
     -6.57262659773	     -117.818156486	                 -0	                  0	                  0	      290.408672144

Shear center;
ShearX=    0.0198717895464 
ShearY=    0.0772495491983 

Elastic center:
ElasticX=    -0.229265886151 
ElasticY=   0.00340282737982 

Orientation of principle axis w.r.t. reference center:
alpha_p=     -1.77979429495o or     -0.031063270455rad 

Orientation of principle axis w.r.t. elastic center:
alpha_p=     -1.91927809182o or    -0.0334977219636rad 

Mass center:
MassX=    -0.456244229851 
MassY=    0.0254521293629 

Mass per unit length:
Mass=       258.23484173 

Mass moments of inertia:
Ixx=      29.7614657837 
Iyy=       260.64720636 
Ixy=     -8.55293899408 

Area center:
AreaX=    -0.423094041757 
AreaY=    0.0395186321447 

Area per unit length:
Area=     0.310594290265 
Area moments:
Ixx=    0.0122742615032 
Iyy=    -0.131410593615 
Ixy=   -0.0106965006686 

Stiffness matrix with respect to shear center:
      490456481.596	       10751669.684	                  0	                  0	                  0	 -9.49949026108e-06
      10751669.6839	       140566411.62	                  0	                  0	                  0	 -1.90066639334e-05
                  0	                  0	      7017927747.96	     -518250958.146	      1748430207.34	                  0
                  0	                  0	     -518250958.145	      1150726119.75	     -46833838.8848	                  0
                  0	                  0	      1748430207.34	     -46833838.8851	      4000724856.81	                  0
                  0	 -2.32830643654e-10	                  0	                  0	                  0	      204905365.674

Stiffness matrix with respect to the elastic center:
      490456481.596	       10751669.684	                  0	                  0	                  0	     -33539957.3655
      10751669.6839	       140566411.62	                  0	                  0	                  0	       34226413.512
                  0	                  0	      7017927747.96	 -0.000122379511595	  -0.00203728675842	                  0
                  0	                  0	 -5.96046447754e-08	      1112454985.42	      82282000.2555	                  0
                  0	                  0	 -3.09944152832e-06	      82282000.2554	      3565125018.84	                  0
     -33539957.3655	       34226413.512	                  0	                  0	                  0	      215909270.685

Stiffness matrix rotated along principle axis:
       489451437.44	      21592666.7458	                  0	                  0	                  0	     -37716671.8367
      21592666.7458	      141571455.776	                  0	                  0	                  0	      791711.685486
                  0	                  0	      7017927747.96	     -26102601.0555	      1608936913.05	                  0
                  0	                  0	     -26102601.0554	      1109809349.45	   0.00013629347086	                  0
                  0	                  0	      1608936913.05	  1.17534716184e-09	      3936734176.36	                  0
     -37716671.8367	      791711.685501	                  0	                  0	                  0	      207854659.722

Stiffness matrix at the elastic center rotated along principle axis:
       489344243.53	      22439304.4062	                  0	                  0	                  0	     -34667434.0562
      22439304.4061	      141678649.686	                  0	                  0	                  0	      33083910.5599
                  0	                  0	      7017927747.96	 -5.40791538632e-05	  -0.00204024251647	                  0
                  0	                  0	  4.42336080368e-08	      1109697694.46	  0.000115163624287	                  0
                  0	                  0	 -3.09969899975e-06	 -2.26268280105e-09	       3567882309.8	                  0
     -34667434.0562	      33083910.5599	                  0	                  0	                  0	      215909270.685

Mass matrix with respect to mass center
       258.23484173	                  0	                  0	                  0	                  0	                  0
                  0	       258.23484173	                  0	                  0	                  0	                  0
                  0	                  0	       258.23484173	                  0	                  0	                  0
                  0	                  0	                  0	      29.5941784413	       5.5542160339	                  0
                  0	                  0	                  0	       5.5542160339	      206.893352292	                  0
                  0	                  0	                  0	                  0	                  0	      236.487530733
