********************************
*                              *
*          BECAS 2.3           *
*              by              *
*     becas-dtuwind@dtu.dk     *
*                              *
*   A cross section analysis   *
*   program for anisotropic    *
*   beams with arbitrary       *
*   geometry.                  *
*                              *
*     (c)DTU Wind Energy       *
********************************


Output generated on the (yyyy.mm.dd) 2017. 8. 9 at (hh.mm.ss) 12.51.50  
The input folder: is C:\Users\wentingmann\Documents\MATLAB\SBref_BECAS_Project\BECAS_outputs_80_sec_TP\BL_053_BCS 

Stiffness matrix w.r.t. to the cross section reference point 
K=
      374391874.195	      6677111.26551	                  0	                  0	                  0	     -35295739.2161
      6677111.26542	      87088110.5556	                  0	                  0	                  0	      350899.905263
                  0	                  0	      4753937538.96	      44241413.5059	      1099099299.18	                  0
                  0	                  0	      44241413.5053	      372994196.835	       56014091.789	                  0
                  0	                  0	      1099099299.18	       56014091.789	      1976328171.01	                  0
     -35295739.2162	      350899.905232	                  0	                  0	                  0	      75347595.9319

Compliance matrix w.r.t. to the cross section reference point 
F=
  2.79860785809e-09	  -2.1985775986e-10	                  0	                  0	                 -0	  1.31200046892e-09
 -2.19857759858e-10	  1.15001111015e-08	                  0	                  0	                  0	 -1.56546866648e-10
                  0	                  0	  2.41415744558e-10	 -8.50867159301e-12	 -1.34017858991e-10	                 -0
                  0	                  0	 -8.50867159261e-12	  2.69276672505e-09	 -7.15878109688e-11	                 -0
                  0	                  0	 -1.34017858991e-10	 -7.15878109685e-11	  5.82549435865e-10	                 -0
  1.31200046892e-09	 -1.56546866645e-10	                  0	                  0	                  0	  1.38871445829e-08

Mass matrix w.r.t. to the cross section reference point 
M=
      184.527431277	                  0	                  0	                  0	                  0	     -5.55271187153
                  0	      184.527431277	                  0	                  0	                  0	     -75.4404673548
                  0	                  0	      184.527431277	      5.55271187153	      75.4404673548	                  0
                 -0	                 -0	      5.55271187153	      10.4369249376	       4.8344314905	                  0
                 -0	                 -0	      75.4404673548	       4.8344314905	      131.969569246	                  0
     -5.55271187153	     -75.4404673548	                 -0	                  0	                  0	      142.406494183

Shear center;
ShearX=    0.0112727901484 
ShearY=     0.094475898993 

Elastic center:
ElasticX=    -0.231197673543 
ElasticY=   0.00930626730847 

Orientation of principle axis w.r.t. reference center:
alpha_p=     -1.99843795967o or     -0.034879322293rad 

Orientation of principle axis w.r.t. elastic center:
alpha_p=     -1.94074933296o or     -0.033872465816rad 

Mass center:
MassX=    -0.408830637444 
MassY=    0.0300915253256 

Mass per unit length:
Mass=      184.527431277 

Mass moments of inertia:
Ixx=      10.4369249376 
Iyy=      131.969569246 
Ixy=      -4.8344314905 

Area center:
AreaX=    -0.362092962888 
AreaY=    0.0419351415952 

Area per unit length:
Area=     0.220111632517 
Area moments:
Ixx=   0.00923041247634 
Iyy=    -0.079700873184 
Ixy=  -0.00611844893512 

Stiffness matrix with respect to shear center:
      374391874.195	      6677111.26551	                  0	                  0	                  0	  5.55813312531e-05
      6677111.26542	      87088110.5556	                  0	                  0	                  0	  2.22537200898e-05
                  0	                  0	      4753937538.96	     -404891109.244	      1152689439.43	                  0
                  0	                  0	     -404891109.245	      407066901.061	     -52388555.0908	                  0
                  0	                  0	      1152689439.43	     -52388555.0908	      2001712112.92	                  0
                  0	                  0	                  0	                  0	                  0	      72009043.6178

Stiffness matrix with respect to the elastic center:
      374391874.195	      6677111.26551	                  0	                  0	                  0	     -30267815.7662
      6677111.26542	      87088110.5556	                  0	                  0	                  0	      20547607.4413
                  0	                  0	      4753937538.96	  0.000621922314167	  0.000469446182251	                  0
                  0	                  0	 -4.61935997009e-07	      372582474.415	      45785579.9123	                  0
                  0	                  0	 -1.71661376953e-05	      45785579.9122	      1722218970.05	                  0
     -30267815.7663	      20547607.4412	                  0	                  0	                  0	      79569130.2425

Stiffness matrix rotated along principle axis:
      373577083.049	      16673706.6424	                  0	                  0	                  0	     -35286508.2441
      16673706.6423	       87902901.702	                  0	                  0	                  0	     -880155.381049
                  0	                  0	      4753937538.96	      5886438.76886	      1099973600.57	                  0
                  0	                  0	      5886438.76825	      371039670.606	   6.6515058279e-06	                  0
                  0	                  0	      1099973600.57	 -1.80491866119e-09	      1978282697.24	                  0
     -35286508.2442	     -880155.381082	                  0	                  0	                  0	      75347595.9319

Stiffness matrix at the elastic center rotated along principle axis:
       373610369.48	      16386040.1308	                  0	                  0	                  0	     -30946318.6755
      16386040.1307	      87869615.2706	                  0	                  0	                  0	      19510771.4672
                  0	                  0	      4753937538.96	  0.000605667309654	  0.000490238914108	                  0
                  0	                  0	  1.19677207055e-07	      371031010.525	  0.000146029517055	                  0
                  0	                  0	 -1.71719348242e-05	  3.97985790335e-09	      1723770433.94	                  0
     -30946318.6756	      19510771.4672	                  0	                  0	                  0	      79569130.2425

Mass matrix with respect to mass center
      184.527431277	                  0	                  0	                  0	                  0	                  0
                  0	      184.527431277	                  0	                  0	                  0	                  0
                  0	                  0	      184.527431277	                  0	                  0	                  0
                  0	                  0	                  0	      10.2698353677	      2.56431275652	                  0
                  0	                  0	                  0	      2.56431275652	      101.127194888	                  0
                  0	                  0	                  0	                  0	                  0	      111.397030255
