********************************
*                              *
*          BECAS 2.3           *
*              by              *
*     becas-dtuwind@dtu.dk     *
*                              *
*   A cross section analysis   *
*   program for anisotropic    *
*   beams with arbitrary       *
*   geometry.                  *
*                              *
*     (c)DTU Wind Energy       *
********************************


Output generated on the (yyyy.mm.dd) 2017.11.20 at (hh.mm.ss) 13.47.52  
The input folder: is C:\Users\wentingmann\Documents\MATLAB\SBref_BECAS_Project\BECAS_outputs_81_82_83_c2\BL_0083_BCS 

Stiffness matrix w.r.t. to the cross section reference point 
K=
       502653.50654	     -4940.99032904	                  0	                  0	                  0	     -2032.68171469
     -4940.99032869	      29115.8487352	                  0	                  0	                  0	      1067.76414395
                  0	                  0	      4354700.06313	      11246.8576284	     -30419.7869354	                  0
                  0	                  0	      11246.8576283	      256.706925545	     -55.6839907013	                  0
                  0	                  0	     -30419.7869349	     -55.6839907038	      3117.99863754	                  0
     -2032.68171468	      1067.76414396	                  0	                  0	                  0	       116.98602551

Compliance matrix w.r.t. to the cross section reference point 
F=
  2.18450608874e-06	 -1.53511079832e-06	                 -0	                  0	                 -0	  5.19681032256e-05
 -1.53511079834e-06	  5.27048108452e-05	                  0	                  0	                  0	 -0.000507724735713
                  0	                  0	  2.77016859967e-07	 -1.15953515887e-05	  2.49554900826e-06	                 -0
                  0	                  0	 -1.15953515886e-05	   0.00439599965617	 -3.46187838216e-05	                 -0
                  0	                  0	  2.49554900821e-06	 -3.46187838171e-05	  0.000344447346497	                 -0
  5.19681032257e-05	 -0.000507724735715	                  0	                  0	                  0	    0.0140851428518

Mass matrix w.r.t. to the cross section reference point 
M=
      0.22256903159	                  0	                  0	                  0	                  0	 -0.000492858559982
                  0	      0.22256903159	                  0	                  0	                  0	   0.00122249210487
                  0	                  0	      0.22256903159	  0.000492858559982	  -0.00122249210487	                  0
                 -0	                 -0	  0.000492858559982	  9.07254875574e-06	 -5.10274833866e-08	                  0
                 -0	                 -0	  -0.00122249210487	 -5.10274833866e-08	  0.000241179357996	                  0
 -0.000492858559982	   0.00122249210487	                 -0	                  0	                  0	  0.000250251906752

Shear center;
ShearX=    0.0360468289926 
ShearY=   0.00368956877275 

Elastic center:
ElasticX=   0.00698550680731 
ElasticY=   0.00258269397784 

Orientation of principle axis w.r.t. reference center:
alpha_p=       1.1144784652o or     0.0194513186603rad 

Orientation of principle axis w.r.t. elastic center:
alpha_p=    -0.489520312081o or   -0.00854374120121rad 

Mass center:
MassX=   0.00549264242263 
MassY=   0.00221440762204 

Mass per unit length:
Mass=      0.22256903159 

Mass moments of inertia:
Ixx=  9.07254875574e-06 
Iyy=  0.000241179357996 
Ixy=  5.10274833866e-08 

Area center:
AreaX=    0.0091503655075 
AreaY=   0.00220068283989 

Area per unit length:
Area=  0.000154093998214 
Area moments:
Ixx=  3.39112017599e-07 
Iyy=  1.41001640617e-06 
Ixy=  1.20928152547e-09 

Stiffness matrix with respect to shear center:
       502653.50654	     -4940.99032904	                  0	                  0	                  0	  5.86669557379e-09
     -4940.99032869	      29115.8487352	                  0	                  0	                  0	 -3.97398025598e-09
                  0	                  0	      4354700.06313	     -4820.10773922	      126553.341554	                  0
                  0	                  0	     -4820.10773931	      232.994989844	     -117.197694156	                  0
                  0	                  0	      126553.341555	     -117.197694156	      6583.30844136	                  0
  2.27373675443e-13	  1.66977542904e-13	                  0	                  0	                  0	      70.9967950288

Stiffness matrix with respect to the elastic center:
       502653.50654	     -4940.99032904	                  0	                  0	                  0	     -699.966208828
     -4940.99032869	      29115.8487352	                  0	                  0	                  0	      851.614118445
                  0	                  0	      4354700.06313	  9.64100763667e-08	 -6.06811227044e-07	                  0
                  0	                  0	 -1.16961018648e-09	      227.659734079	      22.8810098237	                  0
                  0	                  0	 -1.47967512021e-07	      22.8810098207	      2905.50100882	                  0
     -699.966208824	       851.61411845	                  0	                  0	                  0	      96.5206022564

Stiffness matrix rotated along principle axis:
       502282.19529	     -14145.8606437	                  0	                  0	                  0	     -2011.52907944
     -14145.8606434	      29487.1599859	                  0	                  0	                  0	      1107.09800058
                  0	                  0	      4354700.06313	      10653.0623922	     -30632.7848126	                  0
                  0	                  0	      10653.0623921	      255.623661875	  2.48937936931e-09	                  0
                  0	                  0	     -30632.7848122	  1.45708552614e-14	      3119.08190121	                  0
     -2011.52907944	      1107.09800058	                  0	                  0	                  0	       116.98602551

Stiffness matrix at the elastic center rotated along principle axis:
      502703.366234	     -894.682688834	                  0	                  0	                  0	       -707.2165439
      -894.68268848	       29065.989042	                  0	                  0	                  0	      845.602779247
                  0	                  0	      4354700.06313	  1.01590932645e-07	  -6.0596538721e-07	                  0
                  0	                  0	  9.46132502498e-11	      227.464239896	  2.99277624904e-09	                  0
                  0	                  0	 -1.47972104297e-07	  4.64167600765e-15	        2905.696503	                  0
     -707.216543895	      845.602779252	                  0	                  0	                  0	      96.5206022564

Mass matrix with respect to mass center
      0.22256903159	                  0	                  0	                  0	                  0	                  0
                  0	      0.22256903159	                  0	                  0	                  0	                  0
                  0	                  0	      0.22256903159	                  0	                  0	                  0
                  0	                  0	                  0	  7.98115900392e-06	  2.65606835153e-06	                  0
                  0	                  0	                  0	  2.65606835153e-06	  0.000234464645999	                  0
                  0	                  0	                  0	                  0	                  0	  0.000242445805003
