********************************
*                              *
*          BECAS 2.3           *
*              by              *
*     becas-dtuwind@dtu.dk     *
*                              *
*   A cross section analysis   *
*   program for anisotropic    *
*   beams with arbitrary       *
*   geometry.                  *
*                              *
*     (c)DTU Wind Energy       *
********************************


Output generated on the (yyyy.mm.dd) 2017. 8. 9 at (hh.mm.ss) 12.53. 1  
The input folder: is C:\Users\wentingmann\Documents\MATLAB\SBref_BECAS_Project\BECAS_outputs_80_sec_TP\BL_058_BCS 

Stiffness matrix w.r.t. to the cross section reference point 
K=
      265624942.089	     -5880282.45688	                  0	                  0	                  0	     -10584387.7615
     -5880282.45682	      68852485.7636	                  0	                  0	                  0	      3583083.09288
                  0	                  0	      3780674292.58	      30880127.0004	      788676116.279	                  0
                  0	                  0	      30880127.0001	      219655429.653	       31452259.464	                  0
                  0	                  0	      788676116.278	      31452259.4642	      1292976427.76	                  0
     -10584387.7615	      3583083.09288	                  0	                  0	                  0	      42197043.0158

Compliance matrix w.r.t. to the cross section reference point 
F=
  3.80795685929e-09	  2.76731374733e-10	                  0	                  0	                 -0	  9.31661027838e-10
  2.76731374729e-10	   1.4608378261e-08	                  0	                  0	                  0	 -1.17102994556e-09
                  0	                  0	  3.03123895874e-10	 -1.61957697542e-11	 -1.84502345345e-10	                 -0
                  0	                  0	 -1.61957697539e-11	  4.56936299276e-09	 -1.01272978248e-10	                 -0
                  0	                  0	 -1.84502345345e-10	 -1.01272978249e-10	  8.88413611029e-10	                 -0
  9.31661027841e-10	 -1.17102994556e-09	                  0	                  0	                  0	  2.40314696648e-08

Mass matrix w.r.t. to the cross section reference point 
M=
      147.505941754	                  0	                  0	                  0	                  0	     -3.60307659373
                  0	      147.505941754	                  0	                  0	                  0	     -49.4957255344
                  0	                  0	      147.505941754	      3.60307659373	      49.4957255344	                  0
                 -0	                 -0	      3.60307659373	      6.22540318405	      2.47939689701	                  0
                 -0	                 -0	      49.4957255344	      2.47939689701	      82.8871974217	                  0
     -3.60307659373	     -49.4957255344	                 -0	                  0	                  0	      89.1126006057

Shear center;
ShearX=    0.0487290191524 
ShearY=    0.0387683750031 

Elastic center:
ElasticX=     -0.20860726295 
ElasticY=   0.00816788874426 

Orientation of principle axis w.r.t. reference center:
alpha_p=      -1.6770590446o or    -0.0292702020786rad 

Orientation of principle axis w.r.t. elastic center:
alpha_p=     -1.57477540692o or    -0.0274850158302rad 

Mass center:
MassX=    -0.335550723895 
MassY=    0.0244266539428 

Mass per unit length:
Mass=      147.505941754 

Mass moments of inertia:
Ixx=      6.22540318405 
Iyy=      82.8871974217 
Ixy=     -2.47939689701 

Area center:
AreaX=    -0.307692822275 
AreaY=    0.0434098526584 

Area per unit length:
Area=     0.183340248242 
Area moments:
Ixx=   0.00795877316252 
Iyy=    -0.056412478418 
Ixy=  -0.00402511987627 

Stiffness matrix with respect to shear center:
      265624942.089	     -5880282.45688	                  0	                  0	                  0	  3.34773212671e-05
     -5880282.45682	      68852485.7636	                  0	                  0	                  0	  6.77531352267e-06
                  0	                  0	      3780674292.58	     -115690471.739	      972904666.291	                  0
                  0	                  0	     -115690471.739	      222943388.902	     -4760915.18098	                  0
                  0	                  0	       972904666.29	     -4760915.18071	      1378816531.45	                  0
  1.86264514923e-09	 -4.94765117764e-10	                  0	                  0	                  0	      41612103.3772

Stiffness matrix with respect to the elastic center:
      265624942.089	     -5880282.45688	                  0	                  0	                  0	     -9641462.41553
     -5880282.45682	      68852485.7636	                  0	                  0	                  0	      17898182.2024
                  0	                  0	      3780674292.58	  0.000376809388399	  0.000596404075623	                  0
                  0	                  0	  4.91738319397e-07	      219403204.212	       25010440.691	                  0
                  0	                  0	  2.21729278564e-05	      25010440.6911	      1128452861.79	                  0
     -9641462.41555	      17898182.2024	                  0	                  0	                  0	      46512988.4797

Stiffness matrix rotated along principle axis:
      265800443.995	     -113929.062127	                  0	                  0	                  0	     -10684716.6173
     -113929.062068	      68676983.8581	                  0	                  0	                  0	      3271785.37574
                  0	                  0	      3780674292.58	      7785486.59642	      789242031.845	                  0
                  0	                  0	      7785486.59606	      218734552.662	 -0.000229707919061	                  0
                  0	                  0	      789242031.844	 -5.44939372138e-09	      1293897304.75	                  0
     -10684716.6173	      3271785.37574	                  0	                  0	                  0	      42197043.0158

Stiffness matrix at the elastic center rotated along principle axis:
      265799409.016	     -465829.678595	                  0	                  0	                  0	     -10129690.8258
     -465829.678537	      68678018.8366	                  0	                  0	                  0	      17626459.8668
                  0	                  0	      3780674292.58	  0.000360276959845	  0.000606534128314	                  0
                  0	                  0	 -1.17793951883e-07	      218715618.704	 -0.000155890360475	                  0
                  0	                  0	  2.21780671134e-05	  1.49992241729e-09	      1129140447.29	                  0
     -10129690.8258	      17626459.8668	                  0	                  0	                  0	      46512988.4797

Mass matrix with respect to mass center
      147.505941754	                  0	                  0	                  0	                  0	                  0
                  0	      147.505941754	                  0	                  0	                  0	                  0
                  0	                  0	      147.505941754	                  0	                  0	                  0
                  0	                  0	                  0	      6.13739207896	      1.27038193773	                  0
                  0	                  0	                  0	      1.27038193773	      66.2788708889	                  0
                  0	                  0	                  0	                  0	                  0	      72.4162629679
