********************************
*                              *
*          BECAS 2.3           *
*              by              *
*     becas-dtuwind@dtu.dk     *
*                              *
*   A cross section analysis   *
*   program for anisotropic    *
*   beams with arbitrary       *
*   geometry.                  *
*                              *
*     (c)DTU Wind Energy       *
********************************


Output generated on the (yyyy.mm.dd) 2017. 8. 9 at (hh.mm.ss) 10.37. 2  
The input folder: is C:\Users\wentingmann\Documents\MATLAB\SBref_BECAS_Project\BECAS_outputs_80_sec_c2\BL_044_BCS 

Stiffness matrix w.r.t. to the cross section reference point 
K=
      459385380.972	      10591831.2185	                  0	                  0	                  0	     -31221852.8726
      10591831.2187	      128572261.454	                  0	                  0	                  0	       72487922.212
                  0	                  0	      6591593292.76	      37772573.1643	     -2193810766.88	                  0
                  0	                  0	      37772573.1599	      917841100.126	      59921639.4532	                  0
                  0	                  0	     -2193810766.86	      59921639.4498	      3860215291.62	                  0
     -31221852.8718	      72487922.2124	                  0	                  0	                  0	      211591898.776

Compliance matrix w.r.t. to the cross section reference point 
F=
  2.22019956881e-09	 -4.55599222088e-10	                 -0	                  0	                 -0	  4.83686690501e-10
 -4.55599222085e-10	  9.73306019438e-09	                  0	                  0	                  0	  -3.4016139857e-09
                  0	                  0	  1.87294138693e-10	 -1.46718098696e-11	   1.0666945386e-10	                 -0
                  0	                  0	  -1.4671809869e-11	  1.09176778404e-09	 -2.52855560139e-11	                 -0
                  0	                  0	  1.06669453859e-10	 -2.52855560132e-11	  3.20067057147e-10	                 -0
  4.83686690492e-10	 -3.40161398571e-09	                  0	                  0	                  0	    5.962787479e-09

Mass matrix w.r.t. to the cross section reference point 
M=
      241.901641684	                  0	                  0	                  0	                  0	     -6.28317486221
                  0	      241.901641684	                  0	                  0	                  0	      27.0397208023
                  0	                  0	      241.901641684	      6.28317486221	     -27.0397208023	                  0
                 -0	                 -0	      6.28317486221	      24.4529226778	      4.21400707254	                  0
                 -0	                 -0	     -27.0397208023	      4.21400707254	      183.466322744	                  0
     -6.28317486221	      27.0397208023	                 -0	                  0	                  0	      207.919245422

Shear center;
ShearX=     0.570473792281 
ShearY=    0.0811175464824 

Elastic center:
ElasticX=     0.332819497415 
ElasticY=   0.00573041622598 

Orientation of principle axis w.r.t. reference center:
alpha_p=     -1.16618763618o or    -0.0203538139474rad 

Orientation of principle axis w.r.t. elastic center:
alpha_p=     -1.87467375796o or    -0.0327192294772rad 

Mass center:
MassX=     0.111779815193 
MassY=    0.0259740893798 

Mass per unit length:
Mass=      241.901641684 

Mass moments of inertia:
Ixx=      24.4529226778 
Iyy=      183.466322744 
Ixy=     -4.21400707254 

Area center:
AreaX=     0.146693671912 
AreaY=    0.0382701569417 

Area per unit length:
Area=     0.290442853389 
Area moments:
Ixx=    0.0111152935818 
Iyy=    0.0426061286442 
Ixy=  -0.00346935711624 

Stiffness matrix with respect to shear center:
      459385380.972	      10591831.2185	                  0	                  0	                  0	 -0.000702604651451
      10591831.2187	      128572261.454	                  0	                  0	                  0	 -0.000360209844075
                  0	                  0	      6591593292.76	     -496921302.154	      1566520456.02	                  0
                  0	                  0	     -496921302.159	      955086118.493	     -45602393.3988	                  0
                  0	                  0	      1566520456.04	     -45602393.4012	      3502362609.14	                  0
  7.45058059692e-09	 -8.84756445885e-09	                  0	                  0	                  0	      167706798.795

Stiffness matrix with respect to the elastic center:
      459385380.972	      10591831.2185	                  0	                  0	                  0	     -32114551.3744
      10591831.2187	      128572261.454	                  0	                  0	                  0	       29757262.375
                  0	                  0	      6591593292.76	   0.00440387427807	   -0.0191206932068	                  0
                  0	                  0	 -1.92224979401e-06	       917624647.56	      72493088.2684	                  0
                  0	                  0	 -8.20159912109e-05	      72493088.2664	      3130072294.77	                  0
     -32114551.3736	      29757262.3754	                  0	                  0	                  0	       177199763.87

Stiffness matrix rotated along principle axis:
      458817302.133	      17314505.7106	                  0	                  0	                  0	     -32690689.6495
      17314505.7108	      129140340.293	                  0	                  0	                  0	      71837467.7564
                  0	                  0	      6591593292.76	      82414082.4313	     -2192587596.24	                  0
                  0	                  0	      82414082.4265	      916621297.775	    0.0033552646637	                  0
                  0	                  0	     -2192587596.22	  3.48731364377e-09	      3861435093.97	                  0
     -32690689.6487	      71837467.7568	                  0	                  0	                  0	      211591898.776

Stiffness matrix at the elastic center rotated along principle axis:
      458338737.472	      21385388.1697	                  0	                  0	                  0	      -33070823.809
      21385388.1699	      129618904.953	                  0	                  0	                  0	      28690759.6036
                  0	                  0	      6591593292.76	   0.00502701993875	   -0.0189663936451	                  0
                  0	                  0	  7.61800304787e-07	      915251882.789	   0.00199804827571	                  0
                  0	                  0	 -8.20349774113e-05	  1.54475043465e-08	      3132445059.54	                  0
     -33070823.8082	       28690759.604	                  0	                  0	                  0	       177199763.87

Mass matrix with respect to mass center
      241.901641684	                  0	                  0	                  0	                  0	                  0
                  0	      241.901641684	                  0	                  0	                  0	                  0
                  0	                  0	      241.901641684	                  0	                  0	                  0
                  0	                  0	                  0	      24.2897229323	      4.91633919746	                  0
                  0	                  0	                  0	      4.91633919746	       180.44382775	                  0
                  0	                  0	                  0	                  0	                  0	      204.733550682
