********************************
*                              *
*          BECAS 2.3           *
*              by              *
*     becas-dtuwind@dtu.dk     *
*                              *
*   A cross section analysis   *
*   program for anisotropic    *
*   beams with arbitrary       *
*   geometry.                  *
*                              *
*     (c)DTU Wind Energy       *
********************************


Output generated on the (yyyy.mm.dd) 2017. 8. 9 at (hh.mm.ss) 12.54.43  
The input folder: is C:\Users\wentingmann\Documents\MATLAB\SBref_BECAS_Project\BECAS_outputs_80_sec_TP\BL_066_BCS 

Stiffness matrix w.r.t. to the cross section reference point 
K=
      191650134.101	     -3005475.48971	                  0	                  0	                  0	     -8437565.85825
     -3005475.48967	      48447302.0683	                  0	                  0	                  0	       2046049.7566
                  0	                  0	      2227514343.71	      48826190.2744	      396993176.681	                  0
                  0	                  0	      48826190.2752	       80329585.738	      16432323.0857	                  0
                  0	                  0	      396993176.679	      16432323.0854	      523462639.783	                  0
     -8437565.85826	      2046049.75661	                  0	                  0	                  0	      18239709.9961

Compliance matrix w.r.t. to the cross section reference point 
F=
  5.32881304974e-09	  2.27549970634e-10	                  0	                  0	                 -0	  2.43954714746e-09
   2.2754997063e-10	  2.07489522074e-08	                  0	                  0	                  0	 -2.22226234733e-09
                  0	                  0	  5.23596500608e-10	 -2.38555815851e-10	 -3.89606050816e-10	                 -0
                  0	                  0	 -2.38555815855e-10	  1.26378580458e-08	 -2.15802097003e-10	                 -0
                  0	                  0	 -3.89606050814e-10	 -2.15802097001e-10	  2.21260694751e-09	                 -0
  2.43954714746e-09	 -2.22226234733e-09	                  0	                  0	                  0	  5.62032345511e-08

Mass matrix w.r.t. to the cross section reference point 
M=
      96.4613470087	                  0	                  0	                  0	                  0	     -2.95013996683
                  0	      96.4613470087	                  0	                  0	                  0	     -25.3581315918
                  0	                  0	      96.4613470087	      2.95013996683	      25.3581315918	                  0
                 -0	                 -0	      2.95013996683	      2.49579250441	      1.26175495683	                  0
                 -0	                 -0	      25.3581315918	      1.26175495683	      37.0448740447	                  0
     -2.95013996683	     -25.3581315918	                 -0	                  0	                  0	      39.5406665491

Shear center;
ShearX=    0.0395397589673 
ShearY=    0.0434058140415 

Elastic center:
ElasticX=    -0.178222500699 
ElasticY=    0.0219195851255 

Orientation of principle axis w.r.t. reference center:
alpha_p=     -2.12076763593o or    -0.0370143779168rad 

Orientation of principle axis w.r.t. elastic center:
alpha_p=     -1.18534243754o or    -0.0206881282987rad 

Mass center:
MassX=    -0.262883863622 
MassY=    0.0305836488741 

Mass per unit length:
Mass=      96.4613470087 

Mass moments of inertia:
Ixx=      2.49579250441 
Iyy=      37.0448740447 
Ixy=     -1.26175495683 

Area center:
AreaX=    -0.259549642288 
AreaY=    0.0473596622926 

Area per unit length:
Area=     0.120027812219 
Area moments:
Ixx=   0.00568447665241 
Iyy=   -0.0311531757261 
Ixy=   -0.0021622810736 

Stiffness matrix with respect to shear center:
      191650134.101	     -3005475.48971	                  0	                  0	                  0	  1.16331502795e-05
     -3005475.48967	      48447302.0683	                  0	                  0	                  0	 -4.80677408632e-06
                  0	                  0	      2227514343.71	     -47860883.1036	      485068556.927	                  0
                  0	                  0	     -47860883.1028	      80287685.7944	     -2691896.69894	                  0
                  0	                  0	      485068556.925	     -2691896.69914	      558339148.124	                  0
                  0	  1.60071067512e-10	                  0	                  0	                  0	      17792570.2673

Stiffness matrix with respect to the elastic center:
      191650134.101	     -3005475.48971	                  0	                  0	                  0	     -4772317.78708
     -3005475.48967	      48447302.0683	                  0	                  0	                  0	      10614570.3075
                  0	                  0	      2227514343.71	 -0.000849083065987	    0.0018624663353	                  0
                  0	                  0	  -5.8114528656e-07	      79259335.9039	      7730397.35518	                  0
                  0	                  0	 -3.37958335876e-05	      7730397.35513	      452709523.075	                  0
     -4772317.78708	      10614570.3075	                  0	                  0	                  0	      20206562.1953

Stiffness matrix rotated along principle axis:
      191676315.064	      2298479.80027	                  0	                  0	                  0	     -8507502.48166
      2298479.80031	      48421121.1051	                  0	                  0	                  0	      1732408.36504
                  0	                  0	      2227514343.71	      34101646.2753	      398528113.072	                  0
                  0	                  0	      34101646.2762	      79721075.5965	  0.000247344374657	                  0
                  0	                  0	       398528113.07	 -4.71036202051e-09	      524071149.924	                  0
     -8507502.48167	      1732408.36504	                  0	                  0	                  0	      18239709.9961

Stiffness matrix at the elastic center rotated along principle axis:
      191713172.071	     -41149.8690885	                  0	                  0	                  0	     -4990876.47897
     -41149.8690499	      48384264.0984	                  0	                  0	                  0	      10513575.5975
                  0	                  0	      2227514343.71	 -0.000887429563287	   0.00184450309657	                  0
                  0	                  0	  1.18101741842e-07	      79099385.6315	  5.45652583241e-05	                  0
                  0	                  0	 -3.38006235106e-05	  1.03929681956e-09	      452869473.347	                  0
     -4990876.47897	      10513575.5975	                  0	                  0	                  0	      20206562.1953

Mass matrix with respect to mass center
      96.4613470087	                  0	                  0	                  0	                  0	                  0
                  0	      96.4613470087	                  0	                  0	                  0	                  0
                  0	                  0	      96.4613470087	                  0	                  0	                  0
                  0	                  0	                  0	      2.40556645953	     0.486210764127	                  0
                  0	                  0	                  0	     0.486210764127	      30.3786304376	                  0
                  0	                  0	                  0	                  0	                  0	      32.7841968971
