********************************
*                              *
*          BECAS 2.3           *
*              by              *
*     becas-dtuwind@dtu.dk     *
*                              *
*   A cross section analysis   *
*   program for anisotropic    *
*   beams with arbitrary       *
*   geometry.                  *
*                              *
*     (c)DTU Wind Energy       *
********************************


Output generated on the (yyyy.mm.dd) 2017. 8. 9 at (hh.mm.ss) 12.41. 7  
The input folder: is C:\Users\wentingmann\Documents\MATLAB\SBref_BECAS_Project\BECAS_outputs_80_sec_TP\BL_019_BCS 

Stiffness matrix w.r.t. to the cross section reference point 
K=
      998130303.828	     -67758677.7264	                  0	                  0	                  0	      61339740.3355
      -67758677.726	      554528928.369	                  0	                  0	                  0	     -36577759.3773
                  0	                  0	      7773493765.89	     -194285317.778	      3023990809.68	                  0
                  0	                  0	     -194285317.925	      7391525841.56	      824017911.261	                  0
                  0	                  0	       3023990810.5	      824017911.614	      15905982575.1	                  0
      61339740.3322	     -36577759.3816	                  0	                  0	                  0	      2956026938.67

Compliance matrix w.r.t. to the cross section reference point 
F=
  1.01137210193e-09	    1.222964909e-10	                  0	                  0	                  0	 -1.94734255446e-11
  1.22296490899e-10	  1.81959378756e-09	                  0	                  0	                 -0	  1.99778384823e-11
                  0	                  0	  1.39240401384e-10	  6.64944538374e-12	 -2.68163852314e-11	                 -0
                  0	                  0	  6.64944538604e-12	  1.36393495609e-10	 -8.33010752227e-12	                 -0
                  0	                  0	 -2.68163852388e-11	  -8.3301075252e-12	  6.83992111255e-11	                 -0
 -1.94734255433e-11	  1.99778384851e-11	                  0	                  0	                  0	  3.38943203233e-10

Mass matrix w.r.t. to the cross section reference point 
M=
      510.375799751	                  0	                  0	                  0	                  0	       4.2982012026
                  0	      510.375799751	                  0	                  0	                  0	     -305.465610373
                  0	                  0	      510.375799751	      -4.2982012026	      305.465610373	                  0
                 -0	                 -0	      -4.2982012026	      353.552324378	      25.9903725672	                  0
                 -0	                 -0	      305.465610373	      25.9903725672	        1475.663047	                  0
       4.2982012026	     -305.465610373	                 -0	                  0	                  0	      1829.21537138

Shear center;
ShearX=   -0.0589415521378 
ShearY=   -0.0574533590216 

Elastic center:
ElasticX=    -0.389013087497 
ElasticY=   -0.0249933072278 

Orientation of principle axis w.r.t. reference center:
alpha_p=       -5.477279276o or    -0.0955965574174rad 

Orientation of principle axis w.r.t. elastic center:
alpha_p=     -6.88379239285o or     -0.120144842279rad 

Mass center:
MassX=     -0.59851115692 
MassY=  -0.00842163990672 

Mass per unit length:
Mass=      510.375799751 

Mass moments of inertia:
Ixx=      353.552324378 
Iyy=        1475.663047 
Ixy=     -25.9903725672 

Area center:
AreaX=    -0.662139808833 
AreaY=   0.00746261674374 

Area per unit length:
Area=     0.708147624081 
Area moments:
Ixx=   0.00528463431651 
Iyy=    -0.468892732434 
Ixy=   -0.0231570502483 

Stiffness matrix with respect to shear center:
      998130303.828	     -67758677.7264	                  0	                  0	                  0	   0.00330524146557
      -67758677.726	      554528928.369	                  0	                  0	                  0	    0.0043281763792
                  0	                  0	      7773493765.89	      252328010.405	      2565809021.58	                  0
                  0	                  0	      252328010.259	      7394860589.21	      982883736.355	                  0
                  0	                  0	       2565809022.4	      982883736.746	      15576511096.9	                  0
 -7.45058059692e-09	 -3.25962901115e-09	                  0	                  0	                  0	      2950346814.63

Stiffness matrix with respect to the elastic center:
      998130303.828	     -67758677.7264	                  0	                  0	                  0	      10034150.5715
      -67758677.726	      554528928.369	                  0	                  0	                  0	      180834764.604
                  0	                  0	      7773493765.89	     0.145656883717	    -0.828310489655	                  0
                  0	                  0	 -0.000511348247528	      7386670008.92	      899597442.622	                  0
                  0	                  0	  -0.00837278366089	      899597442.938	      14729610573.7	                  0
      10034150.5683	      180834764.599	                  0	                  0	                  0	      3010360932.08

Stiffness matrix rotated along principle axis:
      1006964906.27	      -24375118.732	                  0	                  0	                  0	      64551055.3373
     -24375118.7316	       545694325.93	                  0	                  0	                  0	      -30555809.273
                  0	                  0	      7773493765.89	     -482041240.686	      2991638922.73	                  0
                  0	                  0	     -482041240.909	      7312511723.74	    -0.352315187454	                  0
                  0	                  0	      2991638923.53	  1.85265057957e-07	      15984996692.9	                  0
      64551055.3344	     -30555809.2776	                  0	                  0	                  0	      2956026938.67

Stiffness matrix at the elastic center rotated along principle axis:
         1007883246	     -13026893.8214	                  0	                  0	                  0	     -11712315.5072
      -13026893.821	      544775986.194	                  0	                  0	                  0	      180733831.732
                  0	                  0	      7773493765.89	     0.243884872503	    -0.804881583843	                  0
                  0	                  0	  0.000495866330258	      7278064949.01	    -0.315946578979	                  0
                  0	                  0	   -0.0083737148175	  2.77866935472e-07	      14838215633.6	                  0
     -11712315.5099	      180733831.727	                  0	                  0	                  0	      3010360932.08

Mass matrix with respect to mass center
      510.375799751	                  0	                  0	                  0	                  0	                  0
                  0	      510.375799751	                  0	                  0	                  0	                  0
                  0	                  0	      510.375799751	                  0	                  0	                  0
                  0	                  0	                  0	      353.516126476	      28.5628939416	                  0
                  0	                  0	                  0	      28.5628939416	      1292.83847114	                  0
                  0	                  0	                  0	                  0	                  0	      1646.35459761
