********************************
*                              *
*          BECAS 2.3           *
*              by              *
*     becas-dtuwind@dtu.dk     *
*                              *
*   A cross section analysis   *
*   program for anisotropic    *
*   beams with arbitrary       *
*   geometry.                  *
*                              *
*     (c)DTU Wind Energy       *
********************************


Output generated on the (yyyy.mm.dd) 2017. 8. 9 at (hh.mm.ss) 12.53.41  
The input folder: is C:\Users\wentingmann\Documents\MATLAB\SBref_BECAS_Project\BECAS_outputs_80_sec_TP\BL_061_BCS 

Stiffness matrix w.r.t. to the cross section reference point 
K=
      241126563.581	     -5263609.27913	                  0	                  0	                  0	     -10238350.6626
     -5263609.27912	      61156693.4664	                  0	                  0	                  0	      2999724.42073
                  0	                  0	      3105091735.13	      40037150.9261	      631921642.039	                  0
                  0	                  0	      40037150.9261	      150266361.017	      27041093.5326	                  0
                  0	                  0	      631921642.039	      27041093.5325	      945595726.155	                  0
     -10238350.6627	      2999724.42074	                  0	                  0	                  0	      31787160.9772

Compliance matrix w.r.t. to the cross section reference point 
F=
   4.2100741987e-09	  2.97213861665e-10	                  0	                  0	                 -0	  1.32797818318e-09
  2.97213861664e-10	  1.64484612737e-08	                  0	                  0	                  0	 -1.45649595011e-09
                  0	                  0	  3.73195014407e-10	 -5.48363962773e-11	 -2.47830191806e-10	                 -0
                  0	                  0	 -5.48363962771e-11	  6.69733082238e-09	 -1.54876803645e-10	                 -0
                  0	                  0	 -2.47830191806e-10	 -1.54876803645e-10	  1.22758306513e-09	                 -0
  1.32797818319e-09	 -1.45649595011e-09	                  0	                  0	                  0	  3.20244199698e-08

Mass matrix w.r.t. to the cross section reference point 
M=
      127.890780937	                  0	                  0	                  0	                  0	     -3.47444782188
                  0	      127.890780937	                  0	                  0	                  0	      -39.776959771
                  0	                  0	      127.890780937	      3.47444782188	       39.776959771	                  0
                 -0	                 -0	      3.47444782188	      4.48251131433	      1.99523427162	                  0
                 -0	                 -0	       39.776959771	      1.99523427162	      62.9562490977	                  0
     -3.47444782188	      -39.776959771	                 -0	                  0	                  0	      67.4387604121

Shear center;
ShearX=    0.0454807909553 
ShearY=    0.0414676732455 

Elastic center:
ElasticX=    -0.203511424442 
ElasticY=    0.0128940315911 

Orientation of principle axis w.r.t. reference center:
alpha_p=     -1.94505468106o or    -0.0339476083158rad 

Orientation of principle axis w.r.t. elastic center:
alpha_p=     -1.62060843338o or    -0.0282849530481rad 

Mass center:
MassX=    -0.311022885931 
MassY=    0.0271673047614 

Mass per unit length:
Mass=      127.890780937 

Mass moments of inertia:
Ixx=      4.48251131433 
Iyy=      62.9562490977 
Ixy=     -1.99523427162 

Area center:
AreaX=    -0.291263699633 
AreaY=    0.0443846101594 

Area per unit length:
Area=     0.157884885413 
Area moments:
Ixx=   0.00700765908911 
Iyy=   -0.0459861358414 
Ixy=  -0.00327020680361 

Stiffness matrix with respect to shear center:
      241126563.581	     -5263609.27913	                  0	                  0	                  0	  3.78973782063e-05
     -5263609.27912	      61156693.4664	                  0	                  0	                  0	 -1.60111812875e-05
                  0	                  0	      3105091735.13	     -88723778.5436	      773143670.142	                  0
                  0	                  0	     -88723778.5436	      152285282.183	     -3198454.26096	                  0
                  0	                  0	      773143670.142	     -3198454.26106	       1009499207.9	                  0
                  0	  2.91038304567e-10	                  0	                  0	                  0	       31226170.558

Stiffness matrix with respect to the elastic center:
      241126563.581	     -5263609.27913	                  0	                  0	                  0	     -8200461.75646
     -5263609.27912	      61156693.4664	                  0	                  0	                  0	      15377941.0779
                  0	                  0	      3105091735.13	 -7.56233930588e-06	  8.15391540527e-05	                  0
                  0	                  0	 -6.10947608948e-07	      149750120.728	       18893075.917	                  0
                  0	                  0	 -2.62260437012e-05	      18893075.9169	      816992452.648	                  0
      -8200461.7565	      15377941.0779	                  0	                  0	                  0	      35289475.2309

Stiffness matrix rotated along principle axis:
      241276338.133	      853371.866687	                  0	                  0	                  0	     -10334265.5975
      853371.866698	      61006918.9143	                  0	                  0	                  0	      2650495.32187
                  0	                  0	      3105091735.13	      18565974.7061	      632916455.557	                  0
                  0	                  0	      18565974.7061	      149348027.764	   0.00010076072067	                  0
                  0	                  0	      632916455.557	 -3.44742552185e-09	      946514059.409	                  0
     -10334265.5976	      2650495.32188	                  0	                  0	                  0	      31787160.9772

Stiffness matrix at the elastic center rotated along principle axis:
      241280222.231	     -167464.615253	                  0	                  0	                  0	     -8632087.97796
     -167464.615243	      61003034.8165	                  0	                  0	                  0	      15139871.2661
                  0	                  0	      3105091735.13	 -9.86533805662e-06	  8.12926671013e-05	                  0
                  0	                  0	   1.3100027251e-07	      149215588.407	  9.79620963335e-05	                  0
                  0	                  0	 -2.62328317977e-05	  3.41032118768e-09	       817526984.97	                  0
     -8632087.97799	      15139871.2662	                  0	                  0	                  0	      35289475.2309

Mass matrix with respect to mass center
      127.890780937	                  0	                  0	                  0	                  0	                  0
                  0	      127.890780937	                  0	                  0	                  0	                  0
                  0	                  0	      127.890780937	                  0	                  0	                  0
                  0	                  0	                  0	      4.38811993147	      0.91460148304	                  0
                  0	                  0	                  0	      0.91460148304	      50.5847042762	                  0
                  0	                  0	                  0	                  0	                  0	      54.9728242077
