********************************
*                              *
*          BECAS 2.3           *
*              by              *
*     becas-dtuwind@dtu.dk     *
*                              *
*   A cross section analysis   *
*   program for anisotropic    *
*   beams with arbitrary       *
*   geometry.                  *
*                              *
*     (c)DTU Wind Energy       *
********************************


Output generated on the (yyyy.mm.dd) 2017. 8. 9 at (hh.mm.ss) 10.41.55  
The input folder: is C:\Users\wentingmann\Documents\MATLAB\SBref_BECAS_Project\BECAS_outputs_80_sec_c2\BL_065_BCS 

Stiffness matrix w.r.t. to the cross section reference point 
K=
      193511960.673	     -3129752.74299	                  0	                  0	                  0	     -9482410.21865
     -3129752.74288	      50364523.6133	                  0	                  0	                  0	      22339121.1814
                  0	                  0	      2386985050.57	      48017849.3865	     -525023191.355	                  0
                  0	                  0	      48017849.3866	      91813399.4961	     -1330873.72573	                  0
                  0	                  0	     -525023191.355	     -1330873.72565	       625682098.08	                  0
      -9482410.2186	      22339121.1815	                  0	                  0	                  0	      29682484.0016

Compliance matrix w.r.t. to the cross section reference point 
F=
  5.26304107553e-09	 -6.28504766083e-10	                 -0	                  0	                 -0	  2.15435334202e-09
 -6.28504766094e-10	  2.98795039677e-08	                  0	                  0	                  0	 -2.26881820253e-08
                  0	                  0	  5.20164799375e-10	 -2.65724238101e-10	  4.35916160026e-10	                 -0
                  0	                  0	 -2.65724238101e-10	  1.10277364599e-08	  -1.9951803509e-10	                 -0
                  0	                  0	  4.35916160025e-10	 -1.99518035091e-10	  1.96361788832e-09	                 -0
  2.15435334202e-09	 -2.26881820253e-08	                  0	                  0	                  0	  5.14533254599e-08

Mass matrix w.r.t. to the cross section reference point 
M=
      100.765202737	                  0	                  0	                  0	                  0	     -2.98115598848
                  0	      100.765202737	                  0	                  0	                  0	      13.0780336339
                  0	                  0	      100.765202737	      2.98115598848	     -13.0780336339	                  0
                 -0	                 -0	      2.98115598848	      2.77527343745	     0.162340226744	                  0
                 -0	                 -0	     -13.0780336339	     0.162340226744	      35.0834729219	                  0
     -2.98115598848	      13.0780336339	                 -0	                  0	                  0	      37.8587463594

Shear center;
ShearX=     0.440946854698 
ShearY=    0.0418700506287 

Elastic center:
ElasticX=     0.219952442194 
ElasticY=    0.0201165270704 

Orientation of principle axis w.r.t. reference center:
alpha_p=     0.142830654658o or    0.00249286519655rad 

Orientation of principle axis w.r.t. elastic center:
alpha_p=     -1.26037239339o or     -0.021997648066rad 

Mass center:
MassX=     0.129787201124 
MassY=    0.0295851733287 

Mass per unit length:
Mass=      100.765202737 

Mass moments of inertia:
Ixx=      2.77527343745 
Iyy=      35.0834729219 
Ixy=    -0.162340226744 

Area center:
AreaX=     0.134038140077 
AreaY=    0.0470051731247 

Area per unit length:
Area=     0.125135667596 
Area moments:
Ixx=   0.00588202371945 
Iyy=    0.0167729521419 
Ixy=  2.38197931941e-05 

Stiffness matrix with respect to shear center:
      193511960.673	     -3129752.74299	                  0	                  0	                  0	  4.63519245386e-06
     -3129752.74288	      50364523.6133	                  0	                  0	                  0	 -2.88630108116e-05
                  0	                  0	      2386985050.57	     -51925335.5309	      527510358.907	                  0
                  0	                  0	     -51925335.5308	      91977006.1388	     -2244439.50392	                  0
                  0	                  0	      527510358.907	      -2244439.5039	      626778806.789	                  0
  9.31322574615e-10	  4.71482053399e-09	                  0	                  0	                  0	       19435089.784

Stiffness matrix with respect to the elastic center:
      193511960.673	     -3129752.74299	                  0	                  0	                  0	     -4901224.86403
     -3129752.74288	      50364523.6133	                  0	                  0	                  0	       11198361.457
                  0	                  0	      2386985050.57	 -6.95586204529e-05	 -0.000506162643433	                  0
                  0	                  0	  5.21540641785e-07	      90847447.1291	      9230769.51578	                  0
                  0	                  0	  2.88486480713e-05	      9230769.51583	      510201964.933	                  0
     -4901224.86401	       11198361.457	                  0	                  0	                  0	      22016484.0058

Stiffness matrix rotated along principle axis:
      193495467.064	     -3486559.62958	                  0	                  0	                  0	     -9426692.39499
     -3486559.62947	      50381017.2223	                  0	                  0	                  0	      22362690.1155
                  0	                  0	      2386985050.57	      46708889.5006	     -525141261.912	                  0
                  0	                  0	      46708889.5006	      91810081.8005	 -8.05373128969e-05	                  0
                  0	                  0	     -525141261.911	 -2.78367995874e-10	      625685415.776	                  0
     -9426692.39495	      22362690.1156	                  0	                  0	                  0	      29682484.0016

Stiffness matrix at the elastic center rotated along principle axis:
      193580353.282	      21166.9316189	                  0	                  0	                  0	     -5146356.81676
      21166.9317306	      50296131.0046	                  0	                  0	                  0	      11087845.4175
                  0	                  0	      2386985050.57	 -5.84083018101e-05	 -0.000507570185852	                  0
                  0	                  0	 -1.13136767351e-07	       90644359.151	 -5.43585047126e-05	                  0
                  0	                  0	  2.88531402148e-05	  -1.0219247554e-10	      510405052.911	                  0
     -5146356.81674	      11087845.4176	                  0	                  0	                  0	      22016484.0058

Mass matrix with respect to mass center
      100.765202737	                  0	                  0	                  0	                  0	                  0
                  0	      100.765202737	                  0	                  0	                  0	                  0
                  0	                  0	      100.765202737	                  0	                  0	                  0
                  0	                  0	                  0	      2.68707542081	     0.549256118601	                  0
                  0	                  0	                  0	     0.549256118601	      33.3861115404	                  0
                  0	                  0	                  0	                  0	                  0	      36.0731869612
