********************************
*                              *
*          BECAS 2.3           *
*              by              *
*     becas-dtuwind@dtu.dk     *
*                              *
*   A cross section analysis   *
*   program for anisotropic    *
*   beams with arbitrary       *
*   geometry.                  *
*                              *
*     (c)DTU Wind Energy       *
********************************


Output generated on the (yyyy.mm.dd) 2017. 8. 9 at (hh.mm.ss) 10.36.47  
The input folder: is C:\Users\wentingmann\Documents\MATLAB\SBref_BECAS_Project\BECAS_outputs_80_sec_c2\BL_043_BCS 

Stiffness matrix w.r.t. to the cross section reference point 
K=
      470449923.083	      10644371.6687	                  0	                  0	                  0	     -31199238.4401
      10644371.6686	      133710939.034	                  0	                  0	                  0	      77181629.8528
                  0	                  0	      6778963937.78	       31574381.595	     -2314048945.64	                  0
                  0	                  0	       31574381.595	      1005691375.18	      65776391.6709	                  0
                  0	                  0	     -2314048945.64	      65776391.6712	      4106071019.61	                  0
     -31199238.4401	      77181629.8527	                  0	                  0	                  0	      230858024.589

Compliance matrix w.r.t. to the cross section reference point 
F=
  2.16395228413e-09	  -4.2263566135e-10	                 -0	                  0	                 -0	  4.33744387446e-10
 -4.22635661347e-10	  9.34976743355e-09	                  0	                  0	                  0	 -3.18297880849e-09
                  0	                  0	  1.82810326597e-10	 -1.24908723595e-11	  1.03226087908e-10	                 -0
                  0	                  0	 -1.24908723594e-11	  9.96237188753e-10	 -2.29984764235e-11	                 -0
                  0	                  0	  1.03226087908e-10	 -2.29984764236e-11	  3.02085124869e-10	                 -0
  4.33744387445e-10	 -3.18297880848e-09	                  0	                  0	                  0	  5.45443455574e-09

Mass matrix w.r.t. to the cross section reference point 
M=
      248.649088806	                  0	                  0	                  0	                  0	     -6.40480395088
                  0	      248.649088806	                  0	                  0	                  0	      29.0653380197
                  0	                  0	      248.649088806	      6.40480395088	     -29.0653380197	                  0
                 -0	                 -0	      6.40480395088	      26.8115328569	      4.44487705195	                  0
                 -0	                 -0	     -29.0653380197	      4.44487705195	      195.107595204	                  0
     -6.40480395088	      29.0653380197	                 -0	                  0	                  0	      221.919128061

Shear center;
ShearX=     0.583557979467 
ShearY=    0.0795214211504 

Elastic center:
ElasticX=     0.341357317561 
ElasticY=   0.00465770018617 

Orientation of principle axis w.r.t. reference center:
alpha_p=     -1.21483520447o or    -0.0212028741871rad 

Orientation of principle axis w.r.t. elastic center:
alpha_p=      -1.8955386522o or    -0.0330833905798rad 

Mass center:
MassX=     0.116893000329 
MassY=    0.0257584050746 

Mass per unit length:
Mass=      248.649088806 

Mass moments of inertia:
Ixx=      26.8115328569 
Iyy=      195.107595204 
Ixy=     -4.44487705195 

Area center:
AreaX=     0.151133082661 
AreaY=    0.0387132092326 

Area per unit length:
Area=     0.299797875415 
Area moments:
Ixx=    0.0116061378784 
Iyy=    0.0453093770868 
Ixy=  -0.00355208644745 

Stiffness matrix with respect to shear center:
      470449923.083	      10644371.6687	                  0	                  0	                  0	 -0.000131130218506
      10644371.6686	      133710939.034	                  0	                  0	                  0	  6.30834838375e-05
                  0	                  0	      6778963937.78	     -507498464.664	      1641869552.77	                  0
                  0	                  0	     -507498464.664	      1043537534.63	     -46361926.1824	                  0
                  0	                  0	      1641869552.77	      -46361926.182	      3713815371.27	                  0
                  0	  2.21189111471e-09	                  0	                  0	                  0	      183337060.841

Stiffness matrix with respect to the elastic center:
      470449923.083	      10644371.6687	                  0	                  0	                  0	     -32641557.9057
      10644371.6686	      133710939.034	                  0	                  0	                  0	      31588000.6677
                  0	                  0	      6778963937.78	 -1.85817480087e-05	   0.00140953063965	                  0
                  0	                  0	  2.04890966415e-07	      1005544311.18	      76554537.8758	                  0
                  0	                  0	  8.58306884766e-06	      76554537.8761	      3316153478.83	                  0
     -32641557.9057	      31588000.6676	                  0	                  0	                  0	      193431363.994

Stiffness matrix rotated along principle axis:
      469847313.483	      17772497.1357	                  0	                  0	                  0	      -32828575.483
      17772497.1355	      134313548.634	                  0	                  0	                  0	      76502817.5803
                  0	                  0	      6778963937.78	      80628097.0277	     -2312859393.55	                  0
                  0	                  0	      80628097.0278	      1004296517.59	 -0.000282529741526	                  0
                  0	                  0	     -2312859393.55	  1.13220523275e-08	       4107465877.2	                  0
     -32828575.4829	      76502817.5803	                  0	                  0	                  0	      230858024.589

Stiffness matrix at the elastic center rotated along principle axis:
      469377703.086	       21753419.615	                  0	                  0	                  0	     -33668543.8072
      21753419.6149	      134783159.031	                  0	                  0	                  0	      30491019.1138
                  0	                  0	      6778963937.78	  -6.5195126579e-05	    0.0014081447017	                  0
                  0	                  0	 -7.91263739326e-08	      1003010703.08	 -0.000282619148493	                  0
                  0	                  0	  8.58514939699e-06	 -2.45525336918e-09	      3318687086.92	                  0
     -33668543.8071	      30491019.1137	                  0	                  0	                  0	      193431363.994

Mass matrix with respect to mass center
      248.649088806	                  0	                  0	                  0	                  0	                  0
                  0	      248.649088806	                  0	                  0	                  0	                  0
                  0	                  0	      248.649088806	                  0	                  0	                  0
                  0	                  0	                  0	      26.6465553223	      5.19355380229	                  0
                  0	                  0	                  0	      5.19355380229	      191.710060638	                  0
                  0	                  0	                  0	                  0	                  0	       218.35661596
