********************************
*                              *
*          BECAS 2.3           *
*              by              *
*     becas-dtuwind@dtu.dk     *
*                              *
*   A cross section analysis   *
*   program for anisotropic    *
*   beams with arbitrary       *
*   geometry.                  *
*                              *
*     (c)DTU Wind Energy       *
********************************


Output generated on the (yyyy.mm.dd) 2017. 8. 9 at (hh.mm.ss) 12.45.45  
The input folder: is C:\Users\wentingmann\Documents\MATLAB\SBref_BECAS_Project\BECAS_outputs_80_sec_TP\BL_031_BCS 

Stiffness matrix w.r.t. to the cross section reference point 
K=
      698289345.064	      9401388.21493	                  0	                  0	                  0	     -38779864.9329
       9401388.2153	      216833324.905	                  0	                  0	                  0	       36580797.479
                  0	                  0	      7921078393.75	     -64641263.7603	      2120471862.29	                  0
                  0	                  0	     -64641263.7615	      2719389895.91	      242111836.319	                  0
                  0	                  0	       2120471862.3	      242111836.324	      7090801500.47	                  0
     -38779864.9354	      36580797.4772	                  0	                  0	                  0	      587482182.498

Compliance matrix w.r.t. to the cross section reference point 
F=
  1.43868593752e-09	 -7.92319421829e-11	                  0	                  0	                 -0	  9.99016067503e-11
 -7.92319421872e-11	  4.66516122625e-09	                  0	                  0	                  0	 -2.95716069724e-10
                  0	                  0	  1.37362003922e-10	  6.94346849413e-12	 -4.13145622751e-11	                 -0
                  0	                  0	  6.94346849412e-12	  3.69201809807e-10	 -1.46826219442e-11	                 -0
                  0	                  0	 -4.13145622752e-11	 -1.46826219445e-11	  1.53884043052e-10	                 -0
  9.99016067565e-11	 -2.95716069709e-10	                  0	                  0	                  0	  1.72718719087e-09

Mass matrix w.r.t. to the cross section reference point 
M=
      357.029743559	                  0	                  0	                  0	                  0	     -9.02897766042
                  0	      357.029743559	                  0	                  0	                  0	     -187.246364096
                  0	                  0	      357.029743559	      9.02897766042	      187.246364096	                  0
                 -0	                 -0	      9.02897766042	      88.7428861462	      19.9677449504	                  0
                 -0	                 -0	      187.246364096	      19.9677449504	      550.155638733	                  0
     -9.02897766042	     -187.246364096	                 -0	                  0	                  0	      638.898524879

Shear center;
ShearX=     0.171212518986 
ShearY=    0.0578406366633 

Elastic center:
ElasticX=    -0.267699896011 
ElasticY=  -0.00816066456462 

Orientation of principle axis w.r.t. reference center:
alpha_p=     -3.16045816782o or       -0.0551604009rad 

Orientation of principle axis w.r.t. elastic center:
alpha_p=     -3.88307025383o or    -0.0677723610157rad 

Mass center:
MassX=     -0.52445592412 
MassY=    0.0252891469781 

Mass per unit length:
Mass=      357.029743559 

Mass moments of inertia:
Ixx=      88.7428861462 
Iyy=      550.155638733 
Ixy=     -19.9677449504 

Area center:
AreaX=     -0.50081328223 
AreaY=     0.041543488735 

Area per unit length:
Area=     0.432933349213 
Area moments:
Ixx=     0.017985561716 
Iyy=    -0.216818771606 
Ixy=   -0.0198049664791 

Stiffness matrix with respect to shear center:
      698289345.064	      9401388.21493	                  0	                  0	                  0	   0.00260096043348
       9401388.2153	      216833324.905	                  0	                  0	                  0	   0.00188857363537
                  0	                  0	      7921078393.75	     -522801481.115	      3476659647.17	                  0
                  0	                  0	     -522801481.116	      2753367958.28	      29952235.2656	                  0
                  0	                  0	      3476659647.18	      29952235.2706	       8049100485.3	                  0
  7.45058059692e-09	  2.21189111471e-09	                  0	                  0	                  0	      578976039.938

Stiffness matrix with respect to the elastic center:
      698289345.064	      9401388.21493	                  0	                  0	                  0	     -41961619.3995
       9401388.2153	      216833324.905	                  0	                  0	                  0	       94550334.432
                  0	                  0	      7921078393.75	   0.00114634633064	  -0.00616765022278	                  0
                  0	                  0	 -4.63426113129e-06	      2718862380.24	      259416295.906	                  0
                  0	                  0	  -0.00011682510376	      259416295.911	      6523151403.44	                  0
      -41961619.402	      94550334.4302	                  0	                  0	                  0	      623244877.044

Stiffness matrix rotated along principle axis:
      695790852.379	      35847705.3572	                  0	                  0	                  0	     -40737671.0821
      35847705.3576	       219331817.59	                  0	                  0	                  0	      34387131.6515
                  0	                  0	      7921078393.75	     -181449719.866	      2113682902.17	                  0
                  0	                  0	     -181449719.868	      2706021348.51	  -0.00515338778496	                  0
                  0	                  0	      2113682902.17	 -4.17997872884e-08	      7104170047.87	                  0
     -40737671.0846	      34387131.6495	                  0	                  0	                  0	      587482182.498

Stiffness matrix at the elastic center rotated along principle axis:
      694810946.311	      41844747.1341	                  0	                  0	                  0	       -48268284.65
      41844747.1345	      220311723.658	                  0	                  0	                  0	      91491616.7787
                  0	                  0	      7921078393.75	   0.00156139100896	  -0.00607586021049	                  0
                  0	                  0	   3.2878311123e-06	      2701254158.39	  -0.00489458441734	                  0
                  0	                  0	 -0.000116870746602	  8.85368626156e-08	      6540759625.29	                  0
     -48268284.6523	      91491616.7767	                  0	                  0	                  0	      623244877.044

Mass matrix with respect to mass center
      357.029743559	                  0	                  0	                  0	                  0	                  0
                  0	      357.029743559	                  0	                  0	                  0	                  0
                  0	                  0	      357.029743559	                  0	                  0	                  0
                  0	                  0	                  0	      88.5145510031	      15.2324441276	                  0
                  0	                  0	                  0	      15.2324441276	      451.953173812	                  0
                  0	                  0	                  0	                  0	                  0	      540.467724815
