********************************
*                              *
*          BECAS 2.3           *
*              by              *
*     becas-dtuwind@dtu.dk     *
*                              *
*   A cross section analysis   *
*   program for anisotropic    *
*   beams with arbitrary       *
*   geometry.                  *
*                              *
*     (c)DTU Wind Energy       *
********************************


Output generated on the (yyyy.mm.dd) 2017. 8. 9 at (hh.mm.ss) 10.43.26  
The input folder: is C:\Users\wentingmann\Documents\MATLAB\SBref_BECAS_Project\BECAS_outputs_80_sec_c2\BL_073_BCS 

Stiffness matrix w.r.t. to the cross section reference point 
K=
      120173884.692	     -2230339.34921	                  0	                  0	                  0	     -6606582.50806
     -2230339.34922	      31700136.2529	                  0	                  0	                  0	      11253796.1413
                  0	                  0	      1109457381.17	      40034583.2207	     -224696517.365	                  0
                  0	                  0	      40034583.2208	      23916873.6331	     -7086985.51803	                  0
                  0	                  0	     -224696517.366	     -7086985.51791	      180902939.875	                  0
     -6606582.50808	      11253796.1413	                  0	                  0	                  0	      10546072.1338

Compliance matrix w.r.t. to the cross section reference point 
F=
  8.70658840725e-09	 -2.13102346415e-09	                 -0	                  0	                 -0	  7.72827051439e-09
 -2.13102346415e-09	  5.13058960731e-08	                  0	                  0	                  0	  -5.6083902148e-08
                  0	                  0	  1.26726297448e-09	 -1.67429699422e-09	  1.50845452589e-09	                 -0
                  0	                  0	 -1.67429699421e-09	   4.4514617436e-08	 -3.35728399808e-10	                 -0
                  0	                  0	   1.5084545259e-09	 -3.35728399852e-10	  7.38829992034e-09	                 -0
  7.72827051441e-09	  -5.6083902148e-08	                  0	                  0	                  0	  1.59510975939e-07

Mass matrix w.r.t. to the cross section reference point 
M=
       55.294990406	                  0	                  0	                  0	                  0	     -1.89570361076
                  0	       55.294990406	                  0	                  0	                  0	      8.61458879901
                  0	                  0	       55.294990406	      1.89570361076	     -8.61458879901	                  0
                 -0	                 -0	      1.89570361076	       0.8263510551	    -0.137413995711	                  0
                 -0	                 -0	     -8.61458879901	    -0.137413995711	      12.3605189016	                  0
     -1.89570361076	      8.61458879901	                 -0	                  0	                  0	      13.1868699567

Shear center;
ShearX=     0.351599015791 
ShearY=    0.0484497726186 

Elastic center:
ElasticX=     0.202528300032 
ElasticY=    0.0360848320091 

Orientation of principle axis w.r.t. reference center:
alpha_p=      2.57956873661o or     0.0450219677354rad 

Orientation of principle axis w.r.t. elastic center:
alpha_p=    -0.518061708417o or   -0.00904188254038rad 

Mass center:
MassX=     0.155793295844 
MassY=    0.0342834603432 

Mass per unit length:
Mass=       55.294990406 

Mass moments of inertia:
Ixx=       0.8263510551 
Iyy=      12.3605189016 
Ixy=     0.137413995711 

Area center:
AreaX=     0.133893438595 
AreaY=     0.048103871568 

Area per unit length:
Area=    0.0702333021397 
Area moments:
Ixx=   0.00337849374593 
Iyy=   0.00940377832737 
Ixy=  0.000189272038831 

Stiffness matrix with respect to shear center:
      120173884.692	     -2230339.34921	                  0	                  0	                  0	  1.31241977215e-05
     -2230339.34922	      31700136.2529	                  0	                  0	                  0	  9.01345629245e-08
                  0	                  0	      1109457381.17	      -13718374.627	      165387605.916	                  0
                  0	                  0	     -13718374.6269	      22641859.3106	     -1023857.36058	                  0
                  0	                  0	      165387605.915	     -1023857.36046	      160049984.981	                  0
                  0	 -1.35332811624e-09	                  0	                  0	                  0	      6269161.06628

Stiffness matrix with respect to the elastic center:
      120173884.692	     -2230339.34921	                  0	                  0	                  0	     -1818421.23018
     -2230339.34922	      31700136.2529	                  0	                  0	                  0	      4753140.01447
                  0	                  0	      1109457381.17	 -0.000131361186504	   0.00127881765366	                  0
                  0	                  0	  1.77323818207e-06	       22472232.423	      1021150.56412	                  0
                  0	                  0	  0.000234335660934	      1021150.56425	       135395536.19	                  0
      -1818421.2302	      4753140.01447	                  0	                  0	                  0	      7000199.72085

Stiffness matrix rotated along principle axis:
      119794114.264	     -6199185.53477	                  0	                  0	                  0	     -6093391.04502
     -6199185.53479	      32079906.6803	                  0	                  0	                  0	      11539733.3417
                  0	                  0	      1109457381.17	      29881153.3497	     -226270655.287	                  0
                  0	                  0	      29881153.3498	      23597587.8423	 -0.000120798358694	                  0
                  0	                  0	     -226270655.288	     4.58415926e-10	      181222225.666	                  0
     -6093391.04504	      11539733.3417	                  0	                  0	                  0	      10546072.1338

Stiffness matrix at the elastic center rotated along principle axis:
      120206982.396	     -1430049.03283	                  0	                  0	                  0	      -1861323.6457
     -1430049.03285	      31667038.5491	                  0	                  0	                  0	      4736503.99066
                  0	                  0	      1109457381.17	 -0.000142918578242	    0.0012775776425	                  0
                  0	                  0	 -3.45640953733e-07	       22462999.048	 -0.000131523120217	                  0
                  0	                  0	  0.000234342115062	   2.6518021285e-12	      135404769.565	                  0
     -1861323.64571	      4736503.99066	                  0	                  0	                  0	      7000199.72085

Mass matrix with respect to mass center
       55.294990406	                  0	                  0	                  0	                  0	                  0
                  0	       55.294990406	                  0	                  0	                  0	                  0
                  0	                  0	       55.294990406	                  0	                  0	                  0
                  0	                  0	                  0	     0.761359775538	     0.157923917753	                  0
                  0	                  0	                  0	     0.157923917753	      11.0184237203	                  0
                  0	                  0	                  0	                  0	                  0	      11.7797834958
