********************************
*                              *
*          BECAS 2.3           *
*              by              *
*     becas-dtuwind@dtu.dk     *
*                              *
*   A cross section analysis   *
*   program for anisotropic    *
*   beams with arbitrary       *
*   geometry.                  *
*                              *
*     (c)DTU Wind Energy       *
********************************


Output generated on the (yyyy.mm.dd) 2017. 8. 9 at (hh.mm.ss) 10.33.41  
The input folder: is C:\Users\wentingmann\Documents\MATLAB\SBref_BECAS_Project\BECAS_outputs_80_sec_c2\BL_032_BCS 

Stiffness matrix w.r.t. to the cross section reference point 
K=
      692537121.407	      15513389.2993	                  0	                  0	                  0	     -35409353.4412
      15513389.2993	      221806814.977	                  0	                  0	                  0	      153521735.718
                  0	                  0	      7950738745.06	      -67434101.293	     -3147128525.51	                  0
                  0	                  0	     -67434101.2944	      2471089527.89	      256711535.033	                  0
                  0	                  0	     -3147128525.51	      256711535.032	       7740850228.6	                  0
     -35409353.4409	      153521735.718	                  0	                  0	                  0	      685643261.864

Compliance matrix w.r.t. to the cross section reference point 
F=
  1.45396049134e-09	 -1.81844941822e-10	                  0	                  0	                 -0	  1.15805049715e-10
 -1.81844941821e-10	  5.35801398539e-09	                  0	                  0	                  0	 -1.20909905335e-09
                  0	                  0	  1.49909647163e-10	 -2.24841208183e-12	    6.102199451e-11	                 -0
                  0	                  0	 -2.24841208178e-12	  4.06112536345e-10	 -1.43821170948e-11	                 -0
                  0	                  0	  6.10219945101e-11	 -1.43821170948e-11	  1.54470901729e-10	                 -0
  1.15805049715e-10	 -1.20909905335e-09	                  0	                  0	                  0	  1.73519326074e-09

Mass matrix w.r.t. to the cross section reference point 
M=
      352.038556962	                  0	                  0	                  0	                  0	     -8.17773140029
                  0	      352.038556962	                  0	                  0	                  0	      49.9265344518
                  0	                  0	      352.038556962	      8.17773140029	     -49.9265344518	                  0
                 -0	                 -0	      8.17773140029	      79.1321693166	      12.5984555985	                  0
                 -0	                 -0	     -49.9265344518	      12.5984555985	      439.355037979	                  0
     -8.17773140029	      49.9265344518	                 -0	                  0	                  0	      518.487207295

Shear center;
ShearX=     0.696809445208 
ShearY=    0.0667389923271 

Elastic center:
ElasticX=     0.395828441409 
ElasticY=   -0.0084814887593 

Orientation of principle axis w.r.t. reference center:
alpha_p=     -2.78232974028o or     -0.048560814844rad 

Orientation of principle axis w.r.t. elastic center:
alpha_p=     -3.26048413332o or    -0.0569061833355rad 

Mass center:
MassX=     0.141821210957 
MassY=    0.0232296469763 

Mass per unit length:
Mass=      352.038556962 

Mass moments of inertia:
Ixx=      79.1321693166 
Iyy=      439.355037979 
Ixy=     -12.5984555985 

Area center:
AreaX=     0.189652277685 
AreaY=    0.0407194343364 

Area per unit length:
Area=     0.418279471166 
Area moments:
Ixx=    0.0170321034604 
Iyy=    0.0793276544155 
Ixy=  -0.00684258374077 

Stiffness matrix with respect to shear center:
      692537121.407	      15513389.2993	                  0	                  0	                  0	 -0.000281438231468
      15513389.2993	      221806814.977	                  0	                  0	                  0	 -0.000118786003441
                  0	                  0	      7950738745.06	     -598058393.395	      2393021328.43	                  0
                  0	                  0	     -598058393.396	      2515503826.39	      50014984.2452	                  0
                  0	                  0	      2393021328.43	      50014984.2453	      7215381210.98	                  0
  7.45058059692e-09	  3.14321368933e-09	                  0	                  0	                  0	      576304681.804

Stiffness matrix with respect to the elastic center:
      692537121.407	      15513389.2993	                  0	                  0	                  0	     -47423739.9591
      15513389.2993	      221806814.977	                  0	                  0	                  0	      65592713.2146
                  0	                  0	      7950738745.06	    0.0014074742794	   0.00281095504761	                  0
                  0	                  0	  5.21540641785e-07	      2470517586.32	       230019199.82	                  0
                  0	                  0	  1.43051147461e-05	       230019199.82	      6495127249.44	                  0
     -47423739.9588	      65592713.2147	                  0	                  0	                  0	      599614079.004

Stiffness matrix rotated along principle axis:
      689923621.626	      38263408.3575	                  0	                  0	                  0	     -42819822.1813
      38263408.3575	      224420314.758	                  0	                  0	                  0	       151621926.11
                  0	                  0	      7950738745.06	      85412460.7871	     -3146691917.81	                  0
                  0	                  0	      85412460.7859	      2458613598.31	   0.00105695426464	                  0
                  0	                  0	     -3146691917.81	 -1.18584291859e-07	      7753326158.18	                  0
      -42819822.181	       151621926.11	                  0	                  0	                  0	      685643261.864

Stiffness matrix at the elastic center rotated along principle axis:
      689252587.486	      42142695.0185	                  0	                  0	                  0	     -51077590.9231
      42142695.0185	      225091348.897	                  0	                  0	                  0	      62789289.2463
                  0	                  0	      7950738745.06	   0.00124532156927	   0.00288645566672	                  0
                  0	                  0	 -2.92913782036e-07	      2457413923.92	  0.000523835420609	                  0
                  0	                  0	  1.43116216431e-05	  6.97065880789e-08	      6508230911.84	                  0
     -51077590.9228	      62789289.2464	                  0	                  0	                  0	      599614079.004

Mass matrix with respect to mass center
      352.038556962	                  0	                  0	                  0	                  0	                  0
                  0	      352.038556962	                  0	                  0	                  0	                  0
                  0	                  0	      352.038556962	                  0	                  0	                  0
                  0	                  0	                  0	      78.9422035031	      13.7582313686	                  0
                  0	                  0	                  0	      13.7582313686	      432.274396404	                  0
                  0	                  0	                  0	                  0	                  0	      511.216599907
