********************************
*                              *
*          BECAS 2.3           *
*              by              *
*     becas-dtuwind@dtu.dk     *
*                              *
*   A cross section analysis   *
*   program for anisotropic    *
*   beams with arbitrary       *
*   geometry.                  *
*                              *
*     (c)DTU Wind Energy       *
********************************


Output generated on the (yyyy.mm.dd) 2017. 8. 9 at (hh.mm.ss) 12.56.46  
The input folder: is C:\Users\wentingmann\Documents\MATLAB\SBref_BECAS_Project\BECAS_outputs_80_sec_TP\BL_077_BCS 

Stiffness matrix w.r.t. to the cross section reference point 
K=
      81240812.0387	     -1718106.08916	                  0	                  0	                  0	      -3645102.4216
     -1718106.08919	      22450359.3698	                  0	                  0	                  0	      144934.071303
                  0	                  0	      722694773.575	      23840286.7294	      78445937.5756	                  0
                  0	                  0	      23840286.7299	       8725541.9122	      2962050.27206	                  0
                  0	                  0	      78445937.5762	      2962050.27203	      64805559.5192	                  0
     -3645102.42162	      144934.071305	                  0	                  0	                  0	      2637186.46176

Compliance matrix w.r.t. to the cross section reference point 
F=
  1.31406170458e-08	  8.88699942822e-10	                  0	                  0	                 -0	  1.81140366095e-08
  8.88699942837e-10	  4.46186287206e-08	                  0	                  0	                  0	 -1.22378802164e-09
                  0	                  0	  1.72420170446e-09	 -4.06550521101e-09	 -1.90129349046e-09	                 -0
                  0	                  0	 -4.06550521109e-09	  1.25998395852e-07	 -8.37755512214e-10	                 -0
                  0	                  0	 -1.90129349047e-09	 -8.37755512222e-10	  1.77705467394e-08	                 -0
  1.81140366096e-08	 -1.22378802168e-09	                  0	                  0	                  0	  4.04296360061e-07

Mass matrix w.r.t. to the cross section reference point 
M=
      38.6716373431	                  0	                  0	                  0	                  0	     -1.19993849006
                  0	      38.6716373431	                  0	                  0	                  0	     -5.03995310961
                  0	                  0	      38.6716373431	      1.19993849006	      5.03995310961	                  0
                 -0	                 -0	      1.19993849006	     0.328639728022	     0.218864647698	                  0
                 -0	                 -0	      5.03995310961	     0.218864647698	      5.45958078821	                  0
     -1.19993849006	     -5.03995310961	                 -0	                  0	                  0	      5.78822051623

Shear center;
ShearX=   0.00302695780268 
ShearY=    0.0448038577612 

Elastic center:
ElasticX=    -0.108546429896 
ElasticY=    0.0329880436411 

Orientation of principle axis w.r.t. reference center:
alpha_p=     -3.01508272168o or    -0.0526231207133rad 

Orientation of principle axis w.r.t. elastic center:
alpha_p=    -0.443472002128o or   -0.00774004657755rad 

Mass center:
MassX=    -0.130326861128 
MassY=    0.0310289031575 

Mass per unit length:
Mass=      38.6716373431 

Mass moments of inertia:
Ixx=     0.328639728022 
Iyy=      5.45958078821 
Ixy=    -0.218864647698 

Area center:
AreaX=    -0.144223097738 
AreaY=    0.0417982004683 

Area per unit length:
Area=    0.0458261822926 
Area moments:
Ixx=   0.00191545195416 
Iyy=  -0.00660919396776 
Ixy=  -0.00037335081539 

Stiffness matrix with respect to shear center:
      81240812.0387	     -1718106.08916	                  0	                  0	                  0	  2.11414881051e-05
     -1718106.08919	      22450359.3698	                  0	                  0	                  0	 -2.67160066869e-06
                  0	                  0	      722694773.575	     -8539227.11061	      80633504.1595	                  0
                  0	                  0	     -8539227.11014	      8039995.41342	     -578478.237153	                  0
                  0	                  0	        80633504.16	     -578478.237209	      65287086.2766	                  0
 -4.65661287308e-10	                  0	                  0	                  0	                  0	      2473433.10202

Stiffness matrix with respect to the elastic center:
      81240812.0387	     -1718106.08916	                  0	                  0	                  0	     -1151621.25079
     -1718106.08919	      22450359.3698	                  0	                  0	                  0	      2525163.47213
                  0	                  0	      722694773.575	 -0.000473819673061	 -0.000575438141823	                  0
                  0	                  0	  7.45058059692e-08	      7939097.49315	      374272.259848	                  0
                  0	                  0	   1.1071562767e-05	      374272.259852	      56290533.0555	                  0
     -1151621.25081	      2525163.47213	                  0	                  0	                  0	      2768781.48773

Stiffness matrix rotated along principle axis:
      81258650.7282	      1379429.47836	                  0	                  0	                  0	     -3647679.95398
      1379429.47833	      22432520.6803	                  0	                  0	                  0	     -46994.7050335
                  0	                  0	      722694773.575	      19681120.1012	      79591318.0254	                  0
                  0	                  0	      19681120.1017	      8569525.54344	  2.84056877717e-05	                  0
                  0	                  0	       79591318.026	 -2.74439398145e-10	      64961575.8879	                  0
       -3647679.954	      -46994.705033	                  0	                  0	                  0	      2637186.46176

Stiffness matrix at the elastic center rotated along principle axis:
      81263885.4518	      -1262877.5672	                  0	                  0	                  0	     -1171131.44285
     -1262877.56723	      22427285.9566	                  0	                  0	                  0	      2516174.32023
                  0	                  0	      722694773.575	 -0.000469351606712	 -0.000579088254864	                  0
                  0	                  0	 -1.11899816494e-08	      7936200.55058	 -3.68617475033e-06	                  0
                  0	                  0	   1.1071807802e-05	 -3.42476818121e-11	      56293429.9981	                  0
     -1171131.44288	      2516174.32023	                  0	                  0	                  0	      2768781.48773

Mass matrix with respect to mass center
      38.6716373431	                  0	                  0	                  0	                  0	                  0
                  0	      38.6716373431	                  0	                  0	                  0	                  0
                  0	                  0	      38.6716373431	                  0	                  0	                  0
                  0	                  0	                  0	     0.291406952819	    0.0624804307414	                  0
                  0	                  0	                  0	    0.0624804307414	       4.8027395192	                  0
                  0	                  0	                  0	                  0	                  0	      5.09414647202
