********************************
*                              *
*          BECAS 2.3           *
*              by              *
*     becas-dtuwind@dtu.dk     *
*                              *
*   A cross section analysis   *
*   program for anisotropic    *
*   beams with arbitrary       *
*   geometry.                  *
*                              *
*     (c)DTU Wind Energy       *
********************************


Output generated on the (yyyy.mm.dd) 2017. 8. 9 at (hh.mm.ss) 12.54.31  
The input folder: is C:\Users\wentingmann\Documents\MATLAB\SBref_BECAS_Project\BECAS_outputs_80_sec_TP\BL_065_BCS 

Stiffness matrix w.r.t. to the cross section reference point 
K=
      193511960.673	      -3129752.7431	                  0	                  0	                  0	     -8222660.22136
     -3129752.74307	       50364523.614	                  0	                  0	                  0	      2067005.87591
                  0	                  0	      2386985050.57	      48017849.3871	      435756990.933	                  0
                  0	                  0	      48017849.3867	      91813399.4975	      17996686.8201	                  0
                  0	                  0	      435756990.933	      17996686.8203	      589751753.107	                  0
     -8222660.22137	       2067005.8759	                  0	                  0	                  0	      19858826.6656

Compliance matrix w.r.t. to the cross section reference point 
F=
  5.26304107552e-09	  2.38639331101e-10	                  0	                  0	                 -0	  2.15435334201e-09
  2.38639331098e-10	  1.99512467536e-08	                  0	                  0	                  0	  -1.9778154469e-09
                  0	                  0	  4.87376214499e-10	  -1.8541666597e-10	 -3.54455422833e-10	                 -0
                  0	                  0	 -1.85416665969e-10	  1.10277364598e-08	 -1.99518035087e-10	                 -0
                  0	                  0	 -3.54455422832e-10	  -1.9951803509e-10	  1.96361788831e-09	                 -0
  2.15435334202e-09	 -1.97781544688e-09	                  0	                  0	                  0	    5.145332546e-08

Mass matrix w.r.t. to the cross section reference point 
M=
      100.765202737	                  0	                  0	                  0	                  0	     -2.98115598848
                  0	      100.765202737	                  0	                  0	                  0	     -27.4807498535
                  0	                  0	      100.765202737	      2.98115598848	      27.4807498535	                  0
                 -0	                 -0	      2.98115598848	      2.77527343745	      1.36227886622	                  0
                 -0	                 -0	      27.4807498535	      1.36227886622	      40.8806790299	                  0
     -2.98115598848	     -27.4807498535	                 -0	                  0	                  0	      43.6559524674

Shear center;
ShearX=    0.0384390207863 
ShearY=    0.0418700506285 

Elastic center:
ElasticX=    -0.182555391718 
ElasticY=    0.0201165270705 

Orientation of principle axis w.r.t. reference center:
alpha_p=     -2.06721148958o or    -0.0360796468283rad 

Orientation of principle axis w.r.t. elastic center:
alpha_p=     -1.26037239341o or    -0.0219976480663rad 

Mass center:
MassX=    -0.272720632788 
MassY=    0.0295851733287 

Mass per unit length:
Mass=      100.765202737 

Mass moments of inertia:
Ixx=      2.77527343745 
Iyy=      40.8806790299 
Ixy=     -1.36227886622 

Area center:
AreaX=    -0.268469693835 
AreaY=    0.0470051731247 

Area per unit length:
Area=     0.125135667596 
Area moments:
Ixx=   0.00588202371945 
Iyy=   -0.0335951343675 
Ixy=  -0.00234374083314 

Stiffness matrix with respect to shear center:
      193511960.673	      -3129752.7431	                  0	                  0	                  0	  6.63846731186e-06
     -3129752.74307	       50364523.614	                  0	                  0	                  0	  1.02639896795e-05
                  0	                  0	      2386985050.57	       -51925335.53	      527510358.909	                  0
                  0	                  0	     -51925335.5303	      91977006.1401	     -2244439.50383	                  0
                  0	                  0	      527510358.909	      -2244439.5036	       626778806.79	                  0
  9.31322574615e-10	 -1.30967237055e-10	                  0	                  0	                  0	       19435089.784

Stiffness matrix with respect to the elastic center:
      193511960.673	      -3129752.7431	                  0	                  0	                  0	     -4901224.86401
     -3129752.74307	       50364523.614	                  0	                  0	                  0	      11198361.4572
                  0	                  0	      2386985050.57	  0.000340417027473	  0.000527501106262	                  0
                  0	                  0	  1.43051147461e-06	      90847447.1304	       9230769.5158	                  0
                  0	                  0	  7.90953636169e-05	      9230769.51595	      510201964.933	                  0
     -4901224.86401	      11198361.4572	                  0	                  0	                  0	      22016484.0058

Stiffness matrix rotated along principle axis:
      193551345.447	      2038620.04118	                  0	                  0	                  0	     -8291869.57837
      2038620.04121	      50325138.8404	                  0	                  0	                  0	      1769054.35255
                  0	                  0	      2386985050.57	      32268051.8059	      437205491.548	                  0
                  0	                  0	      32268051.8056	      91163803.4999	 -0.000202122144401	                  0
                  0	                  0	      437205491.548	  2.26299733477e-09	      590401349.104	                  0
     -8291869.57838	      1769054.35254	                  0	                  0	                  0	      19858826.6656

Stiffness matrix at the elastic center rotated along principle axis:
      193580353.282	      21166.9315459	                  0	                  0	                  0	     -5146356.81675
       21166.931574	      50296131.0053	                  0	                  0	                  0	      11087845.4177
                  0	                  0	      2386985050.57	  0.000328731819613	  0.000534861253481	                  0
                  0	                  0	 -3.09606274221e-07	      90644359.1523	 -0.000149259110913	                  0
                  0	                  0	  7.91076927532e-05	 -6.50840576175e-10	      510405052.911	                  0
     -5146356.81675	      11087845.4177	                  0	                  0	                  0	      22016484.0058

Mass matrix with respect to mass center
      100.765202737	                  0	                  0	                  0	                  0	                  0
                  0	      100.765202737	                  0	                  0	                  0	                  0
                  0	                  0	      100.765202737	                  0	                  0	                  0
                  0	                  0	                  0	      2.68707542081	     0.549256118601	                  0
                  0	                  0	                  0	     0.549256118601	      33.3861115404	                  0
                  0	                  0	                  0	                  0	                  0	      36.0731869612
