********************************
*                              *
*          BECAS 2.3           *
*              by              *
*     becas-dtuwind@dtu.dk     *
*                              *
*   A cross section analysis   *
*   program for anisotropic    *
*   beams with arbitrary       *
*   geometry.                  *
*                              *
*     (c)DTU Wind Energy       *
********************************


Output generated on the (yyyy.mm.dd) 2017. 8. 9 at (hh.mm.ss) 12.52.33  
The input folder: is C:\Users\wentingmann\Documents\MATLAB\SBref_BECAS_Project\BECAS_outputs_80_sec_TP\BL_056_BCS 

Stiffness matrix w.r.t. to the cross section reference point 
K=
      280905609.702	     -6431440.90754	                  0	                  0	                  0	     -10743537.3464
     -6431440.90747	      71620252.0569	                  0	                  0	                  0	        3650255.494
                  0	                  0	      4194747596.02	      41785866.5111	      908480680.279	                  0
                  0	                  0	      41785866.5107	      274482144.475	      39842168.4864	                  0
                  0	                  0	      908480680.281	      39842168.4868	      1545140934.69	                  0
     -10743537.3463	      3650255.49403	                  0	                  0	                  0	      50140329.0675

Compliance matrix w.r.t. to the cross section reference point 
F=
  3.59510063857e-09	  2.84632497084e-10	                  0	                  0	                 -0	  7.49598523527e-10
  2.84632497081e-10	  1.40370660113e-08	                  0	                  0	                  0	 -9.60921445093e-10
                  0	                  0	  2.73271472216e-10	 -1.83479663224e-11	  -1.6019951621e-10	                 -0
                  0	                  0	 -1.83479663223e-11	  3.65814346221e-09	 -8.35390431675e-11	                 -0
                  0	                  0	 -1.60199516211e-10	 -8.35390431684e-11	    7.435351147e-10	                 -0
  7.49598523522e-10	 -9.60921445103e-10	                  0	                  0	                  0	  2.01745973217e-08

Mass matrix w.r.t. to the cross section reference point 
M=
      159.459488518	                  0	                  0	                  0	                  0	      -3.8233146217
                  0	      159.459488518	                  0	                  0	                  0	     -55.9271501482
                  0	                  0	      159.459488518	       3.8233146217	      55.9271501482	                  0
                 -0	                 -0	       3.8233146217	      7.58913593147	       2.7861357616	                  0
                 -0	                 -0	      55.9271501482	       2.7861357616	      97.0990844546	                  0
      -3.8233146217	     -55.9271501482	                 -0	                  0	                  0	      104.688220386

Shear center;
ShearX=    0.0476302664077 
ShearY=     0.037155563086 

Elastic center:
ElasticX=    -0.216575767549 
ElasticY=   0.00996147337932 

Orientation of principle axis w.r.t. reference center:
alpha_p=     -1.79418949608o or    -0.0313145141113rad 

Orientation of principle axis w.r.t. elastic center:
alpha_p=     -1.64042693446o or    -0.0286308511447rad 

Mass center:
MassX=    -0.350729521761 
MassY=    0.0239767144448 

Mass per unit length:
Mass=      159.459488518 

Mass moments of inertia:
Ixx=      7.58913593147 
Iyy=      97.0990844546 
Ixy=      -2.7861357616 

Area center:
AreaX=    -0.317141088929 
AreaY=    0.0442393823514 

Area per unit length:
Area=     0.200741867729 
Area moments:
Ixx=   0.00888069624042 
Iyy=   -0.0636634945253 
Ixy=  -0.00457984311707 

Stiffness matrix with respect to shear center:
      280905609.702	     -6431440.90754	                  0	                  0	                  0	 -5.67194074392e-05
     -6431440.90747	      71620252.0569	                  0	                  0	                  0	  -3.2311596442e-05
                  0	                  0	      4194747596.02	     -114072342.423	      1108277625.79	                  0
                  0	                  0	     -114072342.423	      277167989.191	      653761.198502	                  0
                  0	                  0	      1108277625.79	      653761.198873	      1641199670.09	                  0
 -1.86264514923e-09	 -6.69388100505e-10	                  0	                  0	                  0	      49567284.2463

Stiffness matrix with respect to the elastic center:
      280905609.702	     -6431440.90754	                  0	                  0	                  0	     -9338197.84422
     -6431440.90747	      71620252.0569	                  0	                  0	                  0	      19097399.9279
                  0	                  0	      4194747596.02	   0.00034573674202	  -0.00179433822632	                  0
                  0	                  0	  1.16229057312e-06	      274065895.678	      30792362.3742	                  0
                  0	                  0	  5.05447387695e-05	      30792362.3745	      1348386034.05	                  0
     -9338197.84415	      19097399.9279	                  0	                  0	                  0	        54866876.33

Stiffness matrix rotated along principle axis:
      281102983.431	      130554.075173	                  0	                  0	                  0	     -10852557.5236
      130554.075245	      71422878.3282	                  0	                  0	                  0	      3312092.25123
                  0	                  0	      4194747596.02	      13321398.7385	      909343579.411	                  0
                  0	                  0	      13321398.7381	      273234098.357	 -0.000423792749643	                  0
                  0	                  0	      909343579.413	  5.20700181639e-10	      1546388980.81	                  0
     -10852557.5236	      3312092.25127	                  0	                  0	                  0	      50140329.0675

Stiffness matrix at the elastic center rotated along principle axis:
      281102174.032	     -432155.836459	                  0	                  0	                  0	     -9881070.84234
     -432155.836387	      71423687.7277	                  0	                  0	                  0	      18822249.1215
                  0	                  0	      4194747596.02	  0.000396961459326	  -0.00178370545916	                  0
                  0	                  0	 -2.85126964517e-07	      273184043.162	 -0.000330785289407	                  0
                  0	                  0	  5.05572965977e-05	  5.24518930232e-09	      1349267886.57	                  0
     -9881070.84226	      18822249.1215	                  0	                  0	                  0	        54866876.33

Mass matrix with respect to mass center
      159.459488518	                  0	                  0	                  0	                  0	                  0
                  0	      159.459488518	                  0	                  0	                  0	                  0
                  0	                  0	      159.459488518	                  0	                  0	                  0
                  0	                  0	                  0	      7.49746540855	      1.44518645279	                  0
                  0	                  0	                  0	      1.44518645279	      77.4837818297	                  0
                  0	                  0	                  0	                  0	                  0	      84.9812472382
