********************************
*                              *
*          BECAS 2.3           *
*              by              *
*     becas-dtuwind@dtu.dk     *
*                              *
*   A cross section analysis   *
*   program for anisotropic    *
*   beams with arbitrary       *
*   geometry.                  *
*                              *
*     (c)DTU Wind Energy       *
********************************


Output generated on the (yyyy.mm.dd) 2017. 8. 9 at (hh.mm.ss) 10.42.42  
The input folder: is C:\Users\wentingmann\Documents\MATLAB\SBref_BECAS_Project\BECAS_outputs_80_sec_c2\BL_069_BCS 

Stiffness matrix w.r.t. to the cross section reference point 
K=
      147167125.854	     -2224796.59429	                  0	                  0	                  0	     -6618766.35946
     -2224796.59433	      39565766.6209	                  0	                  0	                  0	      15950305.1909
                  0	                  0	      1656556368.16	      48519825.6239	     -368013547.786	                  0
                  0	                  0	       48519825.624	      50360310.0804	     -7447177.15872	                  0
                  0	                  0	     -368013547.787	     -7447177.15873	      349361631.389	                  0
     -6618766.35948	      15950305.1909	                  0	                  0	                  0	      17871215.5377

Compliance matrix w.r.t. to the cross section reference point 
F=
  6.93575424565e-09	 -1.00834249723e-09	                 -0	                  0	                 -0	  3.46867885486e-09
 -1.00834249722e-09	  3.96256303265e-08	                  0	                  0	                  0	 -3.57398677856e-08
                  0	                  0	  8.09101577833e-10	 -6.55562282772e-10	   8.3832403849e-10	                 -0
                  0	                  0	 -6.55562282774e-10	  2.04508582642e-08	  -2.5462051051e-10	                 -0
                  0	                  0	  8.38324038492e-10	 -2.54620510509e-10	  3.74001688267e-09	                 -0
  3.46867885486e-09	 -3.57398677856e-08	                  0	                  0	                  0	  8.91388820314e-08

Mass matrix w.r.t. to the cross section reference point 
M=
      73.6673327379	                  0	                  0	                  0	                  0	     -2.28061269551
                  0	      73.6673327379	                  0	                  0	                  0	      11.2326433946
                  0	                  0	      73.6673327379	      2.28061269551	     -11.2326433946	                  0
                 -0	                 -0	      2.28061269551	      1.56955936915	     -0.02106749061	                  0
                 -0	                 -0	     -11.2326433946	     -0.02106749061	      21.1903464653	                  0
     -2.28061269551	      11.2326433946	                 -0	                  0	                  0	      22.7599058345

Shear center;
ShearX=     0.400945883223 
ShearY=    0.0389131967533 

Elastic center:
ElasticX=     0.222155765334 
ElasticY=     0.029289571159 

Orientation of principle axis w.r.t. reference center:
alpha_p=      1.42587802561o or     0.0248862662788rad 

Orientation of principle axis w.r.t. elastic center:
alpha_p=    -0.872736860176o or    -0.0152321317136rad 

Mass center:
MassX=      0.15247794344 
MassY=    0.0309582634629 

Mass per unit length:
Mass=      73.6673327379 

Mass moments of inertia:
Ixx=      1.56955936915 
Iyy=      21.1903464653 
Ixy=      0.02106749061 

Area center:
AreaX=     0.138687883047 
AreaY=    0.0491345714489 

Area per unit length:
Area=     0.095625651266 
Area moments:
Ixx=   0.00469852539448 
Iyy=    0.0132621191391 
Ixy=  0.000182192239477 

Stiffness matrix with respect to shear center:
      147167125.854	     -2224796.59429	                  0	                  0	                  0	   2.5937333703e-06
     -2224796.59433	      39565766.6209	                  0	                  0	                  0	 -3.79442644771e-06
                  0	                  0	      1656556368.16	     -15942078.2631	      296175908.354	                  0
                  0	                  0	      -15942078.263	      49092605.7875	      481495.784562	                  0
                  0	                  0	      296175908.353	      481495.784544	      320558625.598	                  0
                  0	  6.83940015733e-10	                  0	                  0	                  0	      11218448.9777

Stiffness matrix with respect to the elastic center:
      147167125.854	     -2224796.59429	                  0	                  0	                  0	     -1814052.96438
     -2224796.59433	      39565766.6209	                  0	                  0	                  0	      7095378.68799
                  0	                  0	      1656556368.16	 -0.000104293227196	  0.000737488269806	                  0
                  0	                  0	 -8.94069671631e-08	      48939185.1951	      3331781.83662	                  0
                  0	                  0	 -6.25848770142e-06	      3331781.83661	      267605300.027	                  0
     -1814052.96439	      7095378.68799	                  0	                  0	                  0	      12504490.3363

Stiffness matrix rotated along principle axis:
      146989811.218	     -4898732.00847	                  0	                  0	                  0	     -6219814.30682
      -4898732.0085	      39743081.2573	                  0	                  0	                  0	      16110065.6048
                  0	                  0	      1656556368.16	       39347263.773	     -369106946.109	                  0
                  0	                  0	      39347263.7731	      50174939.3767	  5.04474155605e-06	                  0
                  0	                  0	      -369106946.11	 -5.15467401546e-10	      349547002.092	                  0
     -6219814.30684	      16110065.6048	                  0	                  0	                  0	      17871215.5377

Stiffness matrix at the elastic center rotated along principle axis:
      147209928.657	     -585019.718845	                  0	                  0	                  0	     -1921916.08558
     -585019.718882	      39522963.8184	                  0	                  0	                  0	      7066924.75151
                  0	                  0	      1656556368.16	 -0.000115514212557	    0.0007358141695	                  0
                  0	                  0	  5.92982729959e-09	        48888431.13	  6.40808138996e-06	                  0
                  0	                  0	  -6.2591234811e-06	 -8.89593343582e-10	      267656054.092	                  0
     -1921916.08559	      7066924.75151	                  0	                  0	                  0	      12504490.3363

Mass matrix with respect to mass center
      73.6673327379	                  0	                  0	                  0	                  0	                  0
                  0	      73.6673327379	                  0	                  0	                  0	                  0
                  0	                  0	      73.6673327379	                  0	                  0	                  0
                  0	                  0	                  0	      1.49895556047	     0.326675642985	                  0
                  0	                  0	                  0	     0.326675642985	      19.4776161011	                  0
                  0	                  0	                  0	                  0	                  0	      20.9765716616
