********************************
*                              *
*          BECAS 2.3           *
*              by              *
*     becas-dtuwind@dtu.dk     *
*                              *
*   A cross section analysis   *
*   program for anisotropic    *
*   beams with arbitrary       *
*   geometry.                  *
*                              *
*     (c)DTU Wind Energy       *
********************************


Output generated on the (yyyy.mm.dd) 2017. 8. 9 at (hh.mm.ss) 10.40.55  
The input folder: is C:\Users\wentingmann\Documents\MATLAB\SBref_BECAS_Project\BECAS_outputs_80_sec_c2\BL_060_BCS 

Stiffness matrix w.r.t. to the cross section reference point 
K=
      244928638.706	     -5581760.19348	                  0	                  0	                  0	     -12499909.0781
     -5581760.19349	      63061761.5417	                  0	                  0	                  0	      30990249.5281
                  0	                  0	      3265214266.91	      35551286.9372	     -755603216.663	                  0
                  0	                  0	      35551286.9373	      166841695.851	      13509841.7985	                  0
                  0	                  0	     -755603216.664	      13509841.7985	       1069495566.3	                  0
     -12499909.0781	      30990249.5281	                  0	                  0	                  0	      49020761.5443

Compliance matrix w.r.t. to the cross section reference point 
F=
  4.13877499014e-09	  -2.2093477822e-10	                 -0	                  0	                 -0	  1.19502702799e-09
 -2.20934778218e-10	  2.30160836819e-08	                  0	                  0	                  0	 -1.46067873803e-08
                  0	                  0	  3.67758502654e-10	 -9.95041202044e-11	  2.61079897178e-10	                 -0
                  0	                  0	 -9.95041202046e-11	  6.02676531837e-09	 -1.46430040703e-10	                 -0
                  0	                  0	  2.61079897178e-10	 -1.46430040703e-10	  1.12132400973e-09	                 -0
  1.19502702799e-09	 -1.46067873803e-08	                  0	                  0	                  0	  2.99384519677e-08

Mass matrix w.r.t. to the cross section reference point 
M=
       132.77595492	                  0	                  0	                  0	                  0	     -3.44959447649
                  0	       132.77595492	                  0	                  0	                  0	      15.9369280784
                  0	                  0	       132.77595492	      3.44959447649	     -15.9369280784	                  0
                 -0	                 -0	      3.44959447649	      4.91506455213	     0.611416441467	                  0
                 -0	                 -0	     -15.9369280784	     0.611416441467	      56.4684593864	                  0
     -3.44959447649	      15.9369280784	                 -0	                  0	                  0	      61.3835239385

Shear center;
ShearX=     0.487893876279 
ShearY=    0.0399161262337 

Elastic center:
ElasticX=     0.231409994842 
ElasticY=    0.0108878879091 

Orientation of principle axis w.r.t. reference center:
alpha_p=     -0.85727860496o or    -0.0149623342635rad 

Orientation of principle axis w.r.t. elastic center:
alpha_p=     -1.70828195527o or    -0.0298151446718rad 

Mass center:
MassX=     0.120028721224 
MassY=    0.0259805661241 

Mass per unit length:
Mass=       132.77595492 

Mass moments of inertia:
Ixx=      4.91506455213 
Iyy=      56.4684593864 
Ixy=    -0.611416441467 

Area center:
AreaX=     0.142405383436 
AreaY=    0.0434123623353 

Area per unit length:
Area=     0.165144047743 
Area moments:
Ixx=   0.00716929323814 
Iyy=    0.0235174014411 
Ixy= -0.000349980717592 

Stiffness matrix with respect to shear center:
      244928638.706	     -5581760.19348	                  0	                  0	                  0	 -2.97706574202e-05
     -5581760.19349	      63061761.5417	                  0	                  0	                  0	 -5.28478994966e-06
                  0	                  0	      3265214266.91	      -94783417.921	      837474828.902	                  0
                  0	                  0	     -94783417.9209	      169206013.068	     -2573653.99902	                  0
                  0	                  0	      837474828.902	     -2573653.99905	      1109440224.56	                  0
                  0	 -4.62750904262e-09	                  0	                  0	                  0	      33401860.6266

Stiffness matrix with respect to the elastic center:
      244928638.706	     -5581760.19348	                  0	                  0	                  0	     -8541478.41659
     -5581760.19349	      63061761.5417	                  0	                  0	                  0	      16336354.0357
                  0	                  0	      3265214266.91	 -8.54358077049e-05	   0.00032901763916	                  0
                  0	                  0	 -7.45058059692e-08	      166454617.424	      21736764.9252	                  0
                  0	                  0	 -3.45706939697e-06	      21736764.9252	      894641429.833	                  0
     -8541478.41656	      16336354.0357	                  0	                  0	                  0	      37839816.1893

Stiffness matrix rotated along principle axis:
      245054934.339	     -2858514.28639	                  0	                  0	                  0	     -12962179.0894
      -2858514.2864	      62935465.9089	                  0	                  0	                  0	      30799759.8372
                  0	                  0	      3265214266.91	      46852473.6224	     -754986728.857	                  0
                  0	                  0	      46852473.6224	      166639541.996	  1.34110450745e-07	                  0
                  0	                  0	     -754986728.857	 -1.97598333369e-09	      1069697720.16	                  0
     -12962179.0894	      30799759.8372	                  0	                  0	                  0	      49020761.5443

Stiffness matrix at the elastic center rotated along principle axis:
      245099662.103	     -152665.038691	                  0	                  0	                  0	      -9024680.8539
       -152665.0387	      62890738.1441	                  0	                  0	                  0	      16074465.8451
                  0	                  0	      3265214266.91	   -9.520609194e-05	  0.000326324507468	                  0
                  0	                  0	  2.85850611648e-08	      165806340.528	  1.62729993463e-05	                  0
                  0	                  0	 -3.45775401451e-06	  6.09040888916e-09	      895289706.729	                  0
     -9024680.85387	      16074465.8451	                  0	                  0	                  0	      37839816.1893

Mass matrix with respect to mass center
       132.77595492	                  0	                  0	                  0	                  0	                  0
                  0	       132.77595492	                  0	                  0	                  0	                  0
                  0	                  0	       132.77595492	                  0	                  0	                  0
                  0	                  0	                  0	      4.82544213473	      1.02546685522	                  0
                  0	                  0	                  0	      1.02546685522	      54.5555702889	                  0
                  0	                  0	                  0	                  0	                  0	      59.3810124236
