********************************
*                              *
*          BECAS 2.3           *
*              by              *
*     becas-dtuwind@dtu.dk     *
*                              *
*   A cross section analysis   *
*   program for anisotropic    *
*   beams with arbitrary       *
*   geometry.                  *
*                              *
*     (c)DTU Wind Energy       *
********************************


Output generated on the (yyyy.mm.dd) 2017. 8. 9 at (hh.mm.ss) 10.41.43  
The input folder: is C:\Users\wentingmann\Documents\MATLAB\SBref_BECAS_Project\BECAS_outputs_80_sec_c2\BL_064_BCS 

Stiffness matrix w.r.t. to the cross section reference point 
K=
      207616585.825	     -3519121.28574	                  0	                  0	                  0	     -9783298.89126
     -3519121.28571	      53109121.1284	                  0	                  0	                  0	      24044239.0223
                  0	                  0	      2562080129.29	      47490027.0302	     -568234669.487	                  0
                  0	                  0	        47490027.03	      104002157.877	      843218.137476	                  0
                  0	                  0	     -568234669.485	      843218.137604	      705712155.275	                  0
     -9783298.89131	      24044239.0223	                  0	                  0	                  0	      33275480.0517

Compliance matrix w.r.t. to the cross section reference point 
F=
  4.89266661974e-09	 -4.86061077616e-10	                 -0	                  0	                 -0	  1.78970787358e-09
 -4.86061077625e-10	  2.80318972508e-08	                  0	                  0	                  0	  -2.0398230694e-08
                  0	                  0	  4.80253985557e-10	 -2.22433548361e-10	  3.86963045363e-10	                 -0
                  0	                  0	  -2.2243354836e-10	  9.71830017044e-09	  -1.9071387647e-10	                 -0
                  0	                  0	  3.86963045362e-10	 -1.90713876472e-10	  1.72881623544e-09	                 -0
   1.7897078736e-09	  -2.0398230694e-08	                  0	                  0	                  0	  4.53177288246e-08

Mass matrix w.r.t. to the cross section reference point 
M=
      107.662722765	                  0	                  0	                  0	                  0	     -3.08414466934
                  0	      107.662722765	                  0	                  0	                  0	      13.3958310375
                  0	                  0	      107.662722765	      3.08414466934	     -13.3958310375	                  0
                 -0	                 -0	      3.08414466934	      3.12193649771	     0.264135520944	                  0
                 -0	                 -0	     -13.3958310375	     0.264135520944	      39.2627661301	                  0
     -3.08414466934	      13.3958310375	                 -0	                  0	                  0	      42.3847026278

Shear center;
ShearX=     0.450115908786 
ShearY=    0.0394924441276 

Elastic center:
ElasticX=     0.221786455071 
ElasticY=    0.0185357305913 

Orientation of principle axis w.r.t. reference center:
alpha_p=   -0.0802923571129o or   -0.00140136599581rad 

Orientation of principle axis w.r.t. elastic center:
alpha_p=     -1.36664769188o or    -0.0238525019381rad 

Mass center:
MassX=     0.124424041057 
MassY=    0.0286463558616 

Mass per unit length:
Mass=      107.662722765 

Mass moments of inertia:
Ixx=      3.12193649771 
Iyy=      39.2627661301 
Ixy=    -0.264135520944 

Area center:
AreaX=     0.134995710036 
AreaY=    0.0463116054922 

Area per unit length:
Area=     0.132899909897 
Area moments:
Ixx=   0.00615480819712 
Iyy=    0.0179409177003 
Ixy= -3.73317660485e-05 

Stiffness matrix with respect to shear center:
      207616585.825	     -3519121.28574	                  0	                  0	                  0	  5.82402572036e-05
     -3519121.28571	      53109121.1284	                  0	                  0	                  0	  1.73228909262e-06
                  0	                  0	      2562080129.29	     -53692779.3264	      584998356.291	                  0
                  0	                  0	     -53692779.3266	      104247119.726	     -883780.088247	                  0
                  0	                  0	      584998356.294	     -883780.088134	      713257757.396	                  0
                  0	 -4.36557456851e-10	                  0	                  0	                  0	      22066419.1683

Stiffness matrix with respect to the elastic center:
      207616585.825	     -3519121.28574	                  0	                  0	                  0	     -5154480.35518
     -3519121.28571	      53109121.1284	                  0	                  0	                  0	      12200125.8312
                  0	                  0	      2562080129.29	  0.000155575573444	  -0.00207734107971	                  0
                  0	                  0	  1.10268592834e-06	       103121895.53	      11375862.8837	                  0
                  0	                  0	  5.65052032471e-05	      11375862.8839	      579685402.281	                  0
     -5154480.35524	      12200125.8312	                  0	                  0	                  0	      24960088.2028

Stiffness matrix rotated along principle axis:
       207626145.54	     -3302586.24021	                  0	                  0	                  0	     -9816984.05285
     -3302586.24018	      53099561.4132	                  0	                  0	                  0	       24030505.435
                  0	                  0	      2562080129.29	      48286284.8819	     -568167560.643	                  0
                  0	                  0	      48286284.8817	      104000976.219	 -0.000127647770569	                  0
                  0	                  0	      -568167560.64	 -1.66086475474e-10	      705713336.933	                  0
     -9816984.05289	       24030505.435	                  0	                  0	                  0	      33275480.0517

Stiffness matrix at the elastic center rotated along principle axis:
      207696512.758	      168874.217569	                  0	                  0	                  0	     -5443990.05672
      168874.217604	      53029194.1952	                  0	                  0	                  0	        12073719.82
                  0	                  0	      2562080129.29	  0.000205076402588	  -0.00207303964979	                  0
                  0	                  0	 -2.45290410066e-07	      102850501.268	 -0.000122358556837	                  0
                  0	                  0	   5.6515429246e-05	 -2.41714692612e-09	      579956796.543	                  0
     -5443990.05677	        12073719.82	                  0	                  0	                  0	      24960088.2028

Mass matrix with respect to mass center
      107.662722765	                  0	                  0	                  0	                  0	                  0
                  0	      107.662722765	                  0	                  0	                  0	                  0
                  0	                  0	      107.662722765	                  0	                  0	                  0
                  0	                  0	                  0	      3.03358699199	     0.647877263908	                  0
                  0	                  0	                  0	     0.647877263908	      37.5960026991	                  0
                  0	                  0	                  0	                  0	                  0	      40.6295896911
