********************************
*                              *
*          BECAS 2.3           *
*              by              *
*     becas-dtuwind@dtu.dk     *
*                              *
*   A cross section analysis   *
*   program for anisotropic    *
*   beams with arbitrary       *
*   geometry.                  *
*                              *
*     (c)DTU Wind Energy       *
********************************


Output generated on the (yyyy.mm.dd) 2017. 8. 9 at (hh.mm.ss) 10.22. 1  
The input folder: is C:\Users\wentingmann\Documents\MATLAB\SBref_BECAS_Project\BECAS_outputs_80_sec_c2\BL_004_BCS 

Stiffness matrix w.r.t. to the cross section reference point 
K=
      3204035109.61	     -16000572.0947	                  0	                  0	                  0	     -7559117.19296
     -16000572.0947	      3037157419.75	                  0	                  0	                  0	     -25115801.2602
                  0	                  0	      19509983679.4	      29323827.6759	      286539159.491	                  0
                  0	                  0	      29323827.6732	      38610981924.5	      725557954.188	                  0
                  0	                  0	       286539159.49	      725557954.196	      37861235051.1	                  0
     -7559117.19295	     -25115801.2602	                  0	                  0	                  0	      24434415617.1

Compliance matrix w.r.t. to the cross section reference point 
F=
  3.12114889911e-10	  1.64511866972e-12	                  0	                  0	                 -0	  9.82479606502e-14
  1.64511866972e-12	  3.29266711541e-10	                  0	                  0	                 -0	  3.38957684245e-13
                  0	                  0	  5.12615456265e-11	 -3.16526862111e-14	 -3.87348017569e-13	                 -0
                  0	                  0	 -3.16526862077e-14	  2.59087168296e-11	 -4.96265000841e-13	                 -0
                  0	                  0	 -3.87348017569e-13	 -4.96265000846e-13	  2.64246810239e-11	                 -0
  9.82479606501e-14	  3.38957684245e-13	                  0	                  0	                  0	  4.09262603833e-11

Mass matrix w.r.t. to the cross section reference point 
M=
      1483.12668918	                  0	                  0	                  0	                  0	      6.39603107036
                  0	      1483.12668918	                  0	                  0	                  0	     -21.2468044935
                  0	                  0	      1483.12668918	     -6.39603107036	      21.2468044935	                  0
                 -0	                 -0	     -6.39603107036	      2850.78132987	     -6.74452996891	                  0
                 -0	                 -0	      21.2468044935	     -6.74452996891	      2967.77426804	                  0
      6.39603107036	     -21.2468044935	                 -0	                  0	                  0	      5818.55559791

Shear center;
ShearX=  -0.00828215627498 
ShearY=   0.00240060928435 

Elastic center:
ElasticX=    -0.014686796473 
ElasticY=   0.00150301651478 

Orientation of principle axis w.r.t. reference center:
alpha_p=     -58.6620025911o or      -1.02384509103rad 

Orientation of principle axis w.r.t. elastic center:
alpha_p=     -58.7337756385o or      -1.02509776702rad 

Mass center:
MassX=   -0.0143256841432 
MassY=  -0.00431253184036 

Mass per unit length:
Mass=      1483.12668918 

Mass moments of inertia:
Ixx=      2850.78132987 
Iyy=      2967.77426804 
Ixy=      6.74452996891 

Area center:
AreaX=  -0.00474381727775 
AreaY=   -0.0367748335864 

Area per unit length:
Area=      1.02942879635 
Area moments:
Ixx=    -0.037857072675 
Iyy=  -0.00488342211036 
Ixy=    0.0917489834286 

Stiffness matrix with respect to shear center:
      3204035109.61	     -16000572.0947	                  0	                  0	                  0	 -5.26942312717e-06
     -16000572.0947	      3037157419.75	                  0	                  0	                  0	 -3.48615139956e-06
                  0	                  0	      19509983679.4	     -17512020.2825	      124954425.736	                  0
                  0	                  0	     -17512020.2851	        38610953569	       725015122.91	                  0
                  0	                  0	      124954425.735	      725015122.919	      37857826996.9	                  0
 -9.31322574615e-10	 -1.81171344593e-09	                  0	                  0	                  0	      24434189457.7

Stiffness matrix with respect to the elastic center:
      3204035109.61	     -16000572.0947	                  0	                  0	                  0	     -2978396.65508
     -16000572.0947	      3037157419.75	                  0	                  0	                  0	       19466262.496
                  0	                  0	      19509983679.4	   0.00263014435768	  0.000243842601776	                  0
                  0	                  0	  1.22934579849e-07	      38610937850.4	      725127281.099	                  0
                  0	                  0	  6.25848770142e-06	      725127281.108	      37857026708.7	                  0
     -2978396.65507	       19466262.496	                  0	                  0	                  0	      24434316805.5

Stiffness matrix rotated along principle axis:
      3096511322.59	      81473767.0358	                  0	                  0	                  0	      17520371.7453
      81473767.0358	      3144681206.77	                  0	                  0	                  0	      -19518716.648
                  0	                  0	      19509983679.4	     -229486236.312	      174070802.074	                  0
                  0	                  0	     -229486236.313	        37419429580	  -0.00829887390137	                  0
                  0	                  0	      174070802.071	 -8.09477330477e-07	      39052787395.6	                  0
      17520371.7453	      -19518716.648	                  0	                  0	                  0	      24434415617.1

Stiffness matrix at the elastic center rotated along principle axis:
      3096307277.93	      81413170.1448	                  0	                  0	                  0	     -18184912.1168
      81413170.1448	      3144885251.44	                  0	                  0	                  0	      7557459.46096
                  0	                  0	      19509983679.4	   0.00115665711344	   0.00237471322029	                  0
                  0	                  0	 -5.28573090995e-06	      37416727682.6	  -0.00826072692871	                  0
                  0	                  0	  3.35333117471e-06	  3.95130750429e-07	      39051236876.5	                  0
     -18184912.1168	      7557459.46097	                  0	                  0	                  0	      24434316805.5

Mass matrix with respect to mass center
      1483.12668918	                  0	                  0	                  0	                  0	                  0
                  0	      1483.12668918	                  0	                  0	                  0	                  0
                  0	                  0	      1483.12668918	                  0	                  0	                  0
                  0	                  0	                  0	      2850.75374678	     -6.65290244803	                  0
                  0	                  0	                  0	     -6.65290244803	      2967.46989303	                  0
                  0	                  0	                  0	                  0	                  0	      5818.22363981
