********************************
*                              *
*          BECAS 2.3           *
*              by              *
*     becas-dtuwind@dtu.dk     *
*                              *
*   A cross section analysis   *
*   program for anisotropic    *
*   beams with arbitrary       *
*   geometry.                  *
*                              *
*     (c)DTU Wind Energy       *
********************************


Output generated on the (yyyy.mm.dd) 2017. 8. 9 at (hh.mm.ss) 10.36.16  
The input folder: is C:\Users\wentingmann\Documents\MATLAB\SBref_BECAS_Project\BECAS_outputs_80_sec_c2\BL_041_BCS 

Stiffness matrix w.r.t. to the cross section reference point 
K=
      507264505.852	      11550192.2181	                  0	                  0	                  0	     -32109573.7541
      11550192.2182	      147037251.478	                  0	                  0	                  0	      88353122.6441
                  0	                  0	       7265392659.3	      1160245.43058	      -2580579696.5	                  0
                  0	                  0	      1160245.43072	      1225868077.16	      92776231.8445	                  0
                  0	                  0	      -2580579696.5	      92776231.8444	      4730800336.43	                  0
     -32109573.7538	      88353122.6442	                  0	                  0	                  0	      281994065.952

Compliance matrix w.r.t. to the cross section reference point 
F=
  2.00121893513e-09	 -3.62344595806e-10	                 -0	                  0	                 -0	  3.41399253148e-10
 -3.62344595806e-10	  8.44398473544e-09	                  0	                  0	                  0	 -2.68689040282e-09
                  0	                  0	  1.70778552237e-10	 -7.22267889317e-12	  9.32987499035e-11	                 -0
                  0	                  0	 -7.22267889319e-12	   8.1726647046e-10	 -1.99673618269e-11	                 -0
                  0	                  0	  9.32987499034e-11	 -1.99673618269e-11	  2.62665356373e-10	                 -0
  3.41399253146e-10	 -2.68689040282e-09	                  0	                  0	                  0	  4.42689223823e-09

Mass matrix w.r.t. to the cross section reference point 
M=
      267.566447702	                  0	                  0	                  0	                  0	     -6.60873430168
                  0	      267.566447702	                  0	                  0	                  0	      33.3265527095
                  0	                  0	      267.566447702	      6.60873430168	     -33.3265527095	                  0
                 -0	                 -0	      6.60873430168	      32.8440739792	       5.3583774209	                  0
                 -0	                 -0	     -33.3265527095	       5.3583774209	      226.098456693	                  0
     -6.60873430168	      33.3265527095	                 -0	                  0	                  0	      258.942530672

Shear center;
ShearX=     0.606947325172 
ShearY=    0.0771193954526 

Elastic center:
ElasticX=     0.355187918604 
ElasticY=  0.000159694800422 

Orientation of principle axis w.r.t. reference center:
alpha_p=     -1.51521581629o or    -0.0264455048725rad 

Orientation of principle axis w.r.t. elastic center:
alpha_p=     -2.05927180526o or    -0.0359410731953rad 

Mass center:
MassX=     0.124554304158 
MassY=    0.0246994133922 

Mass per unit length:
Mass=      267.566447702 

Mass moments of inertia:
Ixx=      32.8440739792 
Iyy=      226.098456693 
Ixy=      -5.3583774209 

Area center:
AreaX=     0.156893025603 
AreaY=    0.0403375303277 

Area per unit length:
Area=     0.321528647144 
Area moments:
Ixx=    0.0129696715554 
Iyy=    0.0504456022684 
Ixy=  -0.00376799762714 

Stiffness matrix with respect to shear center:
      507264505.852	      11550192.2181	                  0	                  0	                  0	 -0.000236667692661
      11550192.2182	      147037251.478	                  0	                  0	                  0	 -3.71750211343e-05
                  0	                  0	       7265392659.3	     -559142444.181	      1829130944.39	                  0
                  0	                  0	     -559142444.181	         1268899327	     -47581032.9301	                  0
                  0	                  0	      1829130944.39	     -47581032.9303	      4274710526.34	                  0
                  0	  3.14321368933e-09	                  0	                  0	                  0	      225892103.576

Stiffness matrix with respect to the elastic center:
      507264505.852	      11550192.2181	                  0	                  0	                  0	     -36131054.9835
      11550192.2182	      147037251.478	                  0	                  0	                  0	        36129111.84
                  0	                  0	       7265392659.3	  -0.00013691955246	  -0.00150680541992	                  0
                  0	                  0	  5.58793544769e-09	      1225867891.87	      93188337.0041	                  0
                  0	                  0	                  0	       93188337.004	      3814209605.24	                  0
     -36131054.9832	        36129111.84	                  0	                  0	                  0	      237768582.509

Stiffness matrix rotated along principle axis:
        506402017.8	       21055991.007	                  0	                  0	                  0	     -34434616.8524
      21055991.0071	       147899739.53	                  0	                  0	                  0	      87473174.0013
                  0	                  0	       7265392659.3	      69396618.2927	     -2579646686.18	                  0
                  0	                  0	      69396618.2928	      1223413990.74	  5.30295073986e-05	                  0
                  0	                  0	     -2579646686.18	  2.82048236343e-08	      4733254422.85	                  0
     -34434616.8521	      87473174.0014	                  0	                  0	                  0	      281994065.952

Stiffness matrix at the elastic center rotated along principle axis:
      505969840.955	      24456172.3134	                  0	                  0	                  0	     -37405960.6648
      24456172.3135	      148331916.375	                  0	                  0	                  0	      34807469.9355
                  0	                  0	       7265392659.3	 -8.26865831629e-05	   -0.0015107522849	                  0
                  0	                  0	  5.58432669837e-09	      1222517160.13	  0.000101894140244	                  0
                  0	                  0	  2.00793160967e-10	  4.72193267048e-09	      3817560336.99	                  0
     -37405960.6645	      34807469.9356	                  0	                  0	                  0	      237768582.509

Mass matrix with respect to mass center
      267.566447702	                  0	                  0	                  0	                  0	                  0
                  0	      267.566447702	                  0	                  0	                  0	                  0
                  0	                  0	      267.566447702	                  0	                  0	                  0
                  0	                  0	                  0	      32.6808421186	      6.18152372321	                  0
                  0	                  0	                  0	      6.18152372321	       221.94749111	                  0
                  0	                  0	                  0	                  0	                  0	      254.628333229
