********************************
*                              *
*          BECAS 2.3           *
*              by              *
*     becas-dtuwind@dtu.dk     *
*                              *
*   A cross section analysis   *
*   program for anisotropic    *
*   beams with arbitrary       *
*   geometry.                  *
*                              *
*     (c)DTU Wind Energy       *
********************************


Output generated on the (yyyy.mm.dd) 2017. 8. 9 at (hh.mm.ss) 10.25.58  
The input folder: is C:\Users\wentingmann\Documents\MATLAB\SBref_BECAS_Project\BECAS_outputs_80_sec_c2\BL_013_BCS 

Stiffness matrix w.r.t. to the cross section reference point 
K=
      1231623374.44	      -131406781.61	                  0	                  0	                  0	      17560750.1073
     -131406781.612	      826984889.853	                  0	                  0	                  0	      569865491.516
                  0	                  0	      7925932660.88	     -298362984.222	     -3111905354.92	                  0
                  0	                  0	     -298362984.152	      12292257538.6	      1748439364.41	                  0
                  0	                  0	     -3111905354.77	       1748439364.4	      22289803970.3	                  0
      17560750.1067	      569865491.522	                  0	                  0	                  0	      6739845758.19

Compliance matrix w.r.t. to the cross section reference point 
F=
  8.27197224619e-10	  1.41149573871e-10	                  0	                  0	                  0	  -1.4089710425e-11
  1.41149573874e-10	  1.30810895063e-09	                  0	                  0	                  0	 -1.10970617034e-10
                  0	                  0	  1.33489360639e-10	  5.95906803477e-13	  1.85898606304e-11	                 -0
                  0	                  0	  5.95906802829e-13	  8.22726008707e-11	  -6.3703677517e-12	                 -0
                  0	                  0	  1.85898606296e-11	 -6.37036775158e-12	  4.79586132749e-11	                 -0
 -1.40897104253e-11	 -1.10970617035e-10	                  0	                  0	                  0	  1.57790814398e-10

Mass matrix w.r.t. to the cross section reference point 
M=
      634.433844554	                  0	                  0	                  0	                  0	      20.0650582838
                  0	      634.433844554	                  0	                  0	                  0	      162.413507953
                  0	                  0	      634.433844554	     -20.0650582838	     -162.413507953	                  0
                 -0	                 -0	     -20.0650582838	      750.936802045	      47.5270054422	                  0
                 -0	                 -0	     -162.413507953	      47.5270054422	      2040.22500844	                  0
      20.0650582838	      162.413507953	                 -0	                  0	                  0	      2791.16181049

Shear center;
ShearX=     0.703276787424 
ShearY=   -0.0892936035537 

Elastic center:
ElasticX=     0.392623239172 
ElasticY=   -0.0376438959197 

Orientation of principle axis w.r.t. reference center:
alpha_p=     -9.63924698754o or     -0.168236597346rad 

Orientation of principle axis w.r.t. elastic center:
alpha_p=     -10.1849454261o or     -0.177760831822rad 

Mass center:
MassX=     0.255997547021 
MassY=   -0.0316267148357 

Mass per unit length:
Mass=      634.433844554 

Mass moments of inertia:
Ixx=      750.936802045 
Iyy=      2040.22500844 
Ixy=     -47.5270054422 

Area center:
AreaX=     0.216198234721 
AreaY=   -0.0385156472378 

Area per unit length:
Area=     0.930835800592 
Area moments:
Ixx=    -0.035851743332 
Iyy=     0.201245056903 
Ixy=     -0.02556053796 

Stiffness matrix with respect to shear center:
      1231623374.44	      -131406781.61	                  0	                  0	                  0	  -0.00106078386307
     -131406781.612	      826984889.853	                  0	                  0	                  0	  -0.00617901235819
                  0	                  0	      7925932660.88	      409372104.593	      2462219104.16	                  0
                  0	                  0	      409372104.662	        12302169943	      1758468019.98	                  0
                  0	                  0	      2462219104.31	      1758468019.93	      21832894711.1	                  0
  1.49011611938e-08	 -4.47034835815e-08	                  0	                  0	                  0	       6337504523.4

Stiffness matrix with respect to the elastic center:
      1231623374.44	      -131406781.61	                  0	                  0	                  0	      22791004.2325
     -131406781.612	      826984889.853	                  0	                  0	                  0	      250118668.526
                  0	                  0	      7925932660.88	   -0.0691081285477	     -0.14436340332	                  0
                  0	                  0	  5.78165054321e-05	      12281025993.5	      1631295123.12	                  0
                  0	                  0	  0.000748634338379	      1631295123.09	      21067997609.8	                  0
      22791004.2328	      250118668.532	                  0	                  0	                  0	      6416381923.96

Stiffness matrix rotated along principle axis:
      1263663589.44	     -57240395.1008	                  0	                  0	                  0	     -78107796.7981
     -57240395.1032	       794944674.85	                  0	                  0	                  0	      564760330.091
                  0	                  0	      7925932660.88	      226919636.685	     -3117929262.64	                  0
                  0	                  0	      226919636.729	      11995299088.8	   0.00880980491638	                  0
                  0	                  0	     -3117929262.48	 -1.11477629711e-06	      22586762420.1	                  0
     -78107796.7998	      564760330.097	                  0	                  0	                  0	      6739845758.19

Stiffness matrix at the elastic center rotated along principle axis:
       1264711348.7	     -52766091.8595	                  0	                  0	                  0	     -21795651.4942
     -52766091.8619	      793896915.593	                  0	                  0	                  0	      250207369.586
                  0	                  0	      7925932660.88	   -0.0424919071608	    -0.154308662995	                  0
                  0	                  0	 -7.54726776409e-05	      11987952154.6	    0.0305042266846	                  0
                  0	                  0	  0.000747060905034	 -4.51123112631e-07	      21361071448.7	                  0
      -21795651.495	      250207369.592	                  0	                  0	                  0	      6416381923.96

Mass matrix with respect to mass center
      634.433844554	                  0	                  0	                  0	                  0	                  0
                  0	      634.433844554	                  0	                  0	                  0	                  0
                  0	                  0	      634.433844554	                  0	                  0	                  0
                  0	                  0	                  0	      750.302210168	      42.3903997407	                  0
                  0	                  0	                  0	      42.3903997407	       1998.6475488	                  0
                  0	                  0	                  0	                  0	                  0	      2748.94975897
