********************************
*                              *
*          BECAS 2.3           *
*              by              *
*     becas-dtuwind@dtu.dk     *
*                              *
*   A cross section analysis   *
*   program for anisotropic    *
*   beams with arbitrary       *
*   geometry.                  *
*                              *
*     (c)DTU Wind Energy       *
********************************


Output generated on the (yyyy.mm.dd) 2017. 8. 9 at (hh.mm.ss) 12.43.59  
The input folder: is C:\Users\wentingmann\Documents\MATLAB\SBref_BECAS_Project\BECAS_outputs_80_sec_TP\BL_026_BCS 

Stiffness matrix w.r.t. to the cross section reference point 
K=
      851768138.781	      10315015.6206	                  0	                  0	                  0	     -68546707.4945
      10315015.6206	      325212765.549	                  0	                  0	                  0	     -36896229.1592
                  0	                  0	      7860669771.24	     -45682266.1385	      2644499363.88	                  0
                  0	                  0	     -45682266.1438	      4036366914.11	      468034708.712	                  0
                  0	                  0	      2644499363.88	      468034708.713	        10090485599	                  0
     -68546707.4948	     -36896229.1594	                  0	                  0	                  0	      1253422383.96

Compliance matrix w.r.t. to the cross section reference point 
F=
  1.17951361969e-09	 -3.01941120015e-11	                  0	                  0	                 -0	  6.36160062398e-11
 -3.01941120017e-11	  3.08598646434e-09	                  0	                  0	                 -0	  8.91890540955e-11
                  0	                  0	  1.39654188623e-10	  5.85603075862e-12	 -3.68719854934e-11	                 -0
                  0	                  0	  5.85603075881e-12	  2.49332795583e-10	  -1.3099733474e-11	                 -0
                  0	                  0	 -3.68719854935e-11	 -1.30997334739e-11	  1.09374227959e-10	                 -0
    6.361600624e-11	   8.9189054096e-11	                  0	                  0	                  0	  8.03920067527e-10

Mass matrix w.r.t. to the cross section reference point 
M=
      415.183598239	                  0	                  0	                  0	                  0	     -12.5075579617
                  0	      415.183598239	                  0	                  0	                  0	      -258.68068047
                  0	                  0	      415.183598239	      12.5075579617	       258.68068047	                  0
                 -0	                 -0	      12.5075579617	      152.934919134	      33.1223212001	                  0
                 -0	                 -0	       258.68068047	      33.1223212001	      870.435854031	                  0
     -12.5075579617	      -258.68068047	                 -0	                  0	                  0	      1023.37077316

Shear center;
ShearX=    -0.110942689079 
ShearY=    0.0791322530805 

Elastic center:
ElasticX=    -0.336421633378 
ElasticY=  -0.00581149793507 

Orientation of principle axis w.r.t. reference center:
alpha_p=     -4.39464999043o or    -0.0767011118057rad 

Orientation of principle axis w.r.t. elastic center:
alpha_p=     -5.30137106365o or    -0.0925263799307rad 

Mass center:
MassX=    -0.623051299634 
MassY=     0.030125366259 

Mass per unit length:
Mass=      415.183598239 

Mass moments of inertia:
Ixx=      152.934919134 
Iyy=      870.435854031 
Ixy=     -33.1223212001 

Area center:
AreaX=    -0.622300711318 
AreaY=    0.0398604903798 

Area per unit length:
Area=     0.533666803181 
Area moments:
Ixx=    0.0212722204742 
Iyy=    -0.332101231226 
Ixy=   -0.0306048618022 

Stiffness matrix with respect to shear center:
      851768138.781	      10315015.6206	                  0	                  0	                  0	  0.000297471880913
      10315015.6206	      325212765.549	                  0	                  0	                  0	  0.000215754727833
                  0	                  0	      7860669771.24	     -667714775.858	      1772415521.49	                  0
                  0	                  0	     -667714775.864	      4092819629.39	      332847588.551	                  0
                  0	                  0	       1772415521.5	       332847588.55	      9600461184.17	                  0
                  0	 -5.47152012587e-09	                  0	                  0	                  0	      1243904761.67

Stiffness matrix with respect to the elastic center:
      851768138.781	      10315015.6206	                  0	                  0	                  0	     -70026561.8708
      10315015.6206	      325212765.549	                  0	                  0	                  0	      72452434.9301
                  0	                  0	      7860669771.24	   0.00530482083559	  -0.00694894790649	                  0
                  0	                  0	  9.23871994019e-07	      4036101431.72	      483403211.305	                  0
                  0	                  0	  1.85966491699e-05	      483403211.303	      9200818803.53	                  0
      -70026561.871	      72452434.9299	                  0	                  0	                  0	      1266189579.05

Stiffness matrix rotated along principle axis:
      847100304.033	       50423053.597	                  0	                  0	                  0	     -65517966.3225
      50423053.5971	      329880600.297	                  0	                  0	                  0	      -42040206.035
                  0	                  0	      7860669771.24	     -248185173.322	       2633223855.8	                  0
                  0	                  0	     -248185173.328	       4000397567.3	 -0.000207245349884	                  0
                  0	                  0	       2633223855.8	 -4.93749391165e-08	      10126454945.8	                  0
     -65517966.3228	     -42040206.0352	                  0	                  0	                  0	      1253422383.96

Stiffness matrix at the elastic center rotated along principle axis:
      845375132.557	      58581573.8692	                  0	                  0	                  0	     -76421222.6959
      58581573.8693	      331605771.773	                  0	                  0	                  0	      65672455.5381
                  0	                  0	      7860669771.24	   0.00592417337274	   -0.0064290878789	                  0
                  0	                  0	 -7.98306395206e-07	      3991245804.45	    0.0015367269516	                  0
                  0	                  0	   1.8602462383e-05	  2.42113066413e-08	       9245674430.8	                  0
     -76421222.6962	      65672455.5378	                  0	                  0	                  0	      1266189579.05

Mass matrix with respect to mass center
      415.183598239	                  0	                  0	                  0	                  0	                  0
                  0	      415.183598239	                  0	                  0	                  0	                  0
                  0	                  0	      415.183598239	                  0	                  0	                  0
                  0	                  0	                  0	      152.558124369	      25.3294709568	                  0
                  0	                  0	                  0	      25.3294709568	      709.264519874	                  0
                  0	                  0	                  0	                  0	                  0	      861.822644243
