********************************
*                              *
*          BECAS 2.3           *
*              by              *
*     becas-dtuwind@dtu.dk     *
*                              *
*   A cross section analysis   *
*   program for anisotropic    *
*   beams with arbitrary       *
*   geometry.                  *
*                              *
*     (c)DTU Wind Energy       *
********************************


Output generated on the (yyyy.mm.dd) 2017. 8. 9 at (hh.mm.ss) 10.21.22  
The input folder: is C:\Users\wentingmann\Documents\MATLAB\SBref_BECAS_Project\BECAS_outputs_80_sec_c2\BL_002_BCS 

Stiffness matrix w.r.t. to the cross section reference point 
K=
      5642636831.34	      3348646.94479	                  0	                  0	                  0	     -105033.225518
      3348646.94479	      5623331883.63	                  0	                  0	                  0	     -1204261.27474
                  0	                  0	      35170736438.4	      609739.469687	      8336255.09087	                  0
                  0	                  0	      609739.469701	      66630501379.9	      201302190.861	                  0
                  0	                  0	       8336255.0921	      201302190.863	      66138810634.9	                  0
     -105033.225518	     -1204261.27473	                  0	                  0	                  0	      42450611859.1

Compliance matrix w.r.t. to the cross section reference point 
F=
  1.77222171714e-10	 -1.05534222715e-13	                  0	                  0	                 -0	  4.35497269443e-16
 -1.05534222715e-13	  1.77830578057e-10	                  0	                  0	                 -0	  5.04453021145e-15
                  0	                  0	  2.84327293451e-11	 -2.49364788902e-16	 -3.58295356081e-15	                 -0
                  0	                  0	 -2.49364788907e-16	  1.50082796145e-11	 -4.56796464841e-14	                 -0
                  0	                  0	 -3.58295356134e-15	 -4.56796464847e-14	   1.5119854979e-11	                 -0
  4.35497269441e-16	  5.04453021145e-15	                  0	                  0	                  0	  2.35567866357e-11

Mass matrix w.r.t. to the cross section reference point 
M=
      2592.18067436	                  0	                  0	                  0	                  0	   -0.0509250379151
                  0	      2592.18067436	                  0	                  0	                  0	    -0.612103608217
                  0	                  0	      2592.18067436	    0.0509250379151	     0.612103608217	                  0
                 -0	                 -0	    0.0509250379151	      4892.76657654	      3.18094279544	                  0
                 -0	                 -0	     0.612103608217	      3.18094279544	      4891.31974319	                  0
   -0.0509250379151	    -0.612103608217	                 -0	                  0	                  0	      9784.08631973

Shear center;
ShearX= -0.000214143392707 
ShearY=  1.84871254376e-05 

Elastic center:
ElasticX=  -0.00023702247767 
ElasticY=  1.73365567925e-05 

Orientation of principle axis w.r.t. reference center:
alpha_p=      -70.344412531o or      -1.22774160905rad 

Orientation of principle axis w.r.t. elastic center:
alpha_p=     -70.3444787408o or      -1.22774276463rad 

Mass center:
MassX= -0.000236134623744 
MassY=   1.9645635977e-05 

Mass per unit length:
Mass=      2592.18067436 

Mass moments of inertia:
Ixx=      4892.76657654 
Iyy=      4891.31974319 
Ixy=     -3.18094279544 

Area center:
AreaX=  -0.00023617949188 
AreaY=  1.95327372111e-05 

Area per unit length:
Area=      1.38629933072 
Area moments:
Ixx=  2.70782205229e-05 
Iyy= -0.000327415471523 
Ixy=   -0.0020047092021 

Stiffness matrix with respect to shear center:
      5642636831.34	      3348646.94479	                  0	                  0	                  0	 -2.77606886812e-07
      3348646.94479	      5623331883.63	                  0	                  0	                  0	 -2.91611470971e-07
                  0	                  0	      35170736438.4	     -40466.3465835	      804674.265932	                  0
                  0	                  0	     -40466.3465698	      66630501369.4	      201302045.413	                  0
                  0	                  0	      804674.267166	      201302045.415	      66138808677.4	                  0
  1.45519152284e-11	 -1.39941391808e-10	                  0	                  0	                  0	      42450611599.3

Stiffness matrix with respect to the elastic center:
      5642636831.34	      3348646.94479	                  0	                  0	                  0	     -6415.62703593
      3348646.94479	      5623331883.63	                  0	                  0	                  0	      128652.835089
                  0	                  0	      35170736438.4	 -1.36604066938e-05	  -0.00123360473663	                  0
                  0	                  0	  2.32830643654e-10	      66630501369.4	      201302046.339	                  0
                  0	                  0	  2.32830643654e-08	      201302046.341	        66138808659	                  0
     -6415.62703565	      128652.835089	                  0	                  0	                  0	      42450611602.2

Stiffness matrix rotated along principle axis:
      5623394603.35	      3524245.10741	                  0	                  0	                  0	      1098761.30751
      3524245.10741	      5642574111.62	                  0	                  0	                  0	     -503984.905943
                  0	                  0	      35170736438.4	     -7645419.25894	      3378238.52264	                  0
                  0	                  0	      -7645419.2601	      66066910009.4	  -0.00236892700195	                  0
                  0	                  0	      3378238.52307	  1.68669251498e-06	      66702402005.4	                  0
      1098761.30751	     -503984.905943	                  0	                  0	                  0	      42450611859.1

Stiffness matrix at the elastic center rotated along principle axis:
      5623394595.21	      3524222.94399	                  0	                  0	                  0	     -123314.472895
      3524222.94399	      5642574119.76	                  0	                  0	                  0	      37232.4189552
                  0	                  0	      35170736438.4	   0.00115713011903	 -0.000427805026355	                  0
                  0	                  0	 -2.18480896526e-08	      66066908347.4	  -0.00236511230469	                  0
                  0	                  0	  8.05085553732e-09	  9.19064586531e-07	      66702401680.9	                  0
     -123314.472895	      37232.4189555	                  0	                  0	                  0	      42450611602.2

Mass matrix with respect to mass center
      2592.18067436	                  0	                  0	                  0	                  0	                  0
                  0	      2592.18067436	                  0	                  0	                  0	                  0
                  0	                  0	      2592.18067436	                  0	                  0	                  0
                  0	                  0	                  0	      4892.76657554	      3.18093077027	                  0
                  0	                  0	                  0	      3.18093077027	      4891.31959865	                  0
                  0	                  0	                  0	                  0	                  0	      9784.08617419
