********************************
*                              *
*          BECAS 2.3           *
*              by              *
*     becas-dtuwind@dtu.dk     *
*                              *
*   A cross section analysis   *
*   program for anisotropic    *
*   beams with arbitrary       *
*   geometry.                  *
*                              *
*     (c)DTU Wind Energy       *
********************************


Output generated on the (yyyy.mm.dd) 2017. 8. 9 at (hh.mm.ss) 12.56.15  
The input folder: is C:\Users\wentingmann\Documents\MATLAB\SBref_BECAS_Project\BECAS_outputs_80_sec_TP\BL_074_BCS 

Stiffness matrix w.r.t. to the cross section reference point 
K=
       109052611.34	     -2031978.83667	                  0	                  0	                  0	     -5417553.73905
      -2031978.8367	      29470086.6816	                  0	                  0	                  0	      569226.878483
                  0	                  0	      987204801.153	      33887599.6425	      124949632.862	                  0
                  0	                  0	      33887599.6419	      18642094.8246	      5195040.58307	                  0
                  0	                  0	      124949632.862	      5195040.58325	      127171571.346	                  0
     -5417553.73907	      569226.878481	                  0	                  0	                  0	      5363423.18782

Compliance matrix w.r.t. to the cross section reference point 
F=
   9.6610705133e-09	  4.78626439238e-10	                  0	                  0	                 -0	  9.70777800395e-09
  4.78626439244e-10	  3.40261291237e-08	                  0	                  0	                  0	  -3.1277790741e-09
                  0	                  0	  1.22027830768e-09	 -1.90580082267e-09	 -1.12110444502e-09	                 -0
                  0	                  0	 -1.90580082264e-09	  5.72361636099e-08	 -4.65631422574e-10	                 -0
                  0	                  0	 -1.12110444503e-09	 -4.65631422614e-10	  8.98393053458e-09	                 -0
  9.70777800398e-09	 -3.12777907409e-09	                  0	                  0	                  0	  1.96585797544e-07

Mass matrix w.r.t. to the cross section reference point 
M=
      50.8496972612	                  0	                  0	                  0	                  0	     -1.75356489271
                  0	      50.8496972612	                  0	                  0	                  0	     -8.41406331962
                  0	                  0	      50.8496972612	      1.75356489271	      8.41406331962	                  0
                 -0	                 -0	      1.75356489271	     0.675759483733	     0.415070781694	                  0
                 -0	                 -0	      8.41406331962	     0.415070781694	       10.584288619	                  0
     -1.75356489271	     -8.41406331962	                 -0	                  0	                  0	      11.2600481027

Shear center;
ShearX=    0.0159105037758 
ShearY=    0.0493818888509 

Elastic center:
ElasticX=     -0.12656910979 
ElasticY=    0.0343268181053 

Orientation of principle axis w.r.t. reference center:
alpha_p=     -2.73427573674o or    -0.0477221142635rad 

Orientation of principle axis w.r.t. elastic center:
alpha_p=    -0.552832519524o or   -0.00964874767779rad 

Mass center:
MassX=    -0.165469290336 
MassY=    0.0344852572808 

Mass per unit length:
Mass=      50.8496972612 

Mass moments of inertia:
Ixx=     0.675759483733 
Iyy=       10.584288619 
Ixy=    -0.415070781694 

Area center:
AreaX=    -0.186610432331 
AreaY=    0.0474079394137 

Area per unit length:
Area=    0.0638419440548 
Area moments:
Ixx=    0.0030266150158 
Iyy=   -0.0119135727809 
Ixy= -0.000774786652622 

Stiffness matrix with respect to shear center:
       109052611.34	     -2031978.83667	                  0	                  0	                  0	  1.75079330802e-05
      -2031978.8367	      29470086.6816	                  0	                  0	                  0	  8.15518433228e-07
                  0	                  0	      987204801.153	     -14862438.1212	      140656558.578	                  0
                  0	                  0	     -14862438.1218	       17702596.413	     -1211677.17673	                  0
                  0	                  0	      140656558.579	     -1211677.17657	      131397499.658	                  0
                  0	 -2.91038304567e-11	                  0	                  0	                  0	      5086837.46483

Stiffness matrix with respect to the elastic center:
       109052611.34	     -2031978.83667	                  0	                  0	                  0	     -1931310.33813
      -2031978.8367	      29470086.6816	                  0	                  0	                  0	      4229478.14728
                  0	                  0	      987204801.153	  0.000626035034657	 -0.000443950295448	                  0
                  0	                  0	   1.2144446373e-06	      17478841.3556	      905917.263503	                  0
                  0	                  0	  0.000148758292198	      905917.263579	      111356807.546	                  0
     -1931310.33815	      4229478.14728	                  0	                  0	                  0	      5718527.89061

Stiffness matrix rotated along principle axis:
      109065153.961	      1769352.21442	                  0	                  0	                  0	     -5438540.34127
       1769352.2144	       29457544.061	                  0	                  0	                  0	       310139.82513
                  0	                  0	      987204801.153	      27888421.5413	      126423953.845	                  0
                  0	                  0	      27888421.5407	      18393988.1296	 -0.000176117755473	                  0
                  0	                  0	      126423953.845	 -4.99309518673e-10	      127419678.041	                  0
     -5438540.34128	      310139.825127	                  0	                  0	                  0	      5363423.18782

Stiffness matrix at the elastic center rotated along principle axis:
      109084412.239	     -1263776.45824	                  0	                  0	                  0	     -1972028.97219
     -1263776.45826	      29438285.7835	                  0	                  0	                  0	      4210646.83313
                  0	                  0	      987204801.153	  0.000630289391391	 -0.000437889269731	                  0
                  0	                  0	 -2.20920848993e-07	      17470100.1173	 -7.66884768382e-05	                  0
                  0	                  0	  0.000148763085366	  2.70564341711e-10	      111365548.784	                  0
     -1972028.97221	      4210646.83313	                  0	                  0	                  0	      5718527.89061

Mass matrix with respect to mass center
      50.8496972612	                  0	                  0	                  0	                  0	                  0
                  0	      50.8496972612	                  0	                  0	                  0	                  0
                  0	                  0	      50.8496972612	                  0	                  0	                  0
                  0	                  0	                  0	      0.61528734725	     0.124909643339	                  0
                  0	                  0	                  0	     0.124909643339	      9.19201953266	                  0
                  0	                  0	                  0	                  0	                  0	      9.80730687991
