********************************
*                              *
*          BECAS 2.3           *
*              by              *
*     becas-dtuwind@dtu.dk     *
*                              *
*   A cross section analysis   *
*   program for anisotropic    *
*   beams with arbitrary       *
*   geometry.                  *
*                              *
*     (c)DTU Wind Energy       *
********************************


Output generated on the (yyyy.mm.dd) 2017. 8. 9 at (hh.mm.ss) 10.34.52  
The input folder: is C:\Users\wentingmann\Documents\MATLAB\SBref_BECAS_Project\BECAS_outputs_80_sec_c2\BL_036_BCS 

Stiffness matrix w.r.t. to the cross section reference point 
K=
      581890420.627	      13133824.9193	                  0	                  0	                  0	     -36165213.9735
      13133824.9195	      183576059.872	                  0	                  0	                  0	      120317295.611
                  0	                  0	       7585594297.4	     -35347246.6528	      -2831077133.9	                  0
                  0	                  0	     -35347246.6521	      1765715903.09	      154543312.058	                  0
                  0	                  0	      -2831077133.9	      154543312.058	      6139765341.94	                  0
     -36165213.9734	      120317295.611	                  0	                  0	                  0	      444839967.329

Compliance matrix w.r.t. to the cross section reference point 
F=
  1.73769992858e-09	 -2.63652472498e-10	                  0	                  0	                 -0	  2.12584860076e-10
   -2.636524725e-10	  6.66105231807e-09	                  0	                  0	                  0	 -1.82307101088e-09
                  0	                  0	  1.59249917243e-10	 -3.24618681937e-12	  7.35126589711e-11	                 -0
                  0	                  0	 -3.24618681943e-12	  5.67659140021e-10	 -1.57853148285e-11	                 -0
                  0	                  0	  7.35126589711e-11	 -1.57853148285e-11	  1.97167066701e-10	                 -0
  2.12584860077e-10	 -1.82307101088e-09	                  0	                  0	                  0	  2.75837433865e-09

Mass matrix w.r.t. to the cross section reference point 
M=
      313.803111365	                  0	                  0	                  0	                  0	     -8.32513285898
                  0	      313.803111365	                  0	                  0	                  0	      39.8154808613
                  0	                  0	      313.803111365	      8.32513285898	     -39.8154808613	                  0
                 -0	                 -0	      8.32513285898	      52.1547691698	      7.73560263784	                  0
                 -0	                 -0	     -39.8154808613	      7.73560263784	      327.623232478	                  0
     -8.32513285898	      39.8154808613	                 -0	                  0	                  0	      379.778001648

Shear center;
ShearX=     0.660922263281 
ShearY=    0.0770688942025 

Elastic center:
ElasticX=     0.373217578334 
ElasticY=  -0.00465978607164 

Orientation of principle axis w.r.t. reference center:
alpha_p=     -2.02100718086o or    -0.0352732295124rad 

Orientation of principle axis w.r.t. elastic center:
alpha_p=     -2.43528102956o or    -0.0425036721772rad 

Mass center:
MassX=     0.126880452804 
MassY=    0.0265297970526 

Mass per unit length:
Mass=      313.803111365 

Mass moments of inertia:
Ixx=      52.1547691698 
Iyy=      327.623232478 
Ixy=     -7.73560263784 

Area center:
AreaX=     0.172767045339 
AreaY=    0.0409948564933 

Area per unit length:
Area=     0.370227942884 
Area moments:
Ixx=    0.0151774413883 
Iyy=    0.0639631877939 
Ixy=  -0.00463874112574 

Stiffness matrix with respect to shear center:
      581890420.627	      13133824.9193	                  0	                  0	                  0	  8.00341367722e-05
      13133824.9195	      183576059.872	                  0	                  0	                  0	  5.37644373253e-05
                  0	                  0	       7585594297.4	     -619960611.022	      2182411017.47	                  0
                  0	                  0	     -619960611.021	      1816219755.04	     -37014474.0119	                  0
                  0	                  0	      2182411017.47	      -37014474.012	      5711047464.15	                  0
                  0	  1.59488990903e-08	                  0	                  0	                  0	      362532374.952

Stiffness matrix with respect to the elastic center:
      581890420.627	      13133824.9193	                  0	                  0	                  0	     -43778473.1814
      13133824.9195	      183576059.872	                  0	                  0	                  0	      51742282.2916
                  0	                  0	       7585594297.4	 -0.000684194266796	   0.00245380401611	                  0
                  0	                  0	  6.70552253723e-08	      1765551192.48	      141351098.262	                  0
                  0	                  0	  1.90734863281e-06	      141351098.262	      5083157589.95	                  0
     -43778473.1814	      51742282.2915	                  0	                  0	                  0	      380996828.815

Stiffness matrix rotated along principle axis:
      580469266.619	      27139339.1317	                  0	                  0	                  0	     -40385817.4902
      27139339.1318	      184997213.879	                  0	                  0	                  0	       118967054.56
                  0	                  0	       7585594297.4	      64515267.4985	     -2830562655.41	                  0
                  0	                  0	      64515267.4993	      1760262399.44	 -0.000133283436298	                  0
                  0	                  0	     -2830562655.41	 -1.94580183232e-08	      6145218845.59	                  0
     -40385817.4902	       118967054.56	                  0	                  0	                  0	      444839967.329

Stiffness matrix at the elastic center rotated along principle axis:
      580056146.784	      29995839.8741	                  0	                  0	                  0	     -45937509.7556
      29995839.8742	      185410333.715	                  0	                  0	                  0	      49835365.8388
                  0	                  0	       7585594297.4	 -0.000787840621652	   0.00242251586147	                  0
                  0	                  0	 -1.40502489861e-08	      1759539631.22	   0.00013355910778	                  0
                  0	                  0	   1.9084752555e-06	 -1.56405468849e-08	      5089169151.21	                  0
     -45937509.7557	      49835365.8387	                  0	                  0	                  0	      380996828.815

Mass matrix with respect to mass center
      313.803111365	                  0	                  0	                  0	                  0	                  0
                  0	      313.803111365	                  0	                  0	                  0	                  0
                  0	                  0	      313.803111365	                  0	                  0	                  0
                  0	                  0	                  0	      51.9339050846	      8.79189926464	                  0
                  0	                  0	                  0	      8.79189926464	      322.571426238	                  0
                  0	                  0	                  0	                  0	                  0	      374.505331322
