********************************
*                              *
*          BECAS 2.3           *
*              by              *
*     becas-dtuwind@dtu.dk     *
*                              *
*   A cross section analysis   *
*   program for anisotropic    *
*   beams with arbitrary       *
*   geometry.                  *
*                              *
*     (c)DTU Wind Energy       *
********************************


Output generated on the (yyyy.mm.dd) 2017. 8. 9 at (hh.mm.ss) 10.29.38  
The input folder: is C:\Users\wentingmann\Documents\MATLAB\SBref_BECAS_Project\BECAS_outputs_80_sec_c2\BL_021_BCS 

Stiffness matrix w.r.t. to the cross section reference point 
K=
      921198034.655	     -54306665.8946	                  0	                  0	                  0	      2982347.63398
     -54306665.8949	      490372780.023	                  0	                  0	                  0	      388738118.559
                  0	                  0	      7728012987.34	     -171317637.971	     -3679734074.14	                  0
                  0	                  0	     -171317637.904	      6227163216.11	      796405967.715	                  0
                  0	                  0	     -3679734074.12	      796405967.646	      14404931498.2	                  0
      2982347.63091	      388738118.561	                  0	                  0	                  0	      2574146325.06

Compliance matrix w.r.t. to the cross section reference point 
F=
  1.09379435825e-09	  1.38748049817e-10	                  0	                  0	                  0	 -2.22204659849e-11
  1.38748049817e-10	  2.33420086637e-09	                  0	                  0	                  0	 -3.52663187486e-10
                  0	                  0	  1.47321847819e-10	 -7.65398479767e-13	  3.76756245781e-11	                 -0
                  0	                  0	 -7.65398481777e-13	  1.61734302392e-10	 -9.13733095498e-12	                 -0
                  0	                  0	  3.76756245781e-11	 -9.13733095369e-12	  7.95500696804e-11	                 -0
 -2.22204659836e-11	 -3.52663187488e-10	                  0	                  0	                  0	  4.41761947281e-10

Mass matrix w.r.t. to the cross section reference point 
M=
      473.603752301	                  0	                  0	                  0	                  0	      1.98990324574
                  0	      473.603752301	                  0	                  0	                  0	      121.627160802
                  0	                  0	      473.603752301	     -1.98990324574	     -121.627160802	                  0
                 -0	                 -0	     -1.98990324574	      276.563633839	       24.526712741	                  0
                 -0	                 -0	     -121.627160802	       24.526712741	      1099.53390582	                  0
      1.98990324574	      121.627160802	                 -0	                  0	                  0	      1376.09753966

Shear center;
ShearX=     0.798310469379 
ShearY=   -0.0502996378941 

Elastic center:
ElasticX=     0.476155265287 
ElasticY=   -0.0221683941506 

Orientation of principle axis w.r.t. reference center:
alpha_p=     -5.51085110853o or    -0.0961824964309rad 

Orientation of principle axis w.r.t. elastic center:
alpha_p=     -6.26822347796o or     -0.109401137941rad 

Mass center:
MassX=     0.256812071719 
MassY=  -0.00420162052365 

Mass per unit length:
Mass=      473.603752301 

Mass moments of inertia:
Ixx=      276.563633839 
Iyy=      1099.53390582 
Ixy=      -24.526712741 

Area center:
AreaX=     0.186831615797 
AreaY=    0.0162371089773 

Area per unit length:
Area=     0.642214403906 
Area moments:
Ixx=     0.010427705263 
Iyy=      0.11998595477 
Ixy=   -0.0157100531536 

Stiffness matrix with respect to shear center:
      921198034.655	     -54306665.8946	                  0	                  0	                  0	   0.00284211337566
     -54306665.8949	      490372780.023	                  0	                  0	                  0	  -0.00172358984128
                  0	                  0	      7728012987.34	      217398616.933	      2489619601.16	                  0
                  0	                  0	          217398617	      6229481072.67	      784868268.219	                  0
                  0	                  0	      2489619601.17	      784868268.097	      13454850654.7	                  0
                  0	 -1.35041773319e-08	                  0	                  0	                  0	      2263662604.16

Stiffness matrix with respect to the elastic center:
      921198034.655	     -54306665.8946	                  0	                  0	                  0	      8419271.41688
     -54306665.8949	      490372780.023	                  0	                  0	                  0	      156448428.973
                  0	                  0	      7728012987.34	   -0.0671886205673	   -0.0101752281189	                  0
                  0	                  0	  0.000158488750458	      6223365379.19	      714832172.391	                  0
                  0	                  0	   0.00280523300171	      714832172.289	        12652806744	                  0
      8419271.41394	      156448428.975	                  0	                  0	                  0	       2314300124.3

Stiffness matrix rotated along principle axis:
      927607105.837	     -12122212.8011	                  0	                  0	                  0	      -34363616.756
     -12122212.8014	      483963708.841	                  0	                  0	                  0	       387227789.63
                  0	                  0	      7728012987.34	      182854749.874	     -3679178811.89	                  0
                  0	                  0	       182854749.94	       6150325812.9	    0.0694844722748	                  0
                  0	                  0	     -3679178811.87	 -9.71062169426e-08	      14481768901.4	                  0
     -34363616.7592	      387227789.632	                  0	                  0	                  0	      2574146325.06

Stiffness matrix at the elastic center rotated along principle axis:
      927850032.479	      -6254296.8418	                  0	                  0	                  0	     -8712576.69348
     -6254296.84208	      483720782.198	                  0	                  0	                  0	      156432368.986
                  0	                  0	      7728012987.34	   -0.0656759819445	   -0.0174502549161	                  0
                  0	                  0	 -0.000148742611983	      6144848429.64	      0.10126388073	                  0
                  0	                  0	   0.00280576665339	  6.68771005894e-08	      12731323693.5	                  0
     -8712576.69659	      156432368.987	                  0	                  0	                  0	       2314300124.3

Mass matrix with respect to mass center
      473.603752301	                  0	                  0	                  0	                  0	                  0
                  0	      473.603752301	                  0	                  0	                  0	                  0
                  0	                  0	      473.603752301	                  0	                  0	                  0
                  0	                  0	                  0	      276.555273021	       24.015681566	                  0
                  0	                  0	                  0	       24.015681566	      1068.29858268	                  0
                  0	                  0	                  0	                  0	                  0	       1344.8538557
