********************************
*                              *
*          BECAS 2.3           *
*              by              *
*     becas-dtuwind@dtu.dk     *
*                              *
*   A cross section analysis   *
*   program for anisotropic    *
*   beams with arbitrary       *
*   geometry.                  *
*                              *
*     (c)DTU Wind Energy       *
********************************


Output generated on the (yyyy.mm.dd) 2017. 8. 9 at (hh.mm.ss) 12.48.28  
The input folder: is C:\Users\wentingmann\Documents\MATLAB\SBref_BECAS_Project\BECAS_outputs_80_sec_TP\BL_040_BCS 

Stiffness matrix w.r.t. to the cross section reference point 
K=
      515077008.918	      11909911.7921	                  0	                  0	                  0	     -39612866.6853
      11909911.7922	      152224024.347	                  0	                  0	                  0	      2084567.24909
                  0	                  0	      7291879857.55	     -6521716.91863	      1712336890.65	                  0
                  0	                  0	     -6521716.91927	      1309445910.59	      97284659.5723	                  0
                  0	                  0	      1712336890.65	      97284659.5725	       4410739884.1	                  0
     -39612866.6853	      2084567.24911	                  0	                  0	                  0	       247489964.82

Compliance matrix w.r.t. to the cross section reference point 
F=
  1.96946635718e-09	 -1.58424860976e-10	                  0	                  0	                 -0	  3.16564170922e-10
 -1.58424860977e-10	  6.58276687465e-09	                  0	                  0	                  0	 -8.08028040546e-11
                  0	                  0	   1.5092935872e-10	  5.11328182152e-12	 -5.87065570639e-11	                 -0
                  0	                  0	  5.11328182158e-12	   7.6510849472e-10	  -1.8860550095e-11	                 -0
                  0	                  0	 -5.87065570638e-11	  -1.8860550095e-11	  2.49926378464e-10	                 -0
  3.16564170922e-10	 -8.08028040551e-11	                  0	                  0	                  0	   4.0919172376e-09

Mass matrix w.r.t. to the cross section reference point 
M=
      271.474414233	                  0	                  0	                  0	                  0	     -6.62694325472
                  0	      271.474414233	                  0	                  0	                  0	     -127.123836232
                  0	                  0	      271.474414233	      6.62694325472	      127.123836232	                  0
                 -0	                 -0	      6.62694325472	      35.4181478189	       9.6045754088	                  0
                 -0	                 -0	      127.123836232	       9.6045754088	      293.962158712	                  0
     -6.62694325472	     -127.123836232	                 -0	                  0	                  0	      329.380306531

Shear center;
ShearX=    0.0197469301951 
ShearY=     0.077363287804 

Elastic center:
ElasticX=    -0.234827907769 
ElasticY= -0.000894380742233 

Orientation of principle axis w.r.t. reference center:
alpha_p=     -1.79496186303o or    -0.0313279944577rad 

Orientation of principle axis w.r.t. elastic center:
alpha_p=     -2.09383241764o or    -0.0365442696729rad 

Mass center:
MassX=    -0.468271887027 
MassY=    0.0244109312233 

Mass per unit length:
Mass=      271.474414233 

Mass moments of inertia:
Ixx=      35.4181478189 
Iyy=      293.962158712 
Ixy=      -9.6045754088 

Area center:
AreaX=    -0.434759743526 
AreaY=     0.040598957311 

Area per unit length:
Area=     0.329953299214 
Area moments:
Ixx=    0.0133957599094 
Iyy=    -0.143450411742 
Ixy=   -0.0118047454872 

Stiffness matrix with respect to shear center:
      515077008.918	      11909911.7921	                  0	                  0	                  0	  1.72853469849e-05
      11909911.7922	      152224024.347	                  0	                  0	                  0	 -1.78474001586e-05
                  0	                  0	      7291879857.55	      -570645516.97	      1856329133.19	                  0
                  0	                  0	     -570645516.971	      1354097465.42	     -46455849.3067	                  0
                  0	                  0	      1856329133.19	     -46455849.3063	      4481210082.96	                  0
                  0	                  0	                  0	                  0	                  0	       244384219.41

Stiffness matrix with respect to the elastic center:
      515077008.918	      11909911.7921	                  0	                  0	                  0	      -37276761.975
      11909911.7922	      152224024.347	                  0	                  0	                  0	       37820364.403
                  0	                  0	      7291879857.55	  0.000634586438537	   0.00157570838928	                  0
                  0	                  0	 -3.72529029846e-09	       1309440077.7	      98816140.7115	                  0
                  0	                  0	 -7.15255737305e-07	      98816140.7116	      4008635394.67	                  0
      -37276761.975	      37820364.4031	                  0	                  0	                  0	      256929525.033

Stiffness matrix rotated along principle axis:
      513975266.655	      23246561.7083	                  0	                  0	                  0	     -39658724.0146
      23246561.7084	       153325766.61	                  0	                  0	                  0	      842755.706421
                  0	                  0	      7291879857.55	     -60153823.1135	      1711292399.75	                  0
                  0	                  0	     -60153823.1141	      1306397179.87	 -0.000208601355553	                  0
                  0	                  0	      1711292399.75	  2.38378316044e-08	      4413788614.83	                  0
     -39658724.0146	      842755.706441	                  0	                  0	                  0	       247489964.82

Stiffness matrix at the elastic center rotated along principle axis:
      513722937.113	      25126509.5873	                  0	                  0	                  0	     -38633683.4759
      25126509.5874	      153578096.152	                  0	                  0	                  0	      36433164.1229
                  0	                  0	      7291879857.55	  0.000576592449512	   0.00159784167651	                  0
                  0	                  0	  2.24098779716e-08	      1305827305.59	  -5.8189034462e-05	                  0
                  0	                  0	 -7.14914291999e-07	  3.68567617518e-10	      4012248166.77	                  0
     -38633683.4759	      36433164.1229	                  0	                  0	                  0	      256929525.033

Mass matrix with respect to mass center
      271.474414233	                  0	                  0	                  0	                  0	                  0
                  0	      271.474414233	                  0	                  0	                  0	                  0
                  0	                  0	      271.474414233	                  0	                  0	                  0
                  0	                  0	                  0	      35.2563779629	      6.50136418569	                  0
                  0	                  0	                  0	      6.50136418569	      234.433640034	                  0
                  0	                  0	                  0	                  0	                  0	      269.690017997
