********************************
*                              *
*          BECAS 2.3           *
*              by              *
*     becas-dtuwind@dtu.dk     *
*                              *
*   A cross section analysis   *
*   program for anisotropic    *
*   beams with arbitrary       *
*   geometry.                  *
*                              *
*     (c)DTU Wind Energy       *
********************************


Output generated on the (yyyy.mm.dd) 2017. 8. 9 at (hh.mm.ss) 10.26.56  
The input folder: is C:\Users\wentingmann\Documents\MATLAB\SBref_BECAS_Project\BECAS_outputs_80_sec_c2\BL_015_BCS 

Stiffness matrix w.r.t. to the cross section reference point 
K=
      1169453052.98	     -104138159.847	                  0	                  0	                  0	     -379363.453371
     -104138159.847	      712665408.485	                  0	                  0	                  0	      596962787.552
                  0	                  0	      7996967259.04	     -263646667.824	     -3610923199.02	                  0
                  0	                  0	     -263646667.813	      10817529504.2	      1542870445.62	                  0
                  0	                  0	     -3610923199.03	      1542870445.63	      21402710812.3	                  0
     -379363.453499	      596962787.552	                  0	                  0	                  0	      5478295894.71

Compliance matrix w.r.t. to the cross section reference point 
F=
  8.67512879282e-10	  1.39442897754e-10	                  0	                  0	                  0	 -1.51348375223e-11
  1.39442897754e-10	  1.56654081365e-09	                  0	                  0	                  0	 -1.70694261385e-10
                  0	                  0	  1.35359113524e-10	  4.22756222543e-14	  2.28338429509e-11	                 -0
                  0	                  0	  4.22756221198e-14	  9.34028961416e-11	 -6.72605985429e-12	                 -0
                  0	                  0	   2.2833842951e-11	 -6.72605985429e-12	   5.1060293333e-11	                 -0
 -1.51348375223e-11	 -1.70694261385e-10	                  0	                  0	                  0	  2.01137799357e-10

Mass matrix w.r.t. to the cross section reference point 
M=
      598.842848574	                  0	                  0	                  0	                  0	      13.3063700219
                  0	      598.842848574	                  0	                  0	                  0	      170.908427454
                  0	                  0	      598.842848574	     -13.3063700219	     -170.908427454	                  0
                 -0	                 -0	     -13.3063700219	       605.63140151	      43.1564677752	                  0
                 -0	                 -0	     -170.908427454	      43.1564677752	      1888.52775754	                  0
      13.3063700219	      170.908427454	                 -0	                  0	                  0	      2494.15915905

Shear center;
ShearX=     0.848643377475 
ShearY=   -0.0752461127181 

Elastic center:
ElasticX=     0.451536574061 
ElasticY=   -0.0329683315278 

Orientation of principle axis w.r.t. reference center:
alpha_p=     -8.12610229924o or     -0.141827240476rad 

Orientation of principle axis w.r.t. elastic center:
alpha_p=     -8.81244929855o or     -0.153806255425rad 

Mass center:
MassX=     0.285397793195 
MassY=   -0.0222201368082 

Mass per unit length:
Mass=      598.842848574 

Mass moments of inertia:
Ixx=       605.63140151 
Iyy=      1888.52775754 
Ixy=     -43.1564677752 

Area center:
AreaX=     0.235690386181 
AreaY=    -0.022190052355 

Area per unit length:
Area=     0.864379011818 
Area moments:
Ixx=   -0.0191806155268 
Iyy=     0.203725823102 
Ixy=   -0.0267451354886 

Stiffness matrix with respect to shear center:
      1169453052.98	     -104138159.847	                  0	                  0	                  0	  0.000116959214211
     -104138159.847	      712665408.485	                  0	                  0	                  0	 -0.000302202999592
                  0	                  0	      7996967259.04	      338094031.953	      3175650105.25	                  0
                  0	                  0	      338094031.964	        10823131379	      1558083772.76	                  0
                  0	                  0	      3175650105.24	      1558083772.76	      21033319183.9	                  0
                  0	  3.16649675369e-08	                  0	                  0	                  0	      4971715924.08

Stiffness matrix with respect to the elastic center:
      1169453052.98	     -104138159.847	                  0	                  0	                  0	      8087908.51607
     -104138159.847	      712665408.485	                  0	                  0	                  0	      278601551.931
                  0	                  0	      7996967259.04	   -0.0110313296318	   0.00985145568848	                  0
                  0	                  0	 -2.29477882385e-06	      10808837513.5	      1423824332.48	                  0
                  0	                  0	 -3.19480895996e-05	      1423824332.48	      19772246921.9	                  0
      8087908.51595	      278601551.931	                  0	                  0	                  0	      5082692434.62

Stiffness matrix rotated along principle axis:
      1189470952.68	     -36057048.8711	                  0	                  0	                  0	     -84757583.6687
     -36057048.8712	      692647508.779	                  0	                  0	                  0	      590915277.894
                  0	                  0	      7996967259.04	      249412607.319	     -3611934283.17	                  0
                  0	                  0	      249412607.332	      10597229351.9	  -0.00655484199524	                  0
                  0	                  0	     -3611934283.18	 -5.13034557158e-07	      21623010964.7	                  0
     -84757583.6689	      590915277.894	                  0	                  0	                  0	      5478295894.71

Stiffness matrix at the elastic center rotated along principle axis:
      1190263436.73	     -30095815.0892	                  0	                  0	                  0	     -34689481.0015
     -30095815.0892	      691855024.726	                  0	                  0	                  0	      276551765.336
                  0	                  0	      7996967259.04	   -0.0124103545685	   0.00804515457346	                  0
                  0	                  0	  2.62677586647e-06	        10588101066	  -0.00124859809875	                  0
                  0	                  0	 -3.19225075372e-05	 -4.02894216857e-07	      19992983369.4	                  0
     -34689481.0017	      276551765.336	                  0	                  0	                  0	      5082692434.62

Mass matrix with respect to mass center
      598.842848574	                  0	                  0	                  0	                  0	                  0
                  0	      598.842848574	                  0	                  0	                  0	                  0
                  0	                  0	      598.842848574	                  0	                  0	                  0
                  0	                  0	                  0	      605.335732148	      39.3588591356	                  0
                  0	                  0	                  0	      39.3588591356	       1839.7508695	                  0
                  0	                  0	                  0	                  0	                  0	      2445.08660165
