********************************
*                              *
*          BECAS 2.3           *
*              by              *
*     becas-dtuwind@dtu.dk     *
*                              *
*   A cross section analysis   *
*   program for anisotropic    *
*   beams with arbitrary       *
*   geometry.                  *
*                              *
*     (c)DTU Wind Energy       *
********************************


Output generated on the (yyyy.mm.dd) 2017. 8. 9 at (hh.mm.ss) 10.43.16  
The input folder: is C:\Users\wentingmann\Documents\MATLAB\SBref_BECAS_Project\BECAS_outputs_80_sec_c2\BL_072_BCS 

Stiffness matrix w.r.t. to the cross section reference point 
K=
      125945949.153	     -2265470.73126	                  0	                  0	                  0	     -6872074.99768
     -2265470.73134	       33693846.926	                  0	                  0	                  0	      12394884.3003
                  0	                  0	      1226470056.02	      41936467.9609	     -264875316.462	                  0
                  0	                  0	      41936467.9605	      30066826.2532	     -7523388.94428	                  0
                  0	                  0	     -264875316.461	     -7523388.94443	      214797839.329	                  0
     -6872074.99771	      12394884.3003	                  0	                  0	                  0	      12265514.4049

Compliance matrix w.r.t. to the cross section reference point 
F=
  8.26027052326e-09	 -1.82587437773e-09	                 -0	                  0	                 -0	  6.47316513396e-09
 -1.82587437772e-09	   4.7644205996e-08	                  0	                  0	                  0	 -4.91697246974e-08
                  0	                  0	  1.15733534089e-09	 -1.26823211869e-09	  1.38273346743e-09	                 -0
                  0	                  0	 -1.26823211869e-09	  3.49430681702e-08	 -3.40008499439e-10	                 -0
                  0	                  0	  1.38273346742e-09	 -3.40008499422e-10	  6.34873215132e-09	                 -0
  6.47316513396e-09	 -4.91697246974e-08	                  0	                  0	                  0	  1.34844497375e-07

Mass matrix w.r.t. to the cross section reference point 
M=
      58.6721675741	                  0	                  0	                  0	                  0	     -2.02442690097
                  0	      58.6721675741	                  0	                  0	                  0	      9.45643034619
                  0	                  0	      58.6721675741	      2.02442690097	     -9.45643034619	                  0
                 -0	                 -0	      2.02442690097	     0.996166500552	    -0.132900095846	                  0
                 -0	                 -0	     -9.45643034619	    -0.132900095846	      14.2195733797	                  0
     -2.02442690097	      9.45643034619	                 -0	                  0	                  0	      15.2157398803

Shear center;
ShearX=     0.364640201525 
ShearY=    0.0480046665602 

Elastic center:
ElasticX=      0.21596557956 
ElasticY=    0.0341928184505 

Orientation of principle axis w.r.t. reference center:
alpha_p=      2.32829842625o or     0.0406364735071rad 

Orientation of principle axis w.r.t. elastic center:
alpha_p=    -0.681162194969o or    -0.0118885230423rad 

Mass center:
MassX=     0.161174041069 
MassY=    0.0345040414335 

Mass per unit length:
Mass=      58.6721675741 

Mass moments of inertia:
Ixx=     0.996166500552 
Iyy=      14.2195733797 
Ixy=     0.132900095846 

Area center:
AreaX=     0.138414556217 
AreaY=    0.0493673153149 

Area per unit length:
Area=    0.0764461249659 
Area moments:
Ixx=   0.00377393995579 
Iyy=    0.0105812564617 
Ixy=  0.000208529799255 

Stiffness matrix with respect to shear center:
      125945949.153	     -2265470.73126	                  0	                  0	                  0	  7.90692865849e-07
     -2265470.73134	       33693846.926	                  0	                  0	                  0	   1.7221289454e-05
                  0	                  0	      1226470056.02	     -16939818.1243	      182344971.929	                  0
                  0	                  0	     -16939818.1247	      28866870.4127	     -985076.392313	                  0
                  0	                  0	       182344971.93	     -985076.392335	      184703957.867	                  0
 -9.31322574615e-10	 -2.47382558882e-10	                  0	                  0	                  0	      7415949.62692

Stiffness matrix with respect to the elastic center:
      125945949.153	     -2265470.73126	                  0	                  0	                  0	     -2076364.32426
     -2265470.73134	       33693846.926	                  0	                  0	                  0	      5040710.29193
                  0	                  0	      1226470056.02	  0.000415496528149	 -0.000576823949814	                  0
                  0	                  0	 -1.11013650894e-06	      28632900.2177	      1533444.66353	                  0
                  0	                  0	 -0.000113278627396	      1533444.66345	      157593888.098	                  0
     -2076364.32428	      5040710.29191	                  0	                  0	                  0	      8194053.75267

Stiffness matrix rotated along principle axis:
      125609776.118	     -6002667.28541	                  0	                  0	                  0	     -6362855.99609
     -6002667.28549	      34030019.9613	                  0	                  0	                  0	      12663831.7726
                  0	                  0	      1226470056.02	      31141210.7372	     -266360330.398	                  0
                  0	                  0	      31141210.7368	      29760933.8634	  0.000151405343786	                  0
                  0	                  0	     -266360330.397	  2.68391891763e-10	      215103731.718	                  0
     -6362855.99612	      12663831.7726	                  0	                  0	                  0	      12265514.4049

Stiffness matrix at the elastic center rotated along principle axis:
       125986772.26	     -1168192.46596	                  0	                  0	                  0	     -2136142.78128
     -1168192.46604	      33653023.8187	                  0	                  0	                  0	       5015669.7531
                  0	                  0	      1226470056.02	  0.000422324589264	 -0.000571843663326	                  0
                  0	                  0	  2.36625790573e-07	      28614668.9666	  7.72798084654e-05	                  0
                  0	                  0	 -0.000113283819833	 -4.42687152047e-10	      157612119.349	                  0
      -2136142.7813	      5015669.75309	                  0	                  0	                  0	      8194053.75267

Mass matrix with respect to mass center
      58.6721675741	                  0	                  0	                  0	                  0	                  0
                  0	      58.6721675741	                  0	                  0	                  0	                  0
                  0	                  0	      58.6721675741	                  0	                  0	                  0
                  0	                  0	                  0	     0.926315590882	     0.193384968633	                  0
                  0	                  0	                  0	     0.193384968633	      12.6954422868	                  0
                  0	                  0	                  0	                  0	                  0	      13.6217578776
