********************************
*                              *
*          BECAS 2.3           *
*              by              *
*     becas-dtuwind@dtu.dk     *
*                              *
*   A cross section analysis   *
*   program for anisotropic    *
*   beams with arbitrary       *
*   geometry.                  *
*                              *
*     (c)DTU Wind Energy       *
********************************


Output generated on the (yyyy.mm.dd) 2017. 8. 9 at (hh.mm.ss) 10.32.43  
The input folder: is C:\Users\wentingmann\Documents\MATLAB\SBref_BECAS_Project\BECAS_outputs_80_sec_c2\BL_029_BCS 

Stiffness matrix w.r.t. to the cross section reference point 
K=
      759649419.949	      12192085.6945	                  0	                  0	                  0	     -43941748.4602
      12192085.6943	      275930774.528	                  0	                  0	                  0	       175372647.89
                  0	                  0	      7928112305.07	     -57332929.0845	     -3361633104.78	                  0
                  0	                  0	     -57332929.0864	      3160461996.92	       355898565.86	                  0
                  0	                  0	     -3361633104.78	      355898565.856	      8904272438.31	                  0
     -43941748.4604	      175372647.889	                  0	                  0	                  0	      972691241.211

Compliance matrix w.r.t. to the cross section reference point 
F=
  1.32273687106e-09	 -1.08903288128e-10	                  0	                  0	                 -0	  7.93900732303e-11
 -1.08903288127e-10	  4.10209751195e-09	                  0	                  0	                  0	 -7.44512824608e-10
                  0	                  0	  1.50215382076e-10	 -3.67773573946e-12	  5.68578629662e-11	                 -0
                  0	                  0	 -3.67773573945e-12	  3.17930058596e-10	 -1.40959355164e-11	                 -0
                  0	                  0	  5.68578629662e-11	 -1.40959355162e-11	  1.34334613629e-10	                 -0
  7.93900732304e-11	 -7.44512824606e-10	                  0	                  0	                  0	  1.16589486573e-09

Mass matrix w.r.t. to the cross section reference point 
M=
      382.671245517	                  0	                  0	                  0	                  0	     -10.4338382052
                  0	      382.671245517	                  0	                  0	                  0	        56.10753329
                  0	                  0	      382.671245517	      10.4338382052	       -56.10753329	                  0
                 -0	                 -0	      10.4338382052	      109.327996965	      17.2150996085	                  0
                 -0	                 -0	       -56.10753329	      17.2150996085	      551.996592677	                  0
     -10.4338382052	        56.10753329	                 -0	                  0	                  0	      661.324589642

Shear center;
ShearX=     0.638576295763 
ShearY=    0.0680936811406 

Elastic center:
ElasticX=     0.424014314559 
ElasticY=  -0.00723159900872 

Orientation of principle axis w.r.t. reference center:
alpha_p=     -3.53215899968o or    -0.0616478042483rad 

Orientation of principle axis w.r.t. elastic center:
alpha_p=      -4.3649132463o or    -0.0761821077118rad 

Mass center:
MassX=     0.146620719344 
MassY=    0.0272658014612 

Mass per unit length:
Mass=      382.671245517 

Mass moments of inertia:
Ixx=      109.327996965 
Iyy=      551.996592677 
Ixy=     -17.2150996085 

Area center:
AreaX=     0.146491533244 
AreaY=    0.0412165973284 

Area per unit length:
Area=     0.477943355158 
Area moments:
Ixx=    0.0196991988153 
Iyy=    0.0700146549009 
Ixy=   -0.0105298904998 

Stiffness matrix with respect to shear center:
      759649419.949	      12192085.6945	                  0	                  0	                  0	  7.31274485588e-05
      12192085.6943	      275930774.528	                  0	                  0	                  0	  0.000282293302007
                  0	                  0	      7928112305.07	     -597187280.433	      1701071483.39	                  0
                  0	                  0	     -597187280.435	      3205030687.37	      203454897.191	                  0
                  0	                  0	      1701071483.39	      203454897.189	      7843877149.23	                  0
                  0	 -1.79279595613e-08	                  0	                  0	                  0	      857710269.935

Stiffness matrix with respect to the elastic center:
      759649419.949	      12192085.6945	                  0	                  0	                  0	     -54604847.3113
      12192085.6943	      275930774.528	                  0	                  0	                  0	      58285881.3877
                  0	                  0	      7928112305.07	   0.00181306153536	 -0.000321388244629	                  0
                  0	                  0	  2.63005495071e-06	      3160047388.17	      331588583.232	                  0
                  0	                  0	  5.96046447754e-05	      331588583.228	      7478891881.59	                  0
     -54604847.3114	      58285881.3874	                  0	                  0	                  0	      874329329.543

Stiffness matrix rotated along principle axis:
      756313973.359	      41844228.4671	                  0	                  0	                  0	     -54662767.6272
      41844228.4669	      279266221.118	                  0	                  0	                  0	      172332308.987
                  0	                  0	      7928112305.07	      149882040.578	     -3358779476.21	                  0
                  0	                  0	      149882040.576	      3138493795.05	   0.00399962067604	                  0
                  0	                  0	     -3358779476.21	  1.56321247994e-07	      8926240640.18	                  0
     -54662767.6273	      172332308.987	                  0	                  0	                  0	      972691241.211

Stiffness matrix at the elastic center rotated along principle axis:
        754997023.9	      48759131.2437	                  0	                  0	                  0	     -58882515.9486
      48759131.2435	      280583170.577	                  0	                  0	                  0	      53960936.1909
                  0	                  0	      7928112305.07	   0.00183226319223	 -0.000182466789247	                  0
                  0	                  0	 -1.91398988675e-06	      3134737287.86	   0.00322940945625	                  0
                  0	                  0	  5.96319336476e-05	 -1.67255908003e-08	       7504201981.9	                  0
     -58882515.9487	      53960936.1906	                  0	                  0	                  0	      874329329.543

Mass matrix with respect to mass center
      382.671245517	                  0	                  0	                  0	                  0	                  0
                  0	      382.671245517	                  0	                  0	                  0	                  0
                  0	                  0	      382.671245517	                  0	                  0	                  0
                  0	                  0	                  0	      109.043510004	      18.7449164716	                  0
                  0	                  0	                  0	      18.7449164716	      543.770065786	                  0
                  0	                  0	                  0	                  0	                  0	      652.813575789
