********************************
*                              *
*          BECAS 2.3           *
*              by              *
*     becas-dtuwind@dtu.dk     *
*                              *
*   A cross section analysis   *
*   program for anisotropic    *
*   beams with arbitrary       *
*   geometry.                  *
*                              *
*     (c)DTU Wind Energy       *
********************************


Output generated on the (yyyy.mm.dd) 2017.11.20 at (hh.mm.ss) 13.49.40  
The input folder: is C:\Users\wentingmann\Documents\MATLAB\SBref_BECAS_Project\BECAS_outputs_81_82_83_TP\BL_0081_BCS 

Stiffness matrix w.r.t. to the cross section reference point 
K=
      23846180.1747	      -234403.50871	                  0	                  0	                  0	     -630408.996686
     -234403.508696	       1381273.1153	                  0	                  0	                  0	      149817.916048
                  0	                  0	      206589551.178	      3674991.62949	      19835688.9974	                  0
                  0	                  0	      3674991.62949	        577747.1268	      404350.426374	                  0
                  0	                  0	      19835688.9973	      404350.426368	      8443672.12459	                  0
     -630408.996681	      149817.916049	                  0	                  0	                  0	      191410.171488

Compliance matrix w.r.t. to the cross section reference point 
F=
  4.60471923606e-08	  -9.4360129504e-09	                  0	                  0	                 -0	  1.59041956316e-07
 -9.43601295069e-09	  7.93066793599e-07	                  0	                  0	                  0	 -6.51815735761e-07
                  0	                  0	  6.81697756689e-09	 -3.32691520985e-08	 -1.44211013036e-08	                 -0
                  0	                  0	 -3.32691520983e-08	  1.95324823625e-06	 -1.53819571625e-08	                 -0
                  0	                  0	 -1.44211013035e-08	 -1.53819571608e-08	  1.53046229451e-07	                 -0
  1.59041956315e-07	 -6.51815735763e-07	                  0	                  0	                  0	  6.25836728517e-06

Mass matrix w.r.t. to the cross section reference point 
M=
      10.5588067319	                  0	                  0	                  0	                  0	    -0.161045079643
                  0	      10.5588067319	                  0	                  0	                  0	     -1.12237358594
                  0	                  0	      10.5588067319	     0.161045079643	      1.12237358594	                  0
                 -0	                 -0	     0.161045079643	    0.0204187672969	    0.0230964449751	                  0
                 -0	                 -0	      1.12237358594	    0.0230964449751	     0.646993815679	                  0
    -0.161045079643	     -1.12237358594	                 -0	                  0	                  0	     0.667412582976

Shear center;
ShearX=     0.104151083831 
ShearY=    0.0254126913727 

Elastic center:
ElasticX=   -0.0960149672825 
ElasticY=    0.0177888552859 

Orientation of principle axis w.r.t. reference center:
alpha_p=     -2.93499612279o or     -0.051225345876rad 

Orientation of principle axis w.r.t. elastic center:
alpha_p=     -0.48952031178o or   -0.00854374119594rad 

Mass center:
MassX=    -0.106297388941 
MassY=    0.0152522045088 

Mass per unit length:
Mass=      10.5588067319 

Mass moments of inertia:
Ixx=    0.0204187672969 
Iyy=     0.646993815679 
Ixy=   -0.0230964449751 

Area center:
AreaX=   -0.0811040415327 
AreaY=    0.0151576721462 

Area per unit length:
Area=   0.00731031057673 
Area moments:
Ixx=  0.000110807291009 
Iyy= -0.000592895732632 
Ixy= -1.32489380665e-05 

Stiffness matrix with respect to shear center:
      23846180.1747	      -234403.50871	                  0	                  0	                  0	 -3.46032902598e-06
     -234403.508696	       1381273.1153	                  0	                  0	                  0	 -3.48680259776e-07
                  0	                  0	      206589551.178	     -1575004.87543	      41352214.6608	                  0
                  0	                  0	     -1575004.87544	      524380.811532	     -263766.281096	                  0
                  0	                  0	      41352214.6607	     -263766.281101	      14816458.6079	                  0
                  0	  1.81898940355e-12	                  0	                  0	                  0	      159786.083883

Stiffness matrix with respect to the elastic center:
      23846180.1747	      -234403.50871	                  0	                  0	                  0	     -228718.993658
     -234403.508696	       1381273.1153	                  0	                  0	                  0	      278271.038927
                  0	                  0	      206589551.178	  3.47895547748e-06	   4.7542154789e-05	                  0
                  0	                  0	 -3.23634594679e-07	      512373.232526	       51496.225305	                  0
                  0	                  0	 -4.11234796047e-05	      51496.2252993	      6539149.09448	                  0
     -228718.993652	      278271.038928	                  0	                  0	                  0	      217230.215002

Stiffness matrix rotated along principle axis:
      23811255.8048	      915586.160013	                  0	                  0	                  0	     -637253.188223
      915586.160027	      1416197.48517	                  0	                  0	                  0	      117342.597432
                  0	                  0	      206589551.178	      2654525.31674	      19997840.3039	                  0
                  0	                  0	      2654525.31674	      557016.000106	  6.94187838235e-06	                  0
                  0	                  0	      19997840.3038	 -6.74812985066e-11	      8464403.25128	                  0
     -637253.188218	      117342.597433	                  0	                  0	                  0	      191410.171488

Stiffness matrix at the elastic center rotated along principle axis:
      23848545.5481	     -42444.2769218	                  0	                  0	                  0	     -231088.092793
     -42444.2769079	      1378907.74192	                  0	                  0	                  0	      276306.790605
                  0	                  0	      206589551.178	  3.07264557939e-06	  4.75701425511e-05	                  0
                  0	                  0	  2.77213095452e-08	      511933.251399	  5.72979297431e-06	                  0
                  0	                  0	 -4.11247437157e-05	 -2.90961976155e-12	      6539589.07561	                  0
     -231088.092787	      276306.790606	                  0	                  0	                  0	      217230.215002

Mass matrix with respect to mass center
      10.5588067319	                  0	                  0	                  0	                  0	                  0
                  0	      10.5588067319	                  0	                  0	                  0	                  0
                  0	                  0	      10.5588067319	                  0	                  0	                  0
                  0	                  0	                  0	     0.017962474807	   0.00597777350716	                  0
                  0	                  0	                  0	   0.00597777350716	     0.527688434077	                  0
                  0	                  0	                  0	                  0	                  0	     0.545650908884
