********************************
*                              *
*          BECAS 2.3           *
*              by              *
*     becas-dtuwind@dtu.dk     *
*                              *
*   A cross section analysis   *
*   program for anisotropic    *
*   beams with arbitrary       *
*   geometry.                  *
*                              *
*     (c)DTU Wind Energy       *
********************************


Output generated on the (yyyy.mm.dd) 2017. 8. 9 at (hh.mm.ss) 10.38.48  
The input folder: is C:\Users\wentingmann\Documents\MATLAB\SBref_BECAS_Project\BECAS_outputs_80_sec_c2\BL_051_BCS 

Stiffness matrix w.r.t. to the cross section reference point 
K=
      404969087.074	      6706734.59778	                  0	                  0	                  0	     -34375402.1687
      6706734.59789	      95718661.3358	                  0	                  0	                  0	      49429818.7595
                  0	                  0	      5143626330.79	      34820755.2046	     -1406507573.54	                  0
                  0	                  0	      34820755.2049	      457358134.154	      43513154.6713	                  0
                  0	                  0	     -1406507573.54	      43513154.6717	       2367483425.4	                  0
     -34375402.1687	      49429818.7595	                  0	                  0	                  0	      118459697.001

Compliance matrix w.r.t. to the cross section reference point 
F=
  2.57008123633e-09	 -7.20463093879e-10	                 -0	                  0	                 -0	   1.0464313129e-09
 -7.20463093881e-10	  1.35187818076e-08	                  0	                  0	                  0	 -5.85006682227e-09
                  0	                  0	  2.32559973552e-10	 -3.09046979312e-11	  1.38730485494e-10	                 -0
                  0	                  0	 -3.09046979312e-11	   2.1944072736e-09	 -5.86923960334e-11	                 -0
                  0	                  0	  1.38730485494e-10	 -5.86923960338e-11	  5.05887119202e-10	                 -0
   1.0464313129e-09	 -5.85006682227e-09	                  0	                  0	                  0	  1.11864142281e-08

Mass matrix w.r.t. to the cross section reference point 
M=
      197.172118186	                  0	                  0	                  0	                  0	     -5.42010275769
                  0	      197.172118186	                  0	                  0	                  0	      16.9931994196
                  0	                  0	      197.172118186	      5.42010275769	     -16.9931994196	                  0
                 -0	                 -0	      5.42010275769	      12.6833121887	      2.61809797502	                  0
                 -0	                 -0	     -16.9931994196	      2.61809797502	      117.466338619	                  0
     -5.42010275769	      16.9931994196	                 -0	                  0	                  0	      130.149650807

Shear center;
ShearX=     0.522961755483 
ShearY=    0.0935448385487 

Elastic center:
ElasticX=     0.273446685876 
ElasticY=   0.00676968989688 

Orientation of principle axis w.r.t. reference center:
alpha_p=     -1.30431089096o or    -0.0227645195169rad 

Orientation of principle axis w.r.t. elastic center:
alpha_p=     -1.98838301413o or    -0.0347038303874rad 

Mass center:
MassX=    0.0861845963613 
MassY=    0.0274891947581 

Mass per unit length:
Mass=      197.172118186 

Mass moments of inertia:
Ixx=      12.6833121887 
Iyy=      117.466338619 
Ixy=     -2.61809797502 

Area center:
AreaX=     0.127262252533 
AreaY=    0.0375669230982 

Area per unit length:
Area=     0.232561816282 
Area moments:
Ixx=   0.00873663186784 
Iyy=    0.0295963405933 
Ixy=  -0.00236905980367 

Stiffness matrix with respect to shear center:
      404969087.074	      6706734.59778	                  0	                  0	                  0	 -1.72480940819e-05
      6706734.59789	      95718661.3358	                  0	                  0	                  0	 -3.64284496754e-05
                  0	                  0	      5143626330.79	     -446338939.465	      1283412281.96	                  0
                  0	                  0	     -446338939.464	       495853536.26	      -58333516.767	                  0
                  0	                  0	      1283412281.96	     -58333516.7668	      2303109295.63	                  0
  7.45058059692e-09	 -3.14321368933e-09	                  0	                  0	                  0	      89394150.7629

Stiffness matrix with respect to the elastic center:
      404969087.074	      6706734.59778	                  0	                  0	                  0	     -33467821.3802
      6706734.59789	      95718661.3358	                  0	                  0	                  0	      23301270.5542
                  0	                  0	      5143626330.79	 -0.000324383378029	 -0.000511884689331	                  0
                  0	                  0	  6.70552253723e-07	      457122408.439	      53034774.7818	                  0
                  0	                  0	  2.50339508057e-05	      53034774.7821	      1982878590.76	                  0
     -33467821.3802	      23301270.5542	                  0	                  0	                  0	      98112344.0825

Stiffness matrix rotated along principle axis:
      404503608.265	      13737290.0566	                  0	                  0	                  0	     -35491644.3736
      13737290.0567	      96184140.1442	                  0	                  0	                  0	      48634539.5426
                  0	                  0	      5143626330.79	      66827436.8572	     -1405350537.45	                  0
                  0	                  0	      66827436.8575	       456367406.95	 -0.000417351722717	                  0
                  0	                  0	     -1405350537.45	  1.10407431265e-08	      2368474152.61	                  0
     -35491644.3735	      48634539.5426	                  0	                  0	                  0	      118459697.001

Stiffness matrix at the elastic center rotated along principle axis:
      404131663.913	      17414145.9848	                  0	                  0	                  0	     -34256150.8549
      17414145.9849	      96556084.4965	                  0	                  0	                  0	      22126011.9765
                  0	                  0	      5143626330.79	 -0.000306427267241	 -0.000522831560834	                  0
                  0	                  0	 -1.98451105198e-07	      455281159.378	 -0.000324819236994	                  0
                  0	                  0	   2.5042143487e-05	 -1.18803807219e-08	      1984719839.82	                  0
     -34256150.8548	      22126011.9766	                  0	                  0	                  0	      98112344.0825

Mass matrix with respect to mass center
      197.172118186	                  0	                  0	                  0	                  0	                  0
                  0	      197.172118186	                  0	                  0	                  0	                  0
                  0	                  0	      197.172118186	                  0	                  0	                  0
                  0	                  0	                  0	      12.5343179284	      3.08522734343	                  0
                  0	                  0	                  0	      3.08522734343	      116.001786586	                  0
                  0	                  0	                  0	                  0	                  0	      128.536104514
