********************************
*                              *
*          BECAS 2.3           *
*              by              *
*     becas-dtuwind@dtu.dk     *
*                              *
*   A cross section analysis   *
*   program for anisotropic    *
*   beams with arbitrary       *
*   geometry.                  *
*                              *
*     (c)DTU Wind Energy       *
********************************


Output generated on the (yyyy.mm.dd) 2017. 8. 9 at (hh.mm.ss) 10.43.37  
The input folder: is C:\Users\wentingmann\Documents\MATLAB\SBref_BECAS_Project\BECAS_outputs_80_sec_c2\BL_074_BCS 

Stiffness matrix w.r.t. to the cross section reference point 
K=
       109052611.34	     -2031978.83577	                  0	                  0	                  0	     -6064971.37803
      -2031978.8357	      29470086.6777	                  0	                  0	                  0	      9958819.72155
                  0	                  0	      987204801.147	      33887599.6417	     -189587994.283	                  0
                  0	                  0	      33887599.6412	       18642094.824	     -5602035.33164	                  0
                  0	                  0	     -189587994.282	     -5602035.33192	      147766281.582	                  0
     -6064971.37802	      9958819.72155	                  0	                  0	                  0	      8717810.03033

Compliance matrix w.r.t. to the cross section reference point 
F=
  9.66107051334e-09	 -2.61441104923e-09	                 -0	                  0	                 -0	  9.70777800473e-09
 -2.61441104926e-09	  5.59756688915e-08	                  0	                  0	                  0	 -6.57628373954e-08
                  0	                  0	  1.41788306158e-09	 -2.05415768091e-09	  1.74130484379e-09	                 -0
                  0	                  0	 -2.05415768091e-09	  5.72361636117e-08	 -4.65631422327e-10	                 -0
                  0	                  0	  1.74130484378e-09	  -4.6563142221e-10	  8.98393053459e-09	                 -0
  9.70777800476e-09	 -6.57628373953e-08	                  0	                  0	                  0	  1.96585797555e-07

Mass matrix w.r.t. to the cross section reference point 
M=
      50.8496972612	                  0	                  0	                  0	                  0	     -1.75356489271
                  0	      50.8496972612	                  0	                  0	                  0	      7.78738049312
                  0	                  0	      50.8496972612	      1.75356489271	     -7.78738049312	                  0
                 -0	                 -0	      1.75356489271	     0.675759483733	     -0.14364017651	                  0
                 -0	                 -0	     -7.78738049312	     -0.14364017651	      10.3846184705	                  0
     -1.75356489271	      7.78738049312	                 -0	                  0	                  0	      11.0603779543

Shear center;
ShearX=     0.334524865038 
ShearY=    0.0493818888522 

Elastic center:
ElasticX=     0.192045251463 
ElasticY=    0.0343268181049 

Orientation of principle axis w.r.t. reference center:
alpha_p=      2.47955921365o or     0.0432764722764rad 

Orientation of principle axis w.r.t. elastic center:
alpha_p=    -0.552832519024o or   -0.00964874766906rad 

Mass center:
MassX=     0.153145070916 
MassY=    0.0344852572808 

Mass per unit length:
Mass=      50.8496972612 

Mass moments of inertia:
Ixx=     0.675759483733 
Iyy=      10.3846184705 
Ixy=      0.14364017651 

Area center:
AreaX=     0.132003928921 
AreaY=    0.0474079394137 

Area per unit length:
Area=    0.0638419440548 
Area moments:
Ixx=    0.0030266150158 
Iyy=   0.00842738744517 
Ixy=  0.000189536357395 

Stiffness matrix with respect to shear center:
       109052611.34	     -2031978.83577	                  0	                  0	                  0	   1.3766810298e-05
      -2031978.8357	      29470086.6777	                  0	                  0	                  0	   1.0315750842e-05
                  0	                  0	      987204801.147	      -14862438.123	      140656558.585	                  0
                  0	                  0	     -14862438.1234	      17702596.4125	     -1211677.17759	                  0
                  0	                  0	      140656558.586	     -1211677.17777	      131397499.659	                  0
                  0	  1.16415321827e-09	                  0	                  0	                  0	      5086837.46456

Stiffness matrix with respect to the elastic center:
       109052611.34	     -2031978.83577	                  0	                  0	                  0	     -1931310.33821
      -2031978.8357	      29470086.6777	                  0	                  0	                  0	        4229478.147
                  0	                  0	      987204801.147	   0.00042737275362	  -0.00144383311272	                  0
                  0	                  0	 -3.59863042831e-06	      17478841.3551	       905917.26299	                  0
                  0	                  0	  -0.00044173002243	      905917.262762	      111356807.546	                  0
     -1931310.33821	      4229478.14699	                  0	                  0	                  0	      5718527.89034

Stiffness matrix rotated along principle axis:
      108728003.747	     -5464124.78907	                  0	                  0	                  0	     -5628444.79395
       -5464124.789	      29794694.2712	                  0	                  0	                  0	      10211884.1192
                  0	                  0	      987204801.147	      25653732.5612	     -190876564.804	                  0
                  0	                  0	      25653732.5608	      18399507.0346	  0.000276108738035	                  0
                  0	                  0	     -190876564.803	  1.20960624599e-09	      148008869.372	                  0
     -5628444.79394	      10211884.1192	                  0	                  0	                  0	      8717810.03033

Stiffness matrix at the elastic center rotated along principle axis:
      109084412.238	     -1263776.45799	                  0	                  0	                  0	     -1972028.97223
     -1263776.45792	      29438285.7797	                  0	                  0	                  0	      4210646.83287
                  0	                  0	      987204801.147	   0.00044128382515	  -0.00143964235613	                  0
                  0	                  0	  6.63612475173e-07	      17470100.1167	  0.000227740471018	                  0
                  0	                  0	 -0.000441744182164	 -2.90879814497e-10	      111365548.784	                  0
     -1972028.97223	      4210646.83286	                  0	                  0	                  0	      5718527.89034

Mass matrix with respect to mass center
      50.8496972612	                  0	                  0	                  0	                  0	                  0
                  0	      50.8496972612	                  0	                  0	                  0	                  0
                  0	                  0	      50.8496972612	                  0	                  0	                  0
                  0	                  0	                  0	      0.61528734725	     0.124909643339	                  0
                  0	                  0	                  0	     0.124909643339	      9.19201953266	                  0
                  0	                  0	                  0	                  0	                  0	      9.80730687991
