********************************
*                              *
*          BECAS 2.3           *
*              by              *
*     becas-dtuwind@dtu.dk     *
*                              *
*   A cross section analysis   *
*   program for anisotropic    *
*   beams with arbitrary       *
*   geometry.                  *
*                              *
*     (c)DTU Wind Energy       *
********************************


Output generated on the (yyyy.mm.dd) 2017. 8. 9 at (hh.mm.ss) 12.53.54  
The input folder: is C:\Users\wentingmann\Documents\MATLAB\SBref_BECAS_Project\BECAS_outputs_80_sec_TP\BL_062_BCS 

Stiffness matrix w.r.t. to the cross section reference point 
K=
      220684646.712	     -4147749.29665	                  0	                  0	                  0	     -7924527.45687
     -4147749.29661	      57880095.1744	                  0	                  0	                  0	      2598492.42001
                  0	                  0	      2903806454.89	      42013479.1458	      577212738.568	                  0
                  0	                  0	      42013479.1454	      132937962.941	      24506229.2125	                  0
                  0	                  0	      577212738.568	      24506229.2127	      840743488.948	                  0
     -7924527.45691	      2598492.42004	                  0	                  0	                  0	      27101907.2812

Compliance matrix w.r.t. to the cross section reference point 
F=
  4.58361591363e-09	  2.69457495677e-10	                  0	                  0	                 -0	  1.31440221272e-09
  2.69457495674e-10	  1.73676265348e-08	                  0	                  0	                  0	 -1.58639471884e-09
                  0	                  0	  3.99564894092e-10	 -7.61174562705e-11	  -2.7210272566e-10	                 -0
                  0	                  0	 -7.61174562699e-11	  7.57744407346e-09	 -1.68611018445e-10	                 -0
                  0	                  0	  -2.7210272566e-10	 -1.68611018446e-10	  1.38115036867e-09	                 -0
  1.31440221273e-09	 -1.58639471886e-09	                  0	                  0	                  0	  3.74342012372e-08

Mass matrix w.r.t. to the cross section reference point 
M=
      118.981833894	                  0	                  0	                  0	                  0	     -3.12179625577
                  0	      118.981833894	                  0	                  0	                  0	     -36.2244904236
                  0	                  0	      118.981833894	      3.12179625577	      36.2244904236	                  0
                 -0	                 -0	      3.12179625577	       3.9005526743	      1.79928452424	                  0
                 -0	                 -0	      36.2244904236	      1.79928452424	      56.4023864879	                  0
     -3.12179625577	     -36.2244904236	                 -0	                  0	                  0	      60.3029391622

Shear center;
ShearX=     0.042378217417 
ShearY=     0.035112334958 

Elastic center:
ElasticX=    -0.198777965245 
ElasticY=    0.0144684157839 

Orientation of principle axis w.r.t. reference center:
alpha_p=     -1.98058037341o or    -0.0345676486164rad 

Orientation of principle axis w.r.t. elastic center:
alpha_p=     -1.55757282601o or    -0.0271847741535rad 

Mass center:
MassX=    -0.304453959383 
MassY=    0.0262375873157 

Mass per unit length:
Mass=      118.981833894 

Mass moments of inertia:
Ixx=       3.9005526743 
Iyy=      56.4023864879 
Ixy=     -1.79928452424 

Area center:
AreaX=    -0.286954584842 
AreaY=    0.0445540069702 

Area per unit length:
Area=     0.148094728873 
Area moments:
Ixx=   0.00659821358247 
Iyy=   -0.0424964614411 
Ixy=  -0.00300057379076 

Stiffness matrix with respect to shear center:
      220684646.712	     -4147749.29665	                  0	                  0	                  0	  3.95076349378e-05
     -4147749.29661	      57880095.1744	                  0	                  0	                  0	 -3.49700567313e-05
                  0	                  0	      2903806454.89	     -59945945.7516	       700270879.85	                  0
                  0	                  0	     -59945945.7519	      133567613.715	       1698539.8715	                  0
                  0	                  0	       700270879.85	      1698539.87173	      894880967.476	                  0
 -9.31322574615e-10	   1.7462298274e-10	                  0	                  0	                  0	       26713539.142

Stiffness matrix with respect to the elastic center:
      220684646.712	     -4147749.29665	                  0	                  0	                  0	     -5556051.39666
     -4147749.29661	      57880095.1744	                  0	                  0	                  0	      14043768.6056
                  0	                  0	      2903806454.89	  0.000358864665031	  0.000146746635437	                  0
                  0	                  0	  1.01327896118e-06	      132330094.456	      16154875.3151	                  0
                  0	                  0	  4.56571578979e-05	      16154875.3152	      726006315.262	                  0
     -5556051.39668	      14043768.6056	                  0	                  0	                  0	      30214979.4451

Stiffness matrix rotated along principle axis:
      220776712.892	      1485447.66846	                  0	                  0	                  0	     -8009599.21614
      1485447.66851	      57788028.9937	                  0	                  0	                  0	      2323062.34708
                  0	                  0	      2903806454.89	      22039466.5536	      578319928.681	                  0
                  0	                  0	      22039466.5532	      132090502.644	 -0.000213427469134	                  0
                  0	                  0	      578319928.681	  5.67183974571e-09	      841590949.245	                  0
     -8009599.21618	      2323062.34711	                  0	                  0	                  0	      27101907.2812

Stiffness matrix at the elastic center rotated along principle axis:
      220789762.007	      282004.471019	                  0	                  0	                  0	     -5935728.18553
      282004.471063	      57774979.8793	                  0	                  0	                  0	      13887558.2691
                  0	                  0	      2903806454.89	  0.000354743287754	  0.000156446868342	                  0
                  0	                  0	 -2.28122085568e-07	      131890819.604	 -0.000143765006214	                  0
                  0	                  0	  4.56678307114e-05	  3.63658528721e-09	      726445590.114	                  0
     -5935728.18556	      13887558.2691	                  0	                  0	                  0	      30214979.4451

Mass matrix with respect to mass center
      118.981833894	                  0	                  0	                  0	                  0	                  0
                  0	      118.981833894	                  0	                  0	                  0	                  0
                  0	                  0	      118.981833894	                  0	                  0	                  0
                  0	                  0	                  0	      3.81864427246	     0.848841293786	                  0
                  0	                  0	                  0	     0.848841293786	      45.3736969518	                  0
                  0	                  0	                  0	                  0	                  0	      49.1923412243
