********************************
*                              *
*          BECAS 2.3           *
*              by              *
*     becas-dtuwind@dtu.dk     *
*                              *
*   A cross section analysis   *
*   program for anisotropic    *
*   beams with arbitrary       *
*   geometry.                  *
*                              *
*     (c)DTU Wind Energy       *
********************************


Output generated on the (yyyy.mm.dd) 2017. 8. 9 at (hh.mm.ss) 12.57. 5  
The input folder: is C:\Users\wentingmann\Documents\MATLAB\SBref_BECAS_Project\BECAS_outputs_80_sec_TP\BL_079_BCS 

Stiffness matrix w.r.t. to the cross section reference point 
K=
      62704524.8559	     -1224368.53083	                  0	                  0	                  0	     -2208463.49511
     -1224368.53081	      16419663.9418	                  0	                  0	                  0	      11244.3509537
                  0	                  0	       531411383.56	      13299981.7618	      47218761.3972	                  0
                  0	                  0	      13299981.7621	       3456156.6047	      1434577.80918	                  0
                  0	                  0	      47218761.3972	      1434577.80915	       28991337.634	                  0
     -2208463.49511	      11244.3509532	                  0	                  0	                  0	      1204706.51408

Compliance matrix w.r.t. to the cross section reference point 
F=
  1.70742495677e-08	  1.25175229232e-09	                  0	                  0	                 -0	  3.12887672592e-08
   1.2517522923e-09	  6.09947443895e-08	                  0	                  0	                 -0	  1.72540191818e-09
                  0	                  0	  2.38664505209e-09	 -7.72956281584e-09	 -3.50469389329e-09	                 -0
                  0	                  0	 -7.72956281602e-09	  3.20439716049e-07	 -3.26702150507e-09	                 -0
                  0	                  0	 -3.50469389328e-09	 -3.26702150502e-09	  4.03628875647e-08	                 -0
  3.12887672592e-08	  1.72540191824e-09	                  0	                  0	                  0	  8.87420036981e-07

Mass matrix w.r.t. to the cross section reference point 
M=
      29.0331724435	                  0	                  0	                  0	                  0	    -0.668376665327
                  0	      29.0331724435	                  0	                  0	                  0	     -2.75897578122
                  0	                  0	      29.0331724435	     0.668376665327	      2.75897578122	                  0
                 -0	                 -0	     0.668376665327	     0.133961867017	    0.0946693076374	                  0
                 -0	                 -0	      2.75897578122	    0.0946693076374	      2.40543196242	                  0
    -0.668376665327	     -2.75897578122	                 -0	                  0	                  0	      2.53939382944

Shear center;
ShearX=  -0.00194429001638 
ShearY=    0.0352581257526 

Elastic center:
ElasticX=   -0.0888553818341 
ElasticY=    0.0250276568653 

Orientation of principle axis w.r.t. reference center:
alpha_p=      -3.2054578501o or    -0.0559457935182rad 

Orientation of principle axis w.r.t. elastic center:
alpha_p=    -0.668218775117o or    -0.0116626177494rad 

Mass center:
MassX=   -0.0950283950741 
MassY=    0.0230211378597 

Mass per unit length:
Mass=      29.0331724435 

Mass moments of inertia:
Ixx=     0.133961867017 
Iyy=      2.40543196242 
Ixy=   -0.0946693076374 

Area center:
AreaX=   -0.0969538371247 
AreaY=    0.0287220705981 

Area per unit length:
Area=    0.0288669719345 
Area moments:
Ixx=  0.000829119205857 
Iyy=  -0.00279876369522 
Ixy= -0.000120711927189 

Stiffness matrix with respect to shear center:
      62704524.8559	     -1224368.53083	                  0	                  0	                  0	  1.39698386192e-06
     -1224368.53081	      16419663.9418	                  0	                  0	                  0	  1.12334237201e-06
                  0	                  0	       531411383.56	     -5436587.62613	      46185543.5495	                  0
                  0	                  0	     -5436587.62583	      3178908.06541	     -219696.914996	                  0
                  0	                  0	      46185543.5495	     -219696.915026	      28809732.5764	                  0
                  0	                  0	                  0	                  0	                  0	      1126862.09273

Stiffness matrix with respect to the elastic center:
      62704524.8559	     -1224368.53083	                  0	                  0	                  0	     -747907.896427
     -1224368.53081	      16419663.9418	                  0	                  0	                  0	      1439576.78462
                  0	                  0	       531411383.56	 -0.000302240252495	  2.10106372833e-06	                  0
                  0	                  0	 -1.49011611938e-07	      3123289.22485	      252802.851327	                  0
                  0	                  0	 -1.43423676491e-05	      252802.851323	      24795696.5603	                  0
     -747907.896427	      1439576.78462	                  0	                  0	                  0	       1259628.7313

Stiffness matrix rotated along principle axis:
      62696518.3341	      1367331.32199	                  0	                  0	                  0	     -2205636.97244
      1367331.32201	      16427670.4636	                  0	                  0	                  0	     -112263.041533
                  0	                  0	       531411383.56	      10638859.9333	      47888574.8594	                  0
                  0	                  0	      10638859.9336	      3375814.17119	  3.06210422423e-05	                  0
                  0	                  0	      47888574.8594	  3.10369285903e-10	      29071680.0675	                  0
     -2205636.97244	     -112263.041534	                  0	                  0	                  0	      1204706.51408

Stiffness matrix at the elastic center rotated along principle axis:
      62726785.7242	     -684281.783254	                  0	                  0	                  0	     -764645.886199
     -684281.783236	      16397403.0735	                  0	                  0	                  0	      1430756.51635
                  0	                  0	       531411383.56	 -0.000302244201222	 -1.42391178596e-06	                  0
                  0	                  0	  1.82642816084e-08	      3120340.74815	  3.36695666192e-06	                  0
                  0	                  0	 -1.43431300858e-05	 -3.55133142996e-11	       24798645.037	                  0
     -764645.886199	      1430756.51635	                  0	                  0	                  0	       1259628.7313

Mass matrix with respect to mass center
      29.0331724435	                  0	                  0	                  0	                  0	                  0
                  0	      29.0331724435	                  0	                  0	                  0	                  0
                  0	                  0	      29.0331724435	                  0	                  0	                  0
                  0	                  0	                  0	     0.118575075662	    0.0311545458264	                  0
                  0	                  0	                  0	    0.0311545458264	      2.14325092188	                  0
                  0	                  0	                  0	                  0	                  0	      2.26182599754
