********************************
*                              *
*          BECAS 2.3           *
*              by              *
*     becas-dtuwind@dtu.dk     *
*                              *
*   A cross section analysis   *
*   program for anisotropic    *
*   beams with arbitrary       *
*   geometry.                  *
*                              *
*     (c)DTU Wind Energy       *
********************************


Output generated on the (yyyy.mm.dd) 2017. 8. 9 at (hh.mm.ss) 10.42.53  
The input folder: is C:\Users\wentingmann\Documents\MATLAB\SBref_BECAS_Project\BECAS_outputs_80_sec_c2\BL_070_BCS 

Stiffness matrix w.r.t. to the cross section reference point 
K=
      138558765.254	     -2430756.06751	                  0	                  0	                  0	     -6887764.82011
     -2430756.06743	      37283381.4017	                  0	                  0	                  0	      14598335.3314
                  0	                  0	       1454056432.7	       48891006.208	     -323220038.648	                  0
                  0	                  0	      48891006.2053	      41251099.2868	     -8547210.00569	                  0
                  0	                  0	     -323220038.633	      -8547210.0063	      290568340.734	                  0
     -6887764.82036	      14598335.3318	                  0	                  0	                  0	      15612853.1363

Compliance matrix w.r.t. to the cross section reference point 
F=
  7.41619929086e-09	 -1.25815726889e-09	                 -0	                  0	                 -0	  4.44813242521e-09
 -1.25815726894e-09	  4.25260127021e-08	                  0	                  0	                  0	 -4.03177356256e-08
                  0	                  0	   9.4635594501e-10	 -9.09047337808e-10	  1.02595962749e-09	                 -0
                  0	                  0	 -9.09047337773e-10	  2.52636444737e-08	 -2.68056184736e-10	                 -0
                  0	                  0	  1.02595962744e-09	 -2.68056184673e-10	  4.57489475477e-09	                 -0
  4.44813242541e-09	 -4.03177356267e-08	                  0	                  0	                  0	  1.03710033034e-07

Mass matrix w.r.t. to the cross section reference point 
M=
      67.3419577572	                  0	                  0	                  0	                  0	     -2.21313367265
                  0	      67.3419577572	                  0	                  0	                  0	      10.6668018032
                  0	                  0	      67.3419577572	      2.21313367265	     -10.6668018032	                  0
                 -0	                 -0	      2.21313367265	      1.33084784346	   -0.0894456341116	                  0
                 -0	                 -0	     -10.6668018032	   -0.0894456341116	      18.3111292642	                  0
     -2.21313367265	      10.6668018032	                 -0	                  0	                  0	      19.6419771076

Shear center;
ShearX=     0.388754438189 
ShearY=    0.0428900878273 

Elastic center:
ElasticX=     0.222288510517 
ElasticY=    0.0336238711963 

Orientation of principle axis w.r.t. reference center:
alpha_p=      1.96117123816o or     0.0342288953013rad 

Orientation of principle axis w.r.t. elastic center:
alpha_p=    -0.742193314152o or    -0.0129537170182rad 

Mass center:
MassX=     0.158397560132 
MassY=    0.0328641124547 

Mass per unit length:
Mass=      67.3419577572 

Mass moments of inertia:
Ixx=      1.33084784346 
Iyy=      18.3111292642 
Ixy=    0.0894456341116 

Area center:
AreaX=     0.140656875175 
AreaY=    0.0494219356315 

Area per unit length:
Area=    0.0881589512838 
Area moments:
Ixx=   0.00435698601569 
Iyy=    0.0124001626063 
Ixy=  0.000201545507293 

Stiffness matrix with respect to shear center:
      138558765.254	     -2430756.06751	                  0	                  0	                  0	  0.000283978879452
     -2430756.06743	      37283381.4017	                  0	                  0	                  0	 -0.000372404683731
                  0	                  0	       1454056432.7	     -13473601.8965	      242050852.941	                  0
                  0	                  0	     -13473601.8991	      39732043.7054	      77803.3028204	                  0
                  0	                  0	      242050852.956	      77803.3025754	      259013459.553	                  0
                  0	  8.44011083245e-10	                  0	                  0	                  0	      9642268.64793

Stiffness matrix with respect to the elastic center:
      138558765.254	     -2430756.06751	                  0	                  0	                  0	      -1688553.5984
     -2430756.06743	      37283381.4017	                  0	                  0	                  0	      6228936.58371
                  0	                  0	       1454056432.7	   0.00261421501637	   -0.0158939957619	                  0
                  0	                  0	 -7.09295272827e-06	      39607194.3914	      2320698.94189	                  0
                  0	                  0	 -0.000667214393616	      2320698.94135	      218720239.774	                  0
     -1688553.59867	      6228936.58408	                  0	                  0	                  0	      10694820.8582

Stiffness matrix rotated along principle axis:
      138273881.352	      -5888899.9626	                  0	                  0	                  0	     -6384142.97781
     -5888899.96252	      37568265.3039	                  0	                  0	                  0	      14825498.8822
                  0	                  0	       1454056432.7	      37801063.5995	     -324703870.415	                  0
                  0	                  0	      37801063.5974	      40958423.4201	  0.000610937131569	                  0
                  0	                  0	       -324703870.4	 -5.47333004241e-10	      290861016.601	                  0
     -6384142.97805	      14825498.8826	                  0	                  0	                  0	      15612853.1363

Stiffness matrix at the elastic center rotated along principle axis:
      138604739.926	     -1118194.44504	                  0	                  0	                  0	     -1769097.55706
     -1118194.44496	      37237406.7296	                  0	                  0	                  0	      6206541.55325
                  0	                  0	       1454056432.7	   0.00281987625391	   -0.0158587994294	                  0
                  0	                  0	  1.55030709373e-06	      39577131.0325	  0.000540236476809	                  0
                  0	                  0	 -0.000667250293049	  5.26424388244e-10	      218750303.133	                  0
     -1769097.55733	      6206541.55362	                  0	                  0	                  0	      10694820.8582

Mass matrix with respect to mass center
      67.3419577572	                  0	                  0	                  0	                  0	                  0
                  0	      67.3419577572	                  0	                  0	                  0	                  0
                  0	                  0	      67.3419577572	                  0	                  0	                  0
                  0	                  0	                  0	      1.25811516956	     0.261109339881	                  0
                  0	                  0	                  0	     0.261109339881	      16.6215338841	                  0
                  0	                  0	                  0	                  0	                  0	      17.8796490537
