********************************
*                              *
*          BECAS 2.3           *
*              by              *
*     becas-dtuwind@dtu.dk     *
*                              *
*   A cross section analysis   *
*   program for anisotropic    *
*   beams with arbitrary       *
*   geometry.                  *
*                              *
*     (c)DTU Wind Energy       *
********************************


Output generated on the (yyyy.mm.dd) 2017. 8. 9 at (hh.mm.ss) 12.48.45  
The input folder: is C:\Users\wentingmann\Documents\MATLAB\SBref_BECAS_Project\BECAS_outputs_80_sec_TP\BL_041_BCS 

Stiffness matrix w.r.t. to the cross section reference point 
K=
      507264505.852	      11550192.2186	                  0	                  0	                  0	     -38868135.8465
      11550192.2186	      147037251.479	                  0	                  0	                  0	      2314693.56638
                  0	                  0	       7265392659.3	      1160245.42898	      1670744133.04	                  0
                  0	                  0	      1160245.43016	      1225868077.16	      93455146.1547	                  0
                  0	                  0	      1670744133.04	      93455146.1546	      4198412646.84	                  0
     -38868135.8466	      2314693.56634	                  0	                  0	                  0	      228940051.434

Compliance matrix w.r.t. to the cross section reference point 
F=
  2.00121893513e-09	 -1.62575794819e-10	                  0	                  0	                 -0	  3.41399253149e-10
 -1.62575794818e-10	   6.8152876619e-09	                  0	                  0	                  0	 -9.65070132725e-11
                  0	                  0	  1.51527436567e-10	   4.4611660316e-12	 -6.03991355528e-11	                 -0
                  0	                  0	  4.46116603146e-12	  8.17266470459e-10	 -1.99673618268e-11	                 -0
                  0	                  0	 -6.03991355528e-11	 -1.99673618268e-11	  2.62665356373e-10	                 -0
  3.41399253149e-10	 -9.65070132715e-11	                  0	                  0	                  0	  4.42689223822e-09

Mass matrix w.r.t. to the cross section reference point 
M=
      267.566447702	                  0	                  0	                  0	                  0	     -6.60873430168
                  0	      267.566447702	                  0	                  0	                  0	     -123.239192384
                  0	                  0	      267.566447702	      6.60873430168	      123.239192384	                  0
                 -0	                 -0	      6.60873430168	      32.8440739792	      9.22545948203	                  0
                 -0	                 -0	      123.239192384	      9.22545948203	      278.710581811	                  0
     -6.60873430168	     -123.239192384	                 -0	                  0	                  0	       311.55465579

Shear center;
ShearX=    0.0218001722378 
ShearY=    0.0771193954534 

Elastic center:
ElasticX=     -0.22995923433 
ElasticY=  0.000159694800345 

Orientation of principle axis w.r.t. reference center:
alpha_p=      -1.7989789931o or    -0.0313981066037rad 

Orientation of principle axis w.r.t. elastic center:
alpha_p=     -2.05927180527o or    -0.0359410731954rad 

Mass center:
MassX=    -0.460592848776 
MassY=    0.0246994133922 

Mass per unit length:
Mass=      267.566447702 

Mass moments of inertia:
Ixx=      32.8440739792 
Iyy=      278.710581811 
Ixy=     -9.22545948203 

Area center:
AreaX=    -0.428254127331 
AreaY=    0.0403375303277 

Area per unit length:
Area=     0.321528647144 
Area moments:
Ixx=    0.0129696715554 
Iyy=    -0.137695970195 
Ixy=   -0.0113571640123 

Stiffness matrix with respect to shear center:
      507264505.852	      11550192.2186	                  0	                  0	                  0	  7.70911574364e-05
      11550192.2186	      147037251.479	                  0	                  0	                  0	  3.33582283929e-05
                  0	                  0	       7265392659.3	     -559142444.188	      1829130944.39	                  0
                  0	                  0	     -559142444.187	         1268899327	     -47581032.9315	                  0
                  0	                  0	      1829130944.39	     -47581032.9316	      4274710526.34	                  0
                  0	 -4.65661287308e-10	                  0	                  0	                  0	      225892103.577

Stiffness matrix with respect to the elastic center:
      507264505.852	      11550192.2186	                  0	                  0	                  0	     -36131054.9836
      11550192.2186	      147037251.479	                  0	                  0	                  0	      36129111.8401
                  0	                  0	       7265392659.3	  -0.00117274303921	  0.000311374664307	                  0
                  0	                  0	  2.56113708019e-09	      1225867891.88	       93188337.004	                  0
                  0	                  0	  2.38418579102e-07	      93188337.0041	      3814209605.24	                  0
     -36131054.9836	        36129111.84	                  0	                  0	                  0	      237768582.509

Stiffness matrix rotated along principle axis:
       506184663.97	      22830448.0528	                  0	                  0	                  0	     -38921643.5722
      22830448.0527	      148117093.361	                  0	                  0	                  0	      1093367.33516
                  0	                  0	       7265392659.3	     -51289910.0125	       1669957080.1	                  0
                  0	                  0	     -51289910.0113	      1222932797.88	  0.000127293169498	                  0
                  0	                  0	       1669957080.1	 -4.22544874158e-09	      4201347926.12	                  0
     -38921643.5722	      1093367.33512	                  0	                  0	                  0	      228940051.434

Stiffness matrix at the elastic center rotated along principle axis:
      505969840.956	       24456172.314	                  0	                  0	                  0	     -37405960.6648
      24456172.3139	      148331916.376	                  0	                  0	                  0	      34807469.9356
                  0	                  0	       7265392659.3	  -0.00118317439941	  0.000269033005716	                  0
                  0	                  0	 -6.00769179785e-09	      1222517160.13	 -0.000142425298691	                  0
                  0	                  0	  2.38356635996e-07	 -1.86539865282e-09	      3817560336.99	                  0
     -37405960.6649	      34807469.9355	                  0	                  0	                  0	      237768582.509

Mass matrix with respect to mass center
      267.566447702	                  0	                  0	                  0	                  0	                  0
                  0	      267.566447702	                  0	                  0	                  0	                  0
                  0	                  0	      267.566447702	                  0	                  0	                  0
                  0	                  0	                  0	      32.6808421186	      6.18152372321	                  0
                  0	                  0	                  0	      6.18152372321	       221.94749111	                  0
                  0	                  0	                  0	                  0	                  0	      254.628333229
