********************************
*                              *
*          BECAS 2.3           *
*              by              *
*     becas-dtuwind@dtu.dk     *
*                              *
*   A cross section analysis   *
*   program for anisotropic    *
*   beams with arbitrary       *
*   geometry.                  *
*                              *
*     (c)DTU Wind Energy       *
********************************


Output generated on the (yyyy.mm.dd) 2017. 8. 9 at (hh.mm.ss) 10.43.48  
The input folder: is C:\Users\wentingmann\Documents\MATLAB\SBref_BECAS_Project\BECAS_outputs_80_sec_c2\BL_075_BCS 

Stiffness matrix w.r.t. to the cross section reference point 
K=
      103601665.873	      -1908012.7142	                  0	                  0	                  0	     -5663725.93991
     -1908012.71421	      27555705.5073	                  0	                  0	                  0	      8871649.80463
                  0	                  0	      917117829.482	      31147104.1447	      -164163168.33	                  0
                  0	                  0	      31147104.1434	      15284957.4852	     -4884725.03228	                  0
                  0	                  0	     -164163168.331	     -4884725.03298	      126415907.818	                  0
     -5663725.93993	      8871649.80469	                  0	                  0	                  0	      7384764.91769

Compliance matrix w.r.t. to the cross section reference point 
F=
  1.02208453058e-08	 -2.96145352692e-09	                 -0	                  0	                 -0	  1.13965774439e-08
  -2.9614535269e-09	   6.0037392723e-08	                  0	                  0	                  0	 -7.43968955959e-08
                  0	                  0	  1.50788096074e-09	 -2.47752290766e-09	  1.86239613257e-09	                 -0
                  0	                  0	 -2.47752290761e-09	  7.03124792714e-08	 -5.00418686518e-10	                 -0
                  0	                  0	  1.86239613258e-09	  -5.0041868621e-10	  1.03095604392e-08	                 -0
   1.1396577444e-08	 -7.43968955965e-08	                  0	                  0	                  0	  2.33530832031e-07

Mass matrix w.r.t. to the cross section reference point 
M=
      47.9955085811	                  0	                  0	                  0	                  0	     -1.62010770187
                  0	      47.9955085811	                  0	                  0	                  0	      6.98728916816
                  0	                  0	      47.9955085811	      1.62010770187	     -6.98728916816	                  0
                 -0	                 -0	      1.62010770187	     0.565064461577	    -0.132178558795	                  0
                 -0	                 -0	     -6.98728916816	    -0.132178558795	      8.98682640462	                  0
     -1.62010770187	      6.98728916816	                 -0	                  0	                  0	       9.5518908662

Shear center;
ShearX=     0.318574189753 
ShearY=    0.0488011683291 

Elastic center:
ElasticX=     0.178998993426 
ElasticY=     0.033961943757 

Orientation of principle axis w.r.t. reference center:
alpha_p=      2.51195991239o or     0.0438419711493rad 

Orientation of principle axis w.r.t. elastic center:
alpha_p=    -0.477797092512o or   -0.00833913242079rad 

Mass center:
MassX=     0.145582146637 
MassY=    0.0337554023234 

Mass per unit length:
Mass=      47.9955085811 

Mass moments of inertia:
Ixx=     0.565064461577 
Iyy=      8.98682640462 
Ixy=     0.132178558795 

Area center:
AreaX=      0.12783030744 
AreaY=       0.0462117002 

Area per unit length:
Area=    0.0589314582561 
Area moments:
Ixx=   0.00272332288128 
Iyy=   0.00753322642679 
Ixy=  0.000176879110004 

Stiffness matrix with respect to shear center:
      103601665.873	      -1908012.7142	                  0	                  0	                  0	  1.48266553879e-05
     -1908012.71421	      27555705.5073	                  0	                  0	                  0	 -6.86056446284e-05
                  0	                  0	      917117829.482	     -13609317.4295	      128006901.105	                  0
                  0	                  0	     -13609317.4308	      14429093.0036	     -1208947.89476	                  0
                  0	                  0	      128006901.104	     -1208947.89498	      114897454.281	                  0
                  0	  1.81898940355e-09	                  0	                  0	                  0	      4282089.82645

Stiffness matrix with respect to the elastic center:
      103601665.873	      -1908012.7142	                  0	                  0	                  0	      -1803679.6351
     -1908012.71421	      27555705.5073	                  0	                  0	                  0	      3874406.43518
                  0	                  0	      917117829.482	   0.00130902975798	  0.000384241342545	                  0
                  0	                  0	 -6.62729144096e-06	       14227141.286	       690575.25752	                  0
                  0	                  0	 -0.000930100679398	      690575.257095	      97030865.9286	                  0
     -1803679.63512	      3874406.43525	                  0	                  0	                  0	      4849626.07245

Stiffness matrix rotated along principle axis:
      103288502.382	     -5230416.76737	                  0	                  0	                  0	     -5269457.61047
     -5230416.76738	      27868868.9982	                  0	                  0	                  0	       9111354.3598
                  0	                  0	      917117829.482	      23922243.2733	     -165370536.099	                  0
                  0	                  0	      23922243.2719	      15070664.1946	  0.000704828766175	                  0
                  0	                  0	       -165370536.1	 -2.07718554345e-09	      126630201.108	                  0
     -5269457.61049	      9111354.35986	                  0	                  0	                  0	      7384764.91769

Stiffness matrix at the elastic center rotated along principle axis:
       103628198.54	     -1273619.41567	                  0	                  0	                  0	     -1835925.73435
     -1273619.41569	      27529172.8406	                  0	                  0	                  0	      3859230.77167
                  0	                  0	      917117829.482	   0.00130578004024	  0.000395144028308	                  0
                  0	                  0	  1.12908182665e-06	       14221382.354	  0.000424690617365	                  0
                  0	                  0	 -0.000930123604679	  8.24028696845e-11	      97036624.8606	                  0
     -1835925.73437	      3859230.77174	                  0	                  0	                  0	      4849626.07245

Mass matrix with respect to mass center
      47.9955085811	                  0	                  0	                  0	                  0	                  0
                  0	      47.9955085811	                  0	                  0	                  0	                  0
                  0	                  0	      47.9955085811	                  0	                  0	                  0
                  0	                  0	                  0	     0.510377074293	     0.103680198226	                  0
                  0	                  0	                  0	     0.103680198226	      7.96960184835	                  0
                  0	                  0	                  0	                  0	                  0	      8.47997892264
