********************************
*                              *
*          BECAS 2.3           *
*              by              *
*     becas-dtuwind@dtu.dk     *
*                              *
*   A cross section analysis   *
*   program for anisotropic    *
*   beams with arbitrary       *
*   geometry.                  *
*                              *
*     (c)DTU Wind Energy       *
********************************


Output generated on the (yyyy.mm.dd) 2017. 8. 9 at (hh.mm.ss) 12.45.25  
The input folder: is C:\Users\wentingmann\Documents\MATLAB\SBref_BECAS_Project\BECAS_outputs_80_sec_TP\BL_030_BCS 

Stiffness matrix w.r.t. to the cross section reference point 
K=
      725797378.905	      10918024.3563	                  0	                  0	                  0	     -45238062.7111
      10918024.3561	      237558814.909	                  0	                  0	                  0	      16675623.1698
                  0	                  0	      7910487698.39	     -62018613.3521	      2192362188.13	                  0
                  0	                  0	     -62018613.3592	      2906870059.36	      271267519.585	                  0
                  0	                  0	      2192362188.12	      271267519.589	      7513503393.72	                  0
     -45238062.7123	      16675623.1691	                  0	                  0	                  0	      700063786.859

Compliance matrix w.r.t. to the cross section reference point 
F=
  1.38452884756e-09	 -7.00292824909e-11	                  0	                  0	                 -0	  9.11362449459e-11
   -7.002928249e-11	  4.22007629907e-09	                  0	                  0	                  0	 -1.05048129277e-10
                  0	                  0	  1.37667092558e-10	   6.7083811211e-12	 -4.04120259576e-11	                 -0
                  0	                  0	  6.70838112137e-12	  3.45502485357e-10	 -1.44314572903e-11	                 -0
                  0	                  0	 -4.04120259575e-11	 -1.44314572904e-11	  1.45406546857e-10	                 -0
  9.11362449482e-11	 -1.05048129273e-10	                  0	                  0	                  0	  1.43683274162e-09

Mass matrix w.r.t. to the cross section reference point 
M=
      365.669170101	                  0	                  0	                  0	                  0	     -9.46079652095
                  0	      365.669170101	                  0	                  0	                  0	      -195.94340664
                  0	                  0	      365.669170101	      9.46079652095	       195.94340664	                  0
                 -0	                 -0	      9.46079652095	      97.3455454751	      21.6865476698	                  0
                 -0	                 -0	       195.94340664	      21.6865476698	      591.434290182	                  0
     -9.46079652095	      -195.94340664	                 -0	                  0	                  0	      688.779835657

Shear center;
ShearX=     0.073110896091 
ShearY=    0.0634285691773 

Elastic center:
ElasticX=    -0.277146273619 
ElasticY=  -0.00784004927684 

Orientation of principle axis w.r.t. reference center:
alpha_p=     -3.35846484848o or    -0.0586162694184rad 

Orientation of principle axis w.r.t. elastic center:
alpha_p=     -4.10401822833o or    -0.0716286306463rad 

Mass center:
MassX=    -0.535848856456 
MassY=    0.0258725572034 

Mass per unit length:
Mass=      365.669170101 

Mass moments of inertia:
Ixx=      97.3455454751 
Iyy=      591.434290182 
Ixy=     -21.6865476698 

Area center:
AreaX=    -0.511534287288 
AreaY=    0.0409179029523 

Area per unit length:
Area=     0.445279715226 
Area moments:
Ixx=    0.0182199121743 
Iyy=    -0.227775841772 
Ixy=   -0.0210898008362 

Stiffness matrix with respect to shear center:
      725797378.905	      10918024.3563	                  0	                  0	                  0	   0.00117791444063
      10918024.3561	      237558814.909	                  0	                  0	                  0	  0.000680088531226
                  0	                  0	      7910487698.39	     -563769529.556	      2770705032.27	                  0
                  0	                  0	     -563769529.563	      2946562905.87	      90991427.3783	                  0
                  0	                  0	      2770705032.27	      90991427.3834	      7876357685.57	                  0
                  0	  3.95812094212e-09	                  0	                  0	                  0	      695975231.516

Stiffness matrix with respect to the elastic center:
      725797378.905	      10918024.3563	                  0	                  0	                  0	     -47902460.1611
      10918024.3561	      237558814.909	                  0	                  0	                  0	      82428565.6382
                  0	                  0	      7910487698.39	   0.00706857442856	   0.00765991210938	                  0
                  0	                  0	 -1.87009572983e-06	      2906383830.38	      288455747.172	                  0
                  0	                  0	 -4.43458557129e-05	      288455747.174	      6905898382.86	                  0
     -47902460.1624	      82428565.6375	                  0	                  0	                  0	      728260369.775

Stiffness matrix rotated along principle axis:
      722844758.575	       39396299.304	                  0	                  0	                  0	     -46137272.1539
      39396299.3038	      240511435.238	                  0	                  0	                  0	      13996815.5003
                  0	                  0	      7910487698.39	      -190346615.87	      2184963715.52	                  0
                  0	                  0	     -190346615.876	       2890951133.4	  -0.00410190224648	                  0
                  0	                  0	      2184963715.52	  6.57015778669e-09	      7529422319.68	                  0
     -46137272.1551	      13996815.4996	                  0	                  0	                  0	      700063786.859

Stiffness matrix at the elastic center rotated along principle axis:
      721737931.736	      45658545.7573	                  0	                  0	                  0	     -53678824.8548
       45658545.757	      241618262.077	                  0	                  0	                  0	      78788945.1944
                  0	                  0	      7910487698.39	   0.00650224898839	   0.00814614976958	                  0
                  0	                  0	  1.30841704905e-06	      2885686731.49	  -0.00208207964897	                  0
                  0	                  0	 -4.43659804554e-05	 -3.94213059772e-08	      6926595481.74	                  0
      -53678824.856	      78788945.1937	                  0	                  0	                  0	      728260369.775

Mass matrix with respect to mass center
      365.669170101	                  0	                  0	                  0	                  0	                  0
                  0	      365.669170101	                  0	                  0	                  0	                  0
                  0	                  0	      365.669170101	                  0	                  0	                  0
                  0	                  0	                  0	       97.100770476	      16.6169906729	                  0
                  0	                  0	                  0	      16.6169906729	      486.438239803	                  0
                  0	                  0	                  0	                  0	                  0	      583.539010279
