********************************
*                              *
*          BECAS 2.3           *
*              by              *
*     becas-dtuwind@dtu.dk     *
*                              *
*   A cross section analysis   *
*   program for anisotropic    *
*   beams with arbitrary       *
*   geometry.                  *
*                              *
*     (c)DTU Wind Energy       *
********************************


Output generated on the (yyyy.mm.dd) 2017. 8. 9 at (hh.mm.ss) 12.43.12  
The input folder: is C:\Users\wentingmann\Documents\MATLAB\SBref_BECAS_Project\BECAS_outputs_80_sec_TP\BL_024_BCS 

Stiffness matrix w.r.t. to the cross section reference point 
K=
        826181433.5	     -29255510.8322	                  0	                  0	                  0	      26937861.5653
      -29255510.832	      349700056.125	                  0	                  0	                  0	      4632841.65118
                  0	                  0	      7676665448.08	     -139018121.576	      2489395167.05	                  0
                  0	                  0	      -139018121.59	      4763677743.65	      441633410.659	                  0
                  0	                  0	      2489395167.05	      441633410.678	      10865882145.2	                  0
      26937861.5652	      4632841.65154	                  0	                  0	                  0	      1484370129.19

Compliance matrix w.r.t. to the cross section reference point 
F=
  1.21472602374e-09	  1.01918864056e-10	                  0	                  0	                  0	  -2.2362546088e-11
  1.01918864055e-10	  2.86826299658e-09	                  0	                  0	                  0	 -1.08016755475e-11
                  0	                  0	  1.40960561049e-10	  7.13448685257e-12	 -3.25843187373e-11	                 -0
                  0	                  0	  7.13448685285e-12	  2.11076928367e-10	 -1.02135454254e-11	                 -0
                  0	                  0	 -3.25843187374e-11	 -1.02135454257e-11	  9.99114359957e-11	                 -0
  -2.2362546088e-11	 -1.08016755482e-11	                  0	                  0	                  0	  6.74125962214e-10

Mass matrix w.r.t. to the cross section reference point 
M=
      415.767100619	                  0	                  0	                  0	                  0	    -0.792131899984
                  0	      415.767100619	                  0	                  0	                  0	     -236.484056087
                  0	                  0	      415.767100619	     0.792131899984	      236.484056087	                  0
                 -0	                 -0	     0.792131899984	      187.495007718	      18.2935041753	                  0
                 -0	                 -0	      236.484056087	      18.2935041753	      929.381002188	                  0
    -0.792131899984	     -236.484056087	                 -0	                  0	                  0	      1116.87600991

Shear center;
ShearX=    0.0160232303066 
ShearY=   -0.0331726522066 

Elastic center:
ElasticX=    -0.324280794036 
ElasticY=   -0.0181091806762 

Orientation of principle axis w.r.t. reference center:
alpha_p=     -4.11805349568o or    -0.0718735922728rad 

Orientation of principle axis w.r.t. elastic center:
alpha_p=      -5.2060841173o or    -0.0908633089827rad 

Mass center:
MassX=    -0.568789728036 
MassY=   0.00190522987222 

Mass per unit length:
Mass=      415.767100619 

Mass moments of inertia:
Ixx=      187.495007718 
Iyy=      929.381002188 
Ixy=     -18.2935041753 

Area center:
AreaX=    -0.619585600202 
AreaY=    0.0263862688144 

Area per unit length:
Area=     0.563773882363 
Area moments:
Ixx=    0.0148758892105 
Iyy=    -0.349306179282 
Ixy=   -0.0235816001814 

Stiffness matrix with respect to shear center:
        826181433.5	     -29255510.8322	                  0	                  0	                  0	  0.000113442540169
      -29255510.832	      349700056.125	                  0	                  0	                  0	  -0.00036243442446
                  0	                  0	      7676665448.08	      115637231.439	      2612400145.51	                  0
                  0	                  0	      115637231.426	      4762902137.51	      526066132.731	                  0
                  0	                  0	      2612400145.51	       526066132.75	      10947629386.5	                  0
                  0	 -5.82076609135e-10	                  0	                  0	                  0	      1483402295.79

Stiffness matrix with respect to the elastic center:
        826181433.5	     -29255510.8322	                  0	                  0	                  0	      2489392.43221
      -29255510.832	      349700056.125	                  0	                  0	                  0	      118563646.857
                  0	                  0	      7676665448.08	    0.0136228501797	  -0.00328302383423	                  0
                  0	                  0	 -2.08020210266e-05	      4761160239.37	      486714317.513	                  0
                  0	                  0	 -0.000430107116699	      486714317.528	      10058619103.8	                  0
      2489392.43216	      118563646.858	                  0	                  0	                  0	      1523787480.85

Stiffness matrix rotated along principle axis:
      827915184.568	       5174835.6695	                  0	                  0	                  0	      26535621.1697
      5174835.66968	      347966305.057	                  0	                  0	                  0	      6555334.97366
                  0	                  0	      7676665448.08	     -317426972.243	       2472984927.8	                  0
                  0	                  0	     -317426972.257	      4731881193.41	    -0.019025683403	                  0
                  0	                  0	       2472984927.8	  2.20692437557e-08	      10897678695.4	                  0
      26535621.1696	      6555334.97401	                  0	                  0	                  0	      1484370129.19

Stiffness matrix at the elastic center rotated along principle axis:
      827545641.241	      14283006.2604	                  0	                  0	                  0	     -8279144.26521
      14283006.2605	      348335848.384	                  0	                  0	                  0	       118300427.73
                  0	                  0	      7676665448.08	    0.0138645488765	  -0.00203336591979	                  0
                  0	                  0	  1.83109938391e-05	      4716813654.84	   -0.0146530270576	                  0
                  0	                  0	 -0.000430220366113	 -8.19736325227e-08	      10102965688.3	                  0
      -8279144.2653	       118300427.73	                  0	                  0	                  0	      1523787480.85

Mass matrix with respect to mass center
      415.767100619	                  0	                  0	                  0	                  0	                  0
                  0	      415.767100619	                  0	                  0	                  0	                  0
                  0	                  0	      415.767100619	                  0	                  0	                  0
                  0	                  0	                  0	      187.493498525	      17.8429476874	                  0
                  0	                  0	                  0	      17.8429476874	      794.871300241	                  0
                  0	                  0	                  0	                  0	                  0	      982.364798766
