********************************
*                              *
*          BECAS 2.3           *
*              by              *
*     becas-dtuwind@dtu.dk     *
*                              *
*   A cross section analysis   *
*   program for anisotropic    *
*   beams with arbitrary       *
*   geometry.                  *
*                              *
*     (c)DTU Wind Energy       *
********************************


Output generated on the (yyyy.mm.dd) 2017. 8. 9 at (hh.mm.ss) 10.40.15  
The input folder: is C:\Users\wentingmann\Documents\MATLAB\SBref_BECAS_Project\BECAS_outputs_80_sec_c2\BL_057_BCS 

Stiffness matrix w.r.t. to the cross section reference point 
K=
      269491774.851	     -6320839.44294	                  0	                  0	                  0	     -13375069.8059
     -6320839.44292	      70475065.5628	                  0	                  0	                  0	      36112608.1647
                  0	                  0	      3990527839.05	      41739795.2846	     -985675193.461	                  0
                  0	                  0	      41739795.2841	      247035324.301	      17939905.9632	                  0
                  0	                  0	      -985675193.46	      17939905.9631	      1472969821.67	                  0
     -13375069.8059	      36112608.1647	                  0	                  0	                  0	      63800442.0962

Compliance matrix w.r.t. to the cross section reference point 
F=
   3.7501412951e-09	 -9.36722466338e-11	                 -0	                  0	                 -0	  8.39197174554e-10
 -9.36722466361e-11	  1.99885702581e-08	                  0	                  0	                  0	 -1.13336562347e-08
                  0	                  0	   3.0127421829e-10	 -6.56029191244e-11	  2.02404305378e-10	                 -0
                  0	                  0	 -6.56029191238e-11	  4.06587275593e-09	  -9.3419799153e-11	                 -0
                  0	                  0	  2.02404305378e-10	 -9.34197991529e-11	  8.15482318511e-10	                 -0
  8.39197174556e-10	 -1.13336562347e-08	                  0	                  0	                  0	   2.2264927339e-08

Mass matrix w.r.t. to the cross section reference point 
M=
      152.408655956	                  0	                  0	                  0	                  0	     -3.67543700713
                  0	      152.408655956	                  0	                  0	                  0	      17.7612791205
                  0	                  0	      152.408655956	      3.67543700713	     -17.7612791205	                  0
                 -0	                 -0	      3.67543700713	      6.84298676264	     0.922854798271	                  0
                 -0	                 -0	     -17.7612791205	     0.922854798271	      73.3551234733	                  0
     -3.67543700713	      17.7612791205	                 -0	                  0	                  0	       80.198110236

Shear center;
ShearX=     0.509036300103 
ShearY=    0.0376914400743 

Elastic center:
ElasticX=     0.247003713096 
ElasticY=    0.0104597178538 

Orientation of principle axis w.r.t. reference center:
alpha_p=    -0.838207558021o or    -0.0146294817026rad 

Orientation of principle axis w.r.t. elastic center:
alpha_p=     -1.64493363532o or    -0.0287095079132rad 

Mass center:
MassX=     0.116537207214 
MassY=    0.0241156710166 

Mass per unit length:
Mass=      152.408655956 

Mass moments of inertia:
Ixx=      6.84298676264 
Iyy=      73.3551234733 
Ixy=    -0.922854798271 

Area center:
AreaX=     0.147657130076 
AreaY=    0.0439918634393 

Area per unit length:
Area=     0.191561541481 
Area moments:
Ixx=   0.00842714917304 
Iyy=    0.0282854274479 
Ixy= -0.000421765793126 

Stiffness matrix with respect to shear center:
      269491774.851	     -6320839.44294	                  0	                  0	                  0	  2.34246253967e-05
     -6320839.44292	      70475065.5628	                  0	                  0	                  0	  1.46673119161e-05
                  0	                  0	      3990527839.05	     -108668945.626	      1045648333.19	                  0
                  0	                  0	     -108668945.626	       249557980.36	     -225014.567411	                  0
                  0	                  0	      1045648333.19	     -225014.567317	      1503498326.82	                  0
                  0	  3.75439412892e-09	                  0	                  0	                  0	      44913688.0069

Stiffness matrix with respect to the elastic center:
      269491774.851	     -6320839.44294	                  0	                  0	                  0	     -8994991.06473
     -6320839.44292	      70475065.5628	                  0	                  0	                  0	      18638891.0928
                  0	                  0	      3990527839.05	  0.000518009066582	 -0.000802278518677	                  0
                  0	                  0	 -8.19563865662e-08	      246598737.819	      28249790.3823	                  0
                  0	                  0	 -3.45706939697e-06	      28249790.3822	      1229504388.98	                  0
     -8994991.06475	      18638891.0928	                  0	                  0	                  0	      50042633.9569

Stiffness matrix rotated along principle axis:
      269634098.812	     -3407038.13488	                  0	                  0	                  0	     -13901928.4492
     -3407038.13486	      70332741.6022	                  0	                  0	                  0	      35913080.4326
                  0	                  0	      3990527839.05	      56154731.6028	     -984959107.595	                  0
                  0	                  0	      56154731.6023	      246772854.049	  0.000139555428177	                  0
                  0	                  0	     -984959107.594	  3.48878993756e-10	      1473232291.92	                  0
     -13901928.4492	      35913080.4326	                  0	                  0	                  0	      63800442.0962

Stiffness matrix at the elastic center rotated along principle axis:
      269690520.192	      -599889.88156	                  0	                  0	                  0	     -9526324.20672
      -599889.88154	      70276320.2222	                  0	                  0	                  0	      18373003.9061
                  0	                  0	      3990527839.05	  0.000540825457928	 -0.000787078165526	                  0
                  0	                  0	  1.73145142412e-08	      245787477.336	  1.99433416128e-05	                  0
                  0	                  0	 -3.45799737889e-06	  1.00989486143e-08	      1230315649.46	                  0
     -9526324.20674	       18373003.906	                  0	                  0	                  0	      50042633.9569

Mass matrix with respect to mass center
      152.408655956	                  0	                  0	                  0	                  0	                  0
                  0	      152.408655956	                  0	                  0	                  0	                  0
                  0	                  0	      152.408655956	                  0	                  0	                  0
                  0	                  0	                  0	      6.75435113293	      1.35117996238	                  0
                  0	                  0	                  0	      1.35117996238	      71.2852736081	                  0
                  0	                  0	                  0	                  0	                  0	       78.039624741
