********************************
*                              *
*          BECAS 2.3           *
*              by              *
*     becas-dtuwind@dtu.dk     *
*                              *
*   A cross section analysis   *
*   program for anisotropic    *
*   beams with arbitrary       *
*   geometry.                  *
*                              *
*     (c)DTU Wind Energy       *
********************************


Output generated on the (yyyy.mm.dd) 2017.11.20 at (hh.mm.ss) 13.47.47  
The input folder: is C:\Users\wentingmann\Documents\MATLAB\SBref_BECAS_Project\BECAS_outputs_81_82_83_c2\BL_0082_BCS 

Stiffness matrix w.r.t. to the cross section reference point 
K=
      12248074.0464	     -120396.286183	                  0	                  0	                  0	     -244493.890026
     -120396.286179	      709461.023555	                  0	                  0	                  0	      128432.212139
                  0	                  0	      106110249.168	      1352788.26603	     -3658935.87155	                  0
                  0	                  0	      1352788.26603	      152417.824596	     -33061.9546324	                  0
                  0	                  0	     -3658935.87159	     -33061.9546339	      1851288.46213	                  0
     -244493.890025	       128432.21214	                  0	                  0	                  0	      69459.5811059

Compliance matrix w.r.t. to the cross section reference point 
F=
  8.96508007218e-08	 -6.30000131215e-08	                 -0	                  0	                 -0	   4.3205420454e-07
 -6.30000131213e-08	  2.16297336885e-06	                  0	                  0	                  0	 -4.22113937589e-06
                  0	                  0	  1.13686033821e-08	 -9.64018329674e-08	  2.07475812019e-08	                 -0
                  0	                  0	 -9.64018329674e-08	  7.40388179279e-06	 -5.83060517033e-08	                 -0
                  0	                  0	   2.0747581202e-08	 -5.83060516994e-08	  5.80129125762e-07	                 -0
  4.32054204539e-07	 -4.22113937591e-06	                  0	                  0	                  0	  2.37226435105e-05

Mass matrix w.r.t. to the cross section reference point 
M=
      5.42330242189	                  0	                  0	                  0	                  0	   -0.0592817388449
                  0	      5.42330242189	                  0	                  0	                  0	     0.147043114568
                  0	                  0	      5.42330242189	    0.0592817388449	    -0.147043114568	                  0
                 -0	                 -0	    0.0592817388449	   0.00538675823368	 -3.02971881086e-05	                  0
                 -0	                 -0	    -0.147043114568	 -3.02971881086e-05	     0.143198447036	                  0
   -0.0592817388449	     0.147043114568	                 -0	                  0	                  0	     0.148585205269

Shear center;
ShearX=     0.177937141535 
ShearY=    0.0182127343585 

Elastic center:
ElasticX=    0.0344823982628 
ElasticY=    0.0127488935012 

Orientation of principle axis w.r.t. reference center:
alpha_p=      1.11447846507o or      0.019451318658rad 

Orientation of principle axis w.r.t. elastic center:
alpha_p=    -0.489520312142o or   -0.00854374120226rad 

Mass center:
MassX=    0.0271132057792 
MassY=    0.0109309299451 

Mass per unit length:
Mass=      5.42330242189 

Mass moments of inertia:
Ixx=   0.00538675823368 
Iyy=     0.143198447036 
Ixy=  3.02971881086e-05 

Area center:
AreaX=    0.0451687409939 
AreaY=    0.0108631806154 

Area per unit length:
Area=   0.00375478271952 
Area moments:
Ixx=  4.07888828535e-05 
Iyy=  0.000169598808146 
Ixy=  7.18001896659e-07 

Stiffness matrix with respect to shear center:
      12248074.0464	     -120396.286183	                  0	                  0	                  0	 -6.83998223394e-07
     -120396.286179	      709461.023555	                  0	                  0	                  0	 -4.44569650426e-07
                  0	                  0	      106110249.168	     -579769.514785	      15222018.5529	                  0
                  0	                  0	     -579769.514789	      138339.039426	     -69585.2577794	                  0
                  0	                  0	      15222018.5529	     -69585.2577796	      3908790.34178	                  0
                  0	  2.22826201934e-11	                  0	                  0	                  0	      42153.8181255

Stiffness matrix with respect to the elastic center:
      12248074.0464	     -120396.286183	                  0	                  0	                  0	     -84192.9457245
     -120396.286179	      709461.023555	                  0	                  0	                  0	      102433.375143
                  0	                  0	      106110249.168	  3.18582169712e-06	  3.15448269248e-05	                  0
                  0	                  0	 -7.14790076017e-08	      135171.271063	      13585.4291216	                  0
                  0	                  0	 -9.08365473151e-06	      13585.4291207	      1725119.57819	                  0
     -84192.9457234	      102433.375143	                  0	                  0	                  0	      57308.3885158

Stiffness matrix rotated along principle axis:
      12239026.3672	      -344689.82382	                  0	                  0	                  0	     -241949.620534
     -344689.823817	      718508.702788	                  0	                  0	                  0	      133163.345177
                  0	                  0	      106110249.168	      1281365.71811	      -3684555.5636	                  0
                  0	                  0	      1281365.71811	      151774.644863	   1.5372775124e-06	                  0
                  0	                  0	     -3684555.56364	 -1.70678686607e-12	      1851931.64187	                  0
     -241949.620532	      133163.345177	                  0	                  0	                  0	      69459.5811059

Stiffness matrix at the elastic center rotated along principle axis:
      12249288.9692	     -21800.5836698	                  0	                  0	                  0	     -85065.0264901
     -21800.5836664	      708246.100738	                  0	                  0	                  0	      101710.322589
                  0	                  0	      106110249.168	   2.9161978638e-06	  3.15708941213e-05	                  0
                  0	                  0	  6.13105222857e-09	      135055.197848	  9.07005187401e-07	                  0
                  0	                  0	 -9.08393389122e-06	 -2.13622027507e-12	      1725235.65141	                  0
      -85065.026489	      101710.322589	                  0	                  0	                  0	      57308.3885158

Mass matrix with respect to mass center
      5.42330242189	                  0	                  0	                  0	                  0	                  0
                  0	      5.42330242189	                  0	                  0	                  0	                  0
                  0	                  0	      5.42330242189	                  0	                  0	                  0
                  0	                  0	                  0	   0.00473875369934	   0.00157702079614	                  0
                  0	                  0	                  0	   0.00157702079614	     0.139211636812	                  0
                  0	                  0	                  0	                  0	                  0	     0.143950390511
