********************************
*                              *
*          BECAS 2.3           *
*              by              *
*     becas-dtuwind@dtu.dk     *
*                              *
*   A cross section analysis   *
*   program for anisotropic    *
*   beams with arbitrary       *
*   geometry.                  *
*                              *
*     (c)DTU Wind Energy       *
********************************


Output generated on the (yyyy.mm.dd) 2017. 8. 9 at (hh.mm.ss) 10.44.19  
The input folder: is C:\Users\wentingmann\Documents\MATLAB\SBref_BECAS_Project\BECAS_outputs_80_sec_c2\BL_078_BCS 

Stiffness matrix w.r.t. to the cross section reference point 
K=
      72729902.1474	     -1357120.90668	                  0	                  0	                  0	     -3222862.99114
     -1357120.90667	      19633323.6335	                  0	                  0	                  0	      4798531.70462
                  0	                  0	      612267473.052	      16934851.0056	      -83488823.827	                  0
                  0	                  0	      16934851.0057	      5435394.44365	     -1945177.36819	                  0
                  0	                  0	     -83488823.8267	     -1945177.36816	      50452074.8564	                  0
     -3222862.99114	      4798531.70462	                  0	                  0	                  0	      3040012.46008

Compliance matrix w.r.t. to the cross section reference point 
F=
  1.46714823271e-08	 -4.53809699915e-09	                 -0	                  0	                 -0	  2.27171370687e-08
 -4.53809699916e-09	  8.43290153961e-08	                  0	                  0	                  0	 -1.37920855382e-07
                  0	                  0	  2.27783570049e-09	 -5.82842246187e-09	  3.54468093828e-09	                 -0
                  0	                  0	 -5.82842246192e-09	  2.01466806668e-07	 -1.87741462782e-09	                 -0
                  0	                  0	  3.54468093827e-09	 -1.87741462785e-09	  2.56141960784e-08	                 -0
  2.27171370688e-08	 -1.37920855382e-07	                  0	                  0	                  0	  5.70731811263e-07

Mass matrix w.r.t. to the cross section reference point 
M=
      33.6773068974	                  0	                  0	                  0	                  0	    -0.872801693116
                  0	      33.6773068974	                  0	                  0	                  0	      4.15326819399
                  0	                  0	      33.6773068974	     0.872801693116	     -4.15326819399	                  0
                 -0	                 -0	     0.872801693116	     0.212258221753	   -0.0589007008491	                  0
                 -0	                 -0	     -4.15326819399	   -0.0589007008491	      3.86410715804	                  0
    -0.872801693116	      4.15326819399	                 -0	                  0	                  0	      4.07636537979

Shear center;
ShearX=     0.241656155589 
ShearY=    0.0398035235122 

Elastic center:
ElasticX=      0.13636005096 
ElasticY=    0.0276592367733 

Orientation of principle axis w.r.t. reference center:
alpha_p=      2.46962313968o or     0.0431030550708rad 

Orientation of principle axis w.r.t. elastic center:
alpha_p=    -0.611600768654o or    -0.0106744471207rad 

Mass center:
MassX=     0.123325425238 
MassY=    0.0259166119125 

Mass per unit length:
Mass=      33.6773068974 

Mass moments of inertia:
Ixx=     0.212258221753 
Iyy=      3.86410715804 
Ixy=    0.0589007008491 

Area center:
AreaX=     0.112570155746 
AreaY=    0.0336244980638 

Area per unit length:
Area=    0.0361711439668 
Area moments:
Ixx=   0.00121623656028 
Iyy=   0.00407179130984 
Ixy=  6.26977379126e-05 

Stiffness matrix with respect to shear center:
      72729902.1474	     -1357120.90668	                  0	                  0	                  0	  3.70433554053e-06
     -1357120.90667	      19633323.6335	                  0	                  0	                  0	  2.06028926186e-06
                  0	                  0	      612267473.052	     -7435551.75378	      64469379.9029	                  0
                  0	                  0	     -7435551.75361	      5057288.86253	     -418874.857454	                  0
                  0	                  0	      64469379.9031	      -418874.85747	      45855909.1563	                  0
                  0	  1.25146470964e-09	                  0	                  0	                  0	      1752136.43302

Stiffness matrix with respect to the elastic center:
      72729902.1474	     -1357120.90668	                  0	                  0	                  0	     -1026152.33115
     -1357120.90667	      19633323.6335	                  0	                  0	                  0	      2083793.76495
                  0	                  0	      612267473.052	 -0.000162854790688	 -0.000245898962021	                  0
                  0	                  0	  1.56462192535e-07	      4966989.38997	      364059.777962	                  0
                  0	                  0	  1.67340040207e-05	      364059.777967	      39067534.5847	                  0
     -1026152.33115	      2083793.76495	                  0	                  0	                  0	      1984013.68747

Stiffness matrix rotated along principle axis:
       72514469.241	     -3637872.46216	                  0	                  0	                  0	     -3013102.28112
     -3637872.46215	        19848756.54	                  0	                  0	                  0	      4932947.09311
                  0	                  0	      612267473.052	      13321612.8598	     -84140997.8156	                  0
                  0	                  0	        13321612.86	      5351499.39454	  -3.4400873119e-05	                  0
                  0	                  0	     -84140997.8153	 -1.69803818012e-10	      50535969.9055	                  0
     -3013102.28113	       4932947.0931	                  0	                  0	                  0	      3040012.46008

Stiffness matrix at the elastic center rotated along principle axis:
        72752823.18	     -790078.080514	                  0	                  0	                  0	     -1048336.79378
     -790078.080506	      19610402.6009	                  0	                  0	                  0	      2072721.64758
                  0	                  0	      612267473.052	 -0.000160220727007	 -0.000247623304659	                  0
                  0	                  0	 -2.21695701605e-08	      4963103.10551	 -4.90777165396e-06	                  0
                  0	                  0	  1.67347207772e-05	  1.28230993287e-10	      39071420.8692	                  0
     -1048336.79379	      2072721.64758	                  0	                  0	                  0	      1984013.68747

Mass matrix with respect to mass center
      33.6773068974	                  0	                  0	                  0	                  0	                  0
                  0	      33.6773068974	                  0	                  0	                  0	                  0
                  0	                  0	      33.6773068974	                  0	                  0	                  0
                  0	                  0	                  0	     0.189638158996	    0.0487379391029	                  0
                  0	                  0	                  0	    0.0487379391029	      3.35190359189	                  0
                  0	                  0	                  0	                  0	                  0	      3.54154175088
