********************************
*                              *
*          BECAS 2.3           *
*              by              *
*     becas-dtuwind@dtu.dk     *
*                              *
*   A cross section analysis   *
*   program for anisotropic    *
*   beams with arbitrary       *
*   geometry.                  *
*                              *
*     (c)DTU Wind Energy       *
********************************


Output generated on the (yyyy.mm.dd) 2017. 8. 9 at (hh.mm.ss) 10.23.35  
The input folder: is C:\Users\wentingmann\Documents\MATLAB\SBref_BECAS_Project\BECAS_outputs_80_sec_c2\BL_008_BCS 

Stiffness matrix w.r.t. to the cross section reference point 
K=
      1577242689.94	     -121008674.393	                  0	                  0	                  0	     -29277085.4821
     -121008674.393	      1361194358.66	                  0	                  0	                  0	      428128382.562
                  0	                  0	      9097661647.43	     -85437618.9083	     -1226252912.69	                  0
                  0	                  0	      -85437618.907	      18582573603.4	       1468070452.4	                  0
                  0	                  0	      -1226252912.7	      1468070452.39	      20917170052.3	                  0
     -29277085.4821	      428128382.562	                  0	                  0	                  0	        11534317660

Compliance matrix w.r.t. to the cross section reference point 
F=
  6.38374591881e-10	  5.69054932656e-11	                  0	                  0	                  0	 -4.91846111911e-13
  5.69054932656e-11	  7.48399494354e-10	                  0	                  0	                  0	 -2.76344945088e-11
                  0	                  0	   1.1079382839e-10	  -3.7584249737e-15	  6.49546626358e-12	                 -0
                  0	                  0	 -3.75842498487e-15	  5.41139095538e-11	 -3.79820215932e-12	                 -0
                  0	                  0	  6.49546626359e-12	  -3.7982021593e-12	   4.8454982689e-11	                 -0
 -4.91846111911e-13	 -2.76344945088e-11	                  0	                  0	                  0	  8.77222859162e-11

Mass matrix w.r.t. to the cross section reference point 
M=
      795.198590488	                  0	                  0	                  0	                  0	       11.749776583
                  0	      795.198590488	                  0	                  0	                  0	      99.3839071884
                  0	                  0	      795.198590488	      -11.749776583	     -99.3839071884	                  0
                 -0	                 -0	      -11.749776583	      1392.34157198	       35.720621336	                  0
                 -0	                 -0	     -99.3839071884	       35.720621336	       1903.1205132	                  0
       11.749776583	      99.3839071884	                 -0	                  0	                  0	      3295.46208517

Shear center;
ShearX=     0.315022507909 
ShearY=  -0.00560685470943 

Elastic center:
ElasticX=     0.134787702623 
ElasticY=  -0.00939116250067 

Orientation of principle axis w.r.t. reference center:
alpha_p=     -25.7554716816o or     -0.449517781248rad 

Orientation of principle axis w.r.t. elastic center:
alpha_p=      -26.657901061o or     -0.465268145185rad 

Mass center:
MassX=     0.124979984091 
MassY=   -0.0147759021754 

Mass per unit length:
Mass=      795.198590488 

Mass moments of inertia:
Ixx=      1392.34157198 
Iyy=       1903.1205132 
Ixy=      -35.720621336 

Area center:
AreaX=     0.151159418327 
AreaY=   -0.0331994138175 

Area per unit length:
Area=     0.996825810144 
Area moments:
Ixx=    -0.033094032575 
Iyy=     0.150679609635 
Ixy=    0.0118436800497 

Stiffness matrix with respect to shear center:
      1577242689.94	     -121008674.393	                  0	                  0	                  0	 -6.93090260029e-06
     -121008674.393	      1361194358.66	                  0	                  0	                  0	   0.00015061465092
                  0	                  0	      9097661647.43	     -34428351.8556	      1639715275.58	                  0
                  0	                  0	     -34428351.8544	      18581901532.3	      1450349324.74	                  0
                  0	                  0	      1639715275.58	      1450349324.73	      21047420002.8	                  0
  1.86264514923e-09	  5.27361407876e-08	                  0	                  0	                  0	      11399611735.6

Stiffness matrix with respect to the elastic center:
      1577242689.94	     -121008674.393	                  0	                  0	                  0	     -27778746.6674
     -121008674.393	      1361194358.66	                  0	                  0	                  0	       245792534.26
                  0	                  0	      9097661647.43	  -0.00125530362129	   0.00255012512207	                  0
                  0	                  0	  2.44379043579e-06	      18581771244.8	      1456554512.03	                  0
                  0	                  0	  3.48091125488e-05	      1456554512.02	      20751886239.4	                  0
     -27778746.6674	      245792534.259	                  0	                  0	                  0	      11444017228.4

Stiffness matrix rotated along principle axis:
      1631165761.93	      9241853.91494	                  0	                  0	                  0	     -212403774.807
      9241853.91489	      1307271286.67	                  0	                  0	                  0	      372874906.821
                  0	                  0	      9097661647.43	      455895268.967	     -1141558275.49	                  0
                  0	                  0	      455895268.969	      17874287652.7	   0.00732231140137	                  0
                  0	                  0	     -1141558275.49	 -1.98229046366e-06	        21625456003	                  0
     -212403774.807	      372874906.821	                  0	                  0	                  0	        11534317660

Stiffness matrix at the elastic center rotated along principle axis:
      1630794341.81	      14337881.1798	                  0	                  0	                  0	     -135103784.652
      14337881.1797	      1307642706.79	                  0	                  0	                  0	      207201824.405
                  0	                  0	      9097661647.43	  -0.00226601187574	    0.0017158425041	                  0
                  0	                  0	 -1.34335233737e-05	      17850541094.5	   0.00751495361328	                  0
                  0	                  0	  3.22053858524e-05	  1.09669256716e-06	      21483116389.7	                  0
     -135103784.652	      207201824.405	                  0	                  0	                  0	      11444017228.4

Mass matrix with respect to mass center
      795.198590488	                  0	                  0	                  0	                  0	                  0
                  0	      795.198590488	                  0	                  0	                  0	                  0
                  0	                  0	      795.198590488	                  0	                  0	                  0
                  0	                  0	                  0	      1392.16795843	      34.2521344456	                  0
                  0	                  0	                  0	      34.2521344456	      1890.69951406	                  0
                  0	                  0	                  0	                  0	                  0	      3282.86747249
