********************************
*                              *
*          BECAS 2.3           *
*              by              *
*     becas-dtuwind@dtu.dk     *
*                              *
*   A cross section analysis   *
*   program for anisotropic    *
*   beams with arbitrary       *
*   geometry.                  *
*                              *
*     (c)DTU Wind Energy       *
********************************


Output generated on the (yyyy.mm.dd) 2017. 8. 9 at (hh.mm.ss) 10.39. 4  
The input folder: is C:\Users\wentingmann\Documents\MATLAB\SBref_BECAS_Project\BECAS_outputs_80_sec_c2\BL_052_BCS 

Stiffness matrix w.r.t. to the cross section reference point 
K=
      392013277.326	      6641210.72159	                  0	                  0	                  0	     -33257391.8205
      6641210.72169	      91514264.4051	                  0	                  0	                  0	      46218364.3961
                  0	                  0	         4948219145	      40079976.5747	     -1311945417.46	                  0
                  0	                  0	      40079976.5751	      412535295.481	      38766938.4728	                  0
                  0	                  0	     -1311945417.46	      38766938.4726	      2200153905.93	                  0
     -33257391.8205	      46218364.3961	                  0	                  0	                  0	      107539260.329

Compliance matrix w.r.t. to the cross section reference point 
F=
  2.66232497458e-09	 -7.77869951095e-10	                 -0	                  0	                 -0	  1.15765964267e-09
 -7.77869951099e-10	  1.41839172349e-08	                  0	                  0	                  0	 -6.33654517421e-09
                  0	                  0	  2.40603663414e-10	  -3.6919386127e-11	  1.44121792733e-10	                 -0
                  0	                  0	 -3.69193861273e-11	  2.43372048376e-09	 -6.48973289161e-11	                 -0
                  0	                  0	  1.44121792733e-10	 -6.48973289156e-11	  5.41596564257e-10	                 -0
  1.15765964268e-09	 -6.33654517422e-09	                  0	                  0	                  0	  1.23802738659e-08

Mass matrix w.r.t. to the cross section reference point 
M=
      191.254413398	                  0	                  0	                  0	                  0	     -5.50509260735
                  0	      191.254413398	                  0	                  0	                  0	      15.8240083203
                  0	                  0	      191.254413398	      5.50509260735	     -15.8240083203	                  0
                 -0	                 -0	      5.50509260735	        11.51801145	       2.3676450322	                  0
                 -0	                 -0	     -15.8240083203	       2.3676450322	       109.98134424	                  0
     -5.50509260735	      15.8240083203	                 -0	                  0	                  0	       121.49935569

Shear center;
ShearX=     0.511825929124 
ShearY=    0.0935084033856 

Elastic center:
ElasticX=     0.265134865497 
ElasticY=   0.00809987904753 

Orientation of principle axis w.r.t. reference center:
alpha_p=     -1.24175855657o or     -0.021672775327rad 

Orientation of principle axis w.r.t. elastic center:
alpha_p=     -1.96209512702o or    -0.0342450202038rad 

Mass center:
MassX=     0.082738003475 
MassY=    0.0287841337073 

Mass per unit length:
Mass=      191.254413398 

Mass moments of inertia:
Ixx=        11.51801145 
Iyy=       109.98134424 
Ixy=      -2.3676450322 

Area center:
AreaX=     0.126682991539 
AreaY=    0.0396461848192 

Area per unit length:
Area=      0.22640848705 
Area moments:
Ixx=   0.00897623272221 
Iyy=    0.0286821044493 
Ixy=  -0.00198141246362 

Stiffness matrix with respect to shear center:
      392013277.326	      6641210.72159	                  0	                  0	                  0	  9.17389988899e-05
      6641210.72169	      91514264.4051	                  0	                  0	                  0	 -2.18497589231e-05
                  0	                  0	         4948219145	     -422620095.276	      1220681443.93	                  0
                  0	                  0	     -422620095.276	      448306011.212	     -54863063.1421	                  0
                  0	                  0	      1220681443.94	      -54863063.143	      2153442637.89	                  0
                  0	 -9.31322574615e-10	                  0	                  0	                  0	      80773657.4192

Stiffness matrix with respect to the elastic center:
      392013277.326	      6641210.72159	                  0	                  0	                  0	     -31842948.2005
      6641210.72169	      91514264.4051	                  0	                  0	                  0	      22008535.2156
                  0	                  0	         4948219145	 -0.000457540154457	  -0.00462484359741	                  0
                  0	                  0	 -1.00582838058e-06	      412210652.519	      49393537.6712	                  0
                  0	                  0	  -3.7670135498e-05	      49393537.6708	      1852311434.13	                  0
     -31842948.2006	      22008535.2156	                  0	                  0	                  0	      88922625.5968

Stiffness matrix rotated along principle axis:
      391584375.474	      13145581.2406	                  0	                  0	                  0	     -34251183.2879
      13145581.2407	      91943166.2569	                  0	                  0	                  0	      45486786.6696
                  0	                  0	         4948219145	      68501836.3901	     -1310768736.78	                  0
                  0	                  0	      68501836.3904	      411694976.761	  0.000225346535444	                  0
                  0	                  0	     -1310768736.78	 -1.11003704149e-08	      2200994224.65	                  0
      -34251183.288	      45486786.6697	                  0	                  0	                  0	      107539260.329

Stiffness matrix at the elastic center rotated along principle axis:
      391206512.174	      16908191.5512	                  0	                  0	                  0	     -32577814.0034
      16908191.5513	      92321029.5566	                  0	                  0	                  0	      20905382.2543
                  0	                  0	         4948219145	 -0.000298924988378	  -0.00463779744542	                  0
                  0	                  0	  2.84523768064e-07	        410518508.3	   0.00038355588913	                  0
                  0	                  0	 -3.76824872507e-05	  -6.9665255179e-09	      1854003578.35	                  0
     -32577814.0035	      20905382.2543	                  0	                  0	                  0	      88922625.5968

Mass matrix with respect to mass center
      191.254413398	                  0	                  0	                  0	                  0	                  0
                  0	      191.254413398	                  0	                  0	                  0	                  0
                  0	                  0	      191.254413398	                  0	                  0	                  0
                  0	                  0	                  0	      11.3595521283	      2.82312540347	                  0
                  0	                  0	                  0	      2.82312540347	      108.672097384	                  0
                  0	                  0	                  0	                  0	                  0	      120.031649513
