********************************
*                              *
*          BECAS 2.3           *
*              by              *
*     becas-dtuwind@dtu.dk     *
*                              *
*   A cross section analysis   *
*   program for anisotropic    *
*   beams with arbitrary       *
*   geometry.                  *
*                              *
*     (c)DTU Wind Energy       *
********************************


Output generated on the (yyyy.mm.dd) 2017. 8. 9 at (hh.mm.ss) 10.36.31  
The input folder: is C:\Users\wentingmann\Documents\MATLAB\SBref_BECAS_Project\BECAS_outputs_80_sec_c2\BL_042_BCS 

Stiffness matrix w.r.t. to the cross section reference point 
K=
      490456481.596	      10751669.6837	                  0	                  0	                  0	     -31473076.8469
      10751669.6838	       140566411.62	                  0	                  0	                  0	      83031609.5669
                  0	                  0	      7017927747.96	      23880796.6895	     -2438477970.13	                  0
                  0	                  0	      23880796.6897	      1112536247.65	      73984280.6555	                  0
                  0	                  0	     -2438477970.13	      73984280.6555	      4412408579.51	                  0
     -31473076.8469	      83031609.5669	                  0	                  0	                  0	      256873452.631

Compliance matrix w.r.t. to the cross section reference point 
F=
   2.0714645545e-09	 -3.81134515407e-10	                 -0	                  0	                 -0	  3.77001104603e-10
 -3.81134515407e-10	  8.86308738565e-09	                  0	                  0	                  0	 -2.91159666207e-09
                  0	                  0	  1.76474219178e-10	  -1.0285112783e-11	  9.76993459837e-11	                 -0
                  0	                  0	 -1.02851127831e-11	  9.00449911863e-10	 -2.07821098806e-11	                 -0
                  0	                  0	  9.76993459837e-11	 -2.07821098806e-11	  2.80974717093e-10	                 -0
  3.77001104603e-10	 -2.91159666207e-09	                  0	                  0	                  0	  4.88030167834e-09

Mass matrix w.r.t. to the cross section reference point 
M=
       258.23484173	                  0	                  0	                  0	                  0	     -6.57262659773
                  0	       258.23484173	                  0	                  0	                  0	      31.1136209938
                  0	                  0	       258.23484173	      6.57262659773	     -31.1136209938	                  0
                 -0	                 -0	      6.57262659773	      29.7614657837	      4.76230812742	                  0
                 -0	                 -0	     -31.1136209938	      4.76230812742	      210.642100543	                  0
     -6.57262659773	      31.1136209938	                 -0	                  0	                  0	      240.403566327

Shear center;
ShearX=     0.596601778737 
ShearY=    0.0772495491982 

Elastic center:
ElasticX=     0.347464103038 
ElasticY=   0.00340282737973 

Orientation of principle axis w.r.t. reference center:
alpha_p=     -1.28373128879o or    -0.0224053377003rad 

Orientation of principle axis w.r.t. elastic center:
alpha_p=     -1.91927809186o or    -0.0334977219643rad 

Mass center:
MassX=     0.120485759339 
MassY=    0.0254521293629 

Mass per unit length:
Mass=       258.23484173 

Mass moments of inertia:
Ixx=      29.7614657837 
Iyy=      210.642100543 
Ixy=     -4.76230812742 

Area center:
AreaX=     0.153635947433 
AreaY=    0.0395186321447 

Area per unit length:
Area=     0.310594290265 
Area moments:
Ixx=    0.0122742615032 
Iyy=     0.047718448052 
Ixy=  -0.00361756596456 

Stiffness matrix with respect to shear center:
      490456481.596	      10751669.6837	                  0	                  0	                  0	 -1.20028853416e-05
      10751669.6838	       140566411.62	                  0	                  0	                  0	 -1.75288878381e-05
                  0	                  0	      7017927747.96	     -518250958.145	      1748430207.35	                  0
                  0	                  0	     -518250958.145	      1150726119.76	     -46833838.8837	                  0
                  0	                  0	      1748430207.34	     -46833838.8837	      4000724856.82	                  0
                  0	  1.51339918375e-09	                  0	                  0	                  0	      204905365.674

Stiffness matrix with respect to the elastic center:
      490456481.596	      10751669.6837	                  0	                  0	                  0	     -33539957.3656
      10751669.6838	       140566411.62	                  0	                  0	                  0	       34226413.512
                  0	                  0	      7017927747.96	 -0.000181946903467	  0.000347137451172	                  0
                  0	                  0	                  0	      1112454985.42	      82282000.2571	                  0
                  0	                  0	 -9.53674316406e-07	      82282000.2571	      3565125018.84	                  0
     -33539957.3656	      34226413.5121	                  0	                  0	                  0	      215909270.685

Stiffness matrix rotated along principle axis:
      489799238.107	      18577658.6876	                  0	                  0	                  0	     -33325373.0552
      18577658.6877	      141223655.109	                  0	                  0	                  0	      82305663.6217
                  0	                  0	      7017927747.96	      78505154.2663	     -2437330926.24	                  0
                  0	                  0	      78505154.2665	      1110878327.42	 -5.93662261963e-05	                  0
                  0	                  0	     -2437330926.24	  8.66308929131e-09	      4414066499.74	                  0
     -33325373.0552	      82305663.6217	                  0	                  0	                  0	      256873452.631

Stiffness matrix at the elastic center rotated along principle axis:
       489344243.53	      22439304.4062	                  0	                  0	                  0	     -34667434.0563
      22439304.4062	      141678649.686	                  0	                  0	                  0	      33083910.5599
                  0	                  0	      7017927747.96	 -0.000193470971202	   0.00034084904135	                  0
                  0	                  0	  3.19399430257e-08	      1109697694.46	  2.61515378952e-06	                  0
                  0	                  0	 -9.53139308712e-07	 -6.11398253829e-08	       3567882309.8	                  0
     -34667434.0563	      33083910.5599	                  0	                  0	                  0	      215909270.685

Mass matrix with respect to mass center
       258.23484173	                  0	                  0	                  0	                  0	                  0
                  0	       258.23484173	                  0	                  0	                  0	                  0
                  0	                  0	       258.23484173	                  0	                  0	                  0
                  0	                  0	                  0	      29.5941784413	       5.5542160339	                  0
                  0	                  0	                  0	       5.5542160339	      206.893352292	                  0
                  0	                  0	                  0	                  0	                  0	      236.487530733
