********************************
*                              *
*          BECAS 2.3           *
*              by              *
*     becas-dtuwind@dtu.dk     *
*                              *
*   A cross section analysis   *
*   program for anisotropic    *
*   beams with arbitrary       *
*   geometry.                  *
*                              *
*     (c)DTU Wind Energy       *
********************************


Output generated on the (yyyy.mm.dd) 2017. 8. 9 at (hh.mm.ss) 10.30.51  
The input folder: is C:\Users\wentingmann\Documents\MATLAB\SBref_BECAS_Project\BECAS_outputs_80_sec_c2\BL_024_BCS 

Stiffness matrix w.r.t. to the cross section reference point 
K=
      826181433.497	     -29255510.8165	                  0	                  0	                  0	       3699158.5008
     -29255510.8166	      349700056.115	                  0	                  0	                  0	      282412157.031
                  0	                  0	       7676665448.1	     -139018121.627	     -3608455934.91	                  0
                  0	                  0	     -139018121.627	      4763677743.63	      552060497.955	                  0
                  0	                  0	     -3608455934.93	      552060497.952	      11754792308.5	                  0
      3699158.49953	      282412157.031	                  0	                  0	                  0	      1712380281.96

Compliance matrix w.r.t. to the cross section reference point 
F=
  1.21472602374e-09	  1.19682237598e-10	                  0	                  0	                  0	 -2.23625460879e-11
  1.19682237598e-10	   3.3107762707e-09	                  0	                  0	                  0	 -5.46284141133e-10
                  0	                  0	  1.52235845522e-10	 -9.78499135069e-13	  4.67789235717e-11	                 -0
                  0	                  0	 -9.78499135133e-13	  2.11076928368e-10	 -1.02135454241e-11	                 -0
                  0	                  0	  4.67789235719e-11	  -1.0213545424e-11	  9.99114359951e-11	                 -0
  -2.2362546087e-11	 -5.46284141134e-10	                  0	                  0	                  0	  6.74125962215e-10

Mass matrix w.r.t. to the cross section reference point 
M=
      415.767100619	                  0	                  0	                  0	                  0	    -0.792131899983
                  0	      415.767100619	                  0	                  0	                  0	      93.7746857896
                  0	                  0	      415.767100619	     0.792131899983	     -93.7746857896	                  0
                 -0	                 -0	     0.792131899983	      187.495007718	      17.6642853547	                  0
                 -0	                 -0	     -93.7746857896	      17.6642853547	      816.021823411	                  0
    -0.792131899983	      93.7746857896	                 -0	                  0	                  0	      1003.51683113

Shear center;
ShearX=      0.81035914911 
ShearY=   -0.0331726522051 

Elastic center:
ElasticX=     0.470055124757 
ElasticY=   -0.0181091806809 

Orientation of principle axis w.r.t. reference center:
alpha_p=     -4.48735600705o or    -0.0783191370321rad 

Orientation of principle axis w.r.t. elastic center:
alpha_p=     -5.20608411639o or    -0.0908633089667rad 

Mass center:
MassX=     0.225546190764 
MassY=   0.00190522987222 

Mass per unit length:
Mass=      415.767100619 

Mass moments of inertia:
Ixx=      187.495007718 
Iyy=      816.021823411 
Ixy=     -17.6642853547 

Area center:
AreaX=     0.174750318598 
AreaY=    0.0263862688144 

Area per unit length:
Area=     0.563773882363 
Area moments:
Ixx=    0.0148758892105 
Iyy=    0.0985196655599 
Ixy=   -0.0117651470574 

Stiffness matrix with respect to shear center:
      826181433.497	     -29255510.8165	                  0	                  0	                  0	   0.00115791335702
     -29255510.8166	      349700056.115	                  0	                  0	                  0	 -0.000370263122022
                  0	                  0	       7676665448.1	      115637231.378	      2612400145.62	                  0
                  0	                  0	      115637231.378	      4762902137.49	      526066132.654	                  0
                  0	                  0	       2612400145.6	       526066132.65	      10947629386.6	                  0
  7.45058059692e-09	 -2.58442014456e-08	                  0	                  0	                  0	      1483402295.79

Stiffness matrix with respect to the elastic center:
      826181433.497	     -29255510.8165	                  0	                  0	                  0	      2489392.43306
     -29255510.8166	      349700056.115	                  0	                  0	                  0	      118563646.858
                  0	                  0	       7676665448.1	 -0.000102043151855	    0.0171995162964	                  0
                  0	                  0	  5.54323196411e-06	      4761160239.34	      486714317.451	                  0
                  0	                  0	  0.000114440917969	      486714317.447	      10058619103.8	                  0
      2489392.43185	      118563646.858	                  0	                  0	                  0	      1523787480.85

Stiffness matrix rotated along principle axis:
      827828537.917	      8267852.01911	                  0	                  0	                  0	     -18407852.3362
      8267852.01898	      348052951.694	                  0	                  0	                  0	      281835876.327
                  0	                  0	       7676665448.1	      143730347.165	     -3608271311.81	                  0
                  0	                  0	      143730347.167	      4720352220.97	   0.00356042385101	                  0
                  0	                  0	     -3608271311.83	  4.05658261636e-08	      11798117831.1	                  0
     -18407852.3375	      281835876.327	                  0	                  0	                  0	      1712380281.96

Stiffness matrix at the elastic center rotated along principle axis:
      827545641.235	      14283006.2688	                  0	                  0	                  0	     -8279144.26253
      14283006.2687	      348335848.376	                  0	                  0	                  0	       118300427.73
                  0	                  0	       7676665448.1	  -0.00166227759481	     0.017119305092	                  0
                  0	                  0	 -4.86381298863e-06	      4716813654.83	   0.00392031669617	                  0
                  0	                  0	  0.000114471806351	   2.0026320858e-08	      10102965688.3	                  0
     -8279144.26377	      118300427.731	                  0	                  0	                  0	      1523787480.85

Mass matrix with respect to mass center
      415.767100619	                  0	                  0	                  0	                  0	                  0
                  0	      415.767100619	                  0	                  0	                  0	                  0
                  0	                  0	      415.767100619	                  0	                  0	                  0
                  0	                  0	                  0	      187.493498525	      17.8429476874	                  0
                  0	                  0	                  0	      17.8429476874	      794.871300241	                  0
                  0	                  0	                  0	                  0	                  0	      982.364798766
