********************************
*                              *
*          BECAS 2.3           *
*              by              *
*     becas-dtuwind@dtu.dk     *
*                              *
*   A cross section analysis   *
*   program for anisotropic    *
*   beams with arbitrary       *
*   geometry.                  *
*                              *
*     (c)DTU Wind Energy       *
********************************


Output generated on the (yyyy.mm.dd) 2017. 8. 9 at (hh.mm.ss) 12.57.14  
The input folder: is C:\Users\wentingmann\Documents\MATLAB\SBref_BECAS_Project\BECAS_outputs_80_sec_TP\BL_080_BCS 

Stiffness matrix w.r.t. to the cross section reference point 
K=
      27985841.1403	      -275095.60478	                  0	                  0	                  0	     -801496.661516
      -275095.60478	      1621060.04788	                  0	                  0	                  0	      190477.230144
                  0	                  0	      242453186.134	      4672353.24616	      25218927.0672	                  0
                  0	                  0	      4672353.24617	      795750.428954	      556925.357676	                  0
                  0	                  0	      25218927.0669	      556925.357666	      11629751.8474	                  0
     -801496.661517	      190477.230144	                  0	                  0	                  0	      263635.627091

Compliance matrix w.r.t. to the cross section reference point 
F=
  3.92358993273e-08	 -8.04023948552e-09	                  0	                  0	                 -0	  1.25092823126e-07
 -8.04023948554e-09	  6.75756485436e-07	                  0	                  0	                  0	 -5.12678996366e-07
                  0	                  0	  5.80861137936e-09	 -2.61675111116e-08	 -1.13427696466e-08	                 -0
                  0	                  0	 -2.61675111116e-08	  1.41813754082e-06	 -1.11679255591e-08	                 -0
                  0	                  0	 -1.13427696465e-08	 -1.11679255583e-08	  1.11117777777e-07	                 -0
  1.25092823126e-07	 -5.12678996366e-07	                  0	                  0	                  0	  4.54382880082e-06

Mass matrix w.r.t. to the cross section reference point 
M=
      12.3917996787	                  0	                  0	                  0	                  0	    -0.204751350891
                  0	      12.3917996787	                  0	                  0	                  0	     -1.42697627543
                  0	                  0	      12.3917996787	     0.204751350891	      1.42697627543	                  0
                 -0	                 -0	     0.204751350891	    0.0281234506967	    0.0318115056644	                  0
                 -0	                 -0	      1.42697627543	    0.0318115056644	     0.891126208148	                  0
    -0.204751350891	     -1.42697627543	                 -0	                  0	                  0	     0.919249658845

Shear center;
ShearX=     0.112829734314 
ShearY=    0.0275302676684 

Elastic center:
ElasticX=    -0.104015655431 
ElasticY=    0.0192711563031 

Orientation of principle axis w.r.t. reference center:
alpha_p=     -2.93499612275o or    -0.0512253458752rad 

Orientation of principle axis w.r.t. elastic center:
alpha_p=     -0.48952031174o or   -0.00854374119525rad 

Mass center:
MassX=    -0.115154885684 
MassY=    0.0165231327329 

Mass per unit length:
Mass=      12.3917996787 

Mass moments of inertia:
Ixx=    0.0281234506967 
Iyy=     0.891126208148 
Ixy=   -0.0318115056644 

Area center:
AreaX=   -0.0878622393666 
AreaY=    0.0164207232239 

Area per unit length:
Area=   0.00857936948336 
Area moments:
Ixx=  0.000140879451722 
Iyy= -0.000753802615162 
Ixy= -1.82482052457e-05 

Stiffness matrix with respect to shear center:
      27985841.1403	      -275095.60478	                  0	                  0	                  0	  8.88132490218e-07
      -275095.60478	      1621060.04788	                  0	                  0	                  0	  1.31695742311e-07
                  0	                  0	      242453186.134	     -2002447.86517	      52574855.6423	                  0
                  0	                  0	     -2002447.86516	      722247.219166	     -363294.115397	                  0
                  0	                  0	      52574855.6421	     -363294.115401	      20407203.6818	                  0
  1.16415321827e-10	  3.18323145621e-11	                  0	                  0	                  0	      220078.714194

Stiffness matrix with respect to the elastic center:
      27985841.1403	      -275095.60478	                  0	                  0	                  0	     -290791.392265
      -275095.60478	      1621060.04788	                  0	                  0	                  0	      353791.443119
                  0	                  0	      242453186.134	 -5.90644776821e-06	  0.000205088406801	                  0
                  0	                  0	 -2.56113708019e-07	      705708.779244	      70927.4723687	                  0
                  0	                  0	 -3.25329601765e-05	      70927.4723638	      9006588.61931	                  0
     -290791.392266	      353791.443118	                  0	                  0	                  0	      299198.436058

Stiffness matrix rotated along principle axis:
      27944853.9524	      1074530.53851	                  0	                  0	                  0	     -810198.308694
      1074530.53851	      1662047.23576	                  0	                  0	                  0	      149188.384984
                  0	                  0	      242453186.134	      3374941.01517	      25425084.8655	                  0
                  0	                  0	      3374941.01518	      767196.755221	  1.00772522273e-05	                  0
                  0	                  0	      25425084.8653	 -9.65072587016e-11	      11658305.5212	                  0
     -810198.308695	      149188.384984	                  0	                  0	                  0	      263635.627091

Stiffness matrix at the elastic center rotated along principle axis:
       27988617.139	     -49812.5394646	                  0	                  0	                  0	     -293803.444849
     -49812.5394649	      1618284.04924	                  0	                  0	                  0	      351294.114431
                  0	                  0	      242453186.134	 -7.65843314997e-06	  0.000205030459033	                  0
                  0	                  0	  2.18454500192e-08	      705102.778531	  4.91045102535e-06	                  0
                  0	                  0	 -3.25339609462e-05	  3.38124704934e-12	      9007194.62002	                  0
      -293803.44485	      351294.114431	                  0	                  0	                  0	      299198.436058

Mass matrix with respect to mass center
      12.3917996787	                  0	                  0	                  0	                  0	                  0
                  0	      12.3917996787	                  0	                  0	                  0	                  0
                  0	                  0	      12.3917996787	                  0	                  0	                  0
                  0	                  0	                  0	    0.0247403169487	   0.00823338725891	                  0
                  0	                  0	                  0	   0.00823338725891	     0.726802918277	                  0
                  0	                  0	                  0	                  0	                  0	     0.751543235226
