********************************
*                              *
*          BECAS 2.3           *
*              by              *
*     becas-dtuwind@dtu.dk     *
*                              *
*   A cross section analysis   *
*   program for anisotropic    *
*   beams with arbitrary       *
*   geometry.                  *
*                              *
*     (c)DTU Wind Energy       *
********************************


Output generated on the (yyyy.mm.dd) 2017. 8. 9 at (hh.mm.ss) 12.56.56  
The input folder: is C:\Users\wentingmann\Documents\MATLAB\SBref_BECAS_Project\BECAS_outputs_80_sec_TP\BL_078_BCS 

Stiffness matrix w.r.t. to the cross section reference point 
K=
      72729902.1469	     -1357120.90677	                  0	                  0	                  0	     -2901077.15685
      -1357120.9067	      19633323.6127	                  0	                  0	                  0	      143290.308289
                  0	                  0	      612267473.049	      16934851.0066	      61685418.6651	                  0
                  0	                  0	      16934851.0065	      5435394.44273	      2070231.37831	                  0
                  0	                  0	      61685418.6649	      2070231.37834	      45282287.1942	                  0
     -2901077.15685	      143290.308296	                  0	                  0	                  0	      1868261.06244

Compliance matrix w.r.t. to the cross section reference point 
F=
  1.46714823272e-08	  8.48344893306e-10	                  0	                  0	                 -0	  2.27171370686e-08
  8.48344893257e-10	  5.10113916016e-08	                  0	                  0	                  0	 -2.59509986874e-09
                  0	                  0	  2.03693260576e-09	 -5.38327020808e-09	 -2.52868025825e-09	                 -0
                  0	                  0	 -5.38327020803e-09	  2.01466806708e-07	 -1.87741462796e-09	                 -0
                  0	                  0	 -2.52868025824e-09	 -1.87741462805e-09	  2.56141960784e-08	                 -0
  2.27171370686e-08	 -2.59509986885e-09	                  0	                  0	                  0	  5.70731811264e-07

Mass matrix w.r.t. to the cross section reference point 
M=
      33.6773068974	                  0	                  0	                  0	                  0	    -0.872801693116
                  0	      33.6773068974	                  0	                  0	                  0	     -3.83193064998
                  0	                  0	      33.6773068974	     0.872801693116	      3.83193064998	                  0
                 -0	                 -0	     0.872801693116	     0.212258221753	     0.148048598634	                  0
                 -0	                 -0	      3.83193064998	     0.148048598634	      3.78791507437	                  0
    -0.872801693116	     -3.83193064998	                 -0	                  0	                  0	      4.00017329612

Shear center;
ShearX=   0.00454696902754 
ShearY=    0.0398035235118 

Elastic center:
ElasticX=    -0.100749135599 
ElasticY=    0.0276592367746 

Orientation of principle axis w.r.t. reference center:
alpha_p=      -2.9661374822o or    -0.0517688651312rad 

Orientation of principle axis w.r.t. elastic center:
alpha_p=    -0.611600768581o or    -0.0106744471195rad 

Mass center:
MassX=    -0.113783761322 
MassY=    0.0259166119125 

Mass per unit length:
Mass=      33.6773068974 

Mass moments of inertia:
Ixx=     0.212258221753 
Iyy=      3.78791507437 
Ixy=    -0.148048598634 

Area center:
AreaX=    -0.124539030814 
AreaY=    0.0336244980638 

Area per unit length:
Area=    0.0361711439668 
Area moments:
Ixx=   0.00121623656028 
Iyy=  -0.00450471921307 
Ixy= -0.000225683123559 

Stiffness matrix with respect to shear center:
      72729902.1469	     -1357120.90677	                  0	                  0	                  0	 -1.49058178067e-06
      -1357120.9067	      19633323.6127	                  0	                  0	                  0	 -3.60402918886e-06
                  0	                  0	      612267473.049	     -7435551.75242	      64469379.9016	                  0
                  0	                  0	     -7435551.75259	      5057288.86153	      -418874.85738	                  0
                  0	                  0	      64469379.9014	     -418874.857342	       45855909.156	                  0
                  0	  7.27595761418e-12	                  0	                  0	                  0	      1752136.43302

Stiffness matrix with respect to the elastic center:
      72729902.1469	     -1357120.90677	                  0	                  0	                  0	     -1026152.33103
      -1357120.9067	      19633323.6127	                  0	                  0	                  0	      2083793.76271
                  0	                  0	      612267473.049	  0.000174697488546	  0.000272110104561	                  0
                  0	                  0	   5.3271651268e-07	      4966989.38899	      364059.777917	                  0
                  0	                  0	  5.63636422157e-05	      364059.777933	      39067534.5847	                  0
     -1026152.33102	      2083793.76271	                  0	                  0	                  0	      1984013.68722

Stiffness matrix rotated along principle axis:
      72727991.8764	      1393987.92432	                  0	                  0	                  0	     -2904605.22296
      1393987.92439	      19635233.8832	                  0	                  0	                  0	     -7020.05677546
                  0	                  0	      612267473.049	      13720205.3194	      62479084.6644	                  0
                  0	                  0	      13720205.3193	      5328125.06873	 -2.80985259451e-05	                  0
                  0	                  0	      62479084.6641	  -1.8813486322e-10	      45389556.5682	                  0
     -2904605.22296	     -7020.05676878	                  0	                  0	                  0	      1868261.06244

Stiffness matrix at the elastic center rotated along principle axis:
      72752823.1795	     -790078.080462	                  0	                  0	                  0	     -1048336.79364
     -790078.080387	      19610402.5801	                  0	                  0	                  0	      2072721.64534
                  0	                  0	      612267473.049	   0.00017178296603	  0.000273959365765	                  0
                  0	                  0	 -6.89531295369e-08	      4963103.10454	 -1.65186793311e-05	                  0
                  0	                  0	  5.63661174481e-05	  -1.0991112079e-10	      39071420.8691	                  0
     -1048336.79364	      2072721.64535	                  0	                  0	                  0	      1984013.68722

Mass matrix with respect to mass center
      33.6773068974	                  0	                  0	                  0	                  0	                  0
                  0	      33.6773068974	                  0	                  0	                  0	                  0
                  0	                  0	      33.6773068974	                  0	                  0	                  0
                  0	                  0	                  0	     0.189638158996	    0.0487379391029	                  0
                  0	                  0	                  0	    0.0487379391029	      3.35190359189	                  0
                  0	                  0	                  0	                  0	                  0	      3.54154175088
