********************************
*                              *
*          BECAS 2.3           *
*              by              *
*     becas-dtuwind@dtu.dk     *
*                              *
*   A cross section analysis   *
*   program for anisotropic    *
*   beams with arbitrary       *
*   geometry.                  *
*                              *
*     (c)DTU Wind Energy       *
********************************


Output generated on the (yyyy.mm.dd) 2017. 8. 9 at (hh.mm.ss) 12.39.12  
The input folder: is C:\Users\wentingmann\Documents\MATLAB\SBref_BECAS_Project\BECAS_outputs_80_sec_TP\BL_015_BCS 

Stiffness matrix w.r.t. to the cross section reference point 
K=
      1169453052.98	     -104138159.843	                  0	                  0	                  0	      90142842.6731
     -104138159.844	      712665408.402	                  0	                  0	                  0	     -22522376.1991
                  0	                  0	      7996967259.04	      -263646667.85	      3340449090.13	                  0
                  0	                  0	     -263646667.869	      10817529504.1	       1313695299.4	                  0
                  0	                  0	      3340449090.11	      1313695299.39	      21167600905.7	                  0
      90142842.6759	     -22522376.1994	                  0	                  0	                  0	      4978962956.63

Compliance matrix w.r.t. to the cross section reference point 
F=
  8.67512879281e-10	  1.26286924163e-10	                  0	                  0	                  0	 -1.51348375225e-11
  1.26286924163e-10	  1.42176767786e-09	                  0	                  0	                 -0	  4.14498447805e-12
                  0	                  0	  1.34243454423e-10	  5.88891029941e-12	  -2.1550371296e-11	                 -0
                  0	                  0	  5.88891029963e-12	  9.34028961423e-11	 -6.72605985432e-12	                 -0
                  0	                  0	 -2.15503712958e-11	 -6.72605985427e-12	  5.10602933329e-11	                 -0
  -1.5134837523e-11	  4.14498447806e-12	                  0	                  0	                  0	  2.01137799357e-10

Mass matrix w.r.t. to the cross section reference point 
M=
      598.842848574	                  0	                  0	                  0	                  0	      13.3063700219
                  0	      598.842848574	                  0	                  0	                  0	     -349.636355125
                  0	                  0	      598.842848574	     -13.3063700219	      349.636355125	                  0
                 -0	                 -0	     -13.3063700219	       605.63140151	      31.5898914916	                  0
                 -0	                 -0	      349.636355125	      31.5898914916	      2043.88719862	                  0
      13.3063700219	     -349.636355125	                 -0	                  0	                  0	      2649.51860013

Shear center;
ShearX=   -0.0206076853347 
ShearY=   -0.0752461127213 

Elastic center:
ElasticX=    -0.417714488743 
ElasticY=   -0.0329683315348 

Orientation of principle axis w.r.t. reference center:
alpha_p=     -7.12189873988o or     -0.124300582005rad 

Orientation of principle axis w.r.t. elastic center:
alpha_p=     -8.81244929836o or     -0.153806255421rad 

Mass center:
MassX=    -0.583853269615 
MassY=   -0.0222201368082 

Mass per unit length:
Mass=      598.842848574 

Mass moments of inertia:
Ixx=       605.63140151 
Iyy=      2043.88719862 
Ixy=     -31.5898914916 

Area center:
AreaX=    -0.633560676629 
AreaY=    -0.022190052355 

Area per unit length:
Area=     0.864379011818 
Area moments:
Ixx=   -0.0191806155268 
Iyy=    -0.547636551591 
Ixy=   -0.0100723650566 

Stiffness matrix with respect to shear center:
      1169453052.98	     -104138159.843	                  0	                  0	                  0	  -0.00286038219929
     -104138159.844	      712665408.402	                  0	                  0	                  0	  0.000318165868521
                  0	                  0	      7996967259.04	      338094031.953	      3175650105.23	                  0
                  0	                  0	      338094031.934	      10823131378.9	      1558083772.75	                  0
                  0	                  0	       3175650105.2	      1558083772.74	      21033319183.9	                  0
                  0	 -9.31322574615e-10	                  0	                  0	                  0	      4971715924.08

Stiffness matrix with respect to the elastic center:
      1169453052.98	     -104138159.843	                  0	                  0	                  0	      8087908.51053
     -104138159.844	      712665408.402	                  0	                  0	                  0	      278601551.896
                  0	                  0	      7996967259.04	     0.019374370575	    0.0245809555054	                  0
                  0	                  0	  2.02059745789e-05	      10808837513.4	      1423824332.47	                  0
                  0	                  0	  0.000279426574707	      1423824332.46	      19772246921.9	                  0
      8087908.51331	      278601551.895	                  0	                  0	                  0	      5082692434.61

Stiffness matrix rotated along principle axis:
      1188054691.87	     -44740770.5442	                  0	                  0	                  0	       92239697.688
     -44740770.5444	      694063769.505	                  0	                  0	                  0	     -11172631.0803
                  0	                  0	      7996967259.04	     -675763891.707	      3281989160.85	                  0
                  0	                  0	     -675763891.723	      10653390189.6	   0.00250935554504	                  0
                  0	                  0	      3281989160.82	 -1.14180991291e-07	      21331740220.3	                  0
      92239697.6909	     -11172631.0803	                  0	                  0	                  0	      4978962956.63

Stiffness matrix at the elastic center rotated along principle axis:
      1190263436.73	     -30095815.0751	                  0	                  0	                  0	     -34689481.0007
     -30095815.0752	      691855024.646	                  0	                  0	                  0	        276551765.3
                  0	                  0	      7996967259.04	    0.0153798423458	    0.0272589445531	                  0
                  0	                  0	  -2.2840861236e-05	      10588101065.9	     0.011394739151	                  0
                  0	                  0	  0.000279223543275	  -5.2802292609e-07	      19992983369.4	                  0
     -34689480.9979	        276551765.3	                  0	                  0	                  0	      5082692434.61

Mass matrix with respect to mass center
      598.842848574	                  0	                  0	                  0	                  0	                  0
                  0	      598.842848574	                  0	                  0	                  0	                  0
                  0	                  0	      598.842848574	                  0	                  0	                  0
                  0	                  0	                  0	      605.335732148	      39.3588591356	                  0
                  0	                  0	                  0	      39.3588591356	       1839.7508695	                  0
                  0	                  0	                  0	                  0	                  0	      2445.08660165
