********************************
*                              *
*          BECAS 2.3           *
*              by              *
*     becas-dtuwind@dtu.dk     *
*                              *
*   A cross section analysis   *
*   program for anisotropic    *
*   beams with arbitrary       *
*   geometry.                  *
*                              *
*     (c)DTU Wind Energy       *
********************************


Output generated on the (yyyy.mm.dd) 2017. 8. 9 at (hh.mm.ss) 12.55.42  
The input folder: is C:\Users\wentingmann\Documents\MATLAB\SBref_BECAS_Project\BECAS_outputs_80_sec_TP\BL_071_BCS 

Stiffness matrix w.r.t. to the cross section reference point 
K=
      135469735.723	     -2447262.90269	                  0	                  0	                  0	     -6201275.64953
      -2447262.9027	      35337448.2338	                  0	                  0	                  0	      921543.724366
                  0	                  0	       1304767730.4	      44787074.2893	      176772107.876	                  0
                  0	                  0	      44787074.2896	      34253611.4828	      8099319.76546	                  0
                  0	                  0	      176772107.876	      8099319.76531	      204571051.066	                  0
     -6201275.64953	      921543.724354	                  0	                  0	                  0	      8797486.17447

Compliance matrix w.r.t. to the cross section reference point 
F=
  7.63319118906e-09	  3.89376706049e-10	                  0	                  0	                 -0	  5.33978616817e-09
  3.89376706049e-10	  2.83959695728e-08	                  0	                  0	                  0	 -2.70003212285e-09
                  0	                  0	  9.00953521586e-10	 -1.00331868581e-09	 -7.38800790526e-10	                 -0
                  0	                  0	 -1.00331868581e-09	  3.05871994144e-08	 -3.44021059957e-10	                 -0
                  0	                  0	 -7.38800790526e-10	  -3.4402105994e-10	  5.54030349704e-09	                 -0
  5.33978616816e-09	 -2.70003212281e-09	                  0	                  0	                  0	  1.17715636383e-07

Mass matrix w.r.t. to the cross section reference point 
M=
      62.8523278516	                  0	                  0	                  0	                  0	     -2.10385433081
                  0	      62.8523278516	                  0	                  0	                  0	     -12.1570751979
                  0	                  0	      62.8523278516	      2.10385433081	      12.1570751979	                  0
                 -0	                 -0	      2.10385433081	      1.15036275411	     0.639655960918	                  0
                 -0	                 -0	      12.1570751979	     0.639655960918	      16.7447750796	                  0
     -2.10385433081	     -12.1570751979	                 -0	                  0	                  0	      17.8951378337

Shear center;
ShearX=    0.0229369029109 
ShearY=     0.045361740651 

Elastic center:
ElasticX=    -0.135481667546 
ElasticY=    0.0343257065959 

Orientation of principle axis w.r.t. reference center:
alpha_p=     -2.71648726715o or    -0.0474116469003rad 

Orientation of principle axis w.r.t. elastic center:
alpha_p=    -0.786764119703o or    -0.0137316243254rad 

Mass center:
MassX=    -0.193422831158 
MassY=    0.0334729739171 

Mass per unit length:
Mass=      62.8523278516 

Mass moments of inertia:
Ixx=      1.15036275411 
Iyy=      16.7447750796 
Ixy=    -0.639655960918 

Area center:
AreaX=    -0.215805395378 
AreaY=    0.0491407373026 

Area per unit length:
Area=    0.0819177978859 
Area moments:
Ixx=   0.00402550098631 
Iyy=   -0.0176783027613 
Ixy=  -0.00123596814813 

Stiffness matrix with respect to shear center:
      135469735.723	     -2447262.90269	                  0	                  0	                  0	 -5.53485006094e-06
      -2447262.9027	      35337448.2338	                  0	                  0	                  0	  1.17935414892e-05
                  0	                  0	       1304767730.4	      -14399461.107	       206699438.63	                  0
                  0	                  0	     -14399461.1067	      32875176.4546	     -249649.787715	                  0
                  0	                  0	      206699438.629	     -249649.787859	      213366700.697	                  0
                  0	  8.73114913702e-11	                  0	                  0	                  0	      8495048.15781

Stiffness matrix with respect to the elastic center:
      135469735.723	     -2447262.90269	                  0	                  0	                  0	     -1882740.50746
      -2447262.9027	      35337448.2338	                  0	                  0	                  0	      5625116.10955
                  0	                  0	       1304767730.4	 -0.000303246080875	  0.000170350074768	                  0
                  0	                  0	 -1.51991844177e-06	      32716263.5115	      2031492.25617	                  0
                  0	                  0	 -0.000135660171509	      2031492.25607	      180621671.115	                  0
     -1882740.50745	      5625116.10954	                  0	                  0	                  0	       9406948.9989

Stiffness matrix rotated along principle axis:
      135476530.464	      2304056.54563	                  0	                  0	                  0	     -6237982.68067
      2304056.54563	      35330653.4926	                  0	                  0	                  0	      626605.612066
                  0	                  0	       1304767730.4	      36358828.8858	       178696098.75	                  0
                  0	                  0	      36358828.8861	      33869321.4068	  0.000150452600792	                  0
                  0	                  0	       178696098.75	   1.8677774262e-09	      204955341.142	                  0
     -6237982.68066	      626605.612054	                  0	                  0	                  0	      8797486.17447

Stiffness matrix at the elastic center rotated along principle axis:
      135518057.557	     -1071533.94169	                  0	                  0	                  0	     -1959802.56162
     -1071533.94169	      35289126.4002	                  0	                  0	                  0	      5598733.51606
                  0	                  0	       1304767730.4	 -0.000305556601382	  0.000166170084227	                  0
                  0	                  0	  3.43000821712e-07	      32688366.0696	  9.90686239675e-05	                  0
                  0	                  0	 -0.000135668252131	  1.97803258134e-10	      180649568.557	                  0
     -1959802.56161	      5598733.51605	                  0	                  0	                  0	       9406948.9989

Mass matrix with respect to mass center
      62.8523278516	                  0	                  0	                  0	                  0	                  0
                  0	      62.8523278516	                  0	                  0	                  0	                  0
                  0	                  0	      62.8523278516	                  0	                  0	                  0
                  0	                  0	                  0	      1.07994049297	      0.23272249991	                  0
                  0	                  0	                  0	      0.23272249991	      14.3933191762	                  0
                  0	                  0	                  0	                  0	                  0	      15.4732596692
