********************************
*                              *
*          BECAS 2.3           *
*              by              *
*     becas-dtuwind@dtu.dk     *
*                              *
*   A cross section analysis   *
*   program for anisotropic    *
*   beams with arbitrary       *
*   geometry.                  *
*                              *
*     (c)DTU Wind Energy       *
********************************


Output generated on the (yyyy.mm.dd) 2017. 8. 9 at (hh.mm.ss) 10.41.31  
The input folder: is C:\Users\wentingmann\Documents\MATLAB\SBref_BECAS_Project\BECAS_outputs_80_sec_c2\BL_063_BCS 

Stiffness matrix w.r.t. to the cross section reference point 
K=
      217378067.531	     -3910723.33338	                  0	                  0	                  0	     -9868183.08528
     -3910723.33341	      55890296.0024	                  0	                  0	                  0	       25739628.371
                  0	                  0	      2755793214.13	      45267213.0566	     -614401935.485	                  0
                  0	                  0	      45267213.0562	       119020414.47	      3820429.93238	                  0
                  0	                  0	     -614401935.483	      3820429.93227	      797495070.563	                  0
     -9868183.08537	       25739628.371	                  0	                  0	                  0	      36953241.8935

Compliance matrix w.r.t. to the cross section reference point 
F=
  4.66175343925e-09	 -3.63853131376e-10	                 -0	                  0	                 -0	  1.49833892733e-09
 -3.63853131381e-10	  2.63709025908e-08	                  0	                  0	                  0	 -1.84657087402e-08
                  0	                  0	  4.41907362889e-10	 -1.79026968918e-10	  3.41309569302e-10	                 -0
                  0	                  0	 -1.79026968917e-10	  8.47574016215e-09	 -1.78528360709e-10	                 -0
                  0	                  0	  3.41309569301e-10	 -1.78528360708e-10	  1.51773140644e-09	                 -0
  1.49833892735e-09	 -1.84657087402e-08	                  0	                  0	                  0	  4.03235626182e-08

Mass matrix w.r.t. to the cross section reference point 
M=
      114.443395067	                  0	                  0	                  0	                  0	     -3.12781350345
                  0	      114.443395067	                  0	                  0	                  0	      13.8656267994
                  0	                  0	      114.443395067	      3.12781350345	     -13.8656267994	                  0
                 -0	                 -0	      3.12781350345	      3.53644199265	     0.378202491071	                  0
                 -0	                 -0	     -13.8656267994	     0.378202491071	      43.6330476513	                  0
     -3.12781350345	      13.8656267994	                 -0	                  0	                  0	       47.169489644

Shear center;
ShearX=     0.457938424613 
ShearY=    0.0371579004944 

Elastic center:
ElasticX=     0.222949215613 
ElasticY=    0.0164262009298 

Orientation of principle axis w.r.t. reference center:
alpha_p=    -0.322613756836o or   -0.00563067226902rad 

Orientation of principle axis w.r.t. elastic center:
alpha_p=     -1.46880485759o or    -0.0256354808342rad 

Mass center:
MassX=     0.121157073253 
MassY=     0.027330659857 

Mass per unit length:
Mass=      114.443395067 

Mass moments of inertia:
Ixx=      3.53644199265 
Iyy=      43.6330476513 
Ixy=    -0.378202491071 

Area center:
AreaX=     0.136122018282 
AreaY=    0.0451752314571 

Area per unit length:
Area=     0.141293404292 
Area moments:
Ixx=   0.00638296224224 
Iyy=    0.0192331433621 
Ixy= -0.000123652039032 

Stiffness matrix with respect to shear center:
      217378067.531	     -3910723.33338	                  0	                  0	                  0	  7.85645097494e-05
     -3910723.33341	      55890296.0024	                  0	                  0	                  0	   7.9651363194e-06
                  0	                  0	      2755793214.13	     -57132276.9773	      647581667.554	                  0
                  0	                  0	     -57132276.9777	      119461295.334	      487251.000969	                  0
                  0	                  0	      647581667.556	      487251.000993	      812689344.796	                  0
  9.31322574615e-10	 -4.94765117764e-10	                  0	                  0	                  0	       24799396.062

Stiffness matrix with respect to the elastic center:
      217378067.531	     -3910723.33338	                  0	                  0	                  0	     -5425594.57064
     -3910723.33341	      55890296.0024	                  0	                  0	                  0	      13214692.3896
                  0	                  0	      2755793214.13	  0.000428013503551	  -0.00158941745758	                  0
                  0	                  0	 -3.50177288055e-07	      118276846.133	      13912719.5763	                  0
                  0	                  0	 -1.70469284058e-05	      13912719.5762	      660514640.975	                  0
     -5425594.57072	      13214692.3896	                  0	                  0	                  0	      28017187.9704

Stiffness matrix rotated along principle axis:
      217416986.772	     -3001209.86305	                  0	                  0	                  0	     -10012957.2988
     -3001209.86308	      55851376.7606	                  0	                  0	                  0	      25683656.1302
                  0	                  0	      2755793214.13	      48725973.1319	     -614137312.372	                  0
                  0	                  0	      48725973.1315	      118998902.654	  0.000113962683827	                  0
                  0	                  0	     -614137312.371	 -1.02261499325e-09	      797516582.379	                  0
     -10012957.2989	      25683656.1302	                  0	                  0	                  0	      36953241.8935

Stiffness matrix at the elastic center rotated along principle axis:
      217472383.297	      232418.802174	                  0	                  0	                  0	      -5762539.7678
      232418.802146	      55795980.2355	                  0	                  0	                  0	      13071277.9338
                  0	                  0	      2755793214.13	   0.00046861388883	  -0.00157792409098	                  0
                  0	                  0	  8.68961128923e-08	      117920108.727	  4.42881137133e-05	                  0
                  0	                  0	 -1.70503032603e-05	 -7.23357082232e-09	      660871378.381	                  0
     -5762539.76789	      13071277.9338	                  0	                  0	                  0	      28017187.9704

Mass matrix with respect to mass center
      114.443395067	                  0	                  0	                  0	                  0	                  0
                  0	      114.443395067	                  0	                  0	                  0	                  0
                  0	                  0	      114.443395067	                  0	                  0	                  0
                  0	                  0	                  0	      3.45095678569	      0.75715922083	                  0
                  0	                  0	                  0	      0.75715922083	      41.9531288895	                  0
                  0	                  0	                  0	                  0	                  0	      45.4040856752
