********************************
*                              *
*          BECAS 2.3           *
*              by              *
*     becas-dtuwind@dtu.dk     *
*                              *
*   A cross section analysis   *
*   program for anisotropic    *
*   beams with arbitrary       *
*   geometry.                  *
*                              *
*     (c)DTU Wind Energy       *
********************************


Output generated on the (yyyy.mm.dd) 2017. 8. 9 at (hh.mm.ss) 10.33.59  
The input folder: is C:\Users\wentingmann\Documents\MATLAB\SBref_BECAS_Project\BECAS_outputs_80_sec_c2\BL_033_BCS 

Stiffness matrix w.r.t. to the cross section reference point 
K=
      665034259.324	       14980277.991	                  0	                  0	                  0	     -31520292.3183
      14980277.9912	       211100989.13	                  0	                  0	                  0	      145092411.505
                  0	                  0	      7847301004.87	     -67538308.9011	     -3070954087.85	                  0
                  0	                  0	      -67538308.899	      2270189771.01	      229879081.082	                  0
                  0	                  0	     -3070954087.86	      229879081.082	      7284494107.76	                  0
     -31520292.3183	      145092411.505	                  0	                  0	                  0	      615936539.754

Compliance matrix w.r.t. to the cross section reference point 
F=
  1.51381241177e-09	 -1.91708015714e-10	                  0	                  0	                 -0	  1.22628198141e-10
 -1.91708015715e-10	  5.67647152559e-09	                  0	                  0	                  0	 -1.34698232957e-09
                  0	                  0	  1.52618513405e-10	 -1.98097869631e-12	   6.4402527649e-11	                 -0
                  0	                  0	 -1.98097869646e-12	  4.41929621559e-10	 -1.47812419558e-11	                 -0
                  0	                  0	  6.44025276491e-11	 -1.47812419558e-11	  1.64894786941e-10	                 -0
  1.22628198141e-10	 -1.34698232957e-09	                  0	                  0	                  0	  1.94711973344e-09

Mass matrix w.r.t. to the cross section reference point 
M=
      341.354086179	                  0	                  0	                  0	                  0	     -7.61190034609
                  0	      341.354086179	                  0	                  0	                  0	      48.2727108595
                  0	                  0	      341.354086179	      7.61190034609	     -48.2727108595	                  0
                 -0	                 -0	      7.61190034609	      71.3428427055	      11.3465734148	                  0
                 -0	                 -0	     -48.2727108595	      11.3465734148	      406.513332098	                  0
     -7.61190034609	      48.2727108595	                 -0	                  0	                  0	      477.856174804

Shear center;
ShearX=     0.691781972331 
ShearY=    0.0629792796173 

Elastic center:
ElasticX=     0.391338892946 
ElasticY=  -0.00860656534739 

Orientation of principle axis w.r.t. reference center:
alpha_p=     -2.61938163566o or    -0.0457168339085rad 

Orientation of principle axis w.r.t. elastic center:
alpha_p=      -3.0455014025o or    -0.0531540268477rad 

Mass center:
MassX=     0.141415359634 
MassY=    0.0222991335223 

Mass per unit length:
Mass=      341.354086179 

Mass moments of inertia:
Ixx=      71.3428427055 
Iyy=      406.513332098 
Ixy=     -11.3465734148 

Area center:
AreaX=     0.185892372497 
AreaY=    0.0408863072058 

Area per unit length:
Area=     0.404643988388 
Area moments:
Ixx=    0.0165443984182 
Iyy=    0.0752202310184 
Ixy=  -0.00611893365578 

Stiffness matrix with respect to shear center:
      665034259.324	       14980277.991	                  0	                  0	                  0	  4.00990247726e-05
      14980277.9912	       211100989.13	                  0	                  0	                  0	 -1.40746124089e-05
                  0	                  0	      7847301004.87	     -561755673.127	      2357667278.76	                  0
                  0	                  0	     -561755673.125	      2309822252.66	      34673109.7499	                  0
                  0	                  0	      2357667278.76	      34673109.7486	      6791055152.13	                  0
 -7.45058059692e-09	  3.95812094212e-09	                  0	                  0	                  0	      513579099.849

Stiffness matrix with respect to the elastic center:
      665034259.324	       14980277.991	                  0	                  0	                  0	     -43106318.5345
      14980277.9912	       211100989.13	                  0	                  0	                  0	      62351455.3776
                  0	                  0	      7847301004.87	  -0.00209449231625	   0.00225877761841	                  0
                  0	                  0	  8.64267349243e-07	      2269608498.14	      203448714.046	                  0
                  0	                  0	   2.5749206543e-05	      203448714.045	      6082710334.74	                  0
     -43106318.5345	      62351455.3776	                  0	                  0	                  0	      535397965.342

Stiffness matrix rotated along principle axis:
      662718392.364	      35641191.7799	                  0	                  0	                  0	     -38118214.2288
        35641191.78	       213416856.09	                  0	                  0	                  0	      143500308.181
                  0	                  0	      7847301004.87	      72877655.7113	     -3070832017.58	                  0
                  0	                  0	      72877655.7135	       2259673099.5	  1.77025794983e-05	                  0
                  0	                  0	     -3070832017.58	  1.49666801438e-08	      7295010779.27	                  0
     -38118214.2288	      143500308.181	                  0	                  0	                  0	      615936539.754

Stiffness matrix at the elastic center rotated along principle axis:
      662163419.837	      38978668.0894	                  0	                  0	                  0	     -46358108.1494
      38978668.0896	      213971828.617	                  0	                  0	                  0	      59973198.1314
                  0	                  0	      7847301004.87	  -0.00221154077272	    0.0021443091668	                  0
                  0	                  0	 -5.04982902058e-07	      2258784183.65	  0.000856891274452	                  0
                  0	                  0	  2.57587574994e-05	  2.35928229368e-09	      6093534649.23	                  0
     -46358108.1494	      59973198.1314	                  0	                  0	                  0	      535397965.342

Mass matrix with respect to mass center
      341.354086179	                  0	                  0	                  0	                  0	                  0
                  0	      341.354086179	                  0	                  0	                  0	                  0
                  0	                  0	      341.354086179	                  0	                  0	                  0
                  0	                  0	                  0	      71.1731039233	      12.4230130397	                  0
                  0	                  0	                  0	      12.4230130397	      399.686829332	                  0
                  0	                  0	                  0	                  0	                  0	      470.859933255
