********************************
*                              *
*          BECAS 2.3           *
*              by              *
*     becas-dtuwind@dtu.dk     *
*                              *
*   A cross section analysis   *
*   program for anisotropic    *
*   beams with arbitrary       *
*   geometry.                  *
*                              *
*     (c)DTU Wind Energy       *
********************************


Output generated on the (yyyy.mm.dd) 2017. 8. 9 at (hh.mm.ss) 10.40. 1  
The input folder: is C:\Users\wentingmann\Documents\MATLAB\SBref_BECAS_Project\BECAS_outputs_80_sec_c2\BL_056_BCS 

Stiffness matrix w.r.t. to the cross section reference point 
K=
      280905609.702	     -6431440.90788	                  0	                  0	                  0	      -13748222.817
     -6431440.90779	      71620252.0577	                  0	                  0	                  0	      37110304.9336
                  0	                  0	      4194747596.02	      41785866.5112	     -1051250791.16	                  0
                  0	                  0	      41785866.5105	      274482144.476	      20320355.6029	                  0
                  0	                  0	     -1051250791.16	      20320355.6028	      1611841271.97	                  0
     -13748222.8169	      37110304.9337	                  0	                  0	                  0	      69183132.2957

Compliance matrix w.r.t. to the cross section reference point 
F=
  3.59510063857e-09	 -6.55701751476e-11	                 -0	                  0	                 -0	   7.4959852354e-10
 -6.55701751506e-11	  1.93383077761e-08	                  0	                  0	                  0	 -1.03862306896e-08
                  0	                  0	  2.85871922865e-10	 -5.73763198149e-11	  1.87170410357e-10	                 -0
                  0	                  0	 -5.73763198141e-11	  3.65814346219e-09	 -8.35390431664e-11	                 -0
                  0	                  0	  1.87170410356e-10	 -8.35390431667e-11	    7.435351147e-10	                 -0
  7.49598523539e-10	 -1.03862306896e-08	                  0	                  0	                  0	  2.01745973218e-08

Mass matrix w.r.t. to the cross section reference point 
M=
      159.459488518	                  0	                  0	                  0	                  0	      -3.8233146217
                  0	      159.459488518	                  0	                  0	                  0	      18.5702471123
                  0	                  0	      159.459488518	       3.8233146217	     -18.5702471123	                  0
                 -0	                 -0	       3.8233146217	      7.58913593147	     0.999932940606	                  0
                 -0	                 -0	     -18.5702471123	     0.999932940606	      79.6464256524	                  0
      -3.8233146217	      18.5702471123	                 -0	                  0	                  0	      87.2355615839

Shear center;
ShearX=     0.514817248836 
ShearY=    0.0371555630867 

Elastic center:
ElasticX=     0.250611214881 
ElasticY=   0.00996147337927 

Orientation of principle axis w.r.t. reference center:
alpha_p=     -0.87030655868o or    -0.0151897149507rad 

Orientation of principle axis w.r.t. elastic center:
alpha_p=     -1.64042693444o or    -0.0286308511443rad 

Mass center:
MassX=     0.116457460669 
MassY=    0.0239767144448 

Mass per unit length:
Mass=      159.459488518 

Mass moments of inertia:
Ixx=      7.58913593147 
Iyy=      79.6464256524 
Ixy=    -0.999932940606 

Area center:
AreaX=     0.150045893501 
AreaY=    0.0442393823514 

Area per unit length:
Area=     0.200741867729 
Area moments:
Ixx=   0.00888069624042 
Iyy=    0.0301204929066 
Ixy= -0.000430897438635 

Stiffness matrix with respect to shear center:
      280905609.702	     -6431440.90788	                  0	                  0	                  0	 -1.24592334032e-05
     -6431440.90779	      71620252.0577	                  0	                  0	                  0	  -6.5552390879e-05
                  0	                  0	      4194747596.02	     -114072342.426	      1108277625.78	                  0
                  0	                  0	     -114072342.426	      277167989.192	      653761.197638	                  0
                  0	                  0	      1108277625.79	      653761.197832	      1641199670.08	                  0
                  0	 -6.78119249642e-09	                  0	                  0	                  0	      49567284.2461

Stiffness matrix with respect to the elastic center:
      280905609.702	     -6431440.90788	                  0	                  0	                  0	     -9338197.84446
     -6431440.90779	      71620252.0577	                  0	                  0	                  0	       19097399.928
                  0	                  0	      4194747596.02	  0.000729121267796	  -0.00281131267548	                  0
                  0	                  0	  2.75671482086e-07	      274065895.679	       30792362.374	                  0
                  0	                  0	  1.18017196655e-05	      30792362.3741	      1348386034.05	                  0
     -9338197.84443	       19097399.928	                  0	                  0	                  0	      54866876.3299

Stiffness matrix rotated along principle axis:
      281052678.997	     -3249977.35384	                  0	                  0	                  0	     -14310310.0786
     -3249977.35375	      71473182.7628	                  0	                  0	                  0	      36897200.2778
                  0	                  0	      4194747596.02	      57748631.8471	      -1050494826.3	                  0
                  0	                  0	      57748631.8463	      274173460.326	  7.62743875384e-05	                  0
                  0	                  0	     -1050494826.29	  1.18576420868e-09	      1612149956.12	                  0
     -14310310.0785	      36897200.2779	                  0	                  0	                  0	      69183132.2957

Stiffness matrix at the elastic center rotated along principle axis:
      281102174.031	      -432155.83691	                  0	                  0	                  0	     -9881070.84257
     -432155.836821	      71423687.7284	                  0	                  0	                  0	      18822249.1216
                  0	                  0	      4194747596.02	  0.000809301727036	  -0.00278928799106	                  0
                  0	                  0	 -6.22886152721e-08	      273184043.164	 -7.82450661063e-05	                  0
                  0	                  0	  1.18047745408e-05	  8.09350931074e-09	      1349267886.57	                  0
     -9881070.84254	      18822249.1216	                  0	                  0	                  0	      54866876.3299

Mass matrix with respect to mass center
      159.459488518	                  0	                  0	                  0	                  0	                  0
                  0	      159.459488518	                  0	                  0	                  0	                  0
                  0	                  0	      159.459488518	                  0	                  0	                  0
                  0	                  0	                  0	      7.49746540855	      1.44518645279	                  0
                  0	                  0	                  0	      1.44518645279	      77.4837818297	                  0
                  0	                  0	                  0	                  0	                  0	      84.9812472382
