********************************
*                              *
*          BECAS 2.3           *
*              by              *
*     becas-dtuwind@dtu.dk     *
*                              *
*   A cross section analysis   *
*   program for anisotropic    *
*   beams with arbitrary       *
*   geometry.                  *
*                              *
*     (c)DTU Wind Energy       *
********************************


Output generated on the (yyyy.mm.dd) 2017. 8. 9 at (hh.mm.ss) 10.43. 4  
The input folder: is C:\Users\wentingmann\Documents\MATLAB\SBref_BECAS_Project\BECAS_outputs_80_sec_c2\BL_071_BCS 

Stiffness matrix w.r.t. to the cross section reference point 
K=
      135469735.724	     -2447262.90305	                  0	                  0	                  0	      -7074238.9162
     -2447262.90308	      35337448.2352	                  0	                  0	                  0	      13526766.5664
                  0	                  0	       1304767730.4	      44787074.2898	     -288651651.343	                  0
                  0	                  0	      44787074.2898	       34253611.483	     -7876679.63576	                  0
                  0	                  0	     -288651651.343	     -7876679.63595	      244479608.341	                  0
     -7074238.91619	      13526766.5665	                  0	                  0	                  0	      13951343.6261

Compliance matrix w.r.t. to the cross section reference point 
F=
  7.63319118904e-09	 -1.51537867212e-09	                 -0	                  0	                 -0	  5.33978616817e-09
 -1.51537867211e-09	  4.53006065848e-08	                  0	                  0	                  0	 -4.46903823802e-08
                  0	                  0	  1.07883781051e-09	  -1.1260344545e-09	  1.23748113363e-09	                 -0
                  0	                  0	 -1.12603445451e-09	  3.05871994142e-08	  -3.4402106005e-10	                 -0
                  0	                  0	  1.23748113363e-09	 -3.44021060018e-10	  5.54030349705e-09	                 -0
  5.33978616815e-09	 -4.46903823802e-08	                  0	                  0	                  0	  1.17715636383e-07

Mass matrix w.r.t. to the cross section reference point 
M=
      62.8523278516	                  0	                  0	                  0	                  0	     -2.10385433081
                  0	      62.8523278516	                  0	                  0	                  0	      10.2629816618
                  0	                  0	      62.8523278516	      2.10385433081	     -10.2629816618	                  0
                 -0	                 -0	      2.10385433081	      1.15036275411	    -0.110810017568	                  0
                 -0	                 -0	     -10.2629816618	    -0.110810017568	      16.0691328841	                  0
     -2.10385433081	      10.2629816618	                 -0	                  0	                  0	      17.2194956383

Shear center;
ShearX=     0.379646950511 
ShearY=    0.0453617406509 

Elastic center:
ElasticX=     0.221228380054 
ElasticY=    0.0343257065961 

Orientation of principle axis w.r.t. reference center:
alpha_p=      2.14273501295o or     0.0373977809737rad 

Orientation of principle axis w.r.t. elastic center:
alpha_p=    -0.786764119885o or    -0.0137316243285rad 

Mass center:
MassX=     0.163287216442 
MassY=    0.0334729739171 

Mass per unit length:
Mass=      62.8523278516 

Mass moments of inertia:
Ixx=      1.15036275411 
Iyy=      16.0691328841 
Ixy=     0.110810017568 

Area center:
AreaX=     0.140904652222 
AreaY=    0.0491407373026 

Area per unit length:
Area=    0.0819177978859 
Area moments:
Ixx=   0.00402550098631 
Iyy=    0.0115425988219 
Ixy=  0.000199968500308 

Stiffness matrix with respect to shear center:
      135469735.724	     -2447262.90305	                  0	                  0	                  0	 -1.72359868884e-05
     -2447262.90308	      35337448.2352	                  0	                  0	                  0	 -1.74884626176e-05
                  0	                  0	       1304767730.4	     -14399461.1063	      206699438.629	                  0
                  0	                  0	     -14399461.1063	      32875176.4548	     -249649.787097	                  0
                  0	                  0	      206699438.629	     -249649.787287	      213366700.697	                  0
 -9.31322574615e-10	 -5.23868948221e-10	                  0	                  0	                  0	      8495048.15781

Stiffness matrix with respect to the elastic center:
      135469735.724	     -2447262.90305	                  0	                  0	                  0	     -1882740.50749
     -2447262.90308	      35337448.2352	                  0	                  0	                  0	      5625116.10976
                  0	                  0	       1304767730.4	 -1.53556466103e-05	 -0.000351786613464	                  0
                  0	                  0	 -2.89082527161e-06	      32716263.5117	      2031492.25672	                  0
                  0	                  0	 -0.000257134437561	      2031492.25654	      180621671.115	                  0
     -1882740.50748	      5625116.10978	                  0	                  0	                  0	      9406948.99894

Stiffness matrix rotated along principle axis:
      135146882.799	     -6181655.40467	                  0	                  0	                  0	     -6563539.35507
      -6181655.4047	      35660301.1596	                  0	                  0	                  0	      13781807.6144
                  0	                  0	       1304767730.4	      33963343.3498	     -290124368.427	                  0
                  0	                  0	      33963343.3499	      33958903.7382	  0.000181701499969	                  0
                  0	                  0	     -290124368.427	   -2.418276805e-09	      244774316.086	                  0
     -6563539.35507	      13781807.6144	                  0	                  0	                  0	      13951343.6261

Stiffness matrix at the elastic center rotated along principle axis:
      135518057.557	     -1071533.94174	                  0	                  0	                  0	     -1959802.56168
     -1071533.94177	      35289126.4017	                  0	                  0	                  0	      5598733.51626
                  0	                  0	       1304767730.4	 -1.05237491082e-05	 -0.000351964299326	                  0
                  0	                  0	  6.40209804963e-07	      32688366.0697	  0.000187706493307	                  0
                  0	                  0	 -0.000257149890107	  3.79986211015e-10	      180649568.557	                  0
     -1959802.56166	      5598733.51628	                  0	                  0	                  0	      9406948.99894

Mass matrix with respect to mass center
      62.8523278516	                  0	                  0	                  0	                  0	                  0
                  0	      62.8523278516	                  0	                  0	                  0	                  0
                  0	                  0	      62.8523278516	                  0	                  0	                  0
                  0	                  0	                  0	      1.07994049297	      0.23272249991	                  0
                  0	                  0	                  0	      0.23272249991	      14.3933191762	                  0
                  0	                  0	                  0	                  0	                  0	      15.4732596692
