********************************
*                              *
*          BECAS 2.3           *
*              by              *
*     becas-dtuwind@dtu.dk     *
*                              *
*   A cross section analysis   *
*   program for anisotropic    *
*   beams with arbitrary       *
*   geometry.                  *
*                              *
*     (c)DTU Wind Energy       *
********************************


Output generated on the (yyyy.mm.dd) 2017. 8. 9 at (hh.mm.ss) 10.42.30  
The input folder: is C:\Users\wentingmann\Documents\MATLAB\SBref_BECAS_Project\BECAS_outputs_80_sec_c2\BL_068_BCS 

Stiffness matrix w.r.t. to the cross section reference point 
K=
      156696527.371	     -2149026.26027	                  0	                  0	                  0	     -6608158.14939
     -2149026.26028	      42207809.7655	                  0	                  0	                  0	      17457039.7703
                  0	                  0	      1824263995.41	      46229418.3193	      -402025826.51	                  0
                  0	                  0	      46229418.3195	       58998210.621	     -5398607.78594	                  0
                  0	                  0	     -402025826.511	     -5398607.78591	      410902401.803	                  0
     -6608158.14939	      17457039.7703	                  0	                  0	                  0	       20440696.958

Compliance matrix w.r.t. to the cross section reference point 
F=
  6.48875072309e-09	 -8.30631691609e-10	                 -0	                  0	                 -0	  2.80709907118e-09
 -8.30631691605e-10	  3.67378249915e-08	                  0	                  0	                  0	 -3.16438631649e-08
                  0	                  0	  7.13028033769e-10	 -4.95469468977e-10	  6.91115062899e-10	                 -0
                  0	                  0	 -4.95469468979e-10	  1.73143606593e-08	 -2.57282702775e-10	                 -0
                  0	                  0	  6.91115062901e-10	 -2.57282702776e-10	  3.10647280321e-09	                 -0
  2.80709907117e-09	 -3.16438631649e-08	                  0	                  0	                  0	  7.68544211378e-08

Mass matrix w.r.t. to the cross section reference point 
M=
        80.32824683	                  0	                  0	                  0	                  0	     -2.42586767348
                  0	        80.32824683	                  0	                  0	                  0	      11.7942897854
                  0	                  0	        80.32824683	      2.42586767348	     -11.7942897854	                  0
                 -0	                 -0	      2.42586767348	      1.84208702329	    0.0239335108887	                  0
                 -0	                 -0	     -11.7942897854	    0.0239335108887	       24.391570163	                  0
     -2.42586767348	      11.7942897854	                 -0	                  0	                  0	      26.2336571862

Shear center;
ShearX=     0.411737707427 
ShearY=     0.036524887308 

Elastic center:
ElasticX=     0.220376999997 
ElasticY=    0.0253414080615 

Orientation of principle axis w.r.t. reference center:
alpha_p=     0.878706306994o or     0.0153363182151rad 

Orientation of principle axis w.r.t. elastic center:
alpha_p=     -1.03708398193o or    -0.0181005301043rad 

Mass center:
MassX=     0.146826181958 
MassY=    0.0301994350582 

Mass per unit length:
Mass=        80.32824683 

Mass moments of inertia:
Ixx=      1.84208702329 
Iyy=       24.391570163 
Ixy=   -0.0239335108887 

Area center:
AreaX=     0.138451517567 
AreaY=    0.0488688600938 

Area per unit length:
Area=     0.103373662073 
Area moments:
Ixx=   0.00505175302921 
Iyy=    0.0143122403904 
Ixy=  0.000166844507324 

Stiffness matrix with respect to shear center:
      156696527.371	     -2149026.26027	                  0	                  0	                  0	 -1.06785446405e-05
     -2149026.26028	      42207809.7655	                  0	                  0	                  0	  1.77019683179e-06
                  0	                  0	      1824263995.41	      -20401618.533	      349092448.702	                  0
                  0	                  0	     -20401618.5327	      58054853.1444	      885224.579743	                  0
                  0	                  0	      349092448.701	      885224.579709	      389107734.178	                  0
  9.31322574615e-10	  4.68571670353e-09	                  0	                  0	                  0	      13011613.1928

Stiffness matrix with respect to the elastic center:
      156696527.371	     -2149026.26027	                  0	                  0	                  0	     -2163651.54731
     -2149026.26028	      42207809.7655	                  0	                  0	                  0	      8100949.92639
                  0	                  0	      1824263995.41	 -0.000263512134552	   0.00111389160156	                  0
                  0	                  0	  5.96046447754e-08	      57826692.0669	       4789292.7349	                  0
                  0	                  0	   3.1590461731e-06	       4789292.7349	      322305156.236	                  0
      -2163651.5473	      8100949.92639	                  0	                  0	                  0	      14586013.8537

Stiffness matrix rotated along principle axis:
      156603695.466	     -3903575.52624	                  0	                  0	                  0	     -6339664.81432
     -3903575.52625	      42300641.6707	                  0	                  0	                  0	       17556327.683
                  0	                  0	      1824263995.41	        40058627.47	     -402687509.943	                  0
                  0	                  0	      40058627.4703	      58915409.3623	 -3.39625403285e-05	                  0
                  0	                  0	     -402687509.944	 -2.91762662819e-11	      410985203.062	                  0
     -6339664.81431	       17556327.683	                  0	                  0	                  0	       20440696.958

Stiffness matrix at the elastic center rotated along principle axis:
      156736801.659	     -75764.3693653	                  0	                  0	                  0	     -2309920.60064
     -75764.3693785	      42167535.4773	                  0	                  0	                  0	      8060461.80729
                  0	                  0	      1824263995.41	 -0.000283629896137	   0.00110893968596	                  0
                  0	                  0	   2.4175928517e-09	      57739993.8611	 -4.02505975217e-06	                  0
                  0	                  0	  3.15960750611e-06	  1.54699608578e-09	      322391854.442	                  0
     -2309920.60063	      8060461.80729	                  0	                  0	                  0	      14586013.8537

Mass matrix with respect to mass center
        80.32824683	                  0	                  0	                  0	                  0	                  0
                  0	        80.32824683	                  0	                  0	                  0	                  0
                  0	                  0	        80.32824683	                  0	                  0	                  0
                  0	                  0	                  0	      1.76882719002	     0.380114399322	                  0
                  0	                  0	                  0	     0.380114399322	      22.6598596249	                  0
                  0	                  0	                  0	                  0	                  0	      24.4286868149
