********************************
*                              *
*          BECAS 2.3           *
*              by              *
*     becas-dtuwind@dtu.dk     *
*                              *
*   A cross section analysis   *
*   program for anisotropic    *
*   beams with arbitrary       *
*   geometry.                  *
*                              *
*     (c)DTU Wind Energy       *
********************************


Output generated on the (yyyy.mm.dd) 2017. 8. 9 at (hh.mm.ss) 10.41.19  
The input folder: is C:\Users\wentingmann\Documents\MATLAB\SBref_BECAS_Project\BECAS_outputs_80_sec_c2\BL_062_BCS 

Stiffness matrix w.r.t. to the cross section reference point 
K=
      220684646.712	     -4147749.29666	                  0	                  0	                  0	     -9686806.02285
     -4147749.29679	      57880095.1739	                  0	                  0	                  0	      27190347.8626
                  0	                  0	      2903806454.89	      42013479.1451	     -656544537.697	                  0
                  0	                  0	      42013479.1449	      132937962.941	      6655715.96277	                  0
                  0	                  0	     -656544537.696	      6655715.96281	      874449655.643	                  0
     -9686806.02292	      27190347.8625	                  0	                  0	                  0	      39758466.5324

Compliance matrix w.r.t. to the cross section reference point 
F=
  4.58361591363e-09	 -2.89000280033e-10	                 -0	                  0	                 -0	  1.31440221274e-09
 -2.89000280025e-10	    2.547327147e-08	                  0	                  0	                  0	 -1.74912833108e-08
                  0	                  0	   4.1766970645e-10	 -1.47756208402e-10	  3.14714730471e-10	                 -0
                  0	                  0	 -1.47756208401e-10	  7.57744407349e-09	 -1.68611018441e-10	                 -0
                  0	                  0	  3.14714730471e-10	 -1.68611018442e-10	  1.38115036867e-09	                 -0
  1.31440221274e-09	 -1.74912833107e-08	                  0	                  0	                  0	  3.74342012371e-08

Mass matrix w.r.t. to the cross section reference point 
M=
      118.981833894	                  0	                  0	                  0	                  0	     -3.12179625577
                  0	      118.981833894	                  0	                  0	                  0	      14.3280190464
                  0	                  0	      118.981833894	      3.12179625577	     -14.3280190464	                  0
                 -0	                 -0	      3.12179625577	       3.9005526743	     0.472908642996	                  0
                 -0	                 -0	     -14.3280190464	     0.472908642996	       47.099104294	                  0
     -3.12179625577	      14.3280190464	                 -0	                  0	                  0	      50.9996569683

Shear center;
ShearX=     0.467254081366 
ShearY=    0.0351123349584 

Elastic center:
ElasticX=     0.226097898705 
ElasticY=    0.0144684157837 

Orientation of principle axis w.r.t. reference center:
alpha_p=     -0.51422449745o or   -0.00897491057492rad 

Orientation of principle axis w.r.t. elastic center:
alpha_p=     -1.55757282596o or    -0.0271847741527rad 

Mass center:
MassX=     0.120421904567 
MassY=    0.0262375873157 

Mass per unit length:
Mass=      118.981833894 

Mass moments of inertia:
Ixx=       3.9005526743 
Iyy=       47.099104294 
Ixy=    -0.472908642996 

Area center:
AreaX=     0.137921279108 
AreaY=    0.0445540069702 

Area per unit length:
Area=     0.148094728873 
Area moments:
Ixx=   0.00659821358247 
Iyy=    0.0204254144354 
Ixy= -0.000197152094388 

Stiffness matrix with respect to shear center:
      220684646.712	     -4147749.29666	                  0	                  0	                  0	  7.59400427341e-06
     -4147749.29679	      57880095.1739	                  0	                  0	                  0	  6.62395323161e-05
                  0	                  0	      2903806454.89	     -59945945.7534	      700270879.849	                  0
                  0	                  0	     -59945945.7536	      133567613.715	      1698539.87076	                  0
                  0	                  0	       700270879.85	      1698539.87085	      894880967.477	                  0
  9.31322574615e-10	 -2.44472175837e-09	                  0	                  0	                  0	      26713539.1421

Stiffness matrix with respect to the elastic center:
      220684646.712	     -4147749.29666	                  0	                  0	                  0	     -5556051.39681
     -4147749.29679	      57880095.1739	                  0	                  0	                  0	      14043768.6055
                  0	                  0	      2903806454.89	  0.000219114124775	  -0.00120532512665	                  0
                  0	                  0	  4.91738319397e-07	      132330094.456	      16154875.3147	                  0
                  0	                  0	  2.24113464355e-05	      16154875.3148	      726006315.263	                  0
     -5556051.39685	      14043768.6055	                  0	                  0	                  0	      30214979.4451

Stiffness matrix rotated along principle axis:
      220745980.677	     -2686003.29095	                  0	                  0	                  0	     -9930443.55861
     -2686003.29108	      57818761.2087	                  0	                  0	                  0	      27102315.7413
                  0	                  0	      2903806454.89	      47904136.4939	     -656141033.709	                  0
                  0	                  0	      47904136.4937	      132878226.881	  -3.8398662582e-05	                  0
                  0	                  0	     -656141033.708	  1.52262144318e-10	      874509391.702	                  0
     -9930443.55868	      27102315.7412	                  0	                  0	                  0	      39758466.5324

Stiffness matrix at the elastic center rotated along principle axis:
      220789762.007	      282004.470899	                  0	                  0	                  0	     -5935728.18568
      282004.470765	      57774979.8788	                  0	                  0	                  0	       13887558.269
                  0	                  0	      2903806454.89	  0.000251795621476	  -0.00119892394488	                  0
                  0	                  0	 -1.17615723556e-07	      131890819.604	  -7.0062931627e-05	                  0
                  0	                  0	  2.24164319679e-05	  1.14148175575e-09	      726445590.115	                  0
     -5935728.18571	       13887558.269	                  0	                  0	                  0	      30214979.4451

Mass matrix with respect to mass center
      118.981833894	                  0	                  0	                  0	                  0	                  0
                  0	      118.981833894	                  0	                  0	                  0	                  0
                  0	                  0	      118.981833894	                  0	                  0	                  0
                  0	                  0	                  0	      3.81864427246	     0.848841293786	                  0
                  0	                  0	                  0	     0.848841293786	      45.3736969518	                  0
                  0	                  0	                  0	                  0	                  0	      49.1923412243
